<?xml version="1.0" encoding="utf-8"?>
<TestRun id="3a9a6c01-915a-47c5-b8f6-e7fdede30f57" name="@runnervmf4ws1 2025-09-14 20:05:51" xmlns="http://microsoft.com/schemas/VisualStudio/TeamTest/2010">
  <Times creation="2025-09-14T20:05:51.3099074+00:00" queuing="2025-09-14T20:05:51.3099074+00:00" start="2025-09-14T20:05:50.3774827+00:00" finish="2025-09-14T20:05:51.8999153+00:00" />
  <TestSettings name="default" id="3ce4c971-2352-43f8-82ea-9a7b296d2c0d">
    <Deployment runDeploymentRoot="_runnervmf4ws1_2025-09-14_20_05_51" />
  </TestSettings>
  <Results>
    <UnitTestResult executionId="c35e9040-c467-4bc1-86ab-dd5d29916052" testId="cafab4c4-7b59-f24f-ef93-c7074100a858" testName="LookBusy.Test.PooledStringTests.Insert_AtBeginning_WorksCorrectly" computerName="runnervmf4ws1" duration="00:00:00.0001976" startTime="2025-09-14T20:05:51.3080863+00:00" endTime="2025-09-14T20:05:51.3080864+00:00" testType="13cdc9d9-ddb5-4fa4-a97d-d965ccfc6d4b" outcome="Passed" testListId="8c84fa94-04c1-424b-9868-57a2d4851a1d" relativeResultsDirectory="c35e9040-c467-4bc1-86ab-dd5d29916052" />
    <UnitTestResult executionId="553c770b-9c83-43bd-8e2e-cf40055154fd" testId="7f0ceea1-1906-66c8-9a55-2c294a9246fc" testName="LookBusy.Test.ClearMethodTests.Clear_ResetsFragmentation" computerName="runnervmf4ws1" duration="00:00:00.0046141" startTime="2025-09-14T20:05:51.2915474+00:00" endTime="2025-09-14T20:05:51.2915475+00:00" testType="13cdc9d9-ddb5-4fa4-a97d-d965ccfc6d4b" outcome="Passed" testListId="8c84fa94-04c1-424b-9868-57a2d4851a1d" relativeResultsDirectory="553c770b-9c83-43bd-8e2e-cf40055154fd" />
    <UnitTestResult executionId="05ba2d35-a5b0-4960-b986-06e7bac666c3" testId="1e3735b8-1cdd-49e5-f7fe-85b38313b49e" testName="LookBusy.Test.PooledStringTests.GetHashCode_RandomIdenticalStrings_ConsistentHashes" computerName="runnervmf4ws1" duration="00:00:00.0009495" startTime="2025-09-14T20:05:51.2963930+00:00" endTime="2025-09-14T20:05:51.2963931+00:00" testType="13cdc9d9-ddb5-4fa4-a97d-d965ccfc6d4b" outcome="Passed" testListId="8c84fa94-04c1-424b-9868-57a2d4851a1d" relativeResultsDirectory="05ba2d35-a5b0-4960-b986-06e7bac666c3" />
    <UnitTestResult executionId="b4fe6f13-1f53-4636-9a5f-259f6d1a742c" testId="25240124-8618-f9e6-42fe-8b79aa831184" testName="LookBusy.Test.UnmanagedStringPoolEdgeCaseTests.GetAllocationInfo_InvalidId_ThrowsArgumentException" computerName="runnervmf4ws1" duration="00:00:00.0005888" startTime="2025-09-14T20:05:51.3483842+00:00" endTime="2025-09-14T20:05:51.3483843+00:00" testType="13cdc9d9-ddb5-4fa4-a97d-d965ccfc6d4b" outcome="Passed" testListId="8c84fa94-04c1-424b-9868-57a2d4851a1d" relativeResultsDirectory="b4fe6f13-1f53-4636-9a5f-259f6d1a742c" />
    <UnitTestResult executionId="6ebef7e2-8272-4005-ab87-de617be45597" testId="2c604de3-304a-5ac1-89b1-32ee42d48771" testName="LookBusy.Test.UnmanagedStringPoolEdgeCaseTests.Constructor_InvalidCapacities_ThrowArgumentOutOfRangeException(capacity: -2147483648)" computerName="runnervmf4ws1" duration="00:00:00.0002686" startTime="2025-09-14T20:05:51.3331442+00:00" endTime="2025-09-14T20:05:51.3331443+00:00" testType="13cdc9d9-ddb5-4fa4-a97d-d965ccfc6d4b" outcome="Passed" testListId="8c84fa94-04c1-424b-9868-57a2d4851a1d" relativeResultsDirectory="6ebef7e2-8272-4005-ab87-de617be45597" />
    <UnitTestResult executionId="11168862-a204-4d02-a6d0-8937e2570f90" testId="4a2a690a-9ec1-1656-5221-5419a962d390" testName="LookBusy.Test.DisposalAndLifecycleTests.PooledString_Free_AfterPoolDisposal_DoesNotThrow" computerName="runnervmf4ws1" duration="00:00:00.0033045" startTime="2025-09-14T20:05:51.3725958+00:00" endTime="2025-09-14T20:05:51.3725959+00:00" testType="13cdc9d9-ddb5-4fa4-a97d-d965ccfc6d4b" outcome="Passed" testListId="8c84fa94-04c1-424b-9868-57a2d4851a1d" relativeResultsDirectory="11168862-a204-4d02-a6d0-8937e2570f90" />
    <UnitTestResult executionId="f4f68203-e4e4-4ede-a1bf-58aa703c88ef" testId="68dced68-d48e-b43f-e9af-77002ce2dcfe" testName="LookBusy.Test.IntegerOverflowTests.Allocate_MaxSafeLengthString_WorksOrThrowsAppropriately" computerName="runnervmf4ws1" duration="00:00:00.0002312" startTime="2025-09-14T20:05:51.3921574+00:00" endTime="2025-09-14T20:05:51.3921575+00:00" testType="13cdc9d9-ddb5-4fa4-a97d-d965ccfc6d4b" outcome="Passed" testListId="8c84fa94-04c1-424b-9868-57a2d4851a1d" relativeResultsDirectory="f4f68203-e4e4-4ede-a1bf-58aa703c88ef" />
    <UnitTestResult executionId="ea6071e6-af25-4704-b9b7-8247b67fc174" testId="0f7afc60-a4f5-5e6d-c860-a623e7b4ffdf" testName="LookBusy.Test.UnmanagedStringPoolEdgeCaseTests.Equals_NullPool_HandlesCorrectly" computerName="runnervmf4ws1" duration="00:00:00.0002039" startTime="2025-09-14T20:05:51.3287152+00:00" endTime="2025-09-14T20:05:51.3287153+00:00" testType="13cdc9d9-ddb5-4fa4-a97d-d965ccfc6d4b" outcome="Passed" testListId="8c84fa94-04c1-424b-9868-57a2d4851a1d" relativeResultsDirectory="ea6071e6-af25-4704-b9b7-8247b67fc174" />
    <UnitTestResult executionId="095d3036-5f02-4e2d-b6a2-1af876e7c12e" testId="216eed65-0cb2-c70f-77d1-1d7ddf6d2c00" testName="LookBusy.Test.UnmanagedStringPoolTests.AllowGrowth_WhenFalse_ThrowsOnPoolExhaustion" computerName="runnervmf4ws1" duration="00:00:00.0005485" startTime="2025-09-14T20:05:51.3217166+00:00" endTime="2025-09-14T20:05:51.3217167+00:00" testType="13cdc9d9-ddb5-4fa4-a97d-d965ccfc6d4b" outcome="Passed" testListId="8c84fa94-04c1-424b-9868-57a2d4851a1d" relativeResultsDirectory="095d3036-5f02-4e2d-b6a2-1af876e7c12e" />
    <UnitTestResult executionId="1fc91a00-b078-4f58-897a-fc6358a37db8" testId="b5249f47-6d6b-93f1-f15d-eded5507a5ab" testName="LookBusy.Test.PooledStringTests.GetHashCode_DifferentContent_ReturnsDifferentHashCode" computerName="runnervmf4ws1" duration="00:00:00.0051655" startTime="2025-09-14T20:05:51.2976010+00:00" endTime="2025-09-14T20:05:51.2976010+00:00" testType="13cdc9d9-ddb5-4fa4-a97d-d965ccfc6d4b" outcome="Passed" testListId="8c84fa94-04c1-424b-9868-57a2d4851a1d" relativeResultsDirectory="1fc91a00-b078-4f58-897a-fc6358a37db8" />
    <UnitTestResult executionId="06d4c07a-e885-4bea-8eed-dbdf67b49beb" testId="e3b83164-ea48-2292-5d7d-f10048c78f5b" testName="LookBusy.Test.UnmanagedStringPoolEdgeCaseTests.Allocate_VeryLongString_WorksCorrectly" computerName="runnervmf4ws1" duration="00:00:00.0004652" startTime="2025-09-14T20:05:51.3449967+00:00" endTime="2025-09-14T20:05:51.3449968+00:00" testType="13cdc9d9-ddb5-4fa4-a97d-d965ccfc6d4b" outcome="Passed" testListId="8c84fa94-04c1-424b-9868-57a2d4851a1d" relativeResultsDirectory="06d4c07a-e885-4bea-8eed-dbdf67b49beb" />
    <UnitTestResult executionId="4a9a37b8-576c-4c3b-996d-bb0143596c09" testId="e42f0bbe-c35f-be38-83dc-82d6abd7c316" testName="LookBusy.Test.UnmanagedStringPoolEdgeCaseTests.FreeSpaceCalculation_WithFragmentation_IsAccurate" computerName="runnervmf4ws1" duration="00:00:00.0003333" startTime="2025-09-14T20:05:51.3371077+00:00" endTime="2025-09-14T20:05:51.3371078+00:00" testType="13cdc9d9-ddb5-4fa4-a97d-d965ccfc6d4b" outcome="Passed" testListId="8c84fa94-04c1-424b-9868-57a2d4851a1d" relativeResultsDirectory="4a9a37b8-576c-4c3b-996d-bb0143596c09" />
    <UnitTestResult executionId="5fd0973e-d09d-4aff-b5be-7e4c20029a35" testId="dc579212-25a4-268b-242e-1f3f7646dad2" testName="LookBusy.Test.PooledStringTests.Length_EmptyString_ReturnsZero" computerName="runnervmf4ws1" duration="00:00:00.0002086" startTime="2025-09-14T20:05:51.3073005+00:00" endTime="2025-09-14T20:05:51.3073006+00:00" testType="13cdc9d9-ddb5-4fa4-a97d-d965ccfc6d4b" outcome="Passed" testListId="8c84fa94-04c1-424b-9868-57a2d4851a1d" relativeResultsDirectory="5fd0973e-d09d-4aff-b5be-7e4c20029a35" />
    <UnitTestResult executionId="4f0990b2-68e5-4e3e-9aad-5d5db7f63f5d" testId="beb39fa0-8e5b-1fd0-b791-8532179f97b0" testName="LookBusy.Test.ConcurrentAccessTests.ConcurrentPoolStateReads_RemainConsistentAsync" computerName="runnervmf4ws1" duration="00:00:00.2429647" startTime="2025-09-14T20:05:51.4483047+00:00" endTime="2025-09-14T20:05:51.4483048+00:00" testType="13cdc9d9-ddb5-4fa4-a97d-d965ccfc6d4b" outcome="Passed" testListId="8c84fa94-04c1-424b-9868-57a2d4851a1d" relativeResultsDirectory="4f0990b2-68e5-4e3e-9aad-5d5db7f63f5d" />
    <UnitTestResult executionId="73e20fd6-1545-4300-bbb1-aa09f5d60502" testId="8ceb6a33-7c08-dcb7-7138-5e52f605349b" testName="LookBusy.Test.UnmanagedStringPoolTests.DefragmentAndGrowPool_ValidInput_IncreasesCapacity" computerName="runnervmf4ws1" duration="00:00:00.0003415" startTime="2025-09-14T20:05:51.3171934+00:00" endTime="2025-09-14T20:05:51.3171935+00:00" testType="13cdc9d9-ddb5-4fa4-a97d-d965ccfc6d4b" outcome="Passed" testListId="8c84fa94-04c1-424b-9868-57a2d4851a1d" relativeResultsDirectory="73e20fd6-1545-4300-bbb1-aa09f5d60502" />
    <UnitTestResult executionId="f4ce2de6-016e-4eb3-9590-1c235b6eacf0" testId="ab228e79-7dea-5b78-533d-fe80640a31c0" testName="LookBusy.Test.PooledStringTests.LastIndexOf_NotFound_ReturnsMinusOne" computerName="runnervmf4ws1" duration="00:00:00.0001867" startTime="2025-09-14T20:05:51.2988632+00:00" endTime="2025-09-14T20:05:51.2988633+00:00" testType="13cdc9d9-ddb5-4fa4-a97d-d965ccfc6d4b" outcome="Passed" testListId="8c84fa94-04c1-424b-9868-57a2d4851a1d" relativeResultsDirectory="f4ce2de6-016e-4eb3-9590-1c235b6eacf0" />
    <UnitTestResult executionId="d43e648a-edcf-456f-8719-93d8d636678c" testId="21c15b39-edbe-8fe8-7475-245ccac06777" testName="LookBusy.Test.UnmanagedStringPoolEdgeCaseTests.Allocate_IntegerOverflowSizes_ThrowsArgumentOutOfRangeException(length: 1073741823)" computerName="runnervmf4ws1" duration="00:00:00.0002682" startTime="2025-09-14T20:05:51.3364028+00:00" endTime="2025-09-14T20:05:51.3364029+00:00" testType="13cdc9d9-ddb5-4fa4-a97d-d965ccfc6d4b" outcome="Passed" testListId="8c84fa94-04c1-424b-9868-57a2d4851a1d" relativeResultsDirectory="d43e648a-edcf-456f-8719-93d8d636678c" />
    <UnitTestResult executionId="1a64f3ab-1580-4a72-b52b-2dfee68bade0" testId="dd4cf928-08a6-ff0b-b5fa-5585870e672c" testName="LookBusy.Test.UnmanagedStringPoolTests.FreeString_AlreadyFreedString_NoEffect" computerName="runnervmf4ws1" duration="00:00:00.0001525" startTime="2025-09-14T20:05:51.3171050+00:00" endTime="2025-09-14T20:05:51.3171051+00:00" testType="13cdc9d9-ddb5-4fa4-a97d-d965ccfc6d4b" outcome="Passed" testListId="8c84fa94-04c1-424b-9868-57a2d4851a1d" relativeResultsDirectory="1a64f3ab-1580-4a72-b52b-2dfee68bade0" />
    <UnitTestResult executionId="0863e689-da80-4af3-9eff-718339239a0e" testId="6dfbde64-a021-0669-289d-72e453da2c03" testName="LookBusy.Test.UnmanagedStringPoolEdgeCaseTests.Dispose_MultipleCalls_NoException" computerName="runnervmf4ws1" duration="00:00:00.0004525" startTime="2025-09-14T20:05:51.3319909+00:00" endTime="2025-09-14T20:05:51.3319910+00:00" testType="13cdc9d9-ddb5-4fa4-a97d-d965ccfc6d4b" outcome="Passed" testListId="8c84fa94-04c1-424b-9868-57a2d4851a1d" relativeResultsDirectory="0863e689-da80-4af3-9eff-718339239a0e" />
    <UnitTestResult executionId="2c287d62-fec7-48a4-984b-9d4b0137d7de" testId="520ad296-18bd-665c-aef3-07706b05002e" testName="LookBusy.Test.FragmentationAndMemoryTests.PoolGrowth_PreservesStringOrder_AfterDefragmentation" computerName="runnervmf4ws1" duration="00:00:00.0002429" startTime="2025-09-14T20:05:51.2887863+00:00" endTime="2025-09-14T20:05:51.2887863+00:00" testType="13cdc9d9-ddb5-4fa4-a97d-d965ccfc6d4b" outcome="Passed" testListId="8c84fa94-04c1-424b-9868-57a2d4851a1d" relativeResultsDirectory="2c287d62-fec7-48a4-984b-9d4b0137d7de" />
    <UnitTestResult executionId="dbb2dbbc-aa23-4167-bf10-8314e89043ca" testId="aede3ec3-0e2b-25f5-d209-37b8997bcc2d" testName="LookBusy.Test.FragmentationAndMemoryTests.AutomaticCoalescing_TriggeredByThreshold_ReducesFragmentation" computerName="runnervmf4ws1" duration="00:00:00.0004263" startTime="2025-09-14T20:05:51.2903175+00:00" endTime="2025-09-14T20:05:51.2903176+00:00" testType="13cdc9d9-ddb5-4fa4-a97d-d965ccfc6d4b" outcome="Passed" testListId="8c84fa94-04c1-424b-9868-57a2d4851a1d" relativeResultsDirectory="dbb2dbbc-aa23-4167-bf10-8314e89043ca" />
    <UnitTestResult executionId="eebc55fb-a20b-481e-afb9-9a5751949092" testId="cb77837d-337a-9e82-5bfb-6325b95bce85" testName="LookBusy.Test.PooledStringTests.Replace_ShorterReplacement_WorksCorrectly" computerName="runnervmf4ws1" duration="00:00:00.0002132" startTime="2025-09-14T20:05:51.2936204+00:00" endTime="2025-09-14T20:05:51.2936204+00:00" testType="13cdc9d9-ddb5-4fa4-a97d-d965ccfc6d4b" outcome="Passed" testListId="8c84fa94-04c1-424b-9868-57a2d4851a1d" relativeResultsDirectory="eebc55fb-a20b-481e-afb9-9a5751949092" />
    <UnitTestResult executionId="f09b4ec3-5ed5-437f-8fcf-dc9048b29432" testId="47c3c128-e9d4-4400-85ac-221ddf58d730" testName="LookBusy.Test.ClearMethodTests.Clear_OldStringComparisons_Throw" computerName="runnervmf4ws1" duration="00:00:00.0011915" startTime="2025-09-14T20:05:51.2917459+00:00" endTime="2025-09-14T20:05:51.2917460+00:00" testType="13cdc9d9-ddb5-4fa4-a97d-d965ccfc6d4b" outcome="Passed" testListId="8c84fa94-04c1-424b-9868-57a2d4851a1d" relativeResultsDirectory="f09b4ec3-5ed5-437f-8fcf-dc9048b29432" />
    <UnitTestResult executionId="555477c0-e4f4-42fc-bd7a-a7f18be8e11e" testId="4486e472-dc2e-50d5-815d-b5b63202df17" testName="LookBusy.Test.FragmentationAndMemoryTests.StressTest_CycleAllocations_HandlesGracefully" computerName="runnervmf4ws1" duration="00:00:00.0031122" startTime="2025-09-14T20:05:51.2921649+00:00" endTime="2025-09-14T20:05:51.2921650+00:00" testType="13cdc9d9-ddb5-4fa4-a97d-d965ccfc6d4b" outcome="Passed" testListId="8c84fa94-04c1-424b-9868-57a2d4851a1d" relativeResultsDirectory="555477c0-e4f4-42fc-bd7a-a7f18be8e11e" />
    <UnitTestResult executionId="6f6ecd53-e135-4d69-b118-fa3c776ff588" testId="38b7e53f-503e-4700-8607-1dcb72dc3926" testName="LookBusy.Test.UnmanagedStringPoolEdgeCaseTests.MultiplePooledStrings_SamePool_IndependentOperations" computerName="runnervmf4ws1" duration="00:00:00.0003100" startTime="2025-09-14T20:05:51.3436058+00:00" endTime="2025-09-14T20:05:51.3436060+00:00" testType="13cdc9d9-ddb5-4fa4-a97d-d965ccfc6d4b" outcome="Passed" testListId="8c84fa94-04c1-424b-9868-57a2d4851a1d" relativeResultsDirectory="6f6ecd53-e135-4d69-b118-fa3c776ff588" />
    <UnitTestResult executionId="d9bda8f8-a828-49f2-b61f-00ef59e20c7f" testId="cb61bb58-f658-ce61-ee92-6ef949191098" testName="LookBusy.Test.PooledStringTests.StringOperations_WithEmptyString_WorkCorrectly" computerName="runnervmf4ws1" duration="00:00:00.0003033" startTime="2025-09-14T20:05:51.2965878+00:00" endTime="2025-09-14T20:05:51.2965880+00:00" testType="13cdc9d9-ddb5-4fa4-a97d-d965ccfc6d4b" outcome="Passed" testListId="8c84fa94-04c1-424b-9868-57a2d4851a1d" relativeResultsDirectory="d9bda8f8-a828-49f2-b61f-00ef59e20c7f" />
    <UnitTestResult executionId="830eab65-7bd9-4262-9079-edefa4d2eefc" testId="578e7426-4fb3-5d1f-4036-782edd5e5088" testName="LookBusy.Test.UnmanagedStringPoolTests.Constructor_WithGrowthDisabled_SetsAllowGrowthCorrectly" computerName="runnervmf4ws1" duration="00:00:00.0002062" startTime="2025-09-14T20:05:51.3134963+00:00" endTime="2025-09-14T20:05:51.3134964+00:00" testType="13cdc9d9-ddb5-4fa4-a97d-d965ccfc6d4b" outcome="Passed" testListId="8c84fa94-04c1-424b-9868-57a2d4851a1d" relativeResultsDirectory="830eab65-7bd9-4262-9079-edefa4d2eefc" />
    <UnitTestResult executionId="0b984645-534b-4608-b047-b54e3c1cedde" testId="f4bca4ff-d076-3678-5e0e-0a1287248d27" testName="LookBusy.Test.ClearMethodTests.Clear_OldStringOperations_Throw" computerName="runnervmf4ws1" duration="00:00:00.0040365" startTime="2025-09-14T20:05:51.2766441+00:00" endTime="2025-09-14T20:05:51.2766442+00:00" testType="13cdc9d9-ddb5-4fa4-a97d-d965ccfc6d4b" outcome="Passed" testListId="8c84fa94-04c1-424b-9868-57a2d4851a1d" relativeResultsDirectory="0b984645-534b-4608-b047-b54e3c1cedde" />
    <UnitTestResult executionId="0126c67f-50e8-4b09-b55c-943563112ce8" testId="771326b8-6ef3-9adb-796b-d3f0fb997923" testName="LookBusy.Test.PooledStringTests.SubstringSpan_InvalidRange_ThrowsArgumentOutOfRangeException(start: 0, length: 12)" computerName="runnervmf4ws1" duration="00:00:00.0000503" startTime="2025-09-14T20:05:51.2961124+00:00" endTime="2025-09-14T20:05:51.2961125+00:00" testType="13cdc9d9-ddb5-4fa4-a97d-d965ccfc6d4b" outcome="Passed" testListId="8c84fa94-04c1-424b-9868-57a2d4851a1d" relativeResultsDirectory="0126c67f-50e8-4b09-b55c-943563112ce8" />
    <UnitTestResult executionId="078594d1-2524-4111-be4e-7df273d74eea" testId="0afe04d5-54b7-74bf-25bd-347341b354c9" testName="LookBusy.Test.UnmanagedStringPoolEdgeCaseTests.FragmentationCalculation_EmptyPool_ReturnsZero" computerName="runnervmf4ws1" duration="00:00:00.0002810" startTime="2025-09-14T20:05:51.3261563+00:00" endTime="2025-09-14T20:05:51.3261564+00:00" testType="13cdc9d9-ddb5-4fa4-a97d-d965ccfc6d4b" outcome="Passed" testListId="8c84fa94-04c1-424b-9868-57a2d4851a1d" relativeResultsDirectory="078594d1-2524-4111-be4e-7df273d74eea" />
    <UnitTestResult executionId="3603528a-c391-40d2-834f-771e29dbfd86" testId="868ba374-79b6-75e5-52c8-a071d8d30c9c" testName="LookBusy.Test.FragmentationCalculationTest.FragmentationPercentage_ShouldDistinguishBetweenScatteredAndContiguousFreeSpace" computerName="runnervmf4ws1" duration="00:00:00.0118430" startTime="2025-09-14T20:05:51.3241835+00:00" endTime="2025-09-14T20:05:51.3241836+00:00" testType="13cdc9d9-ddb5-4fa4-a97d-d965ccfc6d4b" outcome="Passed" testListId="8c84fa94-04c1-424b-9868-57a2d4851a1d" relativeResultsDirectory="3603528a-c391-40d2-834f-771e29dbfd86" />
    <UnitTestResult executionId="a5e0d2a7-1fcd-4b75-8964-28ba9f6d0a5d" testId="37cee380-3558-0b28-1471-cee41829f82f" testName="LookBusy.Test.PooledStringTests.Equals_DifferentContent_ReturnsFalse" computerName="runnervmf4ws1" duration="00:00:00.0003204" startTime="2025-09-14T20:05:51.2930222+00:00" endTime="2025-09-14T20:05:51.2930223+00:00" testType="13cdc9d9-ddb5-4fa4-a97d-d965ccfc6d4b" outcome="Passed" testListId="8c84fa94-04c1-424b-9868-57a2d4851a1d" relativeResultsDirectory="a5e0d2a7-1fcd-4b75-8964-28ba9f6d0a5d" />
    <UnitTestResult executionId="01373406-7484-4159-8964-70fa7bd00421" testId="2b493090-1a3c-1486-1545-d1a3f39fa3ab" testName="LookBusy.Test.FinalizerBehaviorTests.Finalizer_WithActiveAllocations_HandlesCorrectly" computerName="runnervmf4ws1" duration="00:00:00.0420448" startTime="2025-09-14T20:05:51.2975048+00:00" endTime="2025-09-14T20:05:51.2975049+00:00" testType="13cdc9d9-ddb5-4fa4-a97d-d965ccfc6d4b" outcome="Passed" testListId="8c84fa94-04c1-424b-9868-57a2d4851a1d" relativeResultsDirectory="01373406-7484-4159-8964-70fa7bd00421" />
    <UnitTestResult executionId="bf77d8ef-df37-489c-9c24-d6d10b054251" testId="905c35cf-fef7-5b14-4073-47a645904a2d" testName="LookBusy.Test.UnmanagedStringPoolTests.DumpBufferAsString_EmptyPool_ReturnsEmptyString" computerName="runnervmf4ws1" duration="00:00:00.0001141" startTime="2025-09-14T20:05:51.3168933+00:00" endTime="2025-09-14T20:05:51.3168934+00:00" testType="13cdc9d9-ddb5-4fa4-a97d-d965ccfc6d4b" outcome="Passed" testListId="8c84fa94-04c1-424b-9868-57a2d4851a1d" relativeResultsDirectory="bf77d8ef-df37-489c-9c24-d6d10b054251" />
    <UnitTestResult executionId="ecefc4ab-289e-4a63-a089-2476d223eae6" testId="da8502b2-2adf-dc27-dc55-ec4ca956bfe6" testName="LookBusy.Test.UnmanagedStringPoolEdgeCaseTests.DefragmentAndGrowPool_MaxIntValue_ThrowsArgumentOutOfRangeException" computerName="runnervmf4ws1" duration="00:00:00.0004163" startTime="2025-09-14T20:05:51.3360761+00:00" endTime="2025-09-14T20:05:51.3360761+00:00" testType="13cdc9d9-ddb5-4fa4-a97d-d965ccfc6d4b" outcome="Passed" testListId="8c84fa94-04c1-424b-9868-57a2d4851a1d" relativeResultsDirectory="ecefc4ab-289e-4a63-a089-2476d223eae6" />
    <UnitTestResult executionId="d2f1c827-aef2-467c-8bac-e12669852fe2" testId="c41f6d66-caf1-bce1-5cc3-90c746a800b7" testName="LookBusy.Test.UnmanagedStringPoolEdgeCaseTests.DumpBufferAsString_AfterMixedOperations_ShowsCorrectData" computerName="runnervmf4ws1" duration="00:00:00.0002332" startTime="2025-09-14T20:05:51.3290107+00:00" endTime="2025-09-14T20:05:51.3290109+00:00" testType="13cdc9d9-ddb5-4fa4-a97d-d965ccfc6d4b" outcome="Passed" testListId="8c84fa94-04c1-424b-9868-57a2d4851a1d" relativeResultsDirectory="d2f1c827-aef2-467c-8bac-e12669852fe2" />
    <UnitTestResult executionId="561087d6-8c6e-4d8b-a36b-11cd29b65231" testId="7525df1f-58a3-c115-289e-a511e9895de5" testName="LookBusy.Test.FinalizerBehaviorTests.Finalizer_UnderMemoryPressure_ExecutesReliably" computerName="runnervmf4ws1" duration="00:00:00.0402117" startTime="2025-09-14T20:05:51.4395447+00:00" endTime="2025-09-14T20:05:51.4395448+00:00" testType="13cdc9d9-ddb5-4fa4-a97d-d965ccfc6d4b" outcome="Passed" testListId="8c84fa94-04c1-424b-9868-57a2d4851a1d" relativeResultsDirectory="561087d6-8c6e-4d8b-a36b-11cd29b65231" />
    <UnitTestResult executionId="9d461b77-5e70-4ab4-8c94-d0aa032ccb01" testId="2d95aec6-a9c4-a0c9-b14b-9610f63a7732" testName="LookBusy.Test.UnmanagedStringPoolTests.FreeString_EmptyString_NoEffect" computerName="runnervmf4ws1" duration="00:00:00.0001096" startTime="2025-09-14T20:05:51.3170105+00:00" endTime="2025-09-14T20:05:51.3170106+00:00" testType="13cdc9d9-ddb5-4fa4-a97d-d965ccfc6d4b" outcome="Passed" testListId="8c84fa94-04c1-424b-9868-57a2d4851a1d" relativeResultsDirectory="9d461b77-5e70-4ab4-8c94-d0aa032ccb01" />
    <UnitTestResult executionId="cd3102df-6b14-4c0a-8cd0-2a2d196f0bf8" testId="8f65b0f7-1b4f-8c12-c91b-ef8a8c6b63ce" testName="LookBusy.Test.UnmanagedStringPoolEdgeCaseTests.Allocate_UnicodeCharacters_WorksCorrectly" computerName="runnervmf4ws1" duration="00:00:00.0002041" startTime="2025-09-14T20:05:51.3301346+00:00" endTime="2025-09-14T20:05:51.3301346+00:00" testType="13cdc9d9-ddb5-4fa4-a97d-d965ccfc6d4b" outcome="Passed" testListId="8c84fa94-04c1-424b-9868-57a2d4851a1d" relativeResultsDirectory="cd3102df-6b14-4c0a-8cd0-2a2d196f0bf8" />
    <UnitTestResult executionId="cb9acb67-2fd1-4488-ab8d-eae2a866adc0" testId="f50978f1-8649-8438-9086-39f900fba8f0" testName="LookBusy.Test.PooledStringTests.Insert_EmptyValue_ReturnsOriginal" computerName="runnervmf4ws1" duration="00:00:00.0002058" startTime="2025-09-14T20:05:51.2977885+00:00" endTime="2025-09-14T20:05:51.2977886+00:00" testType="13cdc9d9-ddb5-4fa4-a97d-d965ccfc6d4b" outcome="Passed" testListId="8c84fa94-04c1-424b-9868-57a2d4851a1d" relativeResultsDirectory="cb9acb67-2fd1-4488-ab8d-eae2a866adc0" />
    <UnitTestResult executionId="3021ded5-4a34-488b-8f28-1e5f56b2cecc" testId="f13a71c4-377d-417d-7086-c9aeb49a76cb" testName="LookBusy.Test.PooledStringTests.SubstringSpan_InvalidRange_ThrowsArgumentOutOfRangeException(start: -1, length: 5)" computerName="runnervmf4ws1" duration="00:00:00.0009519" startTime="2025-09-14T20:05:51.2961910+00:00" endTime="2025-09-14T20:05:51.2961911+00:00" testType="13cdc9d9-ddb5-4fa4-a97d-d965ccfc6d4b" outcome="Passed" testListId="8c84fa94-04c1-424b-9868-57a2d4851a1d" relativeResultsDirectory="3021ded5-4a34-488b-8f28-1e5f56b2cecc" />
    <UnitTestResult executionId="98d3cb56-f374-4638-a8ca-6ba2842caaf1" testId="a25fe20f-46cf-d33e-e035-21d26848f660" testName="LookBusy.Test.DisposalAndLifecycleTests.StressTest_PoolCreationAndDisposal_NoMemoryLeaks" computerName="runnervmf4ws1" duration="00:00:00.0027486" startTime="2025-09-14T20:05:51.3772618+00:00" endTime="2025-09-14T20:05:51.3772619+00:00" testType="13cdc9d9-ddb5-4fa4-a97d-d965ccfc6d4b" outcome="Passed" testListId="8c84fa94-04c1-424b-9868-57a2d4851a1d" relativeResultsDirectory="98d3cb56-f374-4638-a8ca-6ba2842caaf1" />
    <UnitTestResult executionId="866dc124-0679-484e-9072-fcab31b814b3" testId="9db3446c-082c-03f9-206b-03b8faa5e246" testName="LookBusy.Test.PooledStringTests.Replace_LongerReplacement_WorksCorrectly" computerName="runnervmf4ws1" duration="00:00:00.0002180" startTime="2025-09-14T20:05:51.2943947+00:00" endTime="2025-09-14T20:05:51.2943948+00:00" testType="13cdc9d9-ddb5-4fa4-a97d-d965ccfc6d4b" outcome="Passed" testListId="8c84fa94-04c1-424b-9868-57a2d4851a1d" relativeResultsDirectory="866dc124-0679-484e-9072-fcab31b814b3" />
    <UnitTestResult executionId="e6e99870-a4e1-40e7-84c3-12f324fda6a8" testId="4eb74b35-bb1e-adaf-c7cb-f0dc1d7d9f78" testName="LookBusy.Test.UnmanagedStringPoolTests.Constructor_InvalidCapacity_ThrowsArgumentOutOfRangeException(capacity: -1)" computerName="runnervmf4ws1" duration="00:00:00.0006340" startTime="2025-09-14T20:05:51.3112122+00:00" endTime="2025-09-14T20:05:51.3112123+00:00" testType="13cdc9d9-ddb5-4fa4-a97d-d965ccfc6d4b" outcome="Passed" testListId="8c84fa94-04c1-424b-9868-57a2d4851a1d" relativeResultsDirectory="e6e99870-a4e1-40e7-84c3-12f324fda6a8" />
    <UnitTestResult executionId="b8e0c745-cdd1-4854-8a82-381e3bc9ee11" testId="df387044-fe33-d8a3-ec83-94b13ff51e1e" testName="LookBusy.Test.ClearMethodTests.Clear_OnDisposedPool_ThrowsObjectDisposedException" computerName="runnervmf4ws1" duration="00:00:00.0005385" startTime="2025-09-14T20:05:51.2689805+00:00" endTime="2025-09-14T20:05:51.2689805+00:00" testType="13cdc9d9-ddb5-4fa4-a97d-d965ccfc6d4b" outcome="Passed" testListId="8c84fa94-04c1-424b-9868-57a2d4851a1d" relativeResultsDirectory="b8e0c745-cdd1-4854-8a82-381e3bc9ee11" />
    <UnitTestResult executionId="e9de5141-f34d-4a80-b5a4-62929596e555" testId="547a6b67-f010-c0b9-ede8-e0eae9cea09d" testName="LookBusy.Test.DisposalAndLifecycleTests.Dispose_EmptyPool_DoesNotThrow" computerName="runnervmf4ws1" duration="00:00:00.0001199" startTime="2025-09-14T20:05:51.3653522+00:00" endTime="2025-09-14T20:05:51.3653522+00:00" testType="13cdc9d9-ddb5-4fa4-a97d-d965ccfc6d4b" outcome="Passed" testListId="8c84fa94-04c1-424b-9868-57a2d4851a1d" relativeResultsDirectory="e9de5141-f34d-4a80-b5a4-62929596e555" />
    <UnitTestResult executionId="23cad425-1703-4893-9878-10be7844f29b" testId="18ecbda6-3c58-1100-2593-3ab9ecd24cde" testName="LookBusy.Test.UnmanagedStringPoolTests.AsSpan_AfterPoolDisposal_ThrowsObjectDisposedException" computerName="runnervmf4ws1" duration="00:00:00.0005375" startTime="2025-09-14T20:05:51.3115828+00:00" endTime="2025-09-14T20:05:51.3115829+00:00" testType="13cdc9d9-ddb5-4fa4-a97d-d965ccfc6d4b" outcome="Passed" testListId="8c84fa94-04c1-424b-9868-57a2d4851a1d" relativeResultsDirectory="23cad425-1703-4893-9878-10be7844f29b" />
    <UnitTestResult executionId="10f814e6-0515-4a4c-8175-fa9ed1fe68c1" testId="570b36ca-30a5-78cc-4839-a870629d6fe8" testName="LookBusy.Test.PooledStringTests.Replace_EmptyOldValue_ReturnsOriginal" computerName="runnervmf4ws1" duration="00:00:00.0002398" startTime="2025-09-14T20:05:51.2938094+00:00" endTime="2025-09-14T20:05:51.2938095+00:00" testType="13cdc9d9-ddb5-4fa4-a97d-d965ccfc6d4b" outcome="Passed" testListId="8c84fa94-04c1-424b-9868-57a2d4851a1d" relativeResultsDirectory="10f814e6-0515-4a4c-8175-fa9ed1fe68c1" />
    <UnitTestResult executionId="9c1ce6d4-6592-4030-98e4-debdf552f648" testId="2ee7512d-c88c-3494-27cb-df069946ea80" testName="LookBusy.Test.FragmentationAndMemoryTests.PoolGrowth_WithHighFragmentation_DefragmentsAndGrows" computerName="runnervmf4ws1" duration="00:00:00.0006862" startTime="2025-09-14T20:05:51.2889784+00:00" endTime="2025-09-14T20:05:51.2889785+00:00" testType="13cdc9d9-ddb5-4fa4-a97d-d965ccfc6d4b" outcome="Passed" testListId="8c84fa94-04c1-424b-9868-57a2d4851a1d" relativeResultsDirectory="9c1ce6d4-6592-4030-98e4-debdf552f648" />
    <UnitTestResult executionId="7273ead9-93c8-4863-bfdc-45fe325830a6" testId="fa5237cd-aecb-963a-987f-917d575f629d" testName="LookBusy.Test.IntegerOverflowTests.PooledString_Replace_LargeButValidReplacement_Works" computerName="runnervmf4ws1" duration="00:00:00.0002144" startTime="2025-09-14T20:05:51.3928240+00:00" endTime="2025-09-14T20:05:51.3928241+00:00" testType="13cdc9d9-ddb5-4fa4-a97d-d965ccfc6d4b" outcome="Passed" testListId="8c84fa94-04c1-424b-9868-57a2d4851a1d" relativeResultsDirectory="7273ead9-93c8-4863-bfdc-45fe325830a6" />
    <UnitTestResult executionId="f6e224e4-333f-4cf1-9592-6f2da44304b2" testId="0d76bf08-9098-5c44-c473-28604f0245f4" testName="LookBusy.Test.IntegerOverflowTests.DefragmentAndGrowPool_AdditionCausesOverflow_ThrowsArgumentOutOfRangeException" computerName="runnervmf4ws1" duration="00:00:00.0003175" startTime="2025-09-14T20:05:51.3858123+00:00" endTime="2025-09-14T20:05:51.3858124+00:00" testType="13cdc9d9-ddb5-4fa4-a97d-d965ccfc6d4b" outcome="Passed" testListId="8c84fa94-04c1-424b-9868-57a2d4851a1d" relativeResultsDirectory="f6e224e4-333f-4cf1-9592-6f2da44304b2" />
    <UnitTestResult executionId="8bf7e154-81d9-4b0e-b928-5409967a6f85" testId="c63d8089-916a-706f-8f28-f44ea536c078" testName="LookBusy.Test.FragmentationAndMemoryTests.ComplexScenario_InterleavedAllocateAndFree_MaintainsConsistency" computerName="runnervmf4ws1" duration="00:00:00.0030231" startTime="2025-09-14T20:05:51.2901204+00:00" endTime="2025-09-14T20:05:51.2901204+00:00" testType="13cdc9d9-ddb5-4fa4-a97d-d965ccfc6d4b" outcome="Passed" testListId="8c84fa94-04c1-424b-9868-57a2d4851a1d" relativeResultsDirectory="8bf7e154-81d9-4b0e-b928-5409967a6f85" />
    <UnitTestResult executionId="324f7a22-8882-4262-b626-ba2fc85e5250" testId="2729134c-0380-e212-4ec4-3f791c7fdee1" testName="LookBusy.Test.PooledStringTests.IndexOf_InEmptyString_ReturnsCorrectly" computerName="runnervmf4ws1" duration="00:00:00.0002342" startTime="2025-09-14T20:05:51.3060227+00:00" endTime="2025-09-14T20:05:51.3060228+00:00" testType="13cdc9d9-ddb5-4fa4-a97d-d965ccfc6d4b" outcome="Passed" testListId="8c84fa94-04c1-424b-9868-57a2d4851a1d" relativeResultsDirectory="324f7a22-8882-4262-b626-ba2fc85e5250" />
    <UnitTestResult executionId="feccaaf7-2997-41da-bade-92c5d157f35c" testId="ba0ed36d-b4fe-ac83-b437-55305c9bf69d" testName="LookBusy.Test.DisposalAndLifecycleTests.UsingStatement_AutomaticallyDisposesPool" computerName="runnervmf4ws1" duration="00:00:00.0004514" startTime="2025-09-14T20:05:51.3741179+00:00" endTime="2025-09-14T20:05:51.3741180+00:00" testType="13cdc9d9-ddb5-4fa4-a97d-d965ccfc6d4b" outcome="Passed" testListId="8c84fa94-04c1-424b-9868-57a2d4851a1d" relativeResultsDirectory="feccaaf7-2997-41da-bade-92c5d157f35c" />
    <UnitTestResult executionId="35df5028-8256-4dcb-adcd-1529596c27a8" testId="994be082-a93b-98e0-b98d-2500d2995187" testName="LookBusy.Test.DisposalAndLifecycleTests.PooledString_Dispose_FreesStringFromPool" computerName="runnervmf4ws1" duration="00:00:00.0002078" startTime="2025-09-14T20:05:51.3656402+00:00" endTime="2025-09-14T20:05:51.3656403+00:00" testType="13cdc9d9-ddb5-4fa4-a97d-d965ccfc6d4b" outcome="Passed" testListId="8c84fa94-04c1-424b-9868-57a2d4851a1d" relativeResultsDirectory="35df5028-8256-4dcb-adcd-1529596c27a8" />
    <UnitTestResult executionId="617671ce-ea8b-4427-a5a1-c8d37bf92d57" testId="e11b9cfa-071b-8686-afa7-ca6c3534479e" testName="LookBusy.Test.PooledStringTests.GetHashCode_RepeatedCallsSameInstance_ConsistentHash" computerName="runnervmf4ws1" duration="00:00:00.0002341" startTime="2025-09-14T20:05:51.3075183+00:00" endTime="2025-09-14T20:05:51.3075184+00:00" testType="13cdc9d9-ddb5-4fa4-a97d-d965ccfc6d4b" outcome="Passed" testListId="8c84fa94-04c1-424b-9868-57a2d4851a1d" relativeResultsDirectory="617671ce-ea8b-4427-a5a1-c8d37bf92d57" />
    <UnitTestResult executionId="5ccac3b1-1959-45d2-88ef-cab9c20a857e" testId="f8c28684-08ed-e968-4474-836e16a6c60f" testName="LookBusy.Test.PooledStringTests.ToString_ValidString_ReturnsCorrectString" computerName="runnervmf4ws1" duration="00:00:00.0002039" startTime="2025-09-14T20:05:51.2990793+00:00" endTime="2025-09-14T20:05:51.2990794+00:00" testType="13cdc9d9-ddb5-4fa4-a97d-d965ccfc6d4b" outcome="Passed" testListId="8c84fa94-04c1-424b-9868-57a2d4851a1d" relativeResultsDirectory="5ccac3b1-1959-45d2-88ef-cab9c20a857e" />
    <UnitTestResult executionId="7b8050ff-a781-4d03-90e2-63fe397c7823" testId="d95e8b6d-18d1-5d6b-4a87-c31f157f4e19" testName="LookBusy.Test.ConcurrentAccessTests.ConcurrentReads_MultipleThreads_ShouldBeThreadSafeAsync" computerName="runnervmf4ws1" duration="00:00:00.0124908" startTime="2025-09-14T20:05:51.5141377+00:00" endTime="2025-09-14T20:05:51.5141379+00:00" testType="13cdc9d9-ddb5-4fa4-a97d-d965ccfc6d4b" outcome="Passed" testListId="8c84fa94-04c1-424b-9868-57a2d4851a1d" relativeResultsDirectory="7b8050ff-a781-4d03-90e2-63fe397c7823" />
    <UnitTestResult executionId="5d08b6e2-2153-4d44-b103-ee7e992affde" testId="75124d72-b1de-8c4d-4b50-2961d90aa4bf" testName="LookBusy.Test.PooledStringTests.IndexOf_EmptyString_ReturnsZero" computerName="runnervmf4ws1" duration="00:00:00.0002059" startTime="2025-09-14T20:05:51.3108060+00:00" endTime="2025-09-14T20:05:51.3108061+00:00" testType="13cdc9d9-ddb5-4fa4-a97d-d965ccfc6d4b" outcome="Passed" testListId="8c84fa94-04c1-424b-9868-57a2d4851a1d" relativeResultsDirectory="5d08b6e2-2153-4d44-b103-ee7e992affde" />
    <UnitTestResult executionId="d7b8adbd-9768-44cc-a0d5-9a6d113b4150" testId="74e431f9-324f-fd7e-875e-094defc8e594" testName="LookBusy.Test.PooledStringTests.ToString_WithSpecialCharacters_WorksCorrectly" computerName="runnervmf4ws1" duration="00:00:00.0001577" startTime="2025-09-14T20:05:51.3064023+00:00" endTime="2025-09-14T20:05:51.3064024+00:00" testType="13cdc9d9-ddb5-4fa4-a97d-d965ccfc6d4b" outcome="Passed" testListId="8c84fa94-04c1-424b-9868-57a2d4851a1d" relativeResultsDirectory="d7b8adbd-9768-44cc-a0d5-9a6d113b4150" />
    <UnitTestResult executionId="707eddd3-d384-44ed-a3b1-6d63291a15e0" testId="e8c7c55d-25fe-7867-13ca-d78618893a39" testName="LookBusy.Test.UnmanagedStringPoolTests.Allocate_SimpleString_ReturnsValidPooledString" computerName="runnervmf4ws1" duration="00:00:00.0002421" startTime="2025-09-14T20:05:51.3114929+00:00" endTime="2025-09-14T20:05:51.3114930+00:00" testType="13cdc9d9-ddb5-4fa4-a97d-d965ccfc6d4b" outcome="Passed" testListId="8c84fa94-04c1-424b-9868-57a2d4851a1d" relativeResultsDirectory="707eddd3-d384-44ed-a3b1-6d63291a15e0" />
    <UnitTestResult executionId="f5852e78-5545-42a0-bf29-6b8abf110756" testId="d4771011-842b-40dd-4729-870a30ccbe01" testName="LookBusy.Test.DisposalAndLifecycleTests.Pool_StateConsistency_ThroughoutLifecycle" computerName="runnervmf4ws1" duration="00:00:00.0005722" startTime="2025-09-14T20:05:51.3644628+00:00" endTime="2025-09-14T20:05:51.3644629+00:00" testType="13cdc9d9-ddb5-4fa4-a97d-d965ccfc6d4b" outcome="Passed" testListId="8c84fa94-04c1-424b-9868-57a2d4851a1d" relativeResultsDirectory="f5852e78-5545-42a0-bf29-6b8abf110756" />
    <UnitTestResult executionId="cf14cede-2506-43ce-a4f8-3ec743abb74a" testId="bf82bc77-77f4-abae-45f7-a8661446e458" testName="LookBusy.Test.FinalizerBehaviorTests.Finalizer_PreventsMemoryLeaks_WithoutExplicitDispose" computerName="runnervmf4ws1" duration="00:00:00.1813624" startTime="2025-09-14T20:05:51.8186161+00:00" endTime="2025-09-14T20:05:51.8186162+00:00" testType="13cdc9d9-ddb5-4fa4-a97d-d965ccfc6d4b" outcome="Passed" testListId="8c84fa94-04c1-424b-9868-57a2d4851a1d" relativeResultsDirectory="cf14cede-2506-43ce-a4f8-3ec743abb74a" />
    <UnitTestResult executionId="09253542-0c17-4225-bb1e-b037327821e6" testId="cbf7f91c-0fff-bc76-1096-e38f3a10f42a" testName="LookBusy.Test.IntegerOverflowTests.PooledString_Insert_InvalidPosition_ThrowsArgumentOutOfRangeException(position: 2147483647)" computerName="runnervmf4ws1" duration="00:00:00.0003758" startTime="2025-09-14T20:05:51.3820749+00:00" endTime="2025-09-14T20:05:51.3820750+00:00" testType="13cdc9d9-ddb5-4fa4-a97d-d965ccfc6d4b" outcome="Passed" testListId="8c84fa94-04c1-424b-9868-57a2d4851a1d" relativeResultsDirectory="09253542-0c17-4225-bb1e-b037327821e6" />
    <UnitTestResult executionId="ffdf43d8-eaff-41be-a757-491a3c896080" testId="f22ea399-d018-2da5-6156-ba99273c1de0" testName="LookBusy.Test.PooledStringTests.IndexOf_Found_ReturnsCorrectIndex" computerName="runnervmf4ws1" duration="00:00:00.0002963" startTime="2025-09-14T20:05:51.2964886+00:00" endTime="2025-09-14T20:05:51.2964886+00:00" testType="13cdc9d9-ddb5-4fa4-a97d-d965ccfc6d4b" outcome="Passed" testListId="8c84fa94-04c1-424b-9868-57a2d4851a1d" relativeResultsDirectory="ffdf43d8-eaff-41be-a757-491a3c896080" />
    <UnitTestResult executionId="66bee662-1cf2-4372-b92e-1092c7cdfd88" testId="cf77a6b1-2ad4-5aba-7959-15983cbe7e46" testName="LookBusy.Test.ConcurrentAccessTests.ConcurrentPoolOperations_WithSynchronization_WorksCorrectlyAsync" computerName="runnervmf4ws1" duration="00:00:00.0356157" startTime="2025-09-14T20:05:51.2688121+00:00" endTime="2025-09-14T20:05:51.2688122+00:00" testType="13cdc9d9-ddb5-4fa4-a97d-d965ccfc6d4b" outcome="Passed" testListId="8c84fa94-04c1-424b-9868-57a2d4851a1d" relativeResultsDirectory="66bee662-1cf2-4372-b92e-1092c7cdfd88" />
    <UnitTestResult executionId="4fef3682-e33d-4225-b335-9c0095fa4dfe" testId="e8aef1ca-1fbe-611b-8380-3ccbe318ef82" testName="LookBusy.Test.IntegerOverflowTests.BinarySearch_IndexCalculation_DoesNotOverflow" computerName="runnervmf4ws1" duration="00:00:00.0004243" startTime="2025-09-14T20:05:51.3933111+00:00" endTime="2025-09-14T20:05:51.3933112+00:00" testType="13cdc9d9-ddb5-4fa4-a97d-d965ccfc6d4b" outcome="Passed" testListId="8c84fa94-04c1-424b-9868-57a2d4851a1d" relativeResultsDirectory="4fef3682-e33d-4225-b335-9c0095fa4dfe" />
    <UnitTestResult executionId="2d5e8f17-ca6c-40a1-8d07-5182b8dcbf9c" testId="1d1599ee-62c9-2aa3-a358-94b4e138334c" testName="LookBusy.Test.ClearMethodTests.Clear_WithAllocatedStrings_ResetsPool" computerName="runnervmf4ws1" duration="00:00:00.0014218" startTime="2025-09-14T20:05:51.2693444+00:00" endTime="2025-09-14T20:05:51.2693445+00:00" testType="13cdc9d9-ddb5-4fa4-a97d-d965ccfc6d4b" outcome="Passed" testListId="8c84fa94-04c1-424b-9868-57a2d4851a1d" relativeResultsDirectory="2d5e8f17-ca6c-40a1-8d07-5182b8dcbf9c" />
    <UnitTestResult executionId="91f8646e-8b10-4557-99b2-49278da57b95" testId="483a3604-b14d-225e-17ec-0c2e493f9782" testName="LookBusy.Test.ClearMethodTests.Clear_DisposingOldString_DoesNotThrow" computerName="runnervmf4ws1" duration="00:00:00.0001598" startTime="2025-09-14T20:05:51.2690922+00:00" endTime="2025-09-14T20:05:51.2690923+00:00" testType="13cdc9d9-ddb5-4fa4-a97d-d965ccfc6d4b" outcome="Passed" testListId="8c84fa94-04c1-424b-9868-57a2d4851a1d" relativeResultsDirectory="91f8646e-8b10-4557-99b2-49278da57b95" />
    <UnitTestResult executionId="d712de37-3290-4234-b8b1-909188c58a40" testId="f85b8953-845c-c2f1-8de4-be4db620b581" testName="LookBusy.Test.ClearMethodTests.Clear_PreservesIdCounter_NewAllocationsGetHigherIds" computerName="runnervmf4ws1" duration="00:00:00.0002677" startTime="2025-09-14T20:05:51.2022041+00:00" endTime="2025-09-14T20:05:51.2022041+00:00" testType="13cdc9d9-ddb5-4fa4-a97d-d965ccfc6d4b" outcome="Passed" testListId="8c84fa94-04c1-424b-9868-57a2d4851a1d" relativeResultsDirectory="d712de37-3290-4234-b8b1-909188c58a40" />
    <UnitTestResult executionId="603f6129-7d34-4c73-af09-7895bc5500c2" testId="a9ec341d-9f28-0a0e-0d30-a67cd17170cf" testName="LookBusy.Test.UnmanagedStringPoolEdgeCaseTests.Allocate_ManyEmptyStrings_HandlesCorrectly" computerName="runnervmf4ws1" duration="00:00:00.0002495" startTime="2025-09-14T20:05:51.3367177+00:00" endTime="2025-09-14T20:05:51.3367178+00:00" testType="13cdc9d9-ddb5-4fa4-a97d-d965ccfc6d4b" outcome="Passed" testListId="8c84fa94-04c1-424b-9868-57a2d4851a1d" relativeResultsDirectory="603f6129-7d34-4c73-af09-7895bc5500c2" />
    <UnitTestResult executionId="ae524597-b784-49f8-a0dd-ced006ab8720" testId="161a608b-cfaf-913e-018f-a835c4559de7" testName="LookBusy.Test.UnmanagedStringPoolTests.FreeString_SingleString_UpdatesPoolState" computerName="runnervmf4ws1" duration="00:00:00.0002615" startTime="2025-09-14T20:05:51.3193982+00:00" endTime="2025-09-14T20:05:51.3193983+00:00" testType="13cdc9d9-ddb5-4fa4-a97d-d965ccfc6d4b" outcome="Passed" testListId="8c84fa94-04c1-424b-9868-57a2d4851a1d" relativeResultsDirectory="ae524597-b784-49f8-a0dd-ced006ab8720" />
    <UnitTestResult executionId="464a20eb-a26b-451b-8fb3-75f9bb4472e0" testId="070434b9-bd7f-b169-0c15-297a89b8ec05" testName="LookBusy.Test.UnmanagedStringPoolEdgeCaseTests.SubstringSpan_EdgeBoundaries_WorksCorrectly" computerName="runnervmf4ws1" duration="00:00:00.0003086" startTime="2025-09-14T20:05:51.3359944+00:00" endTime="2025-09-14T20:05:51.3359945+00:00" testType="13cdc9d9-ddb5-4fa4-a97d-d965ccfc6d4b" outcome="Passed" testListId="8c84fa94-04c1-424b-9868-57a2d4851a1d" relativeResultsDirectory="464a20eb-a26b-451b-8fb3-75f9bb4472e0" />
    <UnitTestResult executionId="67339229-3379-4758-96d4-bba938235d15" testId="4a8af3d2-9be6-53f1-e6ce-8ab9b0ffa25a" testName="LookBusy.Test.UnmanagedStringPoolTests.Constructor_InvalidCapacity_ThrowsArgumentOutOfRangeException(capacity: -100)" computerName="runnervmf4ws1" duration="00:00:00.0000564" startTime="2025-09-14T20:05:51.3113983+00:00" endTime="2025-09-14T20:05:51.3113985+00:00" testType="13cdc9d9-ddb5-4fa4-a97d-d965ccfc6d4b" outcome="Passed" testListId="8c84fa94-04c1-424b-9868-57a2d4851a1d" relativeResultsDirectory="67339229-3379-4758-96d4-bba938235d15" />
    <UnitTestResult executionId="5b303c31-9a27-45a5-bdd7-e12af04ba206" testId="bbbebe50-4e97-b6cc-9a06-62e38c71151d" testName="LookBusy.Test.UnmanagedStringPoolEdgeCaseTests.Allocate_MaxLengthString_NearIntMaxValue_HandlesCorrectly" computerName="runnervmf4ws1" duration="00:00:00.0055871" startTime="2025-09-14T20:05:51.3427768+00:00" endTime="2025-09-14T20:05:51.3427769+00:00" testType="13cdc9d9-ddb5-4fa4-a97d-d965ccfc6d4b" outcome="Passed" testListId="8c84fa94-04c1-424b-9868-57a2d4851a1d" relativeResultsDirectory="5b303c31-9a27-45a5-bdd7-e12af04ba206" />
    <UnitTestResult executionId="56bd8fbe-bf23-4e11-844f-22a506177422" testId="35f2d73e-1a44-7f78-4448-8dcc861d4ede" testName="LookBusy.Test.PooledStringTests.Insert_AtEnd_WorksCorrectly" computerName="runnervmf4ws1" duration="00:00:00.0009720" startTime="2025-09-14T20:05:51.2923267+00:00" endTime="2025-09-14T20:05:51.2923268+00:00" testType="13cdc9d9-ddb5-4fa4-a97d-d965ccfc6d4b" outcome="Passed" testListId="8c84fa94-04c1-424b-9868-57a2d4851a1d" relativeResultsDirectory="56bd8fbe-bf23-4e11-844f-22a506177422" />
    <UnitTestResult executionId="fb79e8f7-31b3-4163-b57d-c15eb6c6c111" testId="29011097-3a0c-9076-fac6-7c3a2e7f68a9" testName="LookBusy.Test.IntegerOverflowTests.Constructor_MaxIntCapacity_ThrowsOrHandlesGracefully" computerName="runnervmf4ws1" duration="00:00:00.0006700" startTime="2025-09-14T20:05:51.3947708+00:00" endTime="2025-09-14T20:05:51.3947709+00:00" testType="13cdc9d9-ddb5-4fa4-a97d-d965ccfc6d4b" outcome="Passed" testListId="8c84fa94-04c1-424b-9868-57a2d4851a1d" relativeResultsDirectory="fb79e8f7-31b3-4163-b57d-c15eb6c6c111" />
    <UnitTestResult executionId="e040339c-1408-40a3-8d33-7c8efd971684" testId="c9c06c2b-38eb-923b-5ef3-9ef500c857db" testName="LookBusy.Test.ClearMethodTests.Clear_EmptyPool_DoesNotThrow" computerName="runnervmf4ws1" duration="00:00:00.0001689" startTime="2025-09-14T20:05:51.2685113+00:00" endTime="2025-09-14T20:05:51.2685114+00:00" testType="13cdc9d9-ddb5-4fa4-a97d-d965ccfc6d4b" outcome="Passed" testListId="8c84fa94-04c1-424b-9868-57a2d4851a1d" relativeResultsDirectory="e040339c-1408-40a3-8d33-7c8efd971684" />
    <UnitTestResult executionId="9f977683-86fa-48fe-a2d2-aff03ef70ceb" testId="2673d967-0435-2a11-125e-fc91488708ac" testName="LookBusy.Test.IntegerOverflowTests.PooledString_Replace_NegativeSizeDiff_HandlesCorrectly" computerName="runnervmf4ws1" duration="00:00:00.0001599" startTime="2025-09-14T20:05:51.3905004+00:00" endTime="2025-09-14T20:05:51.3905005+00:00" testType="13cdc9d9-ddb5-4fa4-a97d-d965ccfc6d4b" outcome="Passed" testListId="8c84fa94-04c1-424b-9868-57a2d4851a1d" relativeResultsDirectory="9f977683-86fa-48fe-a2d2-aff03ef70ceb" />
    <UnitTestResult executionId="f2c681b2-c76e-443d-b137-6ff5a69fe264" testId="3f460e32-d5ae-92bc-5169-1f6fcb5c59ec" testName="LookBusy.Test.UnmanagedStringPoolEdgeCaseTests.Allocate_EmptySpan_ReturnsEmpty" computerName="runnervmf4ws1" duration="00:00:00.0002294" startTime="2025-09-14T20:05:51.3486618+00:00" endTime="2025-09-14T20:05:51.3486619+00:00" testType="13cdc9d9-ddb5-4fa4-a97d-d965ccfc6d4b" outcome="Passed" testListId="8c84fa94-04c1-424b-9868-57a2d4851a1d" relativeResultsDirectory="f2c681b2-c76e-443d-b137-6ff5a69fe264" />
    <UnitTestResult executionId="81a5dcb7-7bf2-40e4-9269-cc5050d4df99" testId="ea6dbe23-2bc1-fcd7-b754-10c0ae9c6757" testName="LookBusy.Test.IntegerOverflowTests.MemoryCopy_SizeCalculations_DoNotOverflow" computerName="runnervmf4ws1" duration="00:00:00.0003512" startTime="2025-09-14T20:05:51.3809739+00:00" endTime="2025-09-14T20:05:51.3809740+00:00" testType="13cdc9d9-ddb5-4fa4-a97d-d965ccfc6d4b" outcome="Passed" testListId="8c84fa94-04c1-424b-9868-57a2d4851a1d" relativeResultsDirectory="81a5dcb7-7bf2-40e4-9269-cc5050d4df99" />
    <UnitTestResult executionId="271ef443-0931-4ffa-b9db-d13b4be258cc" testId="96dff266-2e9a-1794-3c0e-7f3cf758d589" testName="LookBusy.Test.UnmanagedStringPoolEdgeCaseTests.Constructor_InvalidCapacities_ThrowArgumentOutOfRangeException(capacity: 0)" computerName="runnervmf4ws1" duration="00:00:00.0000433" startTime="2025-09-14T20:05:51.3346234+00:00" endTime="2025-09-14T20:05:51.3346235+00:00" testType="13cdc9d9-ddb5-4fa4-a97d-d965ccfc6d4b" outcome="Passed" testListId="8c84fa94-04c1-424b-9868-57a2d4851a1d" relativeResultsDirectory="271ef443-0931-4ffa-b9db-d13b4be258cc" />
    <UnitTestResult executionId="95a706d3-35e9-4f99-947f-04a09b77c65a" testId="00a56d22-8d77-a5a8-48dd-588e277b68b5" testName="LookBusy.Test.IntegerOverflowTests.Allocate_OversizedString_ThrowsArgumentOutOfRangeException(lengthChars: 1073741823)" computerName="runnervmf4ws1" duration="00:00:00.0002924" startTime="2025-09-14T20:05:51.3909213+00:00" endTime="2025-09-14T20:05:51.3909214+00:00" testType="13cdc9d9-ddb5-4fa4-a97d-d965ccfc6d4b" outcome="Passed" testListId="8c84fa94-04c1-424b-9868-57a2d4851a1d" relativeResultsDirectory="95a706d3-35e9-4f99-947f-04a09b77c65a" />
    <UnitTestResult executionId="39bbc90f-56a9-4189-820b-80bae051b6e0" testId="e7a2eb67-c791-96d2-34ad-9cad5f2657b5" testName="LookBusy.Test.IntegerOverflowTests.SetAtPosition_LargeInsert_HandlesCorrectly" computerName="runnervmf4ws1" duration="00:00:00.0002900" startTime="2025-09-14T20:05:51.3884401+00:00" endTime="2025-09-14T20:05:51.3884402+00:00" testType="13cdc9d9-ddb5-4fa4-a97d-d965ccfc6d4b" outcome="Passed" testListId="8c84fa94-04c1-424b-9868-57a2d4851a1d" relativeResultsDirectory="39bbc90f-56a9-4189-820b-80bae051b6e0" />
    <UnitTestResult executionId="165ec611-197e-4e19-bd5b-69b070c1ef7a" testId="0ac8ede2-6349-2ed6-d62d-ab24c6409adf" testName="LookBusy.Test.DisposalAndLifecycleTests.EmptyString_Dispose_DoesNotThrow" computerName="runnervmf4ws1" duration="00:00:00.0001159" startTime="2025-09-14T20:05:51.3658219+00:00" endTime="2025-09-14T20:05:51.3658219+00:00" testType="13cdc9d9-ddb5-4fa4-a97d-d965ccfc6d4b" outcome="Passed" testListId="8c84fa94-04c1-424b-9868-57a2d4851a1d" relativeResultsDirectory="165ec611-197e-4e19-bd5b-69b070c1ef7a" />
    <UnitTestResult executionId="475f7ab2-f0b4-40d1-a941-6938bdb90f19" testId="ff07443f-a11c-2d43-c415-2dd62e1dfdbc" testName="LookBusy.Test.FragmentationAndMemoryTests.MemoryAlignment_VariousSizes_MaintainsAlignment" computerName="runnervmf4ws1" duration="00:00:00.0003646" startTime="2025-09-14T20:05:51.2907292+00:00" endTime="2025-09-14T20:05:51.2907293+00:00" testType="13cdc9d9-ddb5-4fa4-a97d-d965ccfc6d4b" outcome="Passed" testListId="8c84fa94-04c1-424b-9868-57a2d4851a1d" relativeResultsDirectory="475f7ab2-f0b4-40d1-a941-6938bdb90f19" />
    <UnitTestResult executionId="7a9a58df-5b8a-4f22-a35c-640b475a9273" testId="130836e5-9014-0363-bbbb-635ada3f84c1" testName="LookBusy.Test.ClearMethodTests.Clear_InvalidatesOldPooledStrings_ThrowsOnAccess" computerName="runnervmf4ws1" duration="00:00:00.0018142" startTime="2025-09-14T20:05:51.2688665+00:00" endTime="2025-09-14T20:05:51.2688665+00:00" testType="13cdc9d9-ddb5-4fa4-a97d-d965ccfc6d4b" outcome="Passed" testListId="8c84fa94-04c1-424b-9868-57a2d4851a1d" relativeResultsDirectory="7a9a58df-5b8a-4f22-a35c-640b475a9273" />
    <UnitTestResult executionId="e5bbe902-df9c-4921-8271-e279fdc3cdcc" testId="711f492f-29a0-66c5-ccfb-22e1f1e2e557" testName="LookBusy.Test.DisposalAndLifecycleTests.PooledString_ValidityChecks_ThroughoutLifecycle" computerName="runnervmf4ws1" duration="00:00:00.0011545" startTime="2025-09-14T20:05:51.3690531+00:00" endTime="2025-09-14T20:05:51.3690532+00:00" testType="13cdc9d9-ddb5-4fa4-a97d-d965ccfc6d4b" outcome="Passed" testListId="8c84fa94-04c1-424b-9868-57a2d4851a1d" relativeResultsDirectory="e5bbe902-df9c-4921-8271-e279fdc3cdcc" />
    <UnitTestResult executionId="d0f2b84d-f6da-45ef-b99f-b6b7277c9207" testId="d9efb63c-9826-fa1a-ed49-a5e0c06b1163" testName="LookBusy.Test.DisposalAndLifecycleTests.Allocate_AfterDisposal_ThrowsObjectDisposedException" computerName="runnervmf4ws1" duration="00:00:00.0006571" startTime="2025-09-14T20:05:51.3804160+00:00" endTime="2025-09-14T20:05:51.3804162+00:00" testType="13cdc9d9-ddb5-4fa4-a97d-d965ccfc6d4b" outcome="Passed" testListId="8c84fa94-04c1-424b-9868-57a2d4851a1d" relativeResultsDirectory="d0f2b84d-f6da-45ef-b99f-b6b7277c9207" />
    <UnitTestResult executionId="ee37bbd7-84a7-493a-b2cf-ac098eedc2f2" testId="bf0309c7-1cda-3ed4-1af1-adb3b18b3580" testName="LookBusy.Test.PooledStringTests.Insert_InMiddle_WorksCorrectly" computerName="runnervmf4ws1" duration="00:00:00.0001945" startTime="2025-09-14T20:05:51.3074179+00:00" endTime="2025-09-14T20:05:51.3074180+00:00" testType="13cdc9d9-ddb5-4fa4-a97d-d965ccfc6d4b" outcome="Passed" testListId="8c84fa94-04c1-424b-9868-57a2d4851a1d" relativeResultsDirectory="ee37bbd7-84a7-493a-b2cf-ac098eedc2f2" />
    <UnitTestResult executionId="969f21ae-cb7c-4a74-9f99-d3ac7e584170" testId="4b55338a-69da-fd9c-cf40-c58b5df3792a" testName="LookBusy.Test.DisposalAndLifecycleTests.DefragmentAndGrowPool_AfterDisposal_ThrowsObjectDisposedException" computerName="runnervmf4ws1" duration="00:00:00.0003338" startTime="2025-09-14T20:05:51.3731894+00:00" endTime="2025-09-14T20:05:51.3731895+00:00" testType="13cdc9d9-ddb5-4fa4-a97d-d965ccfc6d4b" outcome="Passed" testListId="8c84fa94-04c1-424b-9868-57a2d4851a1d" relativeResultsDirectory="969f21ae-cb7c-4a74-9f99-d3ac7e584170" />
    <UnitTestResult executionId="a7156050-f8ef-4222-9930-2a3323efbd4c" testId="3d31f172-fa23-d563-4ae6-21e23056533c" testName="LookBusy.Test.PooledStringTests.Contains_Found_ReturnsTrue" computerName="runnervmf4ws1" duration="00:00:00.0002239" startTime="2025-09-14T20:05:51.3077963+00:00" endTime="2025-09-14T20:05:51.3077963+00:00" testType="13cdc9d9-ddb5-4fa4-a97d-d965ccfc6d4b" outcome="Passed" testListId="8c84fa94-04c1-424b-9868-57a2d4851a1d" relativeResultsDirectory="a7156050-f8ef-4222-9930-2a3323efbd4c" />
    <UnitTestResult executionId="4e8a52a1-b236-455d-b41e-7c75b6786f87" testId="e33060e6-2748-a8eb-e222-406a15eb19b2" testName="LookBusy.Test.UnmanagedStringPoolEdgeCaseTests.Replace_WithVeryLargeReplacement_HandlesCorrectly" computerName="runnervmf4ws1" duration="00:00:00.0021831" startTime="2025-09-14T20:05:51.3526962+00:00" endTime="2025-09-14T20:05:51.3526963+00:00" testType="13cdc9d9-ddb5-4fa4-a97d-d965ccfc6d4b" outcome="Passed" testListId="8c84fa94-04c1-424b-9868-57a2d4851a1d" relativeResultsDirectory="4e8a52a1-b236-455d-b41e-7c75b6786f87" />
    <UnitTestResult executionId="054ec87c-96bb-4482-90f5-71c74b6fe9d9" testId="1053be2f-0abc-5ce5-06f2-58679169eebd" testName="LookBusy.Test.IntegerOverflowTests.AlignSize_MaxInt_HandlesCorrectly" computerName="runnervmf4ws1" duration="00:00:00.0003548" startTime="2025-09-14T20:05:51.3869817+00:00" endTime="2025-09-14T20:05:51.3869818+00:00" testType="13cdc9d9-ddb5-4fa4-a97d-d965ccfc6d4b" outcome="Passed" testListId="8c84fa94-04c1-424b-9868-57a2d4851a1d" relativeResultsDirectory="054ec87c-96bb-4482-90f5-71c74b6fe9d9" />
    <UnitTestResult executionId="7fb20469-6658-4970-ba90-b76c63aa4d06" testId="fec65a93-919e-4265-663a-977b6bff0768" testName="LookBusy.Test.PooledStringTests.GetHashCode_SameContent_ReturnsSameHashCode" computerName="runnervmf4ws1" duration="00:00:00.0007949" startTime="2025-09-14T20:05:51.2962789+00:00" endTime="2025-09-14T20:05:51.2962789+00:00" testType="13cdc9d9-ddb5-4fa4-a97d-d965ccfc6d4b" outcome="Passed" testListId="8c84fa94-04c1-424b-9868-57a2d4851a1d" relativeResultsDirectory="7fb20469-6658-4970-ba90-b76c63aa4d06" />
    <UnitTestResult executionId="7b573e2a-d000-497c-aacd-a6b367f6ed72" testId="de4d0cf4-fc78-681b-c571-53d332f14131" testName="LookBusy.Test.FinalizerBehaviorTests.Finalizer_DoesNotAccessManagedObjects_AfterGC" computerName="runnervmf4ws1" duration="00:00:00.0561845" startTime="2025-09-14T20:05:51.2742941+00:00" endTime="2025-09-14T20:05:51.2742941+00:00" testType="13cdc9d9-ddb5-4fa4-a97d-d965ccfc6d4b" outcome="Passed" testListId="8c84fa94-04c1-424b-9868-57a2d4851a1d" relativeResultsDirectory="7b573e2a-d000-497c-aacd-a6b367f6ed72" />
    <UnitTestResult executionId="986a4ac0-e7a9-4332-ade6-a5118408020f" testId="a2708feb-235d-8d36-f9de-38f1850b2275" testName="LookBusy.Test.PooledStringTests.SubstringSpan_ToEnd_WorksCorrectly" computerName="runnervmf4ws1" duration="00:00:00.0001349" startTime="2025-09-14T20:05:51.2934330+00:00" endTime="2025-09-14T20:05:51.2934331+00:00" testType="13cdc9d9-ddb5-4fa4-a97d-d965ccfc6d4b" outcome="Passed" testListId="8c84fa94-04c1-424b-9868-57a2d4851a1d" relativeResultsDirectory="986a4ac0-e7a9-4332-ade6-a5118408020f" />
    <UnitTestResult executionId="7237e52e-41d4-45ff-9a9d-3e8e0b1cff9f" testId="3efa3ba0-5010-7536-ab68-0ff3e001c33e" testName="LookBusy.Test.PooledStringTests.Insert_IntoEmptyString_WorksCorrectly" computerName="runnervmf4ws1" duration="00:00:00.0001851" startTime="2025-09-14T20:05:51.2991839+00:00" endTime="2025-09-14T20:05:51.2991839+00:00" testType="13cdc9d9-ddb5-4fa4-a97d-d965ccfc6d4b" outcome="Passed" testListId="8c84fa94-04c1-424b-9868-57a2d4851a1d" relativeResultsDirectory="7237e52e-41d4-45ff-9a9d-3e8e0b1cff9f" />
    <UnitTestResult executionId="b2bc4d20-32d1-4080-9e16-8d2334b3a720" testId="09c579b3-1171-321f-0f85-f93a4bcc506f" testName="LookBusy.Test.PooledStringTests.GetHashCode_EmptyString_ReturnsZero" computerName="runnervmf4ws1" duration="00:00:00.0001361" startTime="2025-09-14T20:05:51.3110873+00:00" endTime="2025-09-14T20:05:51.3110874+00:00" testType="13cdc9d9-ddb5-4fa4-a97d-d965ccfc6d4b" outcome="Passed" testListId="8c84fa94-04c1-424b-9868-57a2d4851a1d" relativeResultsDirectory="b2bc4d20-32d1-4080-9e16-8d2334b3a720" />
    <UnitTestResult executionId="202e6b38-7b0c-4bc7-8cdf-3402cc8a7557" testId="d26384af-fc82-5892-8af4-9fdee3b478c3" testName="LookBusy.Test.PooledStringTests.StartsWith_Incorrect_ReturnsFalse" computerName="runnervmf4ws1" duration="00:00:00.0001894" startTime="2025-09-14T20:05:51.2994250+00:00" endTime="2025-09-14T20:05:51.2994251+00:00" testType="13cdc9d9-ddb5-4fa4-a97d-d965ccfc6d4b" outcome="Passed" testListId="8c84fa94-04c1-424b-9868-57a2d4851a1d" relativeResultsDirectory="202e6b38-7b0c-4bc7-8cdf-3402cc8a7557" />
    <UnitTestResult executionId="213a7a28-854d-4f7d-9370-5faf5b39e8fc" testId="a1be7f2b-2c4f-bc66-758e-593556b1e180" testName="LookBusy.Test.ClearMethodTests.Clear_AllowsReuseOfMemory" computerName="runnervmf4ws1" duration="00:00:00.0002885" startTime="2025-09-14T20:05:51.2023264+00:00" endTime="2025-09-14T20:05:51.2023264+00:00" testType="13cdc9d9-ddb5-4fa4-a97d-d965ccfc6d4b" outcome="Passed" testListId="8c84fa94-04c1-424b-9868-57a2d4851a1d" relativeResultsDirectory="213a7a28-854d-4f7d-9370-5faf5b39e8fc" />
    <UnitTestResult executionId="d5b0ba9d-fd9a-436f-80cb-e302e8f89fc3" testId="32fa400c-09b5-ebe5-1815-b695a9b47919" testName="LookBusy.Test.PooledStringTests.IndexOf_NotFound_ReturnsMinusOne" computerName="runnervmf4ws1" duration="00:00:00.0001744" startTime="2025-09-14T20:05:51.3061136+00:00" endTime="2025-09-14T20:05:51.3061136+00:00" testType="13cdc9d9-ddb5-4fa4-a97d-d965ccfc6d4b" outcome="Passed" testListId="8c84fa94-04c1-424b-9868-57a2d4851a1d" relativeResultsDirectory="d5b0ba9d-fd9a-436f-80cb-e302e8f89fc3" />
    <UnitTestResult executionId="544fc90d-a010-4766-9dd9-09bf144af2b3" testId="90abd06c-9319-51cd-e549-58617a8092db" testName="LookBusy.Test.IntegerOverflowTests.PooledString_SubstringSpan_InvalidIndices_ThrowsArgumentOutOfRangeException(startIndex: -2147483648)" computerName="runnervmf4ws1" duration="00:00:00.0002473" startTime="2025-09-14T20:05:51.3891746+00:00" endTime="2025-09-14T20:05:51.3891747+00:00" testType="13cdc9d9-ddb5-4fa4-a97d-d965ccfc6d4b" outcome="Passed" testListId="8c84fa94-04c1-424b-9868-57a2d4851a1d" relativeResultsDirectory="544fc90d-a010-4766-9dd9-09bf144af2b3" />
    <UnitTestResult executionId="d4039287-1986-41d7-b181-a487a9b8af9c" testId="69131465-4cf6-bf73-2b58-56e178c3ff99" testName="LookBusy.Test.ClearMethodTests.Clear_InvalidatesStringsAcrossThreadsAsync" computerName="runnervmf4ws1" duration="00:00:00.0039112" startTime="2025-09-14T20:05:51.2900232+00:00" endTime="2025-09-14T20:05:51.2900233+00:00" testType="13cdc9d9-ddb5-4fa4-a97d-d965ccfc6d4b" outcome="Passed" testListId="8c84fa94-04c1-424b-9868-57a2d4851a1d" relativeResultsDirectory="d4039287-1986-41d7-b181-a487a9b8af9c" />
    <UnitTestResult executionId="9cf30a7d-1c87-454d-a10a-3ea59aff7366" testId="9ee25c8e-b0fa-8898-dd2d-b8353491901d" testName="LookBusy.Test.PooledStringTests.AsSpan_ValidString_ReturnsCorrectSpan" computerName="runnervmf4ws1" duration="00:00:00.0002129" startTime="2025-09-14T20:05:51.2979929+00:00" endTime="2025-09-14T20:05:51.2979930+00:00" testType="13cdc9d9-ddb5-4fa4-a97d-d965ccfc6d4b" outcome="Passed" testListId="8c84fa94-04c1-424b-9868-57a2d4851a1d" relativeResultsDirectory="9cf30a7d-1c87-454d-a10a-3ea59aff7366" />
    <UnitTestResult executionId="34a6ea82-4f15-4898-b552-28e7195cc3e2" testId="482ec179-f7c6-6bb4-e645-f4e5698dc4c3" testName="LookBusy.Test.PooledStringTests.EndsWith_Incorrect_ReturnsFalse" computerName="runnervmf4ws1" duration="00:00:00.0001963" startTime="2025-09-14T20:05:51.2992876+00:00" endTime="2025-09-14T20:05:51.2992876+00:00" testType="13cdc9d9-ddb5-4fa4-a97d-d965ccfc6d4b" outcome="Passed" testListId="8c84fa94-04c1-424b-9868-57a2d4851a1d" relativeResultsDirectory="34a6ea82-4f15-4898-b552-28e7195cc3e2" />
    <UnitTestResult executionId="d3840c69-9072-4899-b9c8-7b6676835da7" testId="4b071af9-7a12-4396-c57f-787d2678e9b6" testName="LookBusy.Test.FinalizerBehaviorTests.Finalizer_ThreadSafety_WithConcurrentFinalizationAsync" computerName="runnervmf4ws1" duration="00:00:00.0448451" startTime="2025-09-14T20:05:51.3538486+00:00" endTime="2025-09-14T20:05:51.3538488+00:00" testType="13cdc9d9-ddb5-4fa4-a97d-d965ccfc6d4b" outcome="Passed" testListId="8c84fa94-04c1-424b-9868-57a2d4851a1d" relativeResultsDirectory="d3840c69-9072-4899-b9c8-7b6676835da7" />
    <UnitTestResult executionId="00b4dc3c-30f8-418c-801e-ac04b5798251" testId="65b46372-a903-1820-e33b-8eff1db6b1e7" testName="LookBusy.Test.PooledStringTests.Equals_EmptyWithAllocated_WorksCorrectly" computerName="runnervmf4ws1" duration="00:00:00.0002038" startTime="2025-09-14T20:05:51.2966862+00:00" endTime="2025-09-14T20:05:51.2966863+00:00" testType="13cdc9d9-ddb5-4fa4-a97d-d965ccfc6d4b" outcome="Passed" testListId="8c84fa94-04c1-424b-9868-57a2d4851a1d" relativeResultsDirectory="00b4dc3c-30f8-418c-801e-ac04b5798251" />
    <UnitTestResult executionId="f86c7728-54b4-4dfc-b698-263268ad4d86" testId="d10b6c1d-a6e9-5cbf-a7bf-7c6e04cde463" testName="LookBusy.Test.PooledStringTests.SubstringSpan_ValidRange_ReturnsCorrectSpan" computerName="runnervmf4ws1" duration="00:00:00.0001748" startTime="2025-09-14T20:05:51.3065926+00:00" endTime="2025-09-14T20:05:51.3065927+00:00" testType="13cdc9d9-ddb5-4fa4-a97d-d965ccfc6d4b" outcome="Passed" testListId="8c84fa94-04c1-424b-9868-57a2d4851a1d" relativeResultsDirectory="f86c7728-54b4-4dfc-b698-263268ad4d86" />
    <UnitTestResult executionId="91f0b971-46ce-462f-865d-7ceb4862a9ee" testId="3aef7109-8bd6-3c2e-f5e0-bcc08e300319" testName="LookBusy.Test.PooledStringTests.SubstringSpan_FromBeginning_WorksCorrectly" computerName="runnervmf4ws1" duration="00:00:00.0001803" startTime="2025-09-14T20:05:51.3109965+00:00" endTime="2025-09-14T20:05:51.3109966+00:00" testType="13cdc9d9-ddb5-4fa4-a97d-d965ccfc6d4b" outcome="Passed" testListId="8c84fa94-04c1-424b-9868-57a2d4851a1d" relativeResultsDirectory="91f0b971-46ce-462f-865d-7ceb4862a9ee" />
    <UnitTestResult executionId="c39cea33-1842-4df6-90a9-9df585add942" testId="7e6f0ed8-e5a6-0010-ac5b-7b7f46876afa" testName="LookBusy.Test.UnmanagedStringPoolTests.Allocate_EmptyString_ReturnsEmptyPooledString" computerName="runnervmf4ws1" duration="00:00:00.0002191" startTime="2025-09-14T20:05:51.3178531+00:00" endTime="2025-09-14T20:05:51.3178531+00:00" testType="13cdc9d9-ddb5-4fa4-a97d-d965ccfc6d4b" outcome="Passed" testListId="8c84fa94-04c1-424b-9868-57a2d4851a1d" relativeResultsDirectory="c39cea33-1842-4df6-90a9-9df585add942" />
    <UnitTestResult executionId="87600397-c59c-4e2e-a96b-7202741f06a9" testId="4c0ecabc-5406-3299-c1aa-1d3beac1ba17" testName="LookBusy.Test.ConcurrentAccessTests.ReaderWriterLockPattern_WorksCorrectlyWithPoolAsync" computerName="runnervmf4ws1" duration="00:00:00.0504128" startTime="2025-09-14T20:05:51.5865799+00:00" endTime="2025-09-14T20:05:51.5865800+00:00" testType="13cdc9d9-ddb5-4fa4-a97d-d965ccfc6d4b" outcome="Passed" testListId="8c84fa94-04c1-424b-9868-57a2d4851a1d" relativeResultsDirectory="87600397-c59c-4e2e-a96b-7202741f06a9" />
    <UnitTestResult executionId="dfee81c8-9e8e-46b1-8feb-0a4539f51c4e" testId="a9508986-c099-e46d-450a-52a343d65873" testName="LookBusy.Test.IntegerOverflowTests.FragmentationPercentage_WithMaxValues_DoesNotOverflow" computerName="runnervmf4ws1" duration="00:00:00.0002932" startTime="2025-09-14T20:05:51.3895370+00:00" endTime="2025-09-14T20:05:51.3895371+00:00" testType="13cdc9d9-ddb5-4fa4-a97d-d965ccfc6d4b" outcome="Passed" testListId="8c84fa94-04c1-424b-9868-57a2d4851a1d" relativeResultsDirectory="dfee81c8-9e8e-46b1-8feb-0a4539f51c4e" />
    <UnitTestResult executionId="90f61fab-69a9-4652-9d75-48bbefa9b38a" testId="ef9a9593-3691-76d2-0b50-57d59278091e" testName="LookBusy.Test.DisposalAndLifecycleTests.ComplexDisposal_PartialStringsFree_ThenPoolDispose_HandlesCorrectly" computerName="runnervmf4ws1" duration="00:00:00.0011740" startTime="2025-09-14T20:05:51.3603702+00:00" endTime="2025-09-14T20:05:51.3603703+00:00" testType="13cdc9d9-ddb5-4fa4-a97d-d965ccfc6d4b" outcome="Passed" testListId="8c84fa94-04c1-424b-9868-57a2d4851a1d" relativeResultsDirectory="90f61fab-69a9-4652-9d75-48bbefa9b38a" />
    <UnitTestResult executionId="607783c9-3d90-4d4e-aeb1-c76d5dda9ff1" testId="4ce418ec-ad36-bf61-36b1-4806b5f22cb5" testName="LookBusy.Test.FinalizerBehaviorTests.Finalizer_HandlesLargeAllocations_WithoutLeaking" computerName="runnervmf4ws1" duration="00:00:00.1206735" startTime="2025-09-14T20:05:51.5603026+00:00" endTime="2025-09-14T20:05:51.5603027+00:00" testType="13cdc9d9-ddb5-4fa4-a97d-d965ccfc6d4b" outcome="Passed" testListId="8c84fa94-04c1-424b-9868-57a2d4851a1d" relativeResultsDirectory="607783c9-3d90-4d4e-aeb1-c76d5dda9ff1" />
    <UnitTestResult executionId="25575423-987c-4609-bae3-53970d7f8cab" testId="629e6504-db2c-729e-0997-c277685b0688" testName="LookBusy.Test.IntegerOverflowTests.PooledString_SubstringSpan_InvalidIndices_ThrowsArgumentOutOfRangeException(startIndex: 2147483647)" computerName="runnervmf4ws1" duration="00:00:00.0004483" startTime="2025-09-14T20:05:51.3888680+00:00" endTime="2025-09-14T20:05:51.3888682+00:00" testType="13cdc9d9-ddb5-4fa4-a97d-d965ccfc6d4b" outcome="Passed" testListId="8c84fa94-04c1-424b-9868-57a2d4851a1d" relativeResultsDirectory="25575423-987c-4609-bae3-53970d7f8cab" />
    <UnitTestResult executionId="8a7dfc9c-8ec7-4986-964b-fd20c970384c" testId="f8f88ca1-2831-9e51-fdf2-bfd3f7628229" testName="LookBusy.Test.UnmanagedStringPoolTests.FreeString_ReuseSpace_WorksCorrectly" computerName="runnervmf4ws1" duration="00:00:00.0002830" startTime="2025-09-14T20:05:51.3195663+00:00" endTime="2025-09-14T20:05:51.3195664+00:00" testType="13cdc9d9-ddb5-4fa4-a97d-d965ccfc6d4b" outcome="Passed" testListId="8c84fa94-04c1-424b-9868-57a2d4851a1d" relativeResultsDirectory="8a7dfc9c-8ec7-4986-964b-fd20c970384c" />
    <UnitTestResult executionId="4e9bcc1a-4921-445b-ab59-77c7497ce994" testId="4f4b80e0-e8c8-6367-4ba2-2015f52cb70c" testName="LookBusy.Test.DisposalAndLifecycleTests.PooledString_MultipleFree_SafeToCall" computerName="runnervmf4ws1" duration="00:00:00.0002665" startTime="2025-09-14T20:05:51.3786073+00:00" endTime="2025-09-14T20:05:51.3786074+00:00" testType="13cdc9d9-ddb5-4fa4-a97d-d965ccfc6d4b" outcome="Passed" testListId="8c84fa94-04c1-424b-9868-57a2d4851a1d" relativeResultsDirectory="4e9bcc1a-4921-445b-ab59-77c7497ce994" />
    <UnitTestResult executionId="1cbf3295-2526-4021-8903-6e32a478f6b4" testId="fbc70db6-2aad-60a2-9a2b-8eaf8cb8293e" testName="LookBusy.Test.UnmanagedStringPoolEdgeCaseTests.PooledString_AccessAfterPoolDispose_ThrowsObjectDisposedException" computerName="runnervmf4ws1" duration="00:00:00.0014582" startTime="2025-09-14T20:05:51.3321566+00:00" endTime="2025-09-14T20:05:51.3321567+00:00" testType="13cdc9d9-ddb5-4fa4-a97d-d965ccfc6d4b" outcome="Passed" testListId="8c84fa94-04c1-424b-9868-57a2d4851a1d" relativeResultsDirectory="1cbf3295-2526-4021-8903-6e32a478f6b4" />
    <UnitTestResult executionId="98067fd7-fd98-428b-9ba2-54b2b4ed6aff" testId="e285cdbd-331d-97a7-6fb0-a2475cea27a9" testName="LookBusy.Test.PooledStringTests.Replace_NotFound_ReturnsOriginal" computerName="runnervmf4ws1" duration="00:00:00.0002308" startTime="2025-09-14T20:05:51.2944971+00:00" endTime="2025-09-14T20:05:51.2944972+00:00" testType="13cdc9d9-ddb5-4fa4-a97d-d965ccfc6d4b" outcome="Passed" testListId="8c84fa94-04c1-424b-9868-57a2d4851a1d" relativeResultsDirectory="98067fd7-fd98-428b-9ba2-54b2b4ed6aff" />
    <UnitTestResult executionId="289f24e4-9389-421e-b8d0-7e7a39dd9d72" testId="698a6070-df38-f4b0-c4c6-c4f7aaeee725" testName="LookBusy.Test.PooledStringTests.GetHashCode_SameStringDifferentPools_SameHash" computerName="runnervmf4ws1" duration="00:00:00.0005336" startTime="2025-09-14T20:05:51.3065032+00:00" endTime="2025-09-14T20:05:51.3065033+00:00" testType="13cdc9d9-ddb5-4fa4-a97d-d965ccfc6d4b" outcome="Passed" testListId="8c84fa94-04c1-424b-9868-57a2d4851a1d" relativeResultsDirectory="289f24e4-9389-421e-b8d0-7e7a39dd9d72" />
    <UnitTestResult executionId="93700dc4-117f-43a3-b5a6-151657703c6c" testId="f40edda0-cd57-2660-37fe-ab7800313e92" testName="LookBusy.Test.FinalizerBehaviorTests.Finalizer_MultiplePoolsSimultaneously_HandlesCorrectly" computerName="runnervmf4ws1" duration="00:00:00.0520831" startTime="2025-09-14T20:05:51.3215148+00:00" endTime="2025-09-14T20:05:51.3215149+00:00" testType="13cdc9d9-ddb5-4fa4-a97d-d965ccfc6d4b" outcome="Passed" testListId="8c84fa94-04c1-424b-9868-57a2d4851a1d" relativeResultsDirectory="93700dc4-117f-43a3-b5a6-151657703c6c" />
    <UnitTestResult executionId="d49bb34e-2f01-4959-9dd2-b07f818b721a" testId="2a6a0a47-2896-79c8-ceb9-258206a8f13f" testName="LookBusy.Test.UnmanagedStringPoolTests.DumpBufferAsString_WithAllocations_ContainsData" computerName="runnervmf4ws1" duration="00:00:00.0161835" startTime="2025-09-14T20:05:51.3214308+00:00" endTime="2025-09-14T20:05:51.3214309+00:00" testType="13cdc9d9-ddb5-4fa4-a97d-d965ccfc6d4b" outcome="Passed" testListId="8c84fa94-04c1-424b-9868-57a2d4851a1d" relativeResultsDirectory="d49bb34e-2f01-4959-9dd2-b07f818b721a" />
    <UnitTestResult executionId="43618fa6-1cf8-4871-b7e9-98a91eac3131" testId="694d8234-9855-bc2e-232e-4684eb55ce86" testName="LookBusy.Test.UnmanagedStringPoolTests.Allocate_LargeString_HandlesCorrectly" computerName="runnervmf4ws1" duration="00:00:00.0067550" startTime="2025-09-14T20:05:51.3216149+00:00" endTime="2025-09-14T20:05:51.3216150+00:00" testType="13cdc9d9-ddb5-4fa4-a97d-d965ccfc6d4b" outcome="Passed" testListId="8c84fa94-04c1-424b-9868-57a2d4851a1d" relativeResultsDirectory="43618fa6-1cf8-4871-b7e9-98a91eac3131" />
    <UnitTestResult executionId="34e20572-9c89-4036-bf49-b65e9d2c230c" testId="7ba2dc7b-c432-5cd2-c382-69f0e4bcc322" testName="LookBusy.Test.PooledStringTests.ToString_EmptyString_ReturnsEmptyString" computerName="runnervmf4ws1" duration="00:00:00.0001138" startTime="2025-09-14T20:05:51.2947864+00:00" endTime="2025-09-14T20:05:51.2947866+00:00" testType="13cdc9d9-ddb5-4fa4-a97d-d965ccfc6d4b" outcome="Passed" testListId="8c84fa94-04c1-424b-9868-57a2d4851a1d" relativeResultsDirectory="34e20572-9c89-4036-bf49-b65e9d2c230c" />
    <UnitTestResult executionId="b1c9d42b-d373-45cf-8728-5800d7a0afec" testId="c0268ef1-d804-cfa0-eba6-bf61bb188ffa" testName="LookBusy.Test.PooledStringTests.Insert_InvalidPosition_ThrowsArgumentOutOfRangeException(position: -1)" computerName="runnervmf4ws1" duration="00:00:00.0004540" startTime="2025-09-14T20:05:51.3062042+00:00" endTime="2025-09-14T20:05:51.3062042+00:00" testType="13cdc9d9-ddb5-4fa4-a97d-d965ccfc6d4b" outcome="Passed" testListId="8c84fa94-04c1-424b-9868-57a2d4851a1d" relativeResultsDirectory="b1c9d42b-d373-45cf-8728-5800d7a0afec" />
    <UnitTestResult executionId="ef907ff8-0698-491a-a8e8-d47a6eb4c8b5" testId="f2f47cf5-f090-3343-03cf-9c0d6449518b" testName="LookBusy.Test.PooledStringTests.GetHashCode_AfterPoolOperations_RemainsConsistent" computerName="runnervmf4ws1" duration="00:00:00.0003585" startTime="2025-09-14T20:05:51.3077035+00:00" endTime="2025-09-14T20:05:51.3077036+00:00" testType="13cdc9d9-ddb5-4fa4-a97d-d965ccfc6d4b" outcome="Passed" testListId="8c84fa94-04c1-424b-9868-57a2d4851a1d" relativeResultsDirectory="ef907ff8-0698-491a-a8e8-d47a6eb4c8b5" />
    <UnitTestResult executionId="b4cff026-34d6-471f-ad96-6c284d70e780" testId="748ca2a3-a18b-cf7a-3f6c-408b58cdc0c3" testName="LookBusy.Test.ConcurrentAccessTests.ConcurrentStringReads_AfterAllocation_AreThreadSafeAsync" computerName="runnervmf4ws1" duration="00:00:00.0745849" startTime="2025-09-14T20:05:51.6774455+00:00" endTime="2025-09-14T20:05:51.6774456+00:00" testType="13cdc9d9-ddb5-4fa4-a97d-d965ccfc6d4b" outcome="Passed" testListId="8c84fa94-04c1-424b-9868-57a2d4851a1d" relativeResultsDirectory="b4cff026-34d6-471f-ad96-6c284d70e780" />
    <UnitTestResult executionId="fad88524-63e8-41fb-97b5-ca526ab1d9d8" testId="c236e05e-3e11-8a6b-b9cd-c07c333af185" testName="LookBusy.Test.PooledStringTests.EndsWith_Correct_ReturnsTrue" computerName="runnervmf4ws1" duration="00:00:00.0001804" startTime="2025-09-14T20:05:51.2995283+00:00" endTime="2025-09-14T20:05:51.2995284+00:00" testType="13cdc9d9-ddb5-4fa4-a97d-d965ccfc6d4b" outcome="Passed" testListId="8c84fa94-04c1-424b-9868-57a2d4851a1d" relativeResultsDirectory="fad88524-63e8-41fb-97b5-ca526ab1d9d8" />
    <UnitTestResult executionId="5b794d9a-d263-4e03-9931-41099d60d5cd" testId="b832ca1f-16ec-e00b-c297-1a1c262f17c9" testName="LookBusy.Test.UnmanagedStringPoolTests.DumpBufferAsString_AfterDisposal_ThrowsObjectDisposedException" computerName="runnervmf4ws1" duration="00:00:00.0007782" startTime="2025-09-14T20:05:51.3196500+00:00" endTime="2025-09-14T20:05:51.3196500+00:00" testType="13cdc9d9-ddb5-4fa4-a97d-d965ccfc6d4b" outcome="Passed" testListId="8c84fa94-04c1-424b-9868-57a2d4851a1d" relativeResultsDirectory="5b794d9a-d263-4e03-9931-41099d60d5cd" />
    <UnitTestResult executionId="069665d4-3436-4711-a9c2-186a6a52ca3f" testId="a81500a3-f028-3cd8-ec07-f26f8f314c83" testName="LookBusy.Test.IntegerOverflowTests.Allocate_OversizedString_ThrowsArgumentOutOfRangeException(lengthChars: 1073741821)" computerName="runnervmf4ws1" duration="00:00:00.0002326" startTime="2025-09-14T20:05:51.3915277+00:00" endTime="2025-09-14T20:05:51.3915278+00:00" testType="13cdc9d9-ddb5-4fa4-a97d-d965ccfc6d4b" outcome="Passed" testListId="8c84fa94-04c1-424b-9868-57a2d4851a1d" relativeResultsDirectory="069665d4-3436-4711-a9c2-186a6a52ca3f" />
    <UnitTestResult executionId="4cab2ce1-1954-4eb4-957b-c17f1819449d" testId="4beb106e-5888-205c-d505-5f03664b55ae" testName="LookBusy.Test.UnmanagedStringPoolEdgeCaseTests.FragmentationCalculation_FullPool_ReturnsZero" computerName="runnervmf4ws1" duration="00:00:00.0003181" startTime="2025-09-14T20:05:51.3524528+00:00" endTime="2025-09-14T20:05:51.3524529+00:00" testType="13cdc9d9-ddb5-4fa4-a97d-d965ccfc6d4b" outcome="Passed" testListId="8c84fa94-04c1-424b-9868-57a2d4851a1d" relativeResultsDirectory="4cab2ce1-1954-4eb4-957b-c17f1819449d" />
    <UnitTestResult executionId="de7f94ad-3f46-4978-80cf-f3b2e689ede9" testId="c5d13f2e-60c7-5e06-9ee0-e09c55f6d079" testName="LookBusy.Test.UnmanagedStringPoolEdgeCaseTests.Replace_IntegerOverflowInCalculation_ThrowsArgumentException" computerName="runnervmf4ws1" duration="00:00:00.0008076" startTime="2025-09-14T20:05:51.3444760+00:00" endTime="2025-09-14T20:05:51.3444762+00:00" testType="13cdc9d9-ddb5-4fa4-a97d-d965ccfc6d4b" outcome="Passed" testListId="8c84fa94-04c1-424b-9868-57a2d4851a1d" relativeResultsDirectory="de7f94ad-3f46-4978-80cf-f3b2e689ede9" />
    <UnitTestResult executionId="d9cdce63-983f-4b2f-a79c-585d08fbdd62" testId="93a9b2ad-bd54-c358-5083-815d59bfa385" testName="LookBusy.Test.IntegerOverflowTests.SetAtPosition_StartTimesCharSizeOverflow_ThrowsArgumentOutOfRangeException" computerName="runnervmf4ws1" duration="00:00:00.0005065" startTime="2025-09-14T20:05:51.3918568+00:00" endTime="2025-09-14T20:05:51.3918569+00:00" testType="13cdc9d9-ddb5-4fa4-a97d-d965ccfc6d4b" outcome="Passed" testListId="8c84fa94-04c1-424b-9868-57a2d4851a1d" relativeResultsDirectory="d9cdce63-983f-4b2f-a79c-585d08fbdd62" />
    <UnitTestResult executionId="69c695b4-737d-488e-b73b-cc90eb1a90cc" testId="a3dc50af-fe4e-a51e-57c0-350c929bccef" testName="LookBusy.Test.IntegerOverflowTests.PooledString_Insert_InvalidPosition_ThrowsArgumentOutOfRangeException(position: -2147483648)" computerName="runnervmf4ws1" duration="00:00:00.0003980" startTime="2025-09-14T20:05:51.3817394+00:00" endTime="2025-09-14T20:05:51.3817395+00:00" testType="13cdc9d9-ddb5-4fa4-a97d-d965ccfc6d4b" outcome="Passed" testListId="8c84fa94-04c1-424b-9868-57a2d4851a1d" relativeResultsDirectory="69c695b4-737d-488e-b73b-cc90eb1a90cc" />
    <UnitTestResult executionId="18896bca-c34a-4bd9-83b1-742dfe696b14" testId="b84c8e2c-7025-ff75-2a9c-28d6ab892ce4" testName="LookBusy.Test.ClearMethodTests.Clear_MultipleTimes_DoesNotThrow" computerName="runnervmf4ws1" duration="00:00:00.0001971" startTime="2025-09-14T20:05:51.2918444+00:00" endTime="2025-09-14T20:05:51.2918444+00:00" testType="13cdc9d9-ddb5-4fa4-a97d-d965ccfc6d4b" outcome="Passed" testListId="8c84fa94-04c1-424b-9868-57a2d4851a1d" relativeResultsDirectory="18896bca-c34a-4bd9-83b1-742dfe696b14" />
    <UnitTestResult executionId="656b1190-0b72-41c9-ad03-084bf7e38c69" testId="bc78633c-e1bd-7406-c764-143617c6bb28" testName="LookBusy.Test.PooledStringTests.Contains_NotFound_ReturnsFalse" computerName="runnervmf4ws1" duration="00:00:00.0001760" startTime="2025-09-14T20:05:51.3109013+00:00" endTime="2025-09-14T20:05:51.3109013+00:00" testType="13cdc9d9-ddb5-4fa4-a97d-d965ccfc6d4b" outcome="Passed" testListId="8c84fa94-04c1-424b-9868-57a2d4851a1d" relativeResultsDirectory="656b1190-0b72-41c9-ad03-084bf7e38c69" />
    <UnitTestResult executionId="28a8f29d-508e-4445-925d-6c93300d4d04" testId="eef6f722-ad8b-c75e-7043-9271ad686059" testName="LookBusy.Test.FragmentationAndMemoryTests.FreeBlockReuse_SmallerSize_ReusesAndSplitsBlock" computerName="runnervmf4ws1" duration="00:00:00.0002108" startTime="2025-09-14T20:05:51.2904342+00:00" endTime="2025-09-14T20:05:51.2904343+00:00" testType="13cdc9d9-ddb5-4fa4-a97d-d965ccfc6d4b" outcome="Passed" testListId="8c84fa94-04c1-424b-9868-57a2d4851a1d" relativeResultsDirectory="28a8f29d-508e-4445-925d-6c93300d4d04" />
    <UnitTestResult executionId="9ea61edf-3c0e-42ea-8949-531574465338" testId="faa8fa77-43cb-b0fa-0db3-1ba9245f6243" testName="LookBusy.Test.PooledStringTests.SubstringSpan_InvalidRange_ThrowsArgumentOutOfRangeException(start: 12, length: 1)" computerName="runnervmf4ws1" duration="00:00:00.0004760" startTime="2025-09-14T20:05:51.2959517+00:00" endTime="2025-09-14T20:05:51.2959518+00:00" testType="13cdc9d9-ddb5-4fa4-a97d-d965ccfc6d4b" outcome="Passed" testListId="8c84fa94-04c1-424b-9868-57a2d4851a1d" relativeResultsDirectory="9ea61edf-3c0e-42ea-8949-531574465338" />
    <UnitTestResult executionId="4f07f85a-065d-47f1-bee6-740ea1f1bfbd" testId="5e49cabc-c82d-eabb-4d02-9494560679a1" testName="LookBusy.Test.ClearMethodTests.Clear_OldIdsNeverReused" computerName="runnervmf4ws1" duration="00:00:00.0276794" startTime="2025-09-14T20:05:51.1996637+00:00" endTime="2025-09-14T20:05:51.1996638+00:00" testType="13cdc9d9-ddb5-4fa4-a97d-d965ccfc6d4b" outcome="Passed" testListId="8c84fa94-04c1-424b-9868-57a2d4851a1d" relativeResultsDirectory="4f07f85a-065d-47f1-bee6-740ea1f1bfbd" />
    <UnitTestResult executionId="83555fd2-afdd-4fae-bc81-02a25da92b08" testId="25c53798-cd88-8338-4b53-ad92160f044a" testName="LookBusy.Test.DisposalAndLifecycleTests.PooledString_UsingStatement_AutomaticallyFrees" computerName="runnervmf4ws1" duration="00:00:00.0002573" startTime="2025-09-14T20:05:51.3744271+00:00" endTime="2025-09-14T20:05:51.3744273+00:00" testType="13cdc9d9-ddb5-4fa4-a97d-d965ccfc6d4b" outcome="Passed" testListId="8c84fa94-04c1-424b-9868-57a2d4851a1d" relativeResultsDirectory="83555fd2-afdd-4fae-bc81-02a25da92b08" />
    <UnitTestResult executionId="61463707-bdf4-4340-a892-bd95ceab21f7" testId="d206d073-f151-5668-74e8-a5e4cc7ea073" testName="LookBusy.Test.ClearMethodTests.Clear_BufferDumpShowsEmpty" computerName="runnervmf4ws1" duration="00:00:00.0084093" startTime="2025-09-14T20:05:51.2028504+00:00" endTime="2025-09-14T20:05:51.2028506+00:00" testType="13cdc9d9-ddb5-4fa4-a97d-d965ccfc6d4b" outcome="Passed" testListId="8c84fa94-04c1-424b-9868-57a2d4851a1d" relativeResultsDirectory="61463707-bdf4-4340-a892-bd95ceab21f7" />
    <UnitTestResult executionId="233c1838-1460-47a9-8e5b-e63aade089ed" testId="f8a32f24-c202-24bf-7c99-1828ef2f9a37" testName="LookBusy.Test.PooledStringTests.AsSpan_AfterFree_ThrowsException" computerName="runnervmf4ws1" duration="00:00:00.0002930" startTime="2025-09-14T20:05:51.2935276+00:00" endTime="2025-09-14T20:05:51.2935277+00:00" testType="13cdc9d9-ddb5-4fa4-a97d-d965ccfc6d4b" outcome="Passed" testListId="8c84fa94-04c1-424b-9868-57a2d4851a1d" relativeResultsDirectory="233c1838-1460-47a9-8e5b-e63aade089ed" />
    <UnitTestResult executionId="28c41bb5-3e4d-491c-b85c-4077985c4183" testId="c9b09d73-e46b-17b7-1289-00a7fae4e671" testName="LookBusy.Test.UnmanagedStringPoolEdgeCaseTests.Allocate_IntegerOverflowSizes_ThrowsArgumentOutOfRangeException(length: 2147483647)" computerName="runnervmf4ws1" duration="00:00:00.0004426" startTime="2025-09-14T20:05:51.3362448+00:00" endTime="2025-09-14T20:05:51.3362449+00:00" testType="13cdc9d9-ddb5-4fa4-a97d-d965ccfc6d4b" outcome="Passed" testListId="8c84fa94-04c1-424b-9868-57a2d4851a1d" relativeResultsDirectory="28c41bb5-3e4d-491c-b85c-4077985c4183" />
    <UnitTestResult executionId="583829f7-d075-44a2-aae7-e4305569d9b2" testId="2ca84ccc-bcf3-5318-57d8-d414816b85a1" testName="LookBusy.Test.IntegerOverflowTests.PooledString_SubstringSpan_LengthOverflow_ThrowsArgumentOutOfRangeException" computerName="runnervmf4ws1" duration="00:00:00.0004187" startTime="2025-09-14T20:05:51.3905973+00:00" endTime="2025-09-14T20:05:51.3905974+00:00" testType="13cdc9d9-ddb5-4fa4-a97d-d965ccfc6d4b" outcome="Passed" testListId="8c84fa94-04c1-424b-9868-57a2d4851a1d" relativeResultsDirectory="583829f7-d075-44a2-aae7-e4305569d9b2" />
    <UnitTestResult executionId="8145a3f4-0d4d-46ad-9885-21aa7e8a4cbc" testId="43d146a9-e2ce-fa77-88f3-de5bb5705314" testName="LookBusy.Test.IntegerOverflowTests.DefragmentAndGrowPool_ExactOverflowBoundary_ThrowsArgumentOutOfRangeException(additionalBytes: 2147483646)" computerName="runnervmf4ws1" duration="00:00:00.0002639" startTime="2025-09-14T20:05:51.3877312+00:00" endTime="2025-09-14T20:05:51.3877314+00:00" testType="13cdc9d9-ddb5-4fa4-a97d-d965ccfc6d4b" outcome="Passed" testListId="8c84fa94-04c1-424b-9868-57a2d4851a1d" relativeResultsDirectory="8145a3f4-0d4d-46ad-9885-21aa7e8a4cbc" />
    <UnitTestResult executionId="02eea807-f95e-4572-9d3e-3f6be389dd84" testId="da669406-b4b7-f78f-43f2-9bf074ed4272" testName="LookBusy.Test.UnmanagedStringPoolTests.Allocate_ReadOnlySpan_WorksCorrectly" computerName="runnervmf4ws1" duration="00:00:00.0002141" startTime="2025-09-14T20:05:51.3213099+00:00" endTime="2025-09-14T20:05:51.3213100+00:00" testType="13cdc9d9-ddb5-4fa4-a97d-d965ccfc6d4b" outcome="Passed" testListId="8c84fa94-04c1-424b-9868-57a2d4851a1d" relativeResultsDirectory="02eea807-f95e-4572-9d3e-3f6be389dd84" />
    <UnitTestResult executionId="33816efb-560d-42c0-b471-d25c5541536e" testId="19e4cb1b-b980-c1b9-0c54-8e09abd9348b" testName="LookBusy.Test.PooledStringTests.Replace_OverlappingPattern_HandlesCorrectly" computerName="runnervmf4ws1" duration="00:00:00.0002482" startTime="2025-09-14T20:05:51.2950587+00:00" endTime="2025-09-14T20:05:51.2950587+00:00" testType="13cdc9d9-ddb5-4fa4-a97d-d965ccfc6d4b" outcome="Passed" testListId="8c84fa94-04c1-424b-9868-57a2d4851a1d" relativeResultsDirectory="33816efb-560d-42c0-b471-d25c5541536e" />
    <UnitTestResult executionId="56a16ba4-6827-4a29-8885-25bddda33b66" testId="b2544044-25cd-c6b3-0718-972383380b98" testName="LookBusy.Test.DisposalAndLifecycleTests.Dispose_PoolWithAllocations_InvalidatesStrings" computerName="runnervmf4ws1" duration="00:00:00.0007120" startTime="2025-09-14T20:05:51.3785334+00:00" endTime="2025-09-14T20:05:51.3785335+00:00" testType="13cdc9d9-ddb5-4fa4-a97d-d965ccfc6d4b" outcome="Passed" testListId="8c84fa94-04c1-424b-9868-57a2d4851a1d" relativeResultsDirectory="56a16ba4-6827-4a29-8885-25bddda33b66" />
    <UnitTestResult executionId="b9452728-b6ce-49df-b60f-d68e3e12a6cf" testId="37f3ebd1-49e0-f186-63a0-722efed455cc" testName="LookBusy.Test.UnmanagedStringPoolEdgeCaseTests.Constructor_MinimumCapacity_WorksCorrectly" computerName="runnervmf4ws1" duration="00:00:00.0001850" startTime="2025-09-14T20:05:51.3299716+00:00" endTime="2025-09-14T20:05:51.3299717+00:00" testType="13cdc9d9-ddb5-4fa4-a97d-d965ccfc6d4b" outcome="Passed" testListId="8c84fa94-04c1-424b-9868-57a2d4851a1d" relativeResultsDirectory="b9452728-b6ce-49df-b60f-d68e3e12a6cf" />
    <UnitTestResult executionId="4954ba45-2e00-46ee-9adc-1784bfe2947b" testId="06d6c73e-42b0-1ad8-938c-25df3a904684" testName="LookBusy.Test.PooledStringTests.IsEmpty_NonEmptyString_ReturnsFalse" computerName="runnervmf4ws1" duration="00:00:00.0001448" startTime="2025-09-14T20:05:51.3079890+00:00" endTime="2025-09-14T20:05:51.3079891+00:00" testType="13cdc9d9-ddb5-4fa4-a97d-d965ccfc6d4b" outcome="Passed" testListId="8c84fa94-04c1-424b-9868-57a2d4851a1d" relativeResultsDirectory="4954ba45-2e00-46ee-9adc-1784bfe2947b" />
    <UnitTestResult executionId="f05c426b-bb14-46ee-a7f7-6562a80e314f" testId="895c3dfa-b604-0c1a-06ca-4a322d389081" testName="LookBusy.Test.FragmentationAndMemoryTests.BlockCoalescing_AdjacentBlocks_GetsCombined" computerName="runnervmf4ws1" duration="00:00:00.0005658" startTime="2025-09-14T20:05:51.2920416+00:00" endTime="2025-09-14T20:05:51.2920417+00:00" testType="13cdc9d9-ddb5-4fa4-a97d-d965ccfc6d4b" outcome="Passed" testListId="8c84fa94-04c1-424b-9868-57a2d4851a1d" relativeResultsDirectory="f05c426b-bb14-46ee-a7f7-6562a80e314f" />
    <UnitTestResult executionId="f86c84fb-f324-4278-b056-3ee485a5cbf3" testId="ec7961f5-7911-e7f0-1459-d112f02f63a4" testName="LookBusy.Test.FragmentationAndMemoryTests.FreeBlockReuse_ExactSize_ReusesBlock" computerName="runnervmf4ws1" duration="00:00:00.0280251" startTime="2025-09-14T20:05:51.1929353+00:00" endTime="2025-09-14T20:05:51.1929912+00:00" testType="13cdc9d9-ddb5-4fa4-a97d-d965ccfc6d4b" outcome="Passed" testListId="8c84fa94-04c1-424b-9868-57a2d4851a1d" relativeResultsDirectory="f86c84fb-f324-4278-b056-3ee485a5cbf3" />
    <UnitTestResult executionId="9b5279ad-eb79-4c7c-bea7-cd6bb8842e6e" testId="2b3db2a1-dcab-bc58-32a9-bc6cad9c385a" testName="LookBusy.Test.UnmanagedStringPoolTests.Constructor_ValidCapacity_InitializesCorrectly" computerName="runnervmf4ws1" duration="00:00:00.0002955" startTime="2025-09-14T20:05:51.3132731+00:00" endTime="2025-09-14T20:05:51.3132732+00:00" testType="13cdc9d9-ddb5-4fa4-a97d-d965ccfc6d4b" outcome="Passed" testListId="8c84fa94-04c1-424b-9868-57a2d4851a1d" relativeResultsDirectory="9b5279ad-eb79-4c7c-bea7-cd6bb8842e6e" />
    <UnitTestResult executionId="52551869-7fc7-4cce-b836-c66d24b891e7" testId="e5a5fa36-689f-b520-7ca7-8a0da9a24302" testName="LookBusy.Test.FinalizerBehaviorTests.Finalizer_AfterExplicitDispose_DoesNotExecuteTwice" computerName="runnervmf4ws1" duration="00:00:00.0453277" startTime="2025-09-14T20:05:51.3992552+00:00" endTime="2025-09-14T20:05:51.3992553+00:00" testType="13cdc9d9-ddb5-4fa4-a97d-d965ccfc6d4b" outcome="Passed" testListId="8c84fa94-04c1-424b-9868-57a2d4851a1d" relativeResultsDirectory="52551869-7fc7-4cce-b836-c66d24b891e7" />
    <UnitTestResult executionId="6c4a91b3-eb98-47b6-95e5-fb8da5dc8325" testId="d53ad1cb-da4c-4c66-5c25-9afea14bf3d4" testName="LookBusy.Test.UnmanagedStringPoolEdgeCaseTests.PooledString_WithInvalidId_HandlesGracefully" computerName="runnervmf4ws1" duration="00:00:00.0008463" startTime="2025-09-14T20:05:51.3361602+00:00" endTime="2025-09-14T20:05:51.3361603+00:00" testType="13cdc9d9-ddb5-4fa4-a97d-d965ccfc6d4b" outcome="Passed" testListId="8c84fa94-04c1-424b-9868-57a2d4851a1d" relativeResultsDirectory="6c4a91b3-eb98-47b6-95e5-fb8da5dc8325" />
    <UnitTestResult executionId="9f1101a2-d72d-45ca-b855-cbfa0494351a" testId="5b500fb6-b6dc-1913-7a4c-147204dc1ff3" testName="LookBusy.Test.UnmanagedStringPoolTests.FreeString_MultipleStrings_HandlesCorrectly" computerName="runnervmf4ws1" duration="00:00:00.0004625" startTime="2025-09-14T20:05:51.3190884+00:00" endTime="2025-09-14T20:05:51.3190885+00:00" testType="13cdc9d9-ddb5-4fa4-a97d-d965ccfc6d4b" outcome="Passed" testListId="8c84fa94-04c1-424b-9868-57a2d4851a1d" relativeResultsDirectory="9f1101a2-d72d-45ca-b855-cbfa0494351a" />
    <UnitTestResult executionId="2e1a375b-4d46-4675-8839-c9f464963cb3" testId="9d7db108-ce20-7050-c471-6e187b5d508c" testName="LookBusy.Test.PooledStringTests.IndexOf_WithComparison_WorksCorrectly(comparison: Ordinal)" computerName="runnervmf4ws1" duration="00:00:00.0002913" startTime="2025-09-14T20:05:51.2948849+00:00" endTime="2025-09-14T20:05:51.2948850+00:00" testType="13cdc9d9-ddb5-4fa4-a97d-d965ccfc6d4b" outcome="Passed" testListId="8c84fa94-04c1-424b-9868-57a2d4851a1d" relativeResultsDirectory="2e1a375b-4d46-4675-8839-c9f464963cb3" />
    <UnitTestResult executionId="2fc85bf6-78c7-4fd7-bd87-419997d8ec3d" testId="548ab5fb-c599-686f-e0d5-d6ef12680e66" testName="LookBusy.Test.PooledStringTests.Equals_EmptyStrings_ReturnsTrue" computerName="runnervmf4ws1" duration="00:00:00.0001436" startTime="2025-09-14T20:05:51.2946900+00:00" endTime="2025-09-14T20:05:51.2946900+00:00" testType="13cdc9d9-ddb5-4fa4-a97d-d965ccfc6d4b" outcome="Passed" testListId="8c84fa94-04c1-424b-9868-57a2d4851a1d" relativeResultsDirectory="2fc85bf6-78c7-4fd7-bd87-419997d8ec3d" />
    <UnitTestResult executionId="f6411b08-635c-45dc-a212-b0ab5fa075c1" testId="0f8e71c0-de02-d9a3-ea5d-e70af09378a8" testName="LookBusy.Test.PooledStringTests.Replace_SimpleReplacement_WorksCorrectly" computerName="runnervmf4ws1" duration="00:00:00.0002295" startTime="2025-09-14T20:05:51.2974118+00:00" endTime="2025-09-14T20:05:51.2974119+00:00" testType="13cdc9d9-ddb5-4fa4-a97d-d965ccfc6d4b" outcome="Passed" testListId="8c84fa94-04c1-424b-9868-57a2d4851a1d" relativeResultsDirectory="f6411b08-635c-45dc-a212-b0ab5fa075c1" />
    <UnitTestResult executionId="4a600742-e17e-41a4-a7dc-6b3c965712e2" testId="b57fe53f-2083-7601-3f89-eaaac4309c5d" testName="LookBusy.Test.FragmentationAndMemoryTests.FragmentationCalculation_AfterCoalescing_Decreases" computerName="runnervmf4ws1" duration="00:00:00.0005218" startTime="2025-09-14T20:05:51.2916486+00:00" endTime="2025-09-14T20:05:51.2916486+00:00" testType="13cdc9d9-ddb5-4fa4-a97d-d965ccfc6d4b" outcome="Passed" testListId="8c84fa94-04c1-424b-9868-57a2d4851a1d" relativeResultsDirectory="4a600742-e17e-41a4-a7dc-6b3c965712e2" />
    <UnitTestResult executionId="c3632b83-ef7e-4a86-8807-5777c493e23b" testId="aa04db44-c84e-9163-c68f-541f194287d7" testName="LookBusy.Test.UnmanagedStringPoolTests.Constructor_InvalidCapacity_ThrowsArgumentOutOfRangeException(capacity: 0)" computerName="runnervmf4ws1" duration="00:00:00.0003562" startTime="2025-09-14T20:05:51.3112953+00:00" endTime="2025-09-14T20:05:51.3112954+00:00" testType="13cdc9d9-ddb5-4fa4-a97d-d965ccfc6d4b" outcome="Passed" testListId="8c84fa94-04c1-424b-9868-57a2d4851a1d" relativeResultsDirectory="c3632b83-ef7e-4a86-8807-5777c493e23b" />
    <UnitTestResult executionId="01393bf2-7d5a-4461-ad28-dccd7632c197" testId="c390ca7b-7acc-0854-aab7-8ac02bbc455c" testName="LookBusy.Test.PooledStringTests.IndexOf_WithComparison_WorksCorrectly(comparison: OrdinalIgnoreCase)" computerName="runnervmf4ws1" duration="00:00:00.0002090" startTime="2025-09-14T20:05:51.2949641+00:00" endTime="2025-09-14T20:05:51.2949641+00:00" testType="13cdc9d9-ddb5-4fa4-a97d-d965ccfc6d4b" outcome="Passed" testListId="8c84fa94-04c1-424b-9868-57a2d4851a1d" relativeResultsDirectory="01393bf2-7d5a-4461-ad28-dccd7632c197" />
    <UnitTestResult executionId="6b89abc2-0359-49ce-95fc-0e2955f82f73" testId="c9aeed04-8f27-b28e-81d4-c3d16d67e641" testName="LookBusy.Test.FragmentationAndMemoryTests.MaxFragmentation_FreeAllButFirst_ShowsHighFragmentation" computerName="runnervmf4ws1" duration="00:00:00.0048001" startTime="2025-09-14T20:05:51.2882339+00:00" endTime="2025-09-14T20:05:51.2882340+00:00" testType="13cdc9d9-ddb5-4fa4-a97d-d965ccfc6d4b" outcome="Failed" testListId="8c84fa94-04c1-424b-9868-57a2d4851a1d" relativeResultsDirectory="6b89abc2-0359-49ce-95fc-0e2955f82f73">
      <Output>
        <ErrorInfo>
          <Message>Assert.True() Failure
Expected: True
Actual:   False</Message>
          <StackTrace>   at LookBusy.Test.FragmentationAndMemoryTests.MaxFragmentation_FreeAllButFirst_ShowsHighFragmentation() in /home/runner/work/UnmanagedStringPool/UnmanagedStringPool/Tests/FragmentationAndMemoryTests.cs:line 63
   at System.RuntimeMethodHandle.InvokeMethod(Object target, Void** arguments, Signature sig, Boolean isConstructor)
   at System.Reflection.MethodBaseInvoker.InvokeWithNoArgs(Object obj, BindingFlags invokeAttr)</StackTrace>
        </ErrorInfo>
      </Output>
    </UnitTestResult>
    <UnitTestResult executionId="24950729-4f15-4501-ac00-e1c74209c057" testId="2adc0fcf-3923-f9af-0e08-da1e4778f030" testName="LookBusy.Test.UnmanagedStringPoolEdgeCaseTests.SubstringSpan_NegativeLength_ThrowsArgumentOutOfRangeException" computerName="runnervmf4ws1" duration="00:00:00.0003837" startTime="2025-09-14T20:05:51.3326387+00:00" endTime="2025-09-14T20:05:51.3326388+00:00" testType="13cdc9d9-ddb5-4fa4-a97d-d965ccfc6d4b" outcome="Passed" testListId="8c84fa94-04c1-424b-9868-57a2d4851a1d" relativeResultsDirectory="24950729-4f15-4501-ac00-e1c74209c057" />
    <UnitTestResult executionId="dbf23e96-64cb-42f9-b523-308d43f92b63" testId="178e5f79-4bb6-1bdb-b3b0-6c0f73ca33b3" testName="LookBusy.Test.UnmanagedStringPoolTests.AllowGrowth_WhenTrue_AutomaticallyGrowsPool" computerName="runnervmf4ws1" duration="00:00:00.0002984" startTime="2025-09-14T20:05:51.3177533+00:00" endTime="2025-09-14T20:05:51.3177534+00:00" testType="13cdc9d9-ddb5-4fa4-a97d-d965ccfc6d4b" outcome="Passed" testListId="8c84fa94-04c1-424b-9868-57a2d4851a1d" relativeResultsDirectory="dbf23e96-64cb-42f9-b523-308d43f92b63" />
    <UnitTestResult executionId="5e68bb88-0564-4cd2-a51e-c271fbfb3f97" testId="d1f473ac-a432-356a-6f4d-50c2ced9eece" testName="LookBusy.Test.DisposalAndLifecycleTests.PooledString_GetHashCode_AfterPoolDisposal_ReturnsMinusOne" computerName="runnervmf4ws1" duration="00:00:00.0002166" startTime="2025-09-14T20:05:51.3784510+00:00" endTime="2025-09-14T20:05:51.3784511+00:00" testType="13cdc9d9-ddb5-4fa4-a97d-d965ccfc6d4b" outcome="Passed" testListId="8c84fa94-04c1-424b-9868-57a2d4851a1d" relativeResultsDirectory="5e68bb88-0564-4cd2-a51e-c271fbfb3f97" />
    <UnitTestResult executionId="5a660b0b-46cc-4c3e-b25c-2bda71b75596" testId="bdb64cbc-8519-ba6a-5cc2-9911a87749ec" testName="LookBusy.Test.FragmentationAndMemoryTests.BlockCoalescing_NonAdjacentBlocks_RemainSeparate" computerName="runnervmf4ws1" duration="00:00:00.0002743" startTime="2025-09-14T20:05:51.2888800+00:00" endTime="2025-09-14T20:05:51.2888801+00:00" testType="13cdc9d9-ddb5-4fa4-a97d-d965ccfc6d4b" outcome="Passed" testListId="8c84fa94-04c1-424b-9868-57a2d4851a1d" relativeResultsDirectory="5a660b0b-46cc-4c3e-b25c-2bda71b75596" />
    <UnitTestResult executionId="3ae07c77-3c88-4325-b11d-534c2c03688b" testId="bcdbcd82-7bc1-80f1-8b97-5043d6f81ff9" testName="LookBusy.Test.UnmanagedStringPoolEdgeCaseTests.Allocate_ExceedsCapacityWithGrowthDisabled_ThrowsOutOfMemoryException" computerName="runnervmf4ws1" duration="00:00:00.0017906" startTime="2025-09-14T20:05:51.3284744+00:00" endTime="2025-09-14T20:05:51.3284745+00:00" testType="13cdc9d9-ddb5-4fa4-a97d-d965ccfc6d4b" outcome="Passed" testListId="8c84fa94-04c1-424b-9868-57a2d4851a1d" relativeResultsDirectory="3ae07c77-3c88-4325-b11d-534c2c03688b" />
    <UnitTestResult executionId="d2cee552-0185-480a-8fe5-0575141e7489" testId="c4fb25d8-430c-ecac-d5d0-d13b8bd7d676" testName="LookBusy.Test.UnmanagedStringPoolEdgeCaseTests.DefragmentAndGrowPool_WithZeroBytes_WorksCorrectly" computerName="runnervmf4ws1" duration="00:00:00.0003429" startTime="2025-09-14T20:05:51.3249556+00:00" endTime="2025-09-14T20:05:51.3249557+00:00" testType="13cdc9d9-ddb5-4fa4-a97d-d965ccfc6d4b" outcome="Passed" testListId="8c84fa94-04c1-424b-9868-57a2d4851a1d" relativeResultsDirectory="d2cee552-0185-480a-8fe5-0575141e7489" />
    <UnitTestResult executionId="6e5e2b4c-cc70-499a-99bf-90db8f0217ac" testId="ac382e3b-4eca-a4e1-d396-02cfa3da9c88" testName="LookBusy.Test.PooledStringTests.Equals_SameContent_ReturnsTrue" computerName="runnervmf4ws1" duration="00:00:00.0002196" startTime="2025-09-14T20:05:51.2976928+00:00" endTime="2025-09-14T20:05:51.2976929+00:00" testType="13cdc9d9-ddb5-4fa4-a97d-d965ccfc6d4b" outcome="Passed" testListId="8c84fa94-04c1-424b-9868-57a2d4851a1d" relativeResultsDirectory="6e5e2b4c-cc70-499a-99bf-90db8f0217ac" />
    <UnitTestResult executionId="fdbfdafc-8ea1-4f19-9286-3b9fb35f160e" testId="abfb9779-76aa-fb1b-962e-43cc4329c036" testName="LookBusy.Test.ClearMethodTests.Clear_OldStringManipulations_Throw" computerName="runnervmf4ws1" duration="00:00:00.0030071" startTime="2025-09-14T20:05:51.2692384+00:00" endTime="2025-09-14T20:05:51.2692384+00:00" testType="13cdc9d9-ddb5-4fa4-a97d-d965ccfc6d4b" outcome="Passed" testListId="8c84fa94-04c1-424b-9868-57a2d4851a1d" relativeResultsDirectory="fdbfdafc-8ea1-4f19-9286-3b9fb35f160e" />
    <UnitTestResult executionId="10c060c4-dce7-4310-b7a2-5d1fa2313ef7" testId="889d229a-283f-0c41-8f25-2db0d5541248" testName="LookBusy.Test.IntegerOverflowTests.FreeSpaceChars_DoesNotOverflowWithLargeValues" computerName="runnervmf4ws1" duration="00:00:00.0001882" startTime="2025-09-14T20:05:51.3865704+00:00" endTime="2025-09-14T20:05:51.3865705+00:00" testType="13cdc9d9-ddb5-4fa4-a97d-d965ccfc6d4b" outcome="Passed" testListId="8c84fa94-04c1-424b-9868-57a2d4851a1d" relativeResultsDirectory="10c060c4-dce7-4310-b7a2-5d1fa2313ef7" />
    <UnitTestResult executionId="587e340c-4a92-4540-be53-5bdaf5c25087" testId="02ca0e30-23c3-a261-9cab-6ef41513b4d1" testName="LookBusy.Test.FragmentationAndMemoryTests.MaximumFragmentation_AllButOneStringFree_HandlesCorrectly" computerName="runnervmf4ws1" duration="00:00:00.0005453" startTime="2025-09-14T20:05:51.2886908+00:00" endTime="2025-09-14T20:05:51.2886909+00:00" testType="13cdc9d9-ddb5-4fa4-a97d-d965ccfc6d4b" outcome="Passed" testListId="8c84fa94-04c1-424b-9868-57a2d4851a1d" relativeResultsDirectory="587e340c-4a92-4540-be53-5bdaf5c25087" />
    <UnitTestResult executionId="a5051ca1-1db5-4e8f-8b3a-41317099d962" testId="8332a280-65d4-2fd7-e9ae-b15c70a63206" testName="LookBusy.Test.UnmanagedStringPoolEdgeCaseTests.Allocate_SpecialCharacters_WorksCorrectly" computerName="runnervmf4ws1" duration="00:00:00.0002187" startTime="2025-09-14T20:05:51.3529895+00:00" endTime="2025-09-14T20:05:51.3529896+00:00" testType="13cdc9d9-ddb5-4fa4-a97d-d965ccfc6d4b" outcome="Passed" testListId="8c84fa94-04c1-424b-9868-57a2d4851a1d" relativeResultsDirectory="a5051ca1-1db5-4e8f-8b3a-41317099d962" />
    <UnitTestResult executionId="b8c2567b-5ef0-4f35-88a8-4e9374c53f06" testId="5f8c4c78-79b5-c83d-9745-5e717c75e43e" testName="LookBusy.Test.UnmanagedStringPoolEdgeCaseTests.Insert_VeryLargeString_WorksCorrectly" computerName="runnervmf4ws1" duration="00:00:00.0006839" startTime="2025-09-14T20:05:51.3263080+00:00" endTime="2025-09-14T20:05:51.3263081+00:00" testType="13cdc9d9-ddb5-4fa4-a97d-d965ccfc6d4b" outcome="Passed" testListId="8c84fa94-04c1-424b-9868-57a2d4851a1d" relativeResultsDirectory="b8c2567b-5ef0-4f35-88a8-4e9374c53f06" />
    <UnitTestResult executionId="2123828f-908c-4827-a40e-9fff66d280c2" testId="f17ad6e3-8bb1-51e3-2b35-ae90c15fdf13" testName="LookBusy.Test.ConcurrentAccessTests.ConcurrentAccess_DuringDisposal_HandlesGracefullyAsync" computerName="runnervmf4ws1" duration="00:00:00.0525228" startTime="2025-09-14T20:05:51.5012296+00:00" endTime="2025-09-14T20:05:51.5012298+00:00" testType="13cdc9d9-ddb5-4fa4-a97d-d965ccfc6d4b" outcome="Passed" testListId="8c84fa94-04c1-424b-9868-57a2d4851a1d" relativeResultsDirectory="2123828f-908c-4827-a40e-9fff66d280c2" />
    <UnitTestResult executionId="862c77ed-9c1f-40b4-9d38-93f10fd55601" testId="def68129-9833-b04d-a672-e058742bfd97" testName="LookBusy.Test.DisposalAndLifecycleTests.EmptyString_AlwaysValid_EvenAfterMultipleDisposals" computerName="runnervmf4ws1" duration="00:00:00.0003015" startTime="2025-09-14T20:05:51.3536173+00:00" endTime="2025-09-14T20:05:51.3536174+00:00" testType="13cdc9d9-ddb5-4fa4-a97d-d965ccfc6d4b" outcome="Passed" testListId="8c84fa94-04c1-424b-9868-57a2d4851a1d" relativeResultsDirectory="862c77ed-9c1f-40b4-9d38-93f10fd55601" />
    <UnitTestResult executionId="770a50a8-a17d-4a44-b919-477515639c5e" testId="e6cfa355-8628-91e9-59f7-b9f9bf3bdf5e" testName="LookBusy.Test.UnmanagedStringPoolEdgeCaseTests.EmptyStringPool_GetAllocationInfo_ValidId_ReturnsCorrectInfo" computerName="runnervmf4ws1" duration="00:00:00.0026415" startTime="2025-09-14T20:05:51.3477004+00:00" endTime="2025-09-14T20:05:51.3477005+00:00" testType="13cdc9d9-ddb5-4fa4-a97d-d965ccfc6d4b" outcome="Passed" testListId="8c84fa94-04c1-424b-9868-57a2d4851a1d" relativeResultsDirectory="770a50a8-a17d-4a44-b919-477515639c5e" />
    <UnitTestResult executionId="8effbc83-5882-40d7-8a4f-fd039e1be074" testId="6c780430-356a-97fc-8272-acd47c08a97d" testName="LookBusy.Test.ClearMethodTests.Clear_AfterDefragmentation_WorksCorrectly" computerName="runnervmf4ws1" duration="00:00:00.0028049" startTime="2025-09-14T20:05:51.2020934+00:00" endTime="2025-09-14T20:05:51.2020935+00:00" testType="13cdc9d9-ddb5-4fa4-a97d-d965ccfc6d4b" outcome="Passed" testListId="8c84fa94-04c1-424b-9868-57a2d4851a1d" relativeResultsDirectory="8effbc83-5882-40d7-8a4f-fd039e1be074" />
    <UnitTestResult executionId="fca58e11-f412-4671-bd97-596a625ad0a7" testId="b5524ca6-d775-1a52-f2f2-7ad36ec65b9f" testName="LookBusy.Test.UnmanagedStringPoolTests.Allocate_AfterDisposal_ThrowsObjectDisposedException" computerName="runnervmf4ws1" duration="00:00:00.0004958" startTime="2025-09-14T20:05:51.3135807+00:00" endTime="2025-09-14T20:05:51.3135808+00:00" testType="13cdc9d9-ddb5-4fa4-a97d-d965ccfc6d4b" outcome="Passed" testListId="8c84fa94-04c1-424b-9868-57a2d4851a1d" relativeResultsDirectory="fca58e11-f412-4671-bd97-596a625ad0a7" />
    <UnitTestResult executionId="6542dea6-7568-462f-a363-268adad37782" testId="908820b9-f1f3-3acd-cd37-324bb6b1b9f3" testName="LookBusy.Test.FinalizerBehaviorTests.Finalizer_ExecutesWithoutDispose_FreesUnmanagedMemory" computerName="runnervmf4ws1" duration="00:00:00.0391011" startTime="2025-09-14T20:05:51.6369881+00:00" endTime="2025-09-14T20:05:51.6369882+00:00" testType="13cdc9d9-ddb5-4fa4-a97d-d965ccfc6d4b" outcome="Passed" testListId="8c84fa94-04c1-424b-9868-57a2d4851a1d" relativeResultsDirectory="6542dea6-7568-462f-a363-268adad37782" />
    <UnitTestResult executionId="dfb32b0c-ea15-48a0-8c4f-f889a6bba125" testId="b2d492a7-1257-582c-9632-d9e39566bbb5" testName="LookBusy.Test.IntegerOverflowTests.FreeBlockCoalescing_WithMaxSizes_DoesNotOverflow" computerName="runnervmf4ws1" duration="00:00:00.0003565" startTime="2025-09-14T20:05:51.3874067+00:00" endTime="2025-09-14T20:05:51.3874068+00:00" testType="13cdc9d9-ddb5-4fa4-a97d-d965ccfc6d4b" outcome="Passed" testListId="8c84fa94-04c1-424b-9868-57a2d4851a1d" relativeResultsDirectory="dfb32b0c-ea15-48a0-8c4f-f889a6bba125" />
    <UnitTestResult executionId="7f22774e-c512-449c-8c80-34b7a0158fe2" testId="56727fea-e9a4-752e-dc48-fd5c2d251ae5" testName="LookBusy.Test.UnmanagedStringPoolEdgeCaseTests.Replace_CausingOverflow_ThrowsArgumentException" computerName="runnervmf4ws1" duration="00:00:00.0005447" startTime="2025-09-14T20:05:51.3492610+00:00" endTime="2025-09-14T20:05:51.3492611+00:00" testType="13cdc9d9-ddb5-4fa4-a97d-d965ccfc6d4b" outcome="Passed" testListId="8c84fa94-04c1-424b-9868-57a2d4851a1d" relativeResultsDirectory="7f22774e-c512-449c-8c80-34b7a0158fe2" />
    <UnitTestResult executionId="562aaee5-ef15-4e86-b4b0-e3c5bdbfc8c8" testId="93b485ff-1ee6-5e81-22c9-c0f83c9b5180" testName="LookBusy.Test.IntegerOverflowTests.Allocate_OversizedString_ThrowsArgumentOutOfRangeException(lengthChars: 2147483647)" computerName="runnervmf4ws1" duration="00:00:00.0000463" startTime="2025-09-14T20:05:51.3916156+00:00" endTime="2025-09-14T20:05:51.3916156+00:00" testType="13cdc9d9-ddb5-4fa4-a97d-d965ccfc6d4b" outcome="Passed" testListId="8c84fa94-04c1-424b-9868-57a2d4851a1d" relativeResultsDirectory="562aaee5-ef15-4e86-b4b0-e3c5bdbfc8c8" />
    <UnitTestResult executionId="96ccbb7a-6179-4e0c-a779-9e9cb735270a" testId="a24a9491-7163-98d0-a719-1f1fcce6a2ef" testName="LookBusy.Test.DisposalAndLifecycleTests.Disposal_WithOperationChains_HandlesCorrectly" computerName="runnervmf4ws1" duration="00:00:00.0005238" startTime="2025-09-14T20:05:51.3805052+00:00" endTime="2025-09-14T20:05:51.3805053+00:00" testType="13cdc9d9-ddb5-4fa4-a97d-d965ccfc6d4b" outcome="Passed" testListId="8c84fa94-04c1-424b-9868-57a2d4851a1d" relativeResultsDirectory="96ccbb7a-6179-4e0c-a779-9e9cb735270a" />
    <UnitTestResult executionId="d2f6f2d7-9d5d-474d-a5f6-99c5c6c5aac5" testId="793d5312-5dfb-c8d6-db34-3d04a57b5c55" testName="LookBusy.Test.PooledStringTests.Replace_WithEmptyString_RemovesOccurrences" computerName="runnervmf4ws1" duration="00:00:00.0002546" startTime="2025-09-14T20:05:51.3076112+00:00" endTime="2025-09-14T20:05:51.3076113+00:00" testType="13cdc9d9-ddb5-4fa4-a97d-d965ccfc6d4b" outcome="Passed" testListId="8c84fa94-04c1-424b-9868-57a2d4851a1d" relativeResultsDirectory="d2f6f2d7-9d5d-474d-a5f6-99c5c6c5aac5" />
    <UnitTestResult executionId="f773799c-d1b5-4b1b-a424-1113754ec7d0" testId="3c27bd4d-24c5-53c8-e8d3-0921f3aca953" testName="LookBusy.Test.ConcurrentAccessTests.ConcurrentMutations_WithoutSynchronization_MayFailAsync" computerName="runnervmf4ws1" duration="00:00:00.0211385" startTime="2025-09-14T20:05:51.5364706+00:00" endTime="2025-09-14T20:05:51.5364707+00:00" testType="13cdc9d9-ddb5-4fa4-a97d-d965ccfc6d4b" outcome="Passed" testListId="8c84fa94-04c1-424b-9868-57a2d4851a1d" relativeResultsDirectory="f773799c-d1b5-4b1b-a424-1113754ec7d0" />
    <UnitTestResult executionId="03518102-05aa-47b5-bdfa-5300a2c727fe" testId="e24ee9aa-1c21-93d5-b1ec-fa355ee724b8" testName="LookBusy.Test.FragmentationAndMemoryTests.CreateFragmentation_FreeMiddleStrings_IncreasesFragmentation" computerName="runnervmf4ws1" duration="00:00:00.0003526" startTime="2025-09-14T20:05:51.2914465+00:00" endTime="2025-09-14T20:05:51.2914466+00:00" testType="13cdc9d9-ddb5-4fa4-a97d-d965ccfc6d4b" outcome="Passed" testListId="8c84fa94-04c1-424b-9868-57a2d4851a1d" relativeResultsDirectory="03518102-05aa-47b5-bdfa-5300a2c727fe" />
    <UnitTestResult executionId="e9708cf5-c711-4200-a867-1bde8a72fe5d" testId="be04f6a2-e8e4-13c8-ddfe-f0a0c2f5dd0d" testName="LookBusy.Test.PooledStringTests.Length_CorrectlyReturnsStringLength" computerName="runnervmf4ws1" duration="00:00:00.0001611" startTime="2025-09-14T20:05:51.2951544+00:00" endTime="2025-09-14T20:05:51.2951544+00:00" testType="13cdc9d9-ddb5-4fa4-a97d-d965ccfc6d4b" outcome="Passed" testListId="8c84fa94-04c1-424b-9868-57a2d4851a1d" relativeResultsDirectory="e9708cf5-c711-4200-a867-1bde8a72fe5d" />
    <UnitTestResult executionId="e9238079-2a53-4dc3-be5b-6d324b00d74e" testId="063c9bc6-a70f-a019-389f-d3ffc16b91e8" testName="LookBusy.Test.ConcurrentAccessTests.ConcurrentReads_Performance_RemainsReasonableAsync" computerName="runnervmf4ws1" duration="00:00:00.0037606" startTime="2025-09-14T20:05:51.5929316+00:00" endTime="2025-09-14T20:05:51.5929317+00:00" testType="13cdc9d9-ddb5-4fa4-a97d-d965ccfc6d4b" outcome="Passed" testListId="8c84fa94-04c1-424b-9868-57a2d4851a1d" relativeResultsDirectory="e9238079-2a53-4dc3-be5b-6d324b00d74e" />
    <UnitTestResult executionId="537b745a-37bf-459a-8c91-92cddd5796c1" testId="5433cd94-0e2a-ff21-50f1-25b20a31891b" testName="LookBusy.Test.ClearMethodTests.Clear_WithMixedSizeAllocations_ResetsCorrectly" computerName="runnervmf4ws1" duration="00:00:00.0004287" startTime="2025-09-14T20:05:51.2765245+00:00" endTime="2025-09-14T20:05:51.2765246+00:00" testType="13cdc9d9-ddb5-4fa4-a97d-d965ccfc6d4b" outcome="Passed" testListId="8c84fa94-04c1-424b-9868-57a2d4851a1d" relativeResultsDirectory="537b745a-37bf-459a-8c91-92cddd5796c1" />
    <UnitTestResult executionId="1ed455f7-14de-4033-ae91-10fef579ee63" testId="5d465c14-866f-9e91-96b1-a2f5c5f689f7" testName="LookBusy.Test.IntegerOverflowTests.ArithmeticOperations_NearIntegerLimits_BehaveCorrectly" computerName="runnervmf4ws1" duration="00:00:00.0002658" startTime="2025-09-14T20:05:51.3936374+00:00" endTime="2025-09-14T20:05:51.3936375+00:00" testType="13cdc9d9-ddb5-4fa4-a97d-d965ccfc6d4b" outcome="Passed" testListId="8c84fa94-04c1-424b-9868-57a2d4851a1d" relativeResultsDirectory="1ed455f7-14de-4033-ae91-10fef579ee63" />
    <UnitTestResult executionId="e0dbe310-0f6f-406e-b9f7-c19ac18f206d" testId="ce8969f3-42ff-d110-f32f-ebfbc2966110" testName="LookBusy.Test.DisposalAndLifecycleTests.PooledString_Equals_AfterPoolDisposal_ReturnsFalse" computerName="runnervmf4ws1" duration="00:00:00.0002453" startTime="2025-09-14T20:05:51.3691466+00:00" endTime="2025-09-14T20:05:51.3691467+00:00" testType="13cdc9d9-ddb5-4fa4-a97d-d965ccfc6d4b" outcome="Passed" testListId="8c84fa94-04c1-424b-9868-57a2d4851a1d" relativeResultsDirectory="e0dbe310-0f6f-406e-b9f7-c19ac18f206d" />
    <UnitTestResult executionId="f5b35c50-5e83-4c07-9f43-4d97ec67a951" testId="606fdfd2-97ab-6c62-1398-9c3747a6bcea" testName="LookBusy.Test.ConcurrentAccessTests.ConcurrentEmptyStringAccess_AlwaysThreadSafeAsync" computerName="runnervmf4ws1" duration="00:00:00.0027816" startTime="2025-09-14T20:05:51.6806001+00:00" endTime="2025-09-14T20:05:51.6806003+00:00" testType="13cdc9d9-ddb5-4fa4-a97d-d965ccfc6d4b" outcome="Passed" testListId="8c84fa94-04c1-424b-9868-57a2d4851a1d" relativeResultsDirectory="f5b35c50-5e83-4c07-9f43-4d97ec67a951" />
    <UnitTestResult executionId="5fe0f6c7-71c3-4f52-a8bb-38952367b003" testId="09323c74-2edf-7e53-9064-e3ffaf8be5b6" testName="LookBusy.Test.UnmanagedStringPoolEdgeCaseTests.EmptyStringPool_GetAllocationInfo_InvalidId_ThrowsArgumentException" computerName="runnervmf4ws1" duration="00:00:00.0004167" startTime="2025-09-14T20:05:51.3432360+00:00" endTime="2025-09-14T20:05:51.3432361+00:00" testType="13cdc9d9-ddb5-4fa4-a97d-d965ccfc6d4b" outcome="Passed" testListId="8c84fa94-04c1-424b-9868-57a2d4851a1d" relativeResultsDirectory="5fe0f6c7-71c3-4f52-a8bb-38952367b003" />
    <UnitTestResult executionId="4470740c-bf43-45fa-b401-431c648402d6" testId="208dff4b-f7f1-945e-c304-bbc0edd8b77c" testName="LookBusy.Test.UnmanagedStringPoolEdgeCaseTests.EmptyStringPool_FreeString_AnyId_NoEffect" computerName="runnervmf4ws1" duration="00:00:00.0001473" startTime="2025-09-14T20:05:51.3328117+00:00" endTime="2025-09-14T20:05:51.3328118+00:00" testType="13cdc9d9-ddb5-4fa4-a97d-d965ccfc6d4b" outcome="Passed" testListId="8c84fa94-04c1-424b-9868-57a2d4851a1d" relativeResultsDirectory="4470740c-bf43-45fa-b401-431c648402d6" />
    <UnitTestResult executionId="33e6681a-fe6b-4794-a205-2e3c25136580" testId="5c217f30-5a40-d778-7a39-1bd96f25a02c" testName="LookBusy.Test.IntegerOverflowTests.BufferMemoryCopy_LengthCalculations_HandleBoundaries" computerName="runnervmf4ws1" duration="00:00:00.0003155" startTime="2025-09-14T20:05:51.3951227+00:00" endTime="2025-09-14T20:05:51.3951228+00:00" testType="13cdc9d9-ddb5-4fa4-a97d-d965ccfc6d4b" outcome="Passed" testListId="8c84fa94-04c1-424b-9868-57a2d4851a1d" relativeResultsDirectory="33e6681a-fe6b-4794-a205-2e3c25136580" />
    <UnitTestResult executionId="372eabb6-524b-4aac-a650-b244f207c85a" testId="1c9c9bbf-bf57-9816-ff99-036d1ebb9dcb" testName="LookBusy.Test.IntegerOverflowTests.DefragmentAndGrowPool_NearMaxCapacity_ThrowsArgumentOutOfRangeException" computerName="runnervmf4ws1" duration="00:00:00.0003160" startTime="2025-09-14T20:05:51.3940173+00:00" endTime="2025-09-14T20:05:51.3940174+00:00" testType="13cdc9d9-ddb5-4fa4-a97d-d965ccfc6d4b" outcome="Passed" testListId="8c84fa94-04c1-424b-9868-57a2d4851a1d" relativeResultsDirectory="372eabb6-524b-4aac-a650-b244f207c85a" />
    <UnitTestResult executionId="993385b9-2fb6-42ae-9762-74dde747f8ad" testId="25e80430-b0f3-ff71-6db2-39eb1ebd64ad" testName="LookBusy.Test.DisposalAndLifecycleTests.EmptyString_MultipleDispose_Safe" computerName="runnervmf4ws1" duration="00:00:00.0001454" startTime="2025-09-14T20:05:51.3805865+00:00" endTime="2025-09-14T20:05:51.3805865+00:00" testType="13cdc9d9-ddb5-4fa4-a97d-d965ccfc6d4b" outcome="Passed" testListId="8c84fa94-04c1-424b-9868-57a2d4851a1d" relativeResultsDirectory="993385b9-2fb6-42ae-9762-74dde747f8ad" />
    <UnitTestResult executionId="5ef5f7da-407d-4a78-8fc6-e247a0695a9a" testId="ef2e43a1-5c05-97f0-367f-4ca560ce7b36" testName="LookBusy.Test.PooledStringTests.ToString_WithUnicodeCharacters_WorksCorrectly" computerName="runnervmf4ws1" duration="00:00:00.0001483" startTime="2025-09-14T20:05:51.3066823+00:00" endTime="2025-09-14T20:05:51.3066824+00:00" testType="13cdc9d9-ddb5-4fa4-a97d-d965ccfc6d4b" outcome="Passed" testListId="8c84fa94-04c1-424b-9868-57a2d4851a1d" relativeResultsDirectory="5ef5f7da-407d-4a78-8fc6-e247a0695a9a" />
    <UnitTestResult executionId="6190e87b-787a-48f6-877c-d72f43ed59a2" testId="0deeb444-135e-86a3-6fc3-b9135af5a5ba" testName="LookBusy.Test.UnmanagedStringPoolEdgeCaseTests.Allocate_OddSizeStrings_MaintainsAlignment" computerName="runnervmf4ws1" duration="00:00:00.0002750" startTime="2025-09-14T20:05:51.3265984+00:00" endTime="2025-09-14T20:05:51.3265985+00:00" testType="13cdc9d9-ddb5-4fa4-a97d-d965ccfc6d4b" outcome="Passed" testListId="8c84fa94-04c1-424b-9868-57a2d4851a1d" relativeResultsDirectory="6190e87b-787a-48f6-877c-d72f43ed59a2" />
    <UnitTestResult executionId="b4dcdbe8-febd-4f8d-a09d-1dccfc557a00" testId="c440c795-3171-779f-a804-2159545c4b09" testName="LookBusy.Test.UnmanagedStringPoolTests.FreeSpaceChars_AccuratelyReflectsAvailableSpace" computerName="runnervmf4ws1" duration="00:00:00.0023531" startTime="2025-09-14T20:05:51.3212056+00:00" endTime="2025-09-14T20:05:51.3212057+00:00" testType="13cdc9d9-ddb5-4fa4-a97d-d965ccfc6d4b" outcome="Passed" testListId="8c84fa94-04c1-424b-9868-57a2d4851a1d" relativeResultsDirectory="b4dcdbe8-febd-4f8d-a09d-1dccfc557a00" />
    <UnitTestResult executionId="ecc0a466-60bd-476f-b9e6-5f4765276e86" testId="1573749d-6c97-5864-96ba-c96b710f2901" testName="LookBusy.Test.IntegerOverflowTests.AlignSize_NearMaxValues_BehavesConsistently" computerName="runnervmf4ws1" duration="00:00:00.0003338" startTime="2025-09-14T20:05:51.3925462+00:00" endTime="2025-09-14T20:05:51.3925464+00:00" testType="13cdc9d9-ddb5-4fa4-a97d-d965ccfc6d4b" outcome="Passed" testListId="8c84fa94-04c1-424b-9868-57a2d4851a1d" relativeResultsDirectory="ecc0a466-60bd-476f-b9e6-5f4765276e86" />
    <UnitTestResult executionId="a5ade3ca-853b-41b2-baf9-4f4972f17e66" testId="5e0128ec-d597-6f47-9d17-358ad8c6aa9f" testName="LookBusy.Test.UnmanagedStringPoolEdgeCaseTests.Insert_AtMaxLength_WorksCorrectly" computerName="runnervmf4ws1" duration="00:00:00.0002410" startTime="2025-09-14T20:05:51.3526161+00:00" endTime="2025-09-14T20:05:51.3526161+00:00" testType="13cdc9d9-ddb5-4fa4-a97d-d965ccfc6d4b" outcome="Passed" testListId="8c84fa94-04c1-424b-9868-57a2d4851a1d" relativeResultsDirectory="a5ade3ca-853b-41b2-baf9-4f4972f17e66" />
    <UnitTestResult executionId="bceaebf5-ebf4-4078-b844-7de495af6282" testId="610c5252-864c-fb2f-0e84-dda72dcf53ab" testName="LookBusy.Test.UnmanagedStringPoolTests.Allocate_ManySmallStrings_HandlesCorrectly" computerName="runnervmf4ws1" duration="00:00:00.0007347" startTime="2025-09-14T20:05:51.3134013+00:00" endTime="2025-09-14T20:05:51.3134014+00:00" testType="13cdc9d9-ddb5-4fa4-a97d-d965ccfc6d4b" outcome="Passed" testListId="8c84fa94-04c1-424b-9868-57a2d4851a1d" relativeResultsDirectory="bceaebf5-ebf4-4078-b844-7de495af6282" />
    <UnitTestResult executionId="1a14210a-d1ad-4aea-b0ee-819299e9306c" testId="1ed8b7d9-8a91-248e-1fe4-a61f152e9ce8" testName="LookBusy.Test.UnmanagedStringPoolEdgeCaseTests.Constructor_LargeCapacity_WorksCorrectly" computerName="runnervmf4ws1" duration="00:00:00.0002241" startTime="2025-09-14T20:05:51.3527773+00:00" endTime="2025-09-14T20:05:51.3527774+00:00" testType="13cdc9d9-ddb5-4fa4-a97d-d965ccfc6d4b" outcome="Passed" testListId="8c84fa94-04c1-424b-9868-57a2d4851a1d" relativeResultsDirectory="1a14210a-d1ad-4aea-b0ee-819299e9306c" />
    <UnitTestResult executionId="2805d70a-26f7-4289-9f98-ecddb910e750" testId="e199fe4f-983c-bb77-1d60-5f9723678e2c" testName="LookBusy.Test.PooledStringTests.GetHashCode_IdenticalStrings_AlwaysReturnSameHash" computerName="runnervmf4ws1" duration="00:00:00.0004639" startTime="2025-09-14T20:05:51.3078936+00:00" endTime="2025-09-14T20:05:51.3078936+00:00" testType="13cdc9d9-ddb5-4fa4-a97d-d965ccfc6d4b" outcome="Passed" testListId="8c84fa94-04c1-424b-9868-57a2d4851a1d" relativeResultsDirectory="2805d70a-26f7-4289-9f98-ecddb910e750" />
    <UnitTestResult executionId="900860db-1007-4ccf-996a-56652b4b820b" testId="daf76ab0-2ab1-4d8a-da5f-16ee7042805f" testName="LookBusy.Test.UnmanagedStringPoolTests.Allocate_MultipleStrings_TracksCorrectly" computerName="runnervmf4ws1" duration="00:00:00.0003120" startTime="2025-09-14T20:05:51.3218141+00:00" endTime="2025-09-14T20:05:51.3218142+00:00" testType="13cdc9d9-ddb5-4fa4-a97d-d965ccfc6d4b" outcome="Passed" testListId="8c84fa94-04c1-424b-9868-57a2d4851a1d" relativeResultsDirectory="900860db-1007-4ccf-996a-56652b4b820b" />
    <UnitTestResult executionId="f75785e3-4c80-4f05-9c4f-1fbb4560298d" testId="9066b3a8-aab5-81e7-5344-81902b98aa68" testName="LookBusy.Test.FragmentationAndMemoryTests.MemoryEfficiency_SmallAllocations_MinimizeWaste" computerName="runnervmf4ws1" duration="00:00:00.0062327" startTime="2025-09-14T20:05:51.2919068+00:00" endTime="2025-09-14T20:05:51.2919068+00:00" testType="13cdc9d9-ddb5-4fa4-a97d-d965ccfc6d4b" outcome="Passed" testListId="8c84fa94-04c1-424b-9868-57a2d4851a1d" relativeResultsDirectory="f75785e3-4c80-4f05-9c4f-1fbb4560298d" />
    <UnitTestResult executionId="625efc58-e8f7-4a9d-bec1-3a4d671f6dc3" testId="6e539aad-43d0-ac6e-e0d5-c34f4b026679" testName="LookBusy.Test.DisposalAndLifecycleTests.PooledString_UseAfterFree_ThrowsException" computerName="runnervmf4ws1" duration="00:00:00.0006467" startTime="2025-09-14T20:05:51.3651829+00:00" endTime="2025-09-14T20:05:51.3651830+00:00" testType="13cdc9d9-ddb5-4fa4-a97d-d965ccfc6d4b" outcome="Passed" testListId="8c84fa94-04c1-424b-9868-57a2d4851a1d" relativeResultsDirectory="625efc58-e8f7-4a9d-bec1-3a4d671f6dc3" />
    <UnitTestResult executionId="b2419798-3afa-469d-a8d4-536ddc133a0d" testId="32c1ee52-491a-a511-12f4-0422d8795d01" testName="LookBusy.Test.PooledStringTests.SubstringSpan_InvalidRange_ThrowsArgumentOutOfRangeException(start: 5, length: 7)" computerName="runnervmf4ws1" duration="00:00:00.0003682" startTime="2025-09-14T20:05:51.2960325+00:00" endTime="2025-09-14T20:05:51.2960325+00:00" testType="13cdc9d9-ddb5-4fa4-a97d-d965ccfc6d4b" outcome="Passed" testListId="8c84fa94-04c1-424b-9868-57a2d4851a1d" relativeResultsDirectory="b2419798-3afa-469d-a8d4-536ddc133a0d" />
    <UnitTestResult executionId="155ec712-2b68-4608-ba5c-8e39bc4c8580" testId="9edc8194-1f22-c389-1140-1afaa0181608" testName="LookBusy.Test.DisposalAndLifecycleTests.PooledString_AllOperations_AfterPoolDisposal_ThrowObjectDisposedException" computerName="runnervmf4ws1" duration="00:00:00.0017533" startTime="2025-09-14T20:05:51.3676394+00:00" endTime="2025-09-14T20:05:51.3676395+00:00" testType="13cdc9d9-ddb5-4fa4-a97d-d965ccfc6d4b" outcome="Passed" testListId="8c84fa94-04c1-424b-9868-57a2d4851a1d" relativeResultsDirectory="155ec712-2b68-4608-ba5c-8e39bc4c8580" />
    <UnitTestResult executionId="70447e5b-b92e-4288-8904-878d30400e51" testId="1ba13939-8267-c55c-83d0-46719f83201a" testName="LookBusy.Test.DisposalAndLifecycleTests.StressTest_ManyAllocationsAndDisposals_RemainsStable" computerName="runnervmf4ws1" duration="00:00:00.0033807" startTime="2025-09-14T20:05:51.3638153+00:00" endTime="2025-09-14T20:05:51.3638154+00:00" testType="13cdc9d9-ddb5-4fa4-a97d-d965ccfc6d4b" outcome="Passed" testListId="8c84fa94-04c1-424b-9868-57a2d4851a1d" relativeResultsDirectory="70447e5b-b92e-4288-8904-878d30400e51" />
    <UnitTestResult executionId="942f2686-7520-48cf-9137-f9501c47f83a" testId="395e4852-0e1c-3dca-de26-eaea9dda943f" testName="LookBusy.Test.UnmanagedStringPoolEdgeCaseTests.Equals_DisposedPool_ReturnsFalse" computerName="runnervmf4ws1" duration="00:00:00.0002261" startTime="2025-09-14T20:05:51.3359056+00:00" endTime="2025-09-14T20:05:51.3359057+00:00" testType="13cdc9d9-ddb5-4fa4-a97d-d965ccfc6d4b" outcome="Passed" testListId="8c84fa94-04c1-424b-9868-57a2d4851a1d" relativeResultsDirectory="942f2686-7520-48cf-9137-f9501c47f83a" />
    <UnitTestResult executionId="ad1bef40-318a-4f78-88a6-6bdca762bf89" testId="f5a6435a-d1e1-e42d-42e0-481ede2260a9" testName="LookBusy.Test.UnmanagedStringPoolEdgeCaseTests.DefragmentAndGrowPool_NearMaxIntValue_ThrowsArgumentOutOfRangeException" computerName="runnervmf4ws1" duration="00:00:00.0003167" startTime="2025-09-14T20:05:51.3294218+00:00" endTime="2025-09-14T20:05:51.3294219+00:00" testType="13cdc9d9-ddb5-4fa4-a97d-d965ccfc6d4b" outcome="Passed" testListId="8c84fa94-04c1-424b-9868-57a2d4851a1d" relativeResultsDirectory="ad1bef40-318a-4f78-88a6-6bdca762bf89" />
    <UnitTestResult executionId="0a2cb750-9d7c-4054-a104-a6394e38002d" testId="c42b303f-f407-952b-6e98-8cfb072b3c42" testName="LookBusy.Test.PooledStringTests.AsSpan_EmptyString_ReturnsEmptySpan" computerName="runnervmf4ws1" duration="00:00:00.0001700" startTime="2025-09-14T20:05:51.2945939+00:00" endTime="2025-09-14T20:05:51.2945940+00:00" testType="13cdc9d9-ddb5-4fa4-a97d-d965ccfc6d4b" outcome="Passed" testListId="8c84fa94-04c1-424b-9868-57a2d4851a1d" relativeResultsDirectory="0a2cb750-9d7c-4054-a104-a6394e38002d" />
    <UnitTestResult executionId="1eb084e0-ffe8-41d0-a45d-ffe96fba4f92" testId="7f0c7100-e4cd-3f53-f7f5-bbe80eeade44" testName="LookBusy.Test.DisposalAndLifecycleTests.Finalizer_CalledOnPoolCollection_FreesUnmanagedMemory" computerName="runnervmf4ws1" duration="00:00:00.0034000" startTime="2025-09-14T20:05:51.3596200+00:00" endTime="2025-09-14T20:05:51.3596201+00:00" testType="13cdc9d9-ddb5-4fa4-a97d-d965ccfc6d4b" outcome="Passed" testListId="8c84fa94-04c1-424b-9868-57a2d4851a1d" relativeResultsDirectory="1eb084e0-ffe8-41d0-a45d-ffe96fba4f92" />
    <UnitTestResult executionId="1869233f-48bc-44c8-8f87-0d0819fb6db1" testId="1fc67838-564f-8950-2faf-5f635eb8c9af" testName="LookBusy.Test.DisposalAndLifecycleTests.PoolProperties_AfterDisposal_StillAccessible" computerName="runnervmf4ws1" duration="00:00:00.0001792" startTime="2025-09-14T20:05:51.3727945+00:00" endTime="2025-09-14T20:05:51.3727946+00:00" testType="13cdc9d9-ddb5-4fa4-a97d-d965ccfc6d4b" outcome="Passed" testListId="8c84fa94-04c1-424b-9868-57a2d4851a1d" relativeResultsDirectory="1869233f-48bc-44c8-8f87-0d0819fb6db1" />
    <UnitTestResult executionId="e15a535e-7d78-4aef-9c69-40b2a84a4a28" testId="c8927d51-dff3-bff2-be05-0658c0f301d3" testName="LookBusy.Test.UnmanagedStringPoolTests.DefragmentAndGrowPool_NegativeBytes_ThrowsException" computerName="runnervmf4ws1" duration="00:00:00.0003537" startTime="2025-09-14T20:05:51.3192783+00:00" endTime="2025-09-14T20:05:51.3192783+00:00" testType="13cdc9d9-ddb5-4fa4-a97d-d965ccfc6d4b" outcome="Passed" testListId="8c84fa94-04c1-424b-9868-57a2d4851a1d" relativeResultsDirectory="e15a535e-7d78-4aef-9c69-40b2a84a4a28" />
    <UnitTestResult executionId="31660177-5191-4b81-b3df-7756a031e788" testId="53a663cb-5f78-7f66-a433-f377d8f3327a" testName="LookBusy.Test.PooledStringTests.ChainedOperations_WorkCorrectly" computerName="runnervmf4ws1" duration="00:00:00.0003288" startTime="2025-09-14T20:05:51.3067775+00:00" endTime="2025-09-14T20:05:51.3067776+00:00" testType="13cdc9d9-ddb5-4fa4-a97d-d965ccfc6d4b" outcome="Passed" testListId="8c84fa94-04c1-424b-9868-57a2d4851a1d" relativeResultsDirectory="31660177-5191-4b81-b3df-7756a031e788" />
    <UnitTestResult executionId="51680c05-18b6-4427-9ca0-fceaf524f5a5" testId="91cfb8a2-a893-e6d0-3c3a-7e0d0af3ad33" testName="LookBusy.Test.PooledStringTests.IsEmpty_EmptyString_ReturnsTrue" computerName="runnervmf4ws1" duration="00:00:00.0002537" startTime="2025-09-14T20:05:51.2937171+00:00" endTime="2025-09-14T20:05:51.2937172+00:00" testType="13cdc9d9-ddb5-4fa4-a97d-d965ccfc6d4b" outcome="Passed" testListId="8c84fa94-04c1-424b-9868-57a2d4851a1d" relativeResultsDirectory="51680c05-18b6-4427-9ca0-fceaf524f5a5" />
    <UnitTestResult executionId="194ffb4f-da96-4e90-9e5a-99860630e578" testId="48d8fca2-7539-7a4f-1efa-7278d26bf59a" testName="LookBusy.Test.ConcurrentAccessTests.ConcurrentStringCreation_FromSamePool_ProducesValidStringsAsync" computerName="runnervmf4ws1" duration="00:00:00.0091034" startTime="2025-09-14T20:05:51.6024107+00:00" endTime="2025-09-14T20:05:51.6024108+00:00" testType="13cdc9d9-ddb5-4fa4-a97d-d965ccfc6d4b" outcome="Passed" testListId="8c84fa94-04c1-424b-9868-57a2d4851a1d" relativeResultsDirectory="194ffb4f-da96-4e90-9e5a-99860630e578" />
    <UnitTestResult executionId="f15e7d81-6fd7-4c91-ab4b-b77d83d7bc15" testId="cd4e03e3-9fe9-925e-d714-eb8aeddc44bd" testName="LookBusy.Test.FinalizerBehaviorTests.Finalizer_WithFragmentedMemory_CleansUpCorrectly" computerName="runnervmf4ws1" duration="00:00:00.0374460" startTime="2025-09-14T20:05:51.5978642+00:00" endTime="2025-09-14T20:05:51.5978643+00:00" testType="13cdc9d9-ddb5-4fa4-a97d-d965ccfc6d4b" outcome="Passed" testListId="8c84fa94-04c1-424b-9868-57a2d4851a1d" relativeResultsDirectory="f15e7d81-6fd7-4c91-ab4b-b77d83d7bc15" />
    <UnitTestResult executionId="9ed26a2b-ad2e-450c-8836-11b99916224b" testId="909133c7-b350-e6e9-a3ba-04e7f0a02997" testName="LookBusy.Test.ConcurrentAccessTests.ConcurrentStringOperations_ReadOnly_ShouldBeThreadSafeAsync" computerName="runnervmf4ws1" duration="00:00:00.0019086" startTime="2025-09-14T20:05:51.5887980+00:00" endTime="2025-09-14T20:05:51.5887981+00:00" testType="13cdc9d9-ddb5-4fa4-a97d-d965ccfc6d4b" outcome="Passed" testListId="8c84fa94-04c1-424b-9868-57a2d4851a1d" relativeResultsDirectory="9ed26a2b-ad2e-450c-8836-11b99916224b" />
    <UnitTestResult executionId="a425d705-9687-4347-9c67-7fe200ef5693" testId="9c718dd3-5760-7c0c-9fc8-f310bcb17ad3" testName="LookBusy.Test.IntegerOverflowTests.PooledString_Insert_InvalidPosition_ThrowsArgumentOutOfRangeException(position: 1073741823)" computerName="runnervmf4ws1" duration="00:00:00.0000551" startTime="2025-09-14T20:05:51.3821634+00:00" endTime="2025-09-14T20:05:51.3821635+00:00" testType="13cdc9d9-ddb5-4fa4-a97d-d965ccfc6d4b" outcome="Passed" testListId="8c84fa94-04c1-424b-9868-57a2d4851a1d" relativeResultsDirectory="a425d705-9687-4347-9c67-7fe200ef5693" />
    <UnitTestResult executionId="8e89023b-28b8-41d0-8804-60ce886e23ac" testId="7d655f49-e6ae-4596-e822-e1cef8ab3073" testName="LookBusy.Test.UnmanagedStringPoolEdgeCaseTests.FreeString_InvalidId_NoException" computerName="runnervmf4ws1" duration="00:00:00.0001792" startTime="2025-09-14T20:05:51.3300557+00:00" endTime="2025-09-14T20:05:51.3300557+00:00" testType="13cdc9d9-ddb5-4fa4-a97d-d965ccfc6d4b" outcome="Passed" testListId="8c84fa94-04c1-424b-9868-57a2d4851a1d" relativeResultsDirectory="8e89023b-28b8-41d0-8804-60ce886e23ac" />
    <UnitTestResult executionId="c7344ee4-3c5f-4f96-8e04-f505882c46b2" testId="cee0a1af-6370-bdf6-d495-732677bca95d" testName="LookBusy.Test.DisposalAndLifecycleTests.DumpBufferAsString_AfterDisposal_ThrowsObjectDisposedException" computerName="runnervmf4ws1" duration="00:00:00.0003649" startTime="2025-09-14T20:05:51.3735998+00:00" endTime="2025-09-14T20:05:51.3735999+00:00" testType="13cdc9d9-ddb5-4fa4-a97d-d965ccfc6d4b" outcome="Passed" testListId="8c84fa94-04c1-424b-9868-57a2d4851a1d" relativeResultsDirectory="c7344ee4-3c5f-4f96-8e04-f505882c46b2" />
    <UnitTestResult executionId="a4642eff-1655-41f8-ad02-7ee1c6de6165" testId="55c2b955-d2a6-2a52-7e22-70542600e520" testName="LookBusy.Test.DisposalAndLifecycleTests.Dispose_MultipleCalls_SafeToCall" computerName="runnervmf4ws1" duration="00:00:00.0001789" startTime="2025-09-14T20:05:51.3788409+00:00" endTime="2025-09-14T20:05:51.3788410+00:00" testType="13cdc9d9-ddb5-4fa4-a97d-d965ccfc6d4b" outcome="Passed" testListId="8c84fa94-04c1-424b-9868-57a2d4851a1d" relativeResultsDirectory="a4642eff-1655-41f8-ad02-7ee1c6de6165" />
    <UnitTestResult executionId="c3650a7c-83aa-484e-9681-3b04b5171eaf" testId="a3c4e85e-2615-ce8e-7ece-f5c2527d7572" testName="LookBusy.Test.PooledStringTests.Insert_IntoEmptyStringInvalidPosition_ThrowsArgumentOutOfRangeException" computerName="runnervmf4ws1" duration="00:00:00.0003717" startTime="2025-09-14T20:05:51.2933170+00:00" endTime="2025-09-14T20:05:51.2933171+00:00" testType="13cdc9d9-ddb5-4fa4-a97d-d965ccfc6d4b" outcome="Passed" testListId="8c84fa94-04c1-424b-9868-57a2d4851a1d" relativeResultsDirectory="c3650a7c-83aa-484e-9681-3b04b5171eaf" />
    <UnitTestResult executionId="3e5e5108-1064-4431-84c6-bb321d217ce6" testId="c0e0b341-af46-81cc-9373-550a751976e3" testName="LookBusy.Test.IntegerOverflowTests.Constructor_CapacityByteOverflow_ThrowsOutOfMemoryOrArgumentException" computerName="runnervmf4ws1" duration="00:00:00.0036984" startTime="2025-09-14T20:05:51.3863265+00:00" endTime="2025-09-14T20:05:51.3863266+00:00" testType="13cdc9d9-ddb5-4fa4-a97d-d965ccfc6d4b" outcome="Passed" testListId="8c84fa94-04c1-424b-9868-57a2d4851a1d" relativeResultsDirectory="3e5e5108-1064-4431-84c6-bb321d217ce6" />
    <UnitTestResult executionId="432f6656-8e85-402a-b766-931fa02625f6" testId="59995f67-ec52-63de-7cef-a80f989fcf20" testName="LookBusy.Test.PooledStringTests.StartsWith_Correct_ReturnsTrue" computerName="runnervmf4ws1" duration="00:00:00.0002046" startTime="2025-09-14T20:05:51.2989738+00:00" endTime="2025-09-14T20:05:51.2989739+00:00" testType="13cdc9d9-ddb5-4fa4-a97d-d965ccfc6d4b" outcome="Passed" testListId="8c84fa94-04c1-424b-9868-57a2d4851a1d" relativeResultsDirectory="432f6656-8e85-402a-b766-931fa02625f6" />
    <UnitTestResult executionId="dad0eb6b-98d0-4e8a-80a9-8f79f9b1b3b2" testId="87ee85f0-420b-4ce6-57ac-d23fe15d64af" testName="LookBusy.Test.UnmanagedStringPoolTests.FragmentationPercentage_CalculatesCorrectly" computerName="runnervmf4ws1" duration="00:00:00.0002564" startTime="2025-09-14T20:05:51.3191850+00:00" endTime="2025-09-14T20:05:51.3191850+00:00" testType="13cdc9d9-ddb5-4fa4-a97d-d965ccfc6d4b" outcome="Passed" testListId="8c84fa94-04c1-424b-9868-57a2d4851a1d" relativeResultsDirectory="dad0eb6b-98d0-4e8a-80a9-8f79f9b1b3b2" />
    <UnitTestResult executionId="ee5923bb-252e-4c53-9d1d-2c692d1b568e" testId="11254311-11e2-0ca0-c3d1-fef2f1122081" testName="LookBusy.Test.IntegerOverflowTests.PooledString_Replace_OverflowDetection_WithMockScenario" computerName="runnervmf4ws1" duration="00:00:00.0001636" startTime="2025-09-14T20:05:51.3811959+00:00" endTime="2025-09-14T20:05:51.3811960+00:00" testType="13cdc9d9-ddb5-4fa4-a97d-d965ccfc6d4b" outcome="Passed" testListId="8c84fa94-04c1-424b-9868-57a2d4851a1d" relativeResultsDirectory="ee5923bb-252e-4c53-9d1d-2c692d1b568e" />
    <UnitTestResult executionId="91c7a895-f400-4874-95ff-4f28c925e5dc" testId="d348f112-48d6-dc3a-8b59-a374e9a8d30f" testName="LookBusy.Test.UnmanagedStringPoolEdgeCaseTests.Constructor_InvalidCapacities_ThrowArgumentOutOfRangeException(capacity: -1000000)" computerName="runnervmf4ws1" duration="00:00:00.0002642" startTime="2025-09-14T20:05:51.3334714+00:00" endTime="2025-09-14T20:05:51.3334715+00:00" testType="13cdc9d9-ddb5-4fa4-a97d-d965ccfc6d4b" outcome="Passed" testListId="8c84fa94-04c1-424b-9868-57a2d4851a1d" relativeResultsDirectory="91c7a895-f400-4874-95ff-4f28c925e5dc" />
    <UnitTestResult executionId="b692d944-bca1-41ac-aac4-25586f9b00e1" testId="b629dca0-edde-d750-befe-dca86ec87f20" testName="LookBusy.Test.PooledStringTests.Insert_InvalidPosition_ThrowsArgumentOutOfRangeException(position: 6)" computerName="runnervmf4ws1" duration="00:00:00.0002910" startTime="2025-09-14T20:05:51.3062849+00:00" endTime="2025-09-14T20:05:51.3062850+00:00" testType="13cdc9d9-ddb5-4fa4-a97d-d965ccfc6d4b" outcome="Passed" testListId="8c84fa94-04c1-424b-9868-57a2d4851a1d" relativeResultsDirectory="b692d944-bca1-41ac-aac4-25586f9b00e1" />
    <UnitTestResult executionId="30975b54-fc22-4f38-a622-4048c0c05621" testId="780779ac-4371-0e7a-dfd1-db807706dfe7" testName="LookBusy.Test.PooledStringTests.MultipleReplace_WorksCorrectly" computerName="runnervmf4ws1" duration="00:00:00.0005897" startTime="2025-09-14T20:05:51.2931183+00:00" endTime="2025-09-14T20:05:51.2931183+00:00" testType="13cdc9d9-ddb5-4fa4-a97d-d965ccfc6d4b" outcome="Passed" testListId="8c84fa94-04c1-424b-9868-57a2d4851a1d" relativeResultsDirectory="30975b54-fc22-4f38-a622-4048c0c05621" />
    <UnitTestResult executionId="f172e7f5-0307-4ebe-9e94-55eef11faa9a" testId="66b05648-f6bc-9f16-4007-5810e3c672b3" testName="LookBusy.Test.UnmanagedStringPoolEdgeCaseTests.GetHashCode_DisposedPool_ReturnsMinusOne" computerName="runnervmf4ws1" duration="00:00:00.0002228" startTime="2025-09-14T20:05:51.3262315+00:00" endTime="2025-09-14T20:05:51.3262315+00:00" testType="13cdc9d9-ddb5-4fa4-a97d-d965ccfc6d4b" outcome="Passed" testListId="8c84fa94-04c1-424b-9868-57a2d4851a1d" relativeResultsDirectory="f172e7f5-0307-4ebe-9e94-55eef11faa9a" />
    <UnitTestResult executionId="e89a330d-8947-4a6f-9486-b338b8e615ee" testId="301d9ecb-3d20-d054-faa7-6344fe1f7965" testName="LookBusy.Test.UnmanagedStringPoolTests.AllocateAndFree_RandomPattern_MaintainsConsistency" computerName="runnervmf4ws1" duration="00:00:00.0011202" startTime="2025-09-14T20:05:51.3194847+00:00" endTime="2025-09-14T20:05:51.3194847+00:00" testType="13cdc9d9-ddb5-4fa4-a97d-d965ccfc6d4b" outcome="Passed" testListId="8c84fa94-04c1-424b-9868-57a2d4851a1d" relativeResultsDirectory="e89a330d-8947-4a6f-9486-b338b8e615ee" />
    <UnitTestResult executionId="26f7b979-9f90-47c2-a194-c5b8fbda802c" testId="719aa62f-0fe7-2c56-286f-842c2309e9de" testName="LookBusy.Test.PooledStringTests.GetHashCode_RandomStrings_MostHaveDifferentHashes" computerName="runnervmf4ws1" duration="00:00:00.0014083" startTime="2025-09-14T20:05:51.2978930+00:00" endTime="2025-09-14T20:05:51.2978931+00:00" testType="13cdc9d9-ddb5-4fa4-a97d-d965ccfc6d4b" outcome="Passed" testListId="8c84fa94-04c1-424b-9868-57a2d4851a1d" relativeResultsDirectory="26f7b979-9f90-47c2-a194-c5b8fbda802c" />
    <UnitTestResult executionId="e8a8b5f9-de3e-4e35-9daa-7a7701128569" testId="b39ccd85-473b-bc91-8d48-febf2dd6747c" testName="LookBusy.Test.PooledStringTests.SubstringSpan_ZeroLength_ReturnsEmptySpan" computerName="runnervmf4ws1" duration="00:00:00.0001522" startTime="2025-09-14T20:05:51.2981156+00:00" endTime="2025-09-14T20:05:51.2981157+00:00" testType="13cdc9d9-ddb5-4fa4-a97d-d965ccfc6d4b" outcome="Passed" testListId="8c84fa94-04c1-424b-9868-57a2d4851a1d" relativeResultsDirectory="e8a8b5f9-de3e-4e35-9daa-7a7701128569" />
    <UnitTestResult executionId="886f2eea-857e-4e05-ba10-53f8cc409db4" testId="5537a133-c8de-a584-8749-5b0403dea1e3" testName="LookBusy.Test.PooledStringTests.Replace_MultipleOccurrences_ReplacesAll" computerName="runnervmf4ws1" duration="00:00:00.0034215" startTime="2025-09-14T20:05:51.2932199+00:00" endTime="2025-09-14T20:05:51.2932200+00:00" testType="13cdc9d9-ddb5-4fa4-a97d-d965ccfc6d4b" outcome="Passed" testListId="8c84fa94-04c1-424b-9868-57a2d4851a1d" relativeResultsDirectory="886f2eea-857e-4e05-ba10-53f8cc409db4" />
    <UnitTestResult executionId="9c37c811-3fee-4e28-8d09-afdc1ef62881" testId="781d826e-1485-a31e-c638-f90e422e339b" testName="LookBusy.Test.UnmanagedStringPoolTests.Dispose_UsingStatement_AutomaticallyFreesString" computerName="runnervmf4ws1" duration="00:00:00.0002233" startTime="2025-09-14T20:05:51.3136663+00:00" endTime="2025-09-14T20:05:51.3136664+00:00" testType="13cdc9d9-ddb5-4fa4-a97d-d965ccfc6d4b" outcome="Passed" testListId="8c84fa94-04c1-424b-9868-57a2d4851a1d" relativeResultsDirectory="9c37c811-3fee-4e28-8d09-afdc1ef62881" />
    <UnitTestResult executionId="28202556-4057-4c70-9815-c228016f8dc7" testId="e008f226-0e70-6d0e-8ad9-fc4108be4eaf" testName="LookBusy.Test.PooledStringTests.Replace_EntireString_WorksCorrectly" computerName="runnervmf4ws1" duration="00:00:00.0002151" startTime="2025-09-14T20:05:51.3054771+00:00" endTime="2025-09-14T20:05:51.3054772+00:00" testType="13cdc9d9-ddb5-4fa4-a97d-d965ccfc6d4b" outcome="Passed" testListId="8c84fa94-04c1-424b-9868-57a2d4851a1d" relativeResultsDirectory="28202556-4057-4c70-9815-c228016f8dc7" />
    <UnitTestResult executionId="91e71b27-1a83-4bce-b90d-df25218db359" testId="cc64e288-7dad-f96c-36e8-dd57c151a8f1" testName="LookBusy.Test.FragmentationAndMemoryTests.FreeBlockReuse_MultipleBlocks_FindsBestFit" computerName="runnervmf4ws1" duration="00:00:00.0010791" startTime="2025-09-14T20:05:51.2902174+00:00" endTime="2025-09-14T20:05:51.2902175+00:00" testType="13cdc9d9-ddb5-4fa4-a97d-d965ccfc6d4b" outcome="Passed" testListId="8c84fa94-04c1-424b-9868-57a2d4851a1d" relativeResultsDirectory="91e71b27-1a83-4bce-b90d-df25218db359" />
    <UnitTestResult executionId="d78fe560-10ca-417f-b597-331330a0a562" testId="31f67e0e-de1a-a6b4-bbcc-455a0c26216c" testName="LookBusy.Test.IntegerOverflowTests.DefragmentAndGrowPool_ExactOverflowBoundary_ThrowsArgumentOutOfRangeException(additionalBytes: 2147483647)" computerName="runnervmf4ws1" duration="00:00:00.0002347" startTime="2025-09-14T20:05:51.3883155+00:00" endTime="2025-09-14T20:05:51.3883156+00:00" testType="13cdc9d9-ddb5-4fa4-a97d-d965ccfc6d4b" outcome="Passed" testListId="8c84fa94-04c1-424b-9868-57a2d4851a1d" relativeResultsDirectory="d78fe560-10ca-417f-b597-331330a0a562" />
    <UnitTestResult executionId="38cc2222-bd46-44d3-a422-682e60d2b88e" testId="df6a7cf9-4be8-71e3-188f-21079d95fa90" testName="LookBusy.Test.FragmentationAndMemoryTests.FragmentationThreshold_BoundaryConditions_WorkCorrectly" computerName="runnervmf4ws1" duration="00:00:00.0004950" startTime="2025-09-14T20:05:51.2905344+00:00" endTime="2025-09-14T20:05:51.2905345+00:00" testType="13cdc9d9-ddb5-4fa4-a97d-d965ccfc6d4b" outcome="Passed" testListId="8c84fa94-04c1-424b-9868-57a2d4851a1d" relativeResultsDirectory="38cc2222-bd46-44d3-a422-682e60d2b88e" />
    <UnitTestResult executionId="c76f32f1-35b5-4db2-ae4e-efc1a0cf55a6" testId="ff4dfcab-eebb-16b0-2c25-c228cb8d565f" testName="LookBusy.Test.PooledStringTests.LastIndexOf_Found_ReturnsCorrectIndex" computerName="runnervmf4ws1" duration="00:00:00.0002410" startTime="2025-09-14T20:05:51.2987658+00:00" endTime="2025-09-14T20:05:51.2987659+00:00" testType="13cdc9d9-ddb5-4fa4-a97d-d965ccfc6d4b" outcome="Passed" testListId="8c84fa94-04c1-424b-9868-57a2d4851a1d" relativeResultsDirectory="c76f32f1-35b5-4db2-ae4e-efc1a0cf55a6" />
    <UnitTestResult executionId="fc5a3ab9-70f3-4d5b-b55f-c55e9e1d0118" testId="7b39475f-2a9b-5b0a-6e56-97115f1c3db9" testName="LookBusy.Test.FragmentationAndMemoryTests.FreeBlockReuse_LargerSize_UsesEndOfPool" computerName="runnervmf4ws1" duration="00:00:00.0002438" startTime="2025-09-14T20:05:51.2906339+00:00" endTime="2025-09-14T20:05:51.2906340+00:00" testType="13cdc9d9-ddb5-4fa4-a97d-d965ccfc6d4b" outcome="Passed" testListId="8c84fa94-04c1-424b-9868-57a2d4851a1d" relativeResultsDirectory="fc5a3ab9-70f3-4d5b-b55f-c55e9e1d0118" />
    <UnitTestResult executionId="41efc827-c439-40f5-8341-a546dae429e6" testId="eaddaffd-ae8f-1a69-717e-1569e4f9afdd" testName="LookBusy.Test.IntegerOverflowTests.Allocate_StringCausingByteOverflow_ThrowsArgumentOutOfRangeException" computerName="runnervmf4ws1" duration="00:00:00.0003066" startTime="2025-09-14T20:05:51.3903978+00:00" endTime="2025-09-14T20:05:51.3903979+00:00" testType="13cdc9d9-ddb5-4fa4-a97d-d965ccfc6d4b" outcome="Passed" testListId="8c84fa94-04c1-424b-9868-57a2d4851a1d" relativeResultsDirectory="41efc827-c439-40f5-8341-a546dae429e6" />
    <UnitTestResult executionId="13476286-f3b7-42fb-b4f2-03a1d53802dc" testId="d9e5068b-9817-a105-891e-7029996d77e4" testName="LookBusy.Test.UnmanagedStringPoolEdgeCaseTests.PooledString_FreeAfterPoolDispose_NoException" computerName="runnervmf4ws1" duration="00:00:00.0001672" startTime="2025-09-14T20:05:51.3525360+00:00" endTime="2025-09-14T20:05:51.3525361+00:00" testType="13cdc9d9-ddb5-4fa4-a97d-d965ccfc6d4b" outcome="Passed" testListId="8c84fa94-04c1-424b-9868-57a2d4851a1d" relativeResultsDirectory="13476286-f3b7-42fb-b4f2-03a1d53802dc" />
  </Results>
  <TestDefinitions>
    <UnitTest name="LookBusy.Test.FinalizerBehaviorTests.Finalizer_PreventsMemoryLeaks_WithoutExplicitDispose" storage="/home/runner/work/unmanagedstringpool/unmanagedstringpool/tests/bin/debug/net8.0/stringpooltest.dll" id="bf82bc77-77f4-abae-45f7-a8661446e458">
      <Execution id="cf14cede-2506-43ce-a4f8-3ec743abb74a" />
      <TestMethod codeBase="/home/runner/work/UnmanagedStringPool/UnmanagedStringPool/Tests/bin/Debug/net8.0/StringPoolTest.dll" adapterTypeName="executor://xunit/VsTestRunner2/netcoreapp" className="LookBusy.Test.FinalizerBehaviorTests" name="Finalizer_PreventsMemoryLeaks_WithoutExplicitDispose" />
    </UnitTest>
    <UnitTest name="LookBusy.Test.PooledStringTests.ChainedOperations_WorkCorrectly" storage="/home/runner/work/unmanagedstringpool/unmanagedstringpool/tests/bin/debug/net8.0/stringpooltest.dll" id="53a663cb-5f78-7f66-a433-f377d8f3327a">
      <Execution id="31660177-5191-4b81-b3df-7756a031e788" />
      <TestMethod codeBase="/home/runner/work/UnmanagedStringPool/UnmanagedStringPool/Tests/bin/Debug/net8.0/StringPoolTest.dll" adapterTypeName="executor://xunit/VsTestRunner2/netcoreapp" className="LookBusy.Test.PooledStringTests" name="ChainedOperations_WorkCorrectly" />
    </UnitTest>
    <UnitTest name="LookBusy.Test.PooledStringTests.GetHashCode_RandomStrings_MostHaveDifferentHashes" storage="/home/runner/work/unmanagedstringpool/unmanagedstringpool/tests/bin/debug/net8.0/stringpooltest.dll" id="719aa62f-0fe7-2c56-286f-842c2309e9de">
      <Execution id="26f7b979-9f90-47c2-a194-c5b8fbda802c" />
      <TestMethod codeBase="/home/runner/work/UnmanagedStringPool/UnmanagedStringPool/Tests/bin/Debug/net8.0/StringPoolTest.dll" adapterTypeName="executor://xunit/VsTestRunner2/netcoreapp" className="LookBusy.Test.PooledStringTests" name="GetHashCode_RandomStrings_MostHaveDifferentHashes" />
    </UnitTest>
    <UnitTest name="LookBusy.Test.UnmanagedStringPoolEdgeCaseTests.Allocate_ExceedsCapacityWithGrowthDisabled_ThrowsOutOfMemoryException" storage="/home/runner/work/unmanagedstringpool/unmanagedstringpool/tests/bin/debug/net8.0/stringpooltest.dll" id="bcdbcd82-7bc1-80f1-8b97-5043d6f81ff9">
      <Execution id="3ae07c77-3c88-4325-b11d-534c2c03688b" />
      <TestMethod codeBase="/home/runner/work/UnmanagedStringPool/UnmanagedStringPool/Tests/bin/Debug/net8.0/StringPoolTest.dll" adapterTypeName="executor://xunit/VsTestRunner2/netcoreapp" className="LookBusy.Test.UnmanagedStringPoolEdgeCaseTests" name="Allocate_ExceedsCapacityWithGrowthDisabled_ThrowsOutOfMemoryException" />
    </UnitTest>
    <UnitTest name="LookBusy.Test.IntegerOverflowTests.Constructor_CapacityByteOverflow_ThrowsOutOfMemoryOrArgumentException" storage="/home/runner/work/unmanagedstringpool/unmanagedstringpool/tests/bin/debug/net8.0/stringpooltest.dll" id="c0e0b341-af46-81cc-9373-550a751976e3">
      <Execution id="3e5e5108-1064-4431-84c6-bb321d217ce6" />
      <TestMethod codeBase="/home/runner/work/UnmanagedStringPool/UnmanagedStringPool/Tests/bin/Debug/net8.0/StringPoolTest.dll" adapterTypeName="executor://xunit/VsTestRunner2/netcoreapp" className="LookBusy.Test.IntegerOverflowTests" name="Constructor_CapacityByteOverflow_ThrowsOutOfMemoryOrArgumentException" />
    </UnitTest>
    <UnitTest name="LookBusy.Test.PooledStringTests.GetHashCode_IdenticalStrings_AlwaysReturnSameHash" storage="/home/runner/work/unmanagedstringpool/unmanagedstringpool/tests/bin/debug/net8.0/stringpooltest.dll" id="e199fe4f-983c-bb77-1d60-5f9723678e2c">
      <Execution id="2805d70a-26f7-4289-9f98-ecddb910e750" />
      <TestMethod codeBase="/home/runner/work/UnmanagedStringPool/UnmanagedStringPool/Tests/bin/Debug/net8.0/StringPoolTest.dll" adapterTypeName="executor://xunit/VsTestRunner2/netcoreapp" className="LookBusy.Test.PooledStringTests" name="GetHashCode_IdenticalStrings_AlwaysReturnSameHash" />
    </UnitTest>
    <UnitTest name="LookBusy.Test.PooledStringTests.IndexOf_InEmptyString_ReturnsCorrectly" storage="/home/runner/work/unmanagedstringpool/unmanagedstringpool/tests/bin/debug/net8.0/stringpooltest.dll" id="2729134c-0380-e212-4ec4-3f791c7fdee1">
      <Execution id="324f7a22-8882-4262-b626-ba2fc85e5250" />
      <TestMethod codeBase="/home/runner/work/UnmanagedStringPool/UnmanagedStringPool/Tests/bin/Debug/net8.0/StringPoolTest.dll" adapterTypeName="executor://xunit/VsTestRunner2/netcoreapp" className="LookBusy.Test.PooledStringTests" name="IndexOf_InEmptyString_ReturnsCorrectly" />
    </UnitTest>
    <UnitTest name="LookBusy.Test.DisposalAndLifecycleTests.Disposal_WithOperationChains_HandlesCorrectly" storage="/home/runner/work/unmanagedstringpool/unmanagedstringpool/tests/bin/debug/net8.0/stringpooltest.dll" id="a24a9491-7163-98d0-a719-1f1fcce6a2ef">
      <Execution id="96ccbb7a-6179-4e0c-a779-9e9cb735270a" />
      <TestMethod codeBase="/home/runner/work/UnmanagedStringPool/UnmanagedStringPool/Tests/bin/Debug/net8.0/StringPoolTest.dll" adapterTypeName="executor://xunit/VsTestRunner2/netcoreapp" className="LookBusy.Test.DisposalAndLifecycleTests" name="Disposal_WithOperationChains_HandlesCorrectly" />
    </UnitTest>
    <UnitTest name="LookBusy.Test.PooledStringTests.IndexOf_WithComparison_WorksCorrectly(comparison: OrdinalIgnoreCase)" storage="/home/runner/work/unmanagedstringpool/unmanagedstringpool/tests/bin/debug/net8.0/stringpooltest.dll" id="c390ca7b-7acc-0854-aab7-8ac02bbc455c">
      <Execution id="01393bf2-7d5a-4461-ad28-dccd7632c197" />
      <TestMethod codeBase="/home/runner/work/UnmanagedStringPool/UnmanagedStringPool/Tests/bin/Debug/net8.0/StringPoolTest.dll" adapterTypeName="executor://xunit/VsTestRunner2/netcoreapp" className="LookBusy.Test.PooledStringTests" name="IndexOf_WithComparison_WorksCorrectly" />
    </UnitTest>
    <UnitTest name="LookBusy.Test.PooledStringTests.MultipleReplace_WorksCorrectly" storage="/home/runner/work/unmanagedstringpool/unmanagedstringpool/tests/bin/debug/net8.0/stringpooltest.dll" id="780779ac-4371-0e7a-dfd1-db807706dfe7">
      <Execution id="30975b54-fc22-4f38-a622-4048c0c05621" />
      <TestMethod codeBase="/home/runner/work/UnmanagedStringPool/UnmanagedStringPool/Tests/bin/Debug/net8.0/StringPoolTest.dll" adapterTypeName="executor://xunit/VsTestRunner2/netcoreapp" className="LookBusy.Test.PooledStringTests" name="MultipleReplace_WorksCorrectly" />
    </UnitTest>
    <UnitTest name="LookBusy.Test.PooledStringTests.Insert_InvalidPosition_ThrowsArgumentOutOfRangeException(position: 6)" storage="/home/runner/work/unmanagedstringpool/unmanagedstringpool/tests/bin/debug/net8.0/stringpooltest.dll" id="b629dca0-edde-d750-befe-dca86ec87f20">
      <Execution id="b692d944-bca1-41ac-aac4-25586f9b00e1" />
      <TestMethod codeBase="/home/runner/work/UnmanagedStringPool/UnmanagedStringPool/Tests/bin/Debug/net8.0/StringPoolTest.dll" adapterTypeName="executor://xunit/VsTestRunner2/netcoreapp" className="LookBusy.Test.PooledStringTests" name="Insert_InvalidPosition_ThrowsArgumentOutOfRangeException" />
    </UnitTest>
    <UnitTest name="LookBusy.Test.UnmanagedStringPoolEdgeCaseTests.Constructor_InvalidCapacities_ThrowArgumentOutOfRangeException(capacity: 0)" storage="/home/runner/work/unmanagedstringpool/unmanagedstringpool/tests/bin/debug/net8.0/stringpooltest.dll" id="96dff266-2e9a-1794-3c0e-7f3cf758d589">
      <Execution id="271ef443-0931-4ffa-b9db-d13b4be258cc" />
      <TestMethod codeBase="/home/runner/work/UnmanagedStringPool/UnmanagedStringPool/Tests/bin/Debug/net8.0/StringPoolTest.dll" adapterTypeName="executor://xunit/VsTestRunner2/netcoreapp" className="LookBusy.Test.UnmanagedStringPoolEdgeCaseTests" name="Constructor_InvalidCapacities_ThrowArgumentOutOfRangeException" />
    </UnitTest>
    <UnitTest name="LookBusy.Test.UnmanagedStringPoolEdgeCaseTests.Allocate_IntegerOverflowSizes_ThrowsArgumentOutOfRangeException(length: 1073741823)" storage="/home/runner/work/unmanagedstringpool/unmanagedstringpool/tests/bin/debug/net8.0/stringpooltest.dll" id="21c15b39-edbe-8fe8-7475-245ccac06777">
      <Execution id="d43e648a-edcf-456f-8719-93d8d636678c" />
      <TestMethod codeBase="/home/runner/work/UnmanagedStringPool/UnmanagedStringPool/Tests/bin/Debug/net8.0/StringPoolTest.dll" adapterTypeName="executor://xunit/VsTestRunner2/netcoreapp" className="LookBusy.Test.UnmanagedStringPoolEdgeCaseTests" name="Allocate_IntegerOverflowSizes_ThrowsArgumentOutOfRangeException" />
    </UnitTest>
    <UnitTest name="LookBusy.Test.IntegerOverflowTests.Allocate_OversizedString_ThrowsArgumentOutOfRangeException(lengthChars: 1073741821)" storage="/home/runner/work/unmanagedstringpool/unmanagedstringpool/tests/bin/debug/net8.0/stringpooltest.dll" id="a81500a3-f028-3cd8-ec07-f26f8f314c83">
      <Execution id="069665d4-3436-4711-a9c2-186a6a52ca3f" />
      <TestMethod codeBase="/home/runner/work/UnmanagedStringPool/UnmanagedStringPool/Tests/bin/Debug/net8.0/StringPoolTest.dll" adapterTypeName="executor://xunit/VsTestRunner2/netcoreapp" className="LookBusy.Test.IntegerOverflowTests" name="Allocate_OversizedString_ThrowsArgumentOutOfRangeException" />
    </UnitTest>
    <UnitTest name="LookBusy.Test.UnmanagedStringPoolTests.DefragmentAndGrowPool_ValidInput_IncreasesCapacity" storage="/home/runner/work/unmanagedstringpool/unmanagedstringpool/tests/bin/debug/net8.0/stringpooltest.dll" id="8ceb6a33-7c08-dcb7-7138-5e52f605349b">
      <Execution id="73e20fd6-1545-4300-bbb1-aa09f5d60502" />
      <TestMethod codeBase="/home/runner/work/UnmanagedStringPool/UnmanagedStringPool/Tests/bin/Debug/net8.0/StringPoolTest.dll" adapterTypeName="executor://xunit/VsTestRunner2/netcoreapp" className="LookBusy.Test.UnmanagedStringPoolTests" name="DefragmentAndGrowPool_ValidInput_IncreasesCapacity" />
    </UnitTest>
    <UnitTest name="LookBusy.Test.ConcurrentAccessTests.ConcurrentEmptyStringAccess_AlwaysThreadSafeAsync" storage="/home/runner/work/unmanagedstringpool/unmanagedstringpool/tests/bin/debug/net8.0/stringpooltest.dll" id="606fdfd2-97ab-6c62-1398-9c3747a6bcea">
      <Execution id="f5b35c50-5e83-4c07-9f43-4d97ec67a951" />
      <TestMethod codeBase="/home/runner/work/UnmanagedStringPool/UnmanagedStringPool/Tests/bin/Debug/net8.0/StringPoolTest.dll" adapterTypeName="executor://xunit/VsTestRunner2/netcoreapp" className="LookBusy.Test.ConcurrentAccessTests" name="ConcurrentEmptyStringAccess_AlwaysThreadSafeAsync" />
    </UnitTest>
    <UnitTest name="LookBusy.Test.IntegerOverflowTests.Allocate_MaxSafeLengthString_WorksOrThrowsAppropriately" storage="/home/runner/work/unmanagedstringpool/unmanagedstringpool/tests/bin/debug/net8.0/stringpooltest.dll" id="68dced68-d48e-b43f-e9af-77002ce2dcfe">
      <Execution id="f4f68203-e4e4-4ede-a1bf-58aa703c88ef" />
      <TestMethod codeBase="/home/runner/work/UnmanagedStringPool/UnmanagedStringPool/Tests/bin/Debug/net8.0/StringPoolTest.dll" adapterTypeName="executor://xunit/VsTestRunner2/netcoreapp" className="LookBusy.Test.IntegerOverflowTests" name="Allocate_MaxSafeLengthString_WorksOrThrowsAppropriately" />
    </UnitTest>
    <UnitTest name="LookBusy.Test.PooledStringTests.Equals_EmptyWithAllocated_WorksCorrectly" storage="/home/runner/work/unmanagedstringpool/unmanagedstringpool/tests/bin/debug/net8.0/stringpooltest.dll" id="65b46372-a903-1820-e33b-8eff1db6b1e7">
      <Execution id="00b4dc3c-30f8-418c-801e-ac04b5798251" />
      <TestMethod codeBase="/home/runner/work/UnmanagedStringPool/UnmanagedStringPool/Tests/bin/Debug/net8.0/StringPoolTest.dll" adapterTypeName="executor://xunit/VsTestRunner2/netcoreapp" className="LookBusy.Test.PooledStringTests" name="Equals_EmptyWithAllocated_WorksCorrectly" />
    </UnitTest>
    <UnitTest name="LookBusy.Test.UnmanagedStringPoolEdgeCaseTests.SubstringSpan_EdgeBoundaries_WorksCorrectly" storage="/home/runner/work/unmanagedstringpool/unmanagedstringpool/tests/bin/debug/net8.0/stringpooltest.dll" id="070434b9-bd7f-b169-0c15-297a89b8ec05">
      <Execution id="464a20eb-a26b-451b-8fb3-75f9bb4472e0" />
      <TestMethod codeBase="/home/runner/work/UnmanagedStringPool/UnmanagedStringPool/Tests/bin/Debug/net8.0/StringPoolTest.dll" adapterTypeName="executor://xunit/VsTestRunner2/netcoreapp" className="LookBusy.Test.UnmanagedStringPoolEdgeCaseTests" name="SubstringSpan_EdgeBoundaries_WorksCorrectly" />
    </UnitTest>
    <UnitTest name="LookBusy.Test.ClearMethodTests.Clear_AfterDefragmentation_WorksCorrectly" storage="/home/runner/work/unmanagedstringpool/unmanagedstringpool/tests/bin/debug/net8.0/stringpooltest.dll" id="6c780430-356a-97fc-8272-acd47c08a97d">
      <Execution id="8effbc83-5882-40d7-8a4f-fd039e1be074" />
      <TestMethod codeBase="/home/runner/work/UnmanagedStringPool/UnmanagedStringPool/Tests/bin/Debug/net8.0/StringPoolTest.dll" adapterTypeName="executor://xunit/VsTestRunner2/netcoreapp" className="LookBusy.Test.ClearMethodTests" name="Clear_AfterDefragmentation_WorksCorrectly" />
    </UnitTest>
    <UnitTest name="LookBusy.Test.PooledStringTests.AsSpan_EmptyString_ReturnsEmptySpan" storage="/home/runner/work/unmanagedstringpool/unmanagedstringpool/tests/bin/debug/net8.0/stringpooltest.dll" id="c42b303f-f407-952b-6e98-8cfb072b3c42">
      <Execution id="0a2cb750-9d7c-4054-a104-a6394e38002d" />
      <TestMethod codeBase="/home/runner/work/UnmanagedStringPool/UnmanagedStringPool/Tests/bin/Debug/net8.0/StringPoolTest.dll" adapterTypeName="executor://xunit/VsTestRunner2/netcoreapp" className="LookBusy.Test.PooledStringTests" name="AsSpan_EmptyString_ReturnsEmptySpan" />
    </UnitTest>
    <UnitTest name="LookBusy.Test.FinalizerBehaviorTests.Finalizer_WithActiveAllocations_HandlesCorrectly" storage="/home/runner/work/unmanagedstringpool/unmanagedstringpool/tests/bin/debug/net8.0/stringpooltest.dll" id="2b493090-1a3c-1486-1545-d1a3f39fa3ab">
      <Execution id="01373406-7484-4159-8964-70fa7bd00421" />
      <TestMethod codeBase="/home/runner/work/UnmanagedStringPool/UnmanagedStringPool/Tests/bin/Debug/net8.0/StringPoolTest.dll" adapterTypeName="executor://xunit/VsTestRunner2/netcoreapp" className="LookBusy.Test.FinalizerBehaviorTests" name="Finalizer_WithActiveAllocations_HandlesCorrectly" />
    </UnitTest>
    <UnitTest name="LookBusy.Test.ClearMethodTests.Clear_InvalidatesOldPooledStrings_ThrowsOnAccess" storage="/home/runner/work/unmanagedstringpool/unmanagedstringpool/tests/bin/debug/net8.0/stringpooltest.dll" id="130836e5-9014-0363-bbbb-635ada3f84c1">
      <Execution id="7a9a58df-5b8a-4f22-a35c-640b475a9273" />
      <TestMethod codeBase="/home/runner/work/UnmanagedStringPool/UnmanagedStringPool/Tests/bin/Debug/net8.0/StringPoolTest.dll" adapterTypeName="executor://xunit/VsTestRunner2/netcoreapp" className="LookBusy.Test.ClearMethodTests" name="Clear_InvalidatesOldPooledStrings_ThrowsOnAccess" />
    </UnitTest>
    <UnitTest name="LookBusy.Test.PooledStringTests.Contains_NotFound_ReturnsFalse" storage="/home/runner/work/unmanagedstringpool/unmanagedstringpool/tests/bin/debug/net8.0/stringpooltest.dll" id="bc78633c-e1bd-7406-c764-143617c6bb28">
      <Execution id="656b1190-0b72-41c9-ad03-084bf7e38c69" />
      <TestMethod codeBase="/home/runner/work/UnmanagedStringPool/UnmanagedStringPool/Tests/bin/Debug/net8.0/StringPoolTest.dll" adapterTypeName="executor://xunit/VsTestRunner2/netcoreapp" className="LookBusy.Test.PooledStringTests" name="Contains_NotFound_ReturnsFalse" />
    </UnitTest>
    <UnitTest name="LookBusy.Test.PooledStringTests.SubstringSpan_ZeroLength_ReturnsEmptySpan" storage="/home/runner/work/unmanagedstringpool/unmanagedstringpool/tests/bin/debug/net8.0/stringpooltest.dll" id="b39ccd85-473b-bc91-8d48-febf2dd6747c">
      <Execution id="e8a8b5f9-de3e-4e35-9daa-7a7701128569" />
      <TestMethod codeBase="/home/runner/work/UnmanagedStringPool/UnmanagedStringPool/Tests/bin/Debug/net8.0/StringPoolTest.dll" adapterTypeName="executor://xunit/VsTestRunner2/netcoreapp" className="LookBusy.Test.PooledStringTests" name="SubstringSpan_ZeroLength_ReturnsEmptySpan" />
    </UnitTest>
    <UnitTest name="LookBusy.Test.ConcurrentAccessTests.ReaderWriterLockPattern_WorksCorrectlyWithPoolAsync" storage="/home/runner/work/unmanagedstringpool/unmanagedstringpool/tests/bin/debug/net8.0/stringpooltest.dll" id="4c0ecabc-5406-3299-c1aa-1d3beac1ba17">
      <Execution id="87600397-c59c-4e2e-a96b-7202741f06a9" />
      <TestMethod codeBase="/home/runner/work/UnmanagedStringPool/UnmanagedStringPool/Tests/bin/Debug/net8.0/StringPoolTest.dll" adapterTypeName="executor://xunit/VsTestRunner2/netcoreapp" className="LookBusy.Test.ConcurrentAccessTests" name="ReaderWriterLockPattern_WorksCorrectlyWithPoolAsync" />
    </UnitTest>
    <UnitTest name="LookBusy.Test.ClearMethodTests.Clear_OldStringManipulations_Throw" storage="/home/runner/work/unmanagedstringpool/unmanagedstringpool/tests/bin/debug/net8.0/stringpooltest.dll" id="abfb9779-76aa-fb1b-962e-43cc4329c036">
      <Execution id="fdbfdafc-8ea1-4f19-9286-3b9fb35f160e" />
      <TestMethod codeBase="/home/runner/work/UnmanagedStringPool/UnmanagedStringPool/Tests/bin/Debug/net8.0/StringPoolTest.dll" adapterTypeName="executor://xunit/VsTestRunner2/netcoreapp" className="LookBusy.Test.ClearMethodTests" name="Clear_OldStringManipulations_Throw" />
    </UnitTest>
    <UnitTest name="LookBusy.Test.PooledStringTests.LastIndexOf_NotFound_ReturnsMinusOne" storage="/home/runner/work/unmanagedstringpool/unmanagedstringpool/tests/bin/debug/net8.0/stringpooltest.dll" id="ab228e79-7dea-5b78-533d-fe80640a31c0">
      <Execution id="f4ce2de6-016e-4eb3-9590-1c235b6eacf0" />
      <TestMethod codeBase="/home/runner/work/UnmanagedStringPool/UnmanagedStringPool/Tests/bin/Debug/net8.0/StringPoolTest.dll" adapterTypeName="executor://xunit/VsTestRunner2/netcoreapp" className="LookBusy.Test.PooledStringTests" name="LastIndexOf_NotFound_ReturnsMinusOne" />
    </UnitTest>
    <UnitTest name="LookBusy.Test.PooledStringTests.EndsWith_Correct_ReturnsTrue" storage="/home/runner/work/unmanagedstringpool/unmanagedstringpool/tests/bin/debug/net8.0/stringpooltest.dll" id="c236e05e-3e11-8a6b-b9cd-c07c333af185">
      <Execution id="fad88524-63e8-41fb-97b5-ca526ab1d9d8" />
      <TestMethod codeBase="/home/runner/work/UnmanagedStringPool/UnmanagedStringPool/Tests/bin/Debug/net8.0/StringPoolTest.dll" adapterTypeName="executor://xunit/VsTestRunner2/netcoreapp" className="LookBusy.Test.PooledStringTests" name="EndsWith_Correct_ReturnsTrue" />
    </UnitTest>
    <UnitTest name="LookBusy.Test.UnmanagedStringPoolEdgeCaseTests.GetHashCode_DisposedPool_ReturnsMinusOne" storage="/home/runner/work/unmanagedstringpool/unmanagedstringpool/tests/bin/debug/net8.0/stringpooltest.dll" id="66b05648-f6bc-9f16-4007-5810e3c672b3">
      <Execution id="f172e7f5-0307-4ebe-9e94-55eef11faa9a" />
      <TestMethod codeBase="/home/runner/work/UnmanagedStringPool/UnmanagedStringPool/Tests/bin/Debug/net8.0/StringPoolTest.dll" adapterTypeName="executor://xunit/VsTestRunner2/netcoreapp" className="LookBusy.Test.UnmanagedStringPoolEdgeCaseTests" name="GetHashCode_DisposedPool_ReturnsMinusOne" />
    </UnitTest>
    <UnitTest name="LookBusy.Test.PooledStringTests.GetHashCode_RandomIdenticalStrings_ConsistentHashes" storage="/home/runner/work/unmanagedstringpool/unmanagedstringpool/tests/bin/debug/net8.0/stringpooltest.dll" id="1e3735b8-1cdd-49e5-f7fe-85b38313b49e">
      <Execution id="05ba2d35-a5b0-4960-b986-06e7bac666c3" />
      <TestMethod codeBase="/home/runner/work/UnmanagedStringPool/UnmanagedStringPool/Tests/bin/Debug/net8.0/StringPoolTest.dll" adapterTypeName="executor://xunit/VsTestRunner2/netcoreapp" className="LookBusy.Test.PooledStringTests" name="GetHashCode_RandomIdenticalStrings_ConsistentHashes" />
    </UnitTest>
    <UnitTest name="LookBusy.Test.ConcurrentAccessTests.ConcurrentAccess_DuringDisposal_HandlesGracefullyAsync" storage="/home/runner/work/unmanagedstringpool/unmanagedstringpool/tests/bin/debug/net8.0/stringpooltest.dll" id="f17ad6e3-8bb1-51e3-2b35-ae90c15fdf13">
      <Execution id="2123828f-908c-4827-a40e-9fff66d280c2" />
      <TestMethod codeBase="/home/runner/work/UnmanagedStringPool/UnmanagedStringPool/Tests/bin/Debug/net8.0/StringPoolTest.dll" adapterTypeName="executor://xunit/VsTestRunner2/netcoreapp" className="LookBusy.Test.ConcurrentAccessTests" name="ConcurrentAccess_DuringDisposal_HandlesGracefullyAsync" />
    </UnitTest>
    <UnitTest name="LookBusy.Test.IntegerOverflowTests.DefragmentAndGrowPool_NearMaxCapacity_ThrowsArgumentOutOfRangeException" storage="/home/runner/work/unmanagedstringpool/unmanagedstringpool/tests/bin/debug/net8.0/stringpooltest.dll" id="1c9c9bbf-bf57-9816-ff99-036d1ebb9dcb">
      <Execution id="372eabb6-524b-4aac-a650-b244f207c85a" />
      <TestMethod codeBase="/home/runner/work/UnmanagedStringPool/UnmanagedStringPool/Tests/bin/Debug/net8.0/StringPoolTest.dll" adapterTypeName="executor://xunit/VsTestRunner2/netcoreapp" className="LookBusy.Test.IntegerOverflowTests" name="DefragmentAndGrowPool_NearMaxCapacity_ThrowsArgumentOutOfRangeException" />
    </UnitTest>
    <UnitTest name="LookBusy.Test.PooledStringTests.IndexOf_NotFound_ReturnsMinusOne" storage="/home/runner/work/unmanagedstringpool/unmanagedstringpool/tests/bin/debug/net8.0/stringpooltest.dll" id="32fa400c-09b5-ebe5-1815-b695a9b47919">
      <Execution id="d5b0ba9d-fd9a-436f-80cb-e302e8f89fc3" />
      <TestMethod codeBase="/home/runner/work/UnmanagedStringPool/UnmanagedStringPool/Tests/bin/Debug/net8.0/StringPoolTest.dll" adapterTypeName="executor://xunit/VsTestRunner2/netcoreapp" className="LookBusy.Test.PooledStringTests" name="IndexOf_NotFound_ReturnsMinusOne" />
    </UnitTest>
    <UnitTest name="LookBusy.Test.DisposalAndLifecycleTests.Pool_StateConsistency_ThroughoutLifecycle" storage="/home/runner/work/unmanagedstringpool/unmanagedstringpool/tests/bin/debug/net8.0/stringpooltest.dll" id="d4771011-842b-40dd-4729-870a30ccbe01">
      <Execution id="f5852e78-5545-42a0-bf29-6b8abf110756" />
      <TestMethod codeBase="/home/runner/work/UnmanagedStringPool/UnmanagedStringPool/Tests/bin/Debug/net8.0/StringPoolTest.dll" adapterTypeName="executor://xunit/VsTestRunner2/netcoreapp" className="LookBusy.Test.DisposalAndLifecycleTests" name="Pool_StateConsistency_ThroughoutLifecycle" />
    </UnitTest>
    <UnitTest name="LookBusy.Test.UnmanagedStringPoolTests.FreeSpaceChars_AccuratelyReflectsAvailableSpace" storage="/home/runner/work/unmanagedstringpool/unmanagedstringpool/tests/bin/debug/net8.0/stringpooltest.dll" id="c440c795-3171-779f-a804-2159545c4b09">
      <Execution id="b4dcdbe8-febd-4f8d-a09d-1dccfc557a00" />
      <TestMethod codeBase="/home/runner/work/UnmanagedStringPool/UnmanagedStringPool/Tests/bin/Debug/net8.0/StringPoolTest.dll" adapterTypeName="executor://xunit/VsTestRunner2/netcoreapp" className="LookBusy.Test.UnmanagedStringPoolTests" name="FreeSpaceChars_AccuratelyReflectsAvailableSpace" />
    </UnitTest>
    <UnitTest name="LookBusy.Test.FragmentationAndMemoryTests.FreeBlockReuse_MultipleBlocks_FindsBestFit" storage="/home/runner/work/unmanagedstringpool/unmanagedstringpool/tests/bin/debug/net8.0/stringpooltest.dll" id="cc64e288-7dad-f96c-36e8-dd57c151a8f1">
      <Execution id="91e71b27-1a83-4bce-b90d-df25218db359" />
      <TestMethod codeBase="/home/runner/work/UnmanagedStringPool/UnmanagedStringPool/Tests/bin/Debug/net8.0/StringPoolTest.dll" adapterTypeName="executor://xunit/VsTestRunner2/netcoreapp" className="LookBusy.Test.FragmentationAndMemoryTests" name="FreeBlockReuse_MultipleBlocks_FindsBestFit" />
    </UnitTest>
    <UnitTest name="LookBusy.Test.DisposalAndLifecycleTests.StressTest_PoolCreationAndDisposal_NoMemoryLeaks" storage="/home/runner/work/unmanagedstringpool/unmanagedstringpool/tests/bin/debug/net8.0/stringpooltest.dll" id="a25fe20f-46cf-d33e-e035-21d26848f660">
      <Execution id="98d3cb56-f374-4638-a8ca-6ba2842caaf1" />
      <TestMethod codeBase="/home/runner/work/UnmanagedStringPool/UnmanagedStringPool/Tests/bin/Debug/net8.0/StringPoolTest.dll" adapterTypeName="executor://xunit/VsTestRunner2/netcoreapp" className="LookBusy.Test.DisposalAndLifecycleTests" name="StressTest_PoolCreationAndDisposal_NoMemoryLeaks" />
    </UnitTest>
    <UnitTest name="LookBusy.Test.PooledStringTests.GetHashCode_AfterPoolOperations_RemainsConsistent" storage="/home/runner/work/unmanagedstringpool/unmanagedstringpool/tests/bin/debug/net8.0/stringpooltest.dll" id="f2f47cf5-f090-3343-03cf-9c0d6449518b">
      <Execution id="ef907ff8-0698-491a-a8e8-d47a6eb4c8b5" />
      <TestMethod codeBase="/home/runner/work/UnmanagedStringPool/UnmanagedStringPool/Tests/bin/Debug/net8.0/StringPoolTest.dll" adapterTypeName="executor://xunit/VsTestRunner2/netcoreapp" className="LookBusy.Test.PooledStringTests" name="GetHashCode_AfterPoolOperations_RemainsConsistent" />
    </UnitTest>
    <UnitTest name="LookBusy.Test.UnmanagedStringPoolTests.Allocate_SimpleString_ReturnsValidPooledString" storage="/home/runner/work/unmanagedstringpool/unmanagedstringpool/tests/bin/debug/net8.0/stringpooltest.dll" id="e8c7c55d-25fe-7867-13ca-d78618893a39">
      <Execution id="707eddd3-d384-44ed-a3b1-6d63291a15e0" />
      <TestMethod codeBase="/home/runner/work/UnmanagedStringPool/UnmanagedStringPool/Tests/bin/Debug/net8.0/StringPoolTest.dll" adapterTypeName="executor://xunit/VsTestRunner2/netcoreapp" className="LookBusy.Test.UnmanagedStringPoolTests" name="Allocate_SimpleString_ReturnsValidPooledString" />
    </UnitTest>
    <UnitTest name="LookBusy.Test.FinalizerBehaviorTests.Finalizer_DoesNotAccessManagedObjects_AfterGC" storage="/home/runner/work/unmanagedstringpool/unmanagedstringpool/tests/bin/debug/net8.0/stringpooltest.dll" id="de4d0cf4-fc78-681b-c571-53d332f14131">
      <Execution id="7b573e2a-d000-497c-aacd-a6b367f6ed72" />
      <TestMethod codeBase="/home/runner/work/UnmanagedStringPool/UnmanagedStringPool/Tests/bin/Debug/net8.0/StringPoolTest.dll" adapterTypeName="executor://xunit/VsTestRunner2/netcoreapp" className="LookBusy.Test.FinalizerBehaviorTests" name="Finalizer_DoesNotAccessManagedObjects_AfterGC" />
    </UnitTest>
    <UnitTest name="LookBusy.Test.DisposalAndLifecycleTests.PoolProperties_AfterDisposal_StillAccessible" storage="/home/runner/work/unmanagedstringpool/unmanagedstringpool/tests/bin/debug/net8.0/stringpooltest.dll" id="1fc67838-564f-8950-2faf-5f635eb8c9af">
      <Execution id="1869233f-48bc-44c8-8f87-0d0819fb6db1" />
      <TestMethod codeBase="/home/runner/work/UnmanagedStringPool/UnmanagedStringPool/Tests/bin/Debug/net8.0/StringPoolTest.dll" adapterTypeName="executor://xunit/VsTestRunner2/netcoreapp" className="LookBusy.Test.DisposalAndLifecycleTests" name="PoolProperties_AfterDisposal_StillAccessible" />
    </UnitTest>
    <UnitTest name="LookBusy.Test.ClearMethodTests.Clear_ResetsFragmentation" storage="/home/runner/work/unmanagedstringpool/unmanagedstringpool/tests/bin/debug/net8.0/stringpooltest.dll" id="7f0ceea1-1906-66c8-9a55-2c294a9246fc">
      <Execution id="553c770b-9c83-43bd-8e2e-cf40055154fd" />
      <TestMethod codeBase="/home/runner/work/UnmanagedStringPool/UnmanagedStringPool/Tests/bin/Debug/net8.0/StringPoolTest.dll" adapterTypeName="executor://xunit/VsTestRunner2/netcoreapp" className="LookBusy.Test.ClearMethodTests" name="Clear_ResetsFragmentation" />
    </UnitTest>
    <UnitTest name="LookBusy.Test.UnmanagedStringPoolEdgeCaseTests.MultiplePooledStrings_SamePool_IndependentOperations" storage="/home/runner/work/unmanagedstringpool/unmanagedstringpool/tests/bin/debug/net8.0/stringpooltest.dll" id="38b7e53f-503e-4700-8607-1dcb72dc3926">
      <Execution id="6f6ecd53-e135-4d69-b118-fa3c776ff588" />
      <TestMethod codeBase="/home/runner/work/UnmanagedStringPool/UnmanagedStringPool/Tests/bin/Debug/net8.0/StringPoolTest.dll" adapterTypeName="executor://xunit/VsTestRunner2/netcoreapp" className="LookBusy.Test.UnmanagedStringPoolEdgeCaseTests" name="MultiplePooledStrings_SamePool_IndependentOperations" />
    </UnitTest>
    <UnitTest name="LookBusy.Test.ConcurrentAccessTests.ConcurrentPoolStateReads_RemainConsistentAsync" storage="/home/runner/work/unmanagedstringpool/unmanagedstringpool/tests/bin/debug/net8.0/stringpooltest.dll" id="beb39fa0-8e5b-1fd0-b791-8532179f97b0">
      <Execution id="4f0990b2-68e5-4e3e-9aad-5d5db7f63f5d" />
      <TestMethod codeBase="/home/runner/work/UnmanagedStringPool/UnmanagedStringPool/Tests/bin/Debug/net8.0/StringPoolTest.dll" adapterTypeName="executor://xunit/VsTestRunner2/netcoreapp" className="LookBusy.Test.ConcurrentAccessTests" name="ConcurrentPoolStateReads_RemainConsistentAsync" />
    </UnitTest>
    <UnitTest name="LookBusy.Test.FragmentationAndMemoryTests.FreeBlockReuse_ExactSize_ReusesBlock" storage="/home/runner/work/unmanagedstringpool/unmanagedstringpool/tests/bin/debug/net8.0/stringpooltest.dll" id="ec7961f5-7911-e7f0-1459-d112f02f63a4">
      <Execution id="f86c84fb-f324-4278-b056-3ee485a5cbf3" />
      <TestMethod codeBase="/home/runner/work/UnmanagedStringPool/UnmanagedStringPool/Tests/bin/Debug/net8.0/StringPoolTest.dll" adapterTypeName="executor://xunit/VsTestRunner2/netcoreapp" className="LookBusy.Test.FragmentationAndMemoryTests" name="FreeBlockReuse_ExactSize_ReusesBlock" />
    </UnitTest>
    <UnitTest name="LookBusy.Test.UnmanagedStringPoolEdgeCaseTests.EmptyStringPool_GetAllocationInfo_ValidId_ReturnsCorrectInfo" storage="/home/runner/work/unmanagedstringpool/unmanagedstringpool/tests/bin/debug/net8.0/stringpooltest.dll" id="e6cfa355-8628-91e9-59f7-b9f9bf3bdf5e">
      <Execution id="770a50a8-a17d-4a44-b919-477515639c5e" />
      <TestMethod codeBase="/home/runner/work/UnmanagedStringPool/UnmanagedStringPool/Tests/bin/Debug/net8.0/StringPoolTest.dll" adapterTypeName="executor://xunit/VsTestRunner2/netcoreapp" className="LookBusy.Test.UnmanagedStringPoolEdgeCaseTests" name="EmptyStringPool_GetAllocationInfo_ValidId_ReturnsCorrectInfo" />
    </UnitTest>
    <UnitTest name="LookBusy.Test.ClearMethodTests.Clear_InvalidatesStringsAcrossThreadsAsync" storage="/home/runner/work/unmanagedstringpool/unmanagedstringpool/tests/bin/debug/net8.0/stringpooltest.dll" id="69131465-4cf6-bf73-2b58-56e178c3ff99">
      <Execution id="d4039287-1986-41d7-b181-a487a9b8af9c" />
      <TestMethod codeBase="/home/runner/work/UnmanagedStringPool/UnmanagedStringPool/Tests/bin/Debug/net8.0/StringPoolTest.dll" adapterTypeName="executor://xunit/VsTestRunner2/netcoreapp" className="LookBusy.Test.ClearMethodTests" name="Clear_InvalidatesStringsAcrossThreadsAsync" />
    </UnitTest>
    <UnitTest name="LookBusy.Test.UnmanagedStringPoolEdgeCaseTests.Insert_AtMaxLength_WorksCorrectly" storage="/home/runner/work/unmanagedstringpool/unmanagedstringpool/tests/bin/debug/net8.0/stringpooltest.dll" id="5e0128ec-d597-6f47-9d17-358ad8c6aa9f">
      <Execution id="a5ade3ca-853b-41b2-baf9-4f4972f17e66" />
      <TestMethod codeBase="/home/runner/work/UnmanagedStringPool/UnmanagedStringPool/Tests/bin/Debug/net8.0/StringPoolTest.dll" adapterTypeName="executor://xunit/VsTestRunner2/netcoreapp" className="LookBusy.Test.UnmanagedStringPoolEdgeCaseTests" name="Insert_AtMaxLength_WorksCorrectly" />
    </UnitTest>
    <UnitTest name="LookBusy.Test.PooledStringTests.Length_CorrectlyReturnsStringLength" storage="/home/runner/work/unmanagedstringpool/unmanagedstringpool/tests/bin/debug/net8.0/stringpooltest.dll" id="be04f6a2-e8e4-13c8-ddfe-f0a0c2f5dd0d">
      <Execution id="e9708cf5-c711-4200-a867-1bde8a72fe5d" />
      <TestMethod codeBase="/home/runner/work/UnmanagedStringPool/UnmanagedStringPool/Tests/bin/Debug/net8.0/StringPoolTest.dll" adapterTypeName="executor://xunit/VsTestRunner2/netcoreapp" className="LookBusy.Test.PooledStringTests" name="Length_CorrectlyReturnsStringLength" />
    </UnitTest>
    <UnitTest name="LookBusy.Test.UnmanagedStringPoolTests.Constructor_InvalidCapacity_ThrowsArgumentOutOfRangeException(capacity: -1)" storage="/home/runner/work/unmanagedstringpool/unmanagedstringpool/tests/bin/debug/net8.0/stringpooltest.dll" id="4eb74b35-bb1e-adaf-c7cb-f0dc1d7d9f78">
      <Execution id="e6e99870-a4e1-40e7-84c3-12f324fda6a8" />
      <TestMethod codeBase="/home/runner/work/UnmanagedStringPool/UnmanagedStringPool/Tests/bin/Debug/net8.0/StringPoolTest.dll" adapterTypeName="executor://xunit/VsTestRunner2/netcoreapp" className="LookBusy.Test.UnmanagedStringPoolTests" name="Constructor_InvalidCapacity_ThrowsArgumentOutOfRangeException" />
    </UnitTest>
    <UnitTest name="LookBusy.Test.UnmanagedStringPoolEdgeCaseTests.PooledString_AccessAfterPoolDispose_ThrowsObjectDisposedException" storage="/home/runner/work/unmanagedstringpool/unmanagedstringpool/tests/bin/debug/net8.0/stringpooltest.dll" id="fbc70db6-2aad-60a2-9a2b-8eaf8cb8293e">
      <Execution id="1cbf3295-2526-4021-8903-6e32a478f6b4" />
      <TestMethod codeBase="/home/runner/work/UnmanagedStringPool/UnmanagedStringPool/Tests/bin/Debug/net8.0/StringPoolTest.dll" adapterTypeName="executor://xunit/VsTestRunner2/netcoreapp" className="LookBusy.Test.UnmanagedStringPoolEdgeCaseTests" name="PooledString_AccessAfterPoolDispose_ThrowsObjectDisposedException" />
    </UnitTest>
    <UnitTest name="LookBusy.Test.PooledStringTests.ToString_WithUnicodeCharacters_WorksCorrectly" storage="/home/runner/work/unmanagedstringpool/unmanagedstringpool/tests/bin/debug/net8.0/stringpooltest.dll" id="ef2e43a1-5c05-97f0-367f-4ca560ce7b36">
      <Execution id="5ef5f7da-407d-4a78-8fc6-e247a0695a9a" />
      <TestMethod codeBase="/home/runner/work/UnmanagedStringPool/UnmanagedStringPool/Tests/bin/Debug/net8.0/StringPoolTest.dll" adapterTypeName="executor://xunit/VsTestRunner2/netcoreapp" className="LookBusy.Test.PooledStringTests" name="ToString_WithUnicodeCharacters_WorksCorrectly" />
    </UnitTest>
    <UnitTest name="LookBusy.Test.PooledStringTests.SubstringSpan_InvalidRange_ThrowsArgumentOutOfRangeException(start: 5, length: 7)" storage="/home/runner/work/unmanagedstringpool/unmanagedstringpool/tests/bin/debug/net8.0/stringpooltest.dll" id="32c1ee52-491a-a511-12f4-0422d8795d01">
      <Execution id="b2419798-3afa-469d-a8d4-536ddc133a0d" />
      <TestMethod codeBase="/home/runner/work/UnmanagedStringPool/UnmanagedStringPool/Tests/bin/Debug/net8.0/StringPoolTest.dll" adapterTypeName="executor://xunit/VsTestRunner2/netcoreapp" className="LookBusy.Test.PooledStringTests" name="SubstringSpan_InvalidRange_ThrowsArgumentOutOfRangeException" />
    </UnitTest>
    <UnitTest name="LookBusy.Test.PooledStringTests.Insert_EmptyValue_ReturnsOriginal" storage="/home/runner/work/unmanagedstringpool/unmanagedstringpool/tests/bin/debug/net8.0/stringpooltest.dll" id="f50978f1-8649-8438-9086-39f900fba8f0">
      <Execution id="cb9acb67-2fd1-4488-ab8d-eae2a866adc0" />
      <TestMethod codeBase="/home/runner/work/UnmanagedStringPool/UnmanagedStringPool/Tests/bin/Debug/net8.0/StringPoolTest.dll" adapterTypeName="executor://xunit/VsTestRunner2/netcoreapp" className="LookBusy.Test.PooledStringTests" name="Insert_EmptyValue_ReturnsOriginal" />
    </UnitTest>
    <UnitTest name="LookBusy.Test.IntegerOverflowTests.DefragmentAndGrowPool_ExactOverflowBoundary_ThrowsArgumentOutOfRangeException(additionalBytes: 2147483647)" storage="/home/runner/work/unmanagedstringpool/unmanagedstringpool/tests/bin/debug/net8.0/stringpooltest.dll" id="31f67e0e-de1a-a6b4-bbcc-455a0c26216c">
      <Execution id="d78fe560-10ca-417f-b597-331330a0a562" />
      <TestMethod codeBase="/home/runner/work/UnmanagedStringPool/UnmanagedStringPool/Tests/bin/Debug/net8.0/StringPoolTest.dll" adapterTypeName="executor://xunit/VsTestRunner2/netcoreapp" className="LookBusy.Test.IntegerOverflowTests" name="DefragmentAndGrowPool_ExactOverflowBoundary_ThrowsArgumentOutOfRangeException" />
    </UnitTest>
    <UnitTest name="LookBusy.Test.FragmentationAndMemoryTests.CreateFragmentation_FreeMiddleStrings_IncreasesFragmentation" storage="/home/runner/work/unmanagedstringpool/unmanagedstringpool/tests/bin/debug/net8.0/stringpooltest.dll" id="e24ee9aa-1c21-93d5-b1ec-fa355ee724b8">
      <Execution id="03518102-05aa-47b5-bdfa-5300a2c727fe" />
      <TestMethod codeBase="/home/runner/work/UnmanagedStringPool/UnmanagedStringPool/Tests/bin/Debug/net8.0/StringPoolTest.dll" adapterTypeName="executor://xunit/VsTestRunner2/netcoreapp" className="LookBusy.Test.FragmentationAndMemoryTests" name="CreateFragmentation_FreeMiddleStrings_IncreasesFragmentation" />
    </UnitTest>
    <UnitTest name="LookBusy.Test.PooledStringTests.IndexOf_Found_ReturnsCorrectIndex" storage="/home/runner/work/unmanagedstringpool/unmanagedstringpool/tests/bin/debug/net8.0/stringpooltest.dll" id="f22ea399-d018-2da5-6156-ba99273c1de0">
      <Execution id="ffdf43d8-eaff-41be-a757-491a3c896080" />
      <TestMethod codeBase="/home/runner/work/UnmanagedStringPool/UnmanagedStringPool/Tests/bin/Debug/net8.0/StringPoolTest.dll" adapterTypeName="executor://xunit/VsTestRunner2/netcoreapp" className="LookBusy.Test.PooledStringTests" name="IndexOf_Found_ReturnsCorrectIndex" />
    </UnitTest>
    <UnitTest name="LookBusy.Test.IntegerOverflowTests.SetAtPosition_StartTimesCharSizeOverflow_ThrowsArgumentOutOfRangeException" storage="/home/runner/work/unmanagedstringpool/unmanagedstringpool/tests/bin/debug/net8.0/stringpooltest.dll" id="93a9b2ad-bd54-c358-5083-815d59bfa385">
      <Execution id="d9cdce63-983f-4b2f-a79c-585d08fbdd62" />
      <TestMethod codeBase="/home/runner/work/UnmanagedStringPool/UnmanagedStringPool/Tests/bin/Debug/net8.0/StringPoolTest.dll" adapterTypeName="executor://xunit/VsTestRunner2/netcoreapp" className="LookBusy.Test.IntegerOverflowTests" name="SetAtPosition_StartTimesCharSizeOverflow_ThrowsArgumentOutOfRangeException" />
    </UnitTest>
    <UnitTest name="LookBusy.Test.UnmanagedStringPoolEdgeCaseTests.SubstringSpan_NegativeLength_ThrowsArgumentOutOfRangeException" storage="/home/runner/work/unmanagedstringpool/unmanagedstringpool/tests/bin/debug/net8.0/stringpooltest.dll" id="2adc0fcf-3923-f9af-0e08-da1e4778f030">
      <Execution id="24950729-4f15-4501-ac00-e1c74209c057" />
      <TestMethod codeBase="/home/runner/work/UnmanagedStringPool/UnmanagedStringPool/Tests/bin/Debug/net8.0/StringPoolTest.dll" adapterTypeName="executor://xunit/VsTestRunner2/netcoreapp" className="LookBusy.Test.UnmanagedStringPoolEdgeCaseTests" name="SubstringSpan_NegativeLength_ThrowsArgumentOutOfRangeException" />
    </UnitTest>
    <UnitTest name="LookBusy.Test.UnmanagedStringPoolEdgeCaseTests.FragmentationCalculation_EmptyPool_ReturnsZero" storage="/home/runner/work/unmanagedstringpool/unmanagedstringpool/tests/bin/debug/net8.0/stringpooltest.dll" id="0afe04d5-54b7-74bf-25bd-347341b354c9">
      <Execution id="078594d1-2524-4111-be4e-7df273d74eea" />
      <TestMethod codeBase="/home/runner/work/UnmanagedStringPool/UnmanagedStringPool/Tests/bin/Debug/net8.0/StringPoolTest.dll" adapterTypeName="executor://xunit/VsTestRunner2/netcoreapp" className="LookBusy.Test.UnmanagedStringPoolEdgeCaseTests" name="FragmentationCalculation_EmptyPool_ReturnsZero" />
    </UnitTest>
    <UnitTest name="LookBusy.Test.IntegerOverflowTests.AlignSize_MaxInt_HandlesCorrectly" storage="/home/runner/work/unmanagedstringpool/unmanagedstringpool/tests/bin/debug/net8.0/stringpooltest.dll" id="1053be2f-0abc-5ce5-06f2-58679169eebd">
      <Execution id="054ec87c-96bb-4482-90f5-71c74b6fe9d9" />
      <TestMethod codeBase="/home/runner/work/UnmanagedStringPool/UnmanagedStringPool/Tests/bin/Debug/net8.0/StringPoolTest.dll" adapterTypeName="executor://xunit/VsTestRunner2/netcoreapp" className="LookBusy.Test.IntegerOverflowTests" name="AlignSize_MaxInt_HandlesCorrectly" />
    </UnitTest>
    <UnitTest name="LookBusy.Test.UnmanagedStringPoolEdgeCaseTests.Allocate_VeryLongString_WorksCorrectly" storage="/home/runner/work/unmanagedstringpool/unmanagedstringpool/tests/bin/debug/net8.0/stringpooltest.dll" id="e3b83164-ea48-2292-5d7d-f10048c78f5b">
      <Execution id="06d4c07a-e885-4bea-8eed-dbdf67b49beb" />
      <TestMethod codeBase="/home/runner/work/UnmanagedStringPool/UnmanagedStringPool/Tests/bin/Debug/net8.0/StringPoolTest.dll" adapterTypeName="executor://xunit/VsTestRunner2/netcoreapp" className="LookBusy.Test.UnmanagedStringPoolEdgeCaseTests" name="Allocate_VeryLongString_WorksCorrectly" />
    </UnitTest>
    <UnitTest name="LookBusy.Test.IntegerOverflowTests.PooledString_Replace_OverflowDetection_WithMockScenario" storage="/home/runner/work/unmanagedstringpool/unmanagedstringpool/tests/bin/debug/net8.0/stringpooltest.dll" id="11254311-11e2-0ca0-c3d1-fef2f1122081">
      <Execution id="ee5923bb-252e-4c53-9d1d-2c692d1b568e" />
      <TestMethod codeBase="/home/runner/work/UnmanagedStringPool/UnmanagedStringPool/Tests/bin/Debug/net8.0/StringPoolTest.dll" adapterTypeName="executor://xunit/VsTestRunner2/netcoreapp" className="LookBusy.Test.IntegerOverflowTests" name="PooledString_Replace_OverflowDetection_WithMockScenario" />
    </UnitTest>
    <UnitTest name="LookBusy.Test.DisposalAndLifecycleTests.UsingStatement_AutomaticallyDisposesPool" storage="/home/runner/work/unmanagedstringpool/unmanagedstringpool/tests/bin/debug/net8.0/stringpooltest.dll" id="ba0ed36d-b4fe-ac83-b437-55305c9bf69d">
      <Execution id="feccaaf7-2997-41da-bade-92c5d157f35c" />
      <TestMethod codeBase="/home/runner/work/UnmanagedStringPool/UnmanagedStringPool/Tests/bin/Debug/net8.0/StringPoolTest.dll" adapterTypeName="executor://xunit/VsTestRunner2/netcoreapp" className="LookBusy.Test.DisposalAndLifecycleTests" name="UsingStatement_AutomaticallyDisposesPool" />
    </UnitTest>
    <UnitTest name="LookBusy.Test.UnmanagedStringPoolEdgeCaseTests.DefragmentAndGrowPool_MaxIntValue_ThrowsArgumentOutOfRangeException" storage="/home/runner/work/unmanagedstringpool/unmanagedstringpool/tests/bin/debug/net8.0/stringpooltest.dll" id="da8502b2-2adf-dc27-dc55-ec4ca956bfe6">
      <Execution id="ecefc4ab-289e-4a63-a089-2476d223eae6" />
      <TestMethod codeBase="/home/runner/work/UnmanagedStringPool/UnmanagedStringPool/Tests/bin/Debug/net8.0/StringPoolTest.dll" adapterTypeName="executor://xunit/VsTestRunner2/netcoreapp" className="LookBusy.Test.UnmanagedStringPoolEdgeCaseTests" name="DefragmentAndGrowPool_MaxIntValue_ThrowsArgumentOutOfRangeException" />
    </UnitTest>
    <UnitTest name="LookBusy.Test.UnmanagedStringPoolTests.Allocate_AfterDisposal_ThrowsObjectDisposedException" storage="/home/runner/work/unmanagedstringpool/unmanagedstringpool/tests/bin/debug/net8.0/stringpooltest.dll" id="b5524ca6-d775-1a52-f2f2-7ad36ec65b9f">
      <Execution id="fca58e11-f412-4671-bd97-596a625ad0a7" />
      <TestMethod codeBase="/home/runner/work/UnmanagedStringPool/UnmanagedStringPool/Tests/bin/Debug/net8.0/StringPoolTest.dll" adapterTypeName="executor://xunit/VsTestRunner2/netcoreapp" className="LookBusy.Test.UnmanagedStringPoolTests" name="Allocate_AfterDisposal_ThrowsObjectDisposedException" />
    </UnitTest>
    <UnitTest name="LookBusy.Test.DisposalAndLifecycleTests.Finalizer_CalledOnPoolCollection_FreesUnmanagedMemory" storage="/home/runner/work/unmanagedstringpool/unmanagedstringpool/tests/bin/debug/net8.0/stringpooltest.dll" id="7f0c7100-e4cd-3f53-f7f5-bbe80eeade44">
      <Execution id="1eb084e0-ffe8-41d0-a45d-ffe96fba4f92" />
      <TestMethod codeBase="/home/runner/work/UnmanagedStringPool/UnmanagedStringPool/Tests/bin/Debug/net8.0/StringPoolTest.dll" adapterTypeName="executor://xunit/VsTestRunner2/netcoreapp" className="LookBusy.Test.DisposalAndLifecycleTests" name="Finalizer_CalledOnPoolCollection_FreesUnmanagedMemory" />
    </UnitTest>
    <UnitTest name="LookBusy.Test.IntegerOverflowTests.PooledString_Insert_InvalidPosition_ThrowsArgumentOutOfRangeException(position: 2147483647)" storage="/home/runner/work/unmanagedstringpool/unmanagedstringpool/tests/bin/debug/net8.0/stringpooltest.dll" id="cbf7f91c-0fff-bc76-1096-e38f3a10f42a">
      <Execution id="09253542-0c17-4225-bb1e-b037327821e6" />
      <TestMethod codeBase="/home/runner/work/UnmanagedStringPool/UnmanagedStringPool/Tests/bin/Debug/net8.0/StringPoolTest.dll" adapterTypeName="executor://xunit/VsTestRunner2/netcoreapp" className="LookBusy.Test.IntegerOverflowTests" name="PooledString_Insert_InvalidPosition_ThrowsArgumentOutOfRangeException" />
    </UnitTest>
    <UnitTest name="LookBusy.Test.ClearMethodTests.Clear_OldStringOperations_Throw" storage="/home/runner/work/unmanagedstringpool/unmanagedstringpool/tests/bin/debug/net8.0/stringpooltest.dll" id="f4bca4ff-d076-3678-5e0e-0a1287248d27">
      <Execution id="0b984645-534b-4608-b047-b54e3c1cedde" />
      <TestMethod codeBase="/home/runner/work/UnmanagedStringPool/UnmanagedStringPool/Tests/bin/Debug/net8.0/StringPoolTest.dll" adapterTypeName="executor://xunit/VsTestRunner2/netcoreapp" className="LookBusy.Test.ClearMethodTests" name="Clear_OldStringOperations_Throw" />
    </UnitTest>
    <UnitTest name="LookBusy.Test.FragmentationAndMemoryTests.StressTest_CycleAllocations_HandlesGracefully" storage="/home/runner/work/unmanagedstringpool/unmanagedstringpool/tests/bin/debug/net8.0/stringpooltest.dll" id="4486e472-dc2e-50d5-815d-b5b63202df17">
      <Execution id="555477c0-e4f4-42fc-bd7a-a7f18be8e11e" />
      <TestMethod codeBase="/home/runner/work/UnmanagedStringPool/UnmanagedStringPool/Tests/bin/Debug/net8.0/StringPoolTest.dll" adapterTypeName="executor://xunit/VsTestRunner2/netcoreapp" className="LookBusy.Test.FragmentationAndMemoryTests" name="StressTest_CycleAllocations_HandlesGracefully" />
    </UnitTest>
    <UnitTest name="LookBusy.Test.UnmanagedStringPoolEdgeCaseTests.FreeString_InvalidId_NoException" storage="/home/runner/work/unmanagedstringpool/unmanagedstringpool/tests/bin/debug/net8.0/stringpooltest.dll" id="7d655f49-e6ae-4596-e822-e1cef8ab3073">
      <Execution id="8e89023b-28b8-41d0-8804-60ce886e23ac" />
      <TestMethod codeBase="/home/runner/work/UnmanagedStringPool/UnmanagedStringPool/Tests/bin/Debug/net8.0/StringPoolTest.dll" adapterTypeName="executor://xunit/VsTestRunner2/netcoreapp" className="LookBusy.Test.UnmanagedStringPoolEdgeCaseTests" name="FreeString_InvalidId_NoException" />
    </UnitTest>
    <UnitTest name="LookBusy.Test.PooledStringTests.Contains_Found_ReturnsTrue" storage="/home/runner/work/unmanagedstringpool/unmanagedstringpool/tests/bin/debug/net8.0/stringpooltest.dll" id="3d31f172-fa23-d563-4ae6-21e23056533c">
      <Execution id="a7156050-f8ef-4222-9930-2a3323efbd4c" />
      <TestMethod codeBase="/home/runner/work/UnmanagedStringPool/UnmanagedStringPool/Tests/bin/Debug/net8.0/StringPoolTest.dll" adapterTypeName="executor://xunit/VsTestRunner2/netcoreapp" className="LookBusy.Test.PooledStringTests" name="Contains_Found_ReturnsTrue" />
    </UnitTest>
    <UnitTest name="LookBusy.Test.ClearMethodTests.Clear_WithMixedSizeAllocations_ResetsCorrectly" storage="/home/runner/work/unmanagedstringpool/unmanagedstringpool/tests/bin/debug/net8.0/stringpooltest.dll" id="5433cd94-0e2a-ff21-50f1-25b20a31891b">
      <Execution id="537b745a-37bf-459a-8c91-92cddd5796c1" />
      <TestMethod codeBase="/home/runner/work/UnmanagedStringPool/UnmanagedStringPool/Tests/bin/Debug/net8.0/StringPoolTest.dll" adapterTypeName="executor://xunit/VsTestRunner2/netcoreapp" className="LookBusy.Test.ClearMethodTests" name="Clear_WithMixedSizeAllocations_ResetsCorrectly" />
    </UnitTest>
    <UnitTest name="LookBusy.Test.FragmentationAndMemoryTests.PoolGrowth_WithHighFragmentation_DefragmentsAndGrows" storage="/home/runner/work/unmanagedstringpool/unmanagedstringpool/tests/bin/debug/net8.0/stringpooltest.dll" id="2ee7512d-c88c-3494-27cb-df069946ea80">
      <Execution id="9c1ce6d4-6592-4030-98e4-debdf552f648" />
      <TestMethod codeBase="/home/runner/work/UnmanagedStringPool/UnmanagedStringPool/Tests/bin/Debug/net8.0/StringPoolTest.dll" adapterTypeName="executor://xunit/VsTestRunner2/netcoreapp" className="LookBusy.Test.FragmentationAndMemoryTests" name="PoolGrowth_WithHighFragmentation_DefragmentsAndGrows" />
    </UnitTest>
    <UnitTest name="LookBusy.Test.FragmentationAndMemoryTests.BlockCoalescing_NonAdjacentBlocks_RemainSeparate" storage="/home/runner/work/unmanagedstringpool/unmanagedstringpool/tests/bin/debug/net8.0/stringpooltest.dll" id="bdb64cbc-8519-ba6a-5cc2-9911a87749ec">
      <Execution id="5a660b0b-46cc-4c3e-b25c-2bda71b75596" />
      <TestMethod codeBase="/home/runner/work/UnmanagedStringPool/UnmanagedStringPool/Tests/bin/Debug/net8.0/StringPoolTest.dll" adapterTypeName="executor://xunit/VsTestRunner2/netcoreapp" className="LookBusy.Test.FragmentationAndMemoryTests" name="BlockCoalescing_NonAdjacentBlocks_RemainSeparate" />
    </UnitTest>
    <UnitTest name="LookBusy.Test.FragmentationAndMemoryTests.FragmentationThreshold_BoundaryConditions_WorkCorrectly" storage="/home/runner/work/unmanagedstringpool/unmanagedstringpool/tests/bin/debug/net8.0/stringpooltest.dll" id="df6a7cf9-4be8-71e3-188f-21079d95fa90">
      <Execution id="38cc2222-bd46-44d3-a422-682e60d2b88e" />
      <TestMethod codeBase="/home/runner/work/UnmanagedStringPool/UnmanagedStringPool/Tests/bin/Debug/net8.0/StringPoolTest.dll" adapterTypeName="executor://xunit/VsTestRunner2/netcoreapp" className="LookBusy.Test.FragmentationAndMemoryTests" name="FragmentationThreshold_BoundaryConditions_WorkCorrectly" />
    </UnitTest>
    <UnitTest name="LookBusy.Test.UnmanagedStringPoolEdgeCaseTests.Dispose_MultipleCalls_NoException" storage="/home/runner/work/unmanagedstringpool/unmanagedstringpool/tests/bin/debug/net8.0/stringpooltest.dll" id="6dfbde64-a021-0669-289d-72e453da2c03">
      <Execution id="0863e689-da80-4af3-9eff-718339239a0e" />
      <TestMethod codeBase="/home/runner/work/UnmanagedStringPool/UnmanagedStringPool/Tests/bin/Debug/net8.0/StringPoolTest.dll" adapterTypeName="executor://xunit/VsTestRunner2/netcoreapp" className="LookBusy.Test.UnmanagedStringPoolEdgeCaseTests" name="Dispose_MultipleCalls_NoException" />
    </UnitTest>
    <UnitTest name="LookBusy.Test.ConcurrentAccessTests.ConcurrentStringOperations_ReadOnly_ShouldBeThreadSafeAsync" storage="/home/runner/work/unmanagedstringpool/unmanagedstringpool/tests/bin/debug/net8.0/stringpooltest.dll" id="909133c7-b350-e6e9-a3ba-04e7f0a02997">
      <Execution id="9ed26a2b-ad2e-450c-8836-11b99916224b" />
      <TestMethod codeBase="/home/runner/work/UnmanagedStringPool/UnmanagedStringPool/Tests/bin/Debug/net8.0/StringPoolTest.dll" adapterTypeName="executor://xunit/VsTestRunner2/netcoreapp" className="LookBusy.Test.ConcurrentAccessTests" name="ConcurrentStringOperations_ReadOnly_ShouldBeThreadSafeAsync" />
    </UnitTest>
    <UnitTest name="LookBusy.Test.DisposalAndLifecycleTests.Allocate_AfterDisposal_ThrowsObjectDisposedException" storage="/home/runner/work/unmanagedstringpool/unmanagedstringpool/tests/bin/debug/net8.0/stringpooltest.dll" id="d9efb63c-9826-fa1a-ed49-a5e0c06b1163">
      <Execution id="d0f2b84d-f6da-45ef-b99f-b6b7277c9207" />
      <TestMethod codeBase="/home/runner/work/UnmanagedStringPool/UnmanagedStringPool/Tests/bin/Debug/net8.0/StringPoolTest.dll" adapterTypeName="executor://xunit/VsTestRunner2/netcoreapp" className="LookBusy.Test.DisposalAndLifecycleTests" name="Allocate_AfterDisposal_ThrowsObjectDisposedException" />
    </UnitTest>
    <UnitTest name="LookBusy.Test.DisposalAndLifecycleTests.EmptyString_MultipleDispose_Safe" storage="/home/runner/work/unmanagedstringpool/unmanagedstringpool/tests/bin/debug/net8.0/stringpooltest.dll" id="25e80430-b0f3-ff71-6db2-39eb1ebd64ad">
      <Execution id="993385b9-2fb6-42ae-9762-74dde747f8ad" />
      <TestMethod codeBase="/home/runner/work/UnmanagedStringPool/UnmanagedStringPool/Tests/bin/Debug/net8.0/StringPoolTest.dll" adapterTypeName="executor://xunit/VsTestRunner2/netcoreapp" className="LookBusy.Test.DisposalAndLifecycleTests" name="EmptyString_MultipleDispose_Safe" />
    </UnitTest>
    <UnitTest name="LookBusy.Test.PooledStringTests.IsEmpty_EmptyString_ReturnsTrue" storage="/home/runner/work/unmanagedstringpool/unmanagedstringpool/tests/bin/debug/net8.0/stringpooltest.dll" id="91cfb8a2-a893-e6d0-3c3a-7e0d0af3ad33">
      <Execution id="51680c05-18b6-4427-9ca0-fceaf524f5a5" />
      <TestMethod codeBase="/home/runner/work/UnmanagedStringPool/UnmanagedStringPool/Tests/bin/Debug/net8.0/StringPoolTest.dll" adapterTypeName="executor://xunit/VsTestRunner2/netcoreapp" className="LookBusy.Test.PooledStringTests" name="IsEmpty_EmptyString_ReturnsTrue" />
    </UnitTest>
    <UnitTest name="LookBusy.Test.UnmanagedStringPoolEdgeCaseTests.FreeSpaceCalculation_WithFragmentation_IsAccurate" storage="/home/runner/work/unmanagedstringpool/unmanagedstringpool/tests/bin/debug/net8.0/stringpooltest.dll" id="e42f0bbe-c35f-be38-83dc-82d6abd7c316">
      <Execution id="4a9a37b8-576c-4c3b-996d-bb0143596c09" />
      <TestMethod codeBase="/home/runner/work/UnmanagedStringPool/UnmanagedStringPool/Tests/bin/Debug/net8.0/StringPoolTest.dll" adapterTypeName="executor://xunit/VsTestRunner2/netcoreapp" className="LookBusy.Test.UnmanagedStringPoolEdgeCaseTests" name="FreeSpaceCalculation_WithFragmentation_IsAccurate" />
    </UnitTest>
    <UnitTest name="LookBusy.Test.IntegerOverflowTests.Allocate_OversizedString_ThrowsArgumentOutOfRangeException(lengthChars: 1073741823)" storage="/home/runner/work/unmanagedstringpool/unmanagedstringpool/tests/bin/debug/net8.0/stringpooltest.dll" id="00a56d22-8d77-a5a8-48dd-588e277b68b5">
      <Execution id="95a706d3-35e9-4f99-947f-04a09b77c65a" />
      <TestMethod codeBase="/home/runner/work/UnmanagedStringPool/UnmanagedStringPool/Tests/bin/Debug/net8.0/StringPoolTest.dll" adapterTypeName="executor://xunit/VsTestRunner2/netcoreapp" className="LookBusy.Test.IntegerOverflowTests" name="Allocate_OversizedString_ThrowsArgumentOutOfRangeException" />
    </UnitTest>
    <UnitTest name="LookBusy.Test.UnmanagedStringPoolTests.Allocate_LargeString_HandlesCorrectly" storage="/home/runner/work/unmanagedstringpool/unmanagedstringpool/tests/bin/debug/net8.0/stringpooltest.dll" id="694d8234-9855-bc2e-232e-4684eb55ce86">
      <Execution id="43618fa6-1cf8-4871-b7e9-98a91eac3131" />
      <TestMethod codeBase="/home/runner/work/UnmanagedStringPool/UnmanagedStringPool/Tests/bin/Debug/net8.0/StringPoolTest.dll" adapterTypeName="executor://xunit/VsTestRunner2/netcoreapp" className="LookBusy.Test.UnmanagedStringPoolTests" name="Allocate_LargeString_HandlesCorrectly" />
    </UnitTest>
    <UnitTest name="LookBusy.Test.FinalizerBehaviorTests.Finalizer_UnderMemoryPressure_ExecutesReliably" storage="/home/runner/work/unmanagedstringpool/unmanagedstringpool/tests/bin/debug/net8.0/stringpooltest.dll" id="7525df1f-58a3-c115-289e-a511e9895de5">
      <Execution id="561087d6-8c6e-4d8b-a36b-11cd29b65231" />
      <TestMethod codeBase="/home/runner/work/UnmanagedStringPool/UnmanagedStringPool/Tests/bin/Debug/net8.0/StringPoolTest.dll" adapterTypeName="executor://xunit/VsTestRunner2/netcoreapp" className="LookBusy.Test.FinalizerBehaviorTests" name="Finalizer_UnderMemoryPressure_ExecutesReliably" />
    </UnitTest>
    <UnitTest name="LookBusy.Test.ClearMethodTests.Clear_AllowsReuseOfMemory" storage="/home/runner/work/unmanagedstringpool/unmanagedstringpool/tests/bin/debug/net8.0/stringpooltest.dll" id="a1be7f2b-2c4f-bc66-758e-593556b1e180">
      <Execution id="213a7a28-854d-4f7d-9370-5faf5b39e8fc" />
      <TestMethod codeBase="/home/runner/work/UnmanagedStringPool/UnmanagedStringPool/Tests/bin/Debug/net8.0/StringPoolTest.dll" adapterTypeName="executor://xunit/VsTestRunner2/netcoreapp" className="LookBusy.Test.ClearMethodTests" name="Clear_AllowsReuseOfMemory" />
    </UnitTest>
    <UnitTest name="LookBusy.Test.UnmanagedStringPoolTests.Constructor_ValidCapacity_InitializesCorrectly" storage="/home/runner/work/unmanagedstringpool/unmanagedstringpool/tests/bin/debug/net8.0/stringpooltest.dll" id="2b3db2a1-dcab-bc58-32a9-bc6cad9c385a">
      <Execution id="9b5279ad-eb79-4c7c-bea7-cd6bb8842e6e" />
      <TestMethod codeBase="/home/runner/work/UnmanagedStringPool/UnmanagedStringPool/Tests/bin/Debug/net8.0/StringPoolTest.dll" adapterTypeName="executor://xunit/VsTestRunner2/netcoreapp" className="LookBusy.Test.UnmanagedStringPoolTests" name="Constructor_ValidCapacity_InitializesCorrectly" />
    </UnitTest>
    <UnitTest name="LookBusy.Test.ConcurrentAccessTests.ConcurrentStringReads_AfterAllocation_AreThreadSafeAsync" storage="/home/runner/work/unmanagedstringpool/unmanagedstringpool/tests/bin/debug/net8.0/stringpooltest.dll" id="748ca2a3-a18b-cf7a-3f6c-408b58cdc0c3">
      <Execution id="b4cff026-34d6-471f-ad96-6c284d70e780" />
      <TestMethod codeBase="/home/runner/work/UnmanagedStringPool/UnmanagedStringPool/Tests/bin/Debug/net8.0/StringPoolTest.dll" adapterTypeName="executor://xunit/VsTestRunner2/netcoreapp" className="LookBusy.Test.ConcurrentAccessTests" name="ConcurrentStringReads_AfterAllocation_AreThreadSafeAsync" />
    </UnitTest>
    <UnitTest name="LookBusy.Test.PooledStringTests.Insert_AtBeginning_WorksCorrectly" storage="/home/runner/work/unmanagedstringpool/unmanagedstringpool/tests/bin/debug/net8.0/stringpooltest.dll" id="cafab4c4-7b59-f24f-ef93-c7074100a858">
      <Execution id="c35e9040-c467-4bc1-86ab-dd5d29916052" />
      <TestMethod codeBase="/home/runner/work/UnmanagedStringPool/UnmanagedStringPool/Tests/bin/Debug/net8.0/StringPoolTest.dll" adapterTypeName="executor://xunit/VsTestRunner2/netcoreapp" className="LookBusy.Test.PooledStringTests" name="Insert_AtBeginning_WorksCorrectly" />
    </UnitTest>
    <UnitTest name="LookBusy.Test.ConcurrentAccessTests.ConcurrentMutations_WithoutSynchronization_MayFailAsync" storage="/home/runner/work/unmanagedstringpool/unmanagedstringpool/tests/bin/debug/net8.0/stringpooltest.dll" id="3c27bd4d-24c5-53c8-e8d3-0921f3aca953">
      <Execution id="f773799c-d1b5-4b1b-a424-1113754ec7d0" />
      <TestMethod codeBase="/home/runner/work/UnmanagedStringPool/UnmanagedStringPool/Tests/bin/Debug/net8.0/StringPoolTest.dll" adapterTypeName="executor://xunit/VsTestRunner2/netcoreapp" className="LookBusy.Test.ConcurrentAccessTests" name="ConcurrentMutations_WithoutSynchronization_MayFailAsync" />
    </UnitTest>
    <UnitTest name="LookBusy.Test.PooledStringTests.Replace_ShorterReplacement_WorksCorrectly" storage="/home/runner/work/unmanagedstringpool/unmanagedstringpool/tests/bin/debug/net8.0/stringpooltest.dll" id="cb77837d-337a-9e82-5bfb-6325b95bce85">
      <Execution id="eebc55fb-a20b-481e-afb9-9a5751949092" />
      <TestMethod codeBase="/home/runner/work/UnmanagedStringPool/UnmanagedStringPool/Tests/bin/Debug/net8.0/StringPoolTest.dll" adapterTypeName="executor://xunit/VsTestRunner2/netcoreapp" className="LookBusy.Test.PooledStringTests" name="Replace_ShorterReplacement_WorksCorrectly" />
    </UnitTest>
    <UnitTest name="LookBusy.Test.IntegerOverflowTests.ArithmeticOperations_NearIntegerLimits_BehaveCorrectly" storage="/home/runner/work/unmanagedstringpool/unmanagedstringpool/tests/bin/debug/net8.0/stringpooltest.dll" id="5d465c14-866f-9e91-96b1-a2f5c5f689f7">
      <Execution id="1ed455f7-14de-4033-ae91-10fef579ee63" />
      <TestMethod codeBase="/home/runner/work/UnmanagedStringPool/UnmanagedStringPool/Tests/bin/Debug/net8.0/StringPoolTest.dll" adapterTypeName="executor://xunit/VsTestRunner2/netcoreapp" className="LookBusy.Test.IntegerOverflowTests" name="ArithmeticOperations_NearIntegerLimits_BehaveCorrectly" />
    </UnitTest>
    <UnitTest name="LookBusy.Test.PooledStringTests.SubstringSpan_InvalidRange_ThrowsArgumentOutOfRangeException(start: 0, length: 12)" storage="/home/runner/work/unmanagedstringpool/unmanagedstringpool/tests/bin/debug/net8.0/stringpooltest.dll" id="771326b8-6ef3-9adb-796b-d3f0fb997923">
      <Execution id="0126c67f-50e8-4b09-b55c-943563112ce8" />
      <TestMethod codeBase="/home/runner/work/UnmanagedStringPool/UnmanagedStringPool/Tests/bin/Debug/net8.0/StringPoolTest.dll" adapterTypeName="executor://xunit/VsTestRunner2/netcoreapp" className="LookBusy.Test.PooledStringTests" name="SubstringSpan_InvalidRange_ThrowsArgumentOutOfRangeException" />
    </UnitTest>
    <UnitTest name="LookBusy.Test.IntegerOverflowTests.Allocate_StringCausingByteOverflow_ThrowsArgumentOutOfRangeException" storage="/home/runner/work/unmanagedstringpool/unmanagedstringpool/tests/bin/debug/net8.0/stringpooltest.dll" id="eaddaffd-ae8f-1a69-717e-1569e4f9afdd">
      <Execution id="41efc827-c439-40f5-8341-a546dae429e6" />
      <TestMethod codeBase="/home/runner/work/UnmanagedStringPool/UnmanagedStringPool/Tests/bin/Debug/net8.0/StringPoolTest.dll" adapterTypeName="executor://xunit/VsTestRunner2/netcoreapp" className="LookBusy.Test.IntegerOverflowTests" name="Allocate_StringCausingByteOverflow_ThrowsArgumentOutOfRangeException" />
    </UnitTest>
    <UnitTest name="LookBusy.Test.FragmentationAndMemoryTests.FragmentationCalculation_AfterCoalescing_Decreases" storage="/home/runner/work/unmanagedstringpool/unmanagedstringpool/tests/bin/debug/net8.0/stringpooltest.dll" id="b57fe53f-2083-7601-3f89-eaaac4309c5d">
      <Execution id="4a600742-e17e-41a4-a7dc-6b3c965712e2" />
      <TestMethod codeBase="/home/runner/work/UnmanagedStringPool/UnmanagedStringPool/Tests/bin/Debug/net8.0/StringPoolTest.dll" adapterTypeName="executor://xunit/VsTestRunner2/netcoreapp" className="LookBusy.Test.FragmentationAndMemoryTests" name="FragmentationCalculation_AfterCoalescing_Decreases" />
    </UnitTest>
    <UnitTest name="LookBusy.Test.PooledStringTests.SubstringSpan_ValidRange_ReturnsCorrectSpan" storage="/home/runner/work/unmanagedstringpool/unmanagedstringpool/tests/bin/debug/net8.0/stringpooltest.dll" id="d10b6c1d-a6e9-5cbf-a7bf-7c6e04cde463">
      <Execution id="f86c7728-54b4-4dfc-b698-263268ad4d86" />
      <TestMethod codeBase="/home/runner/work/UnmanagedStringPool/UnmanagedStringPool/Tests/bin/Debug/net8.0/StringPoolTest.dll" adapterTypeName="executor://xunit/VsTestRunner2/netcoreapp" className="LookBusy.Test.PooledStringTests" name="SubstringSpan_ValidRange_ReturnsCorrectSpan" />
    </UnitTest>
    <UnitTest name="LookBusy.Test.IntegerOverflowTests.PooledString_Replace_NegativeSizeDiff_HandlesCorrectly" storage="/home/runner/work/unmanagedstringpool/unmanagedstringpool/tests/bin/debug/net8.0/stringpooltest.dll" id="2673d967-0435-2a11-125e-fc91488708ac">
      <Execution id="9f977683-86fa-48fe-a2d2-aff03ef70ceb" />
      <TestMethod codeBase="/home/runner/work/UnmanagedStringPool/UnmanagedStringPool/Tests/bin/Debug/net8.0/StringPoolTest.dll" adapterTypeName="executor://xunit/VsTestRunner2/netcoreapp" className="LookBusy.Test.IntegerOverflowTests" name="PooledString_Replace_NegativeSizeDiff_HandlesCorrectly" />
    </UnitTest>
    <UnitTest name="LookBusy.Test.UnmanagedStringPoolTests.DumpBufferAsString_EmptyPool_ReturnsEmptyString" storage="/home/runner/work/unmanagedstringpool/unmanagedstringpool/tests/bin/debug/net8.0/stringpooltest.dll" id="905c35cf-fef7-5b14-4073-47a645904a2d">
      <Execution id="bf77d8ef-df37-489c-9c24-d6d10b054251" />
      <TestMethod codeBase="/home/runner/work/UnmanagedStringPool/UnmanagedStringPool/Tests/bin/Debug/net8.0/StringPoolTest.dll" adapterTypeName="executor://xunit/VsTestRunner2/netcoreapp" className="LookBusy.Test.UnmanagedStringPoolTests" name="DumpBufferAsString_EmptyPool_ReturnsEmptyString" />
    </UnitTest>
    <UnitTest name="LookBusy.Test.PooledStringTests.ToString_WithSpecialCharacters_WorksCorrectly" storage="/home/runner/work/unmanagedstringpool/unmanagedstringpool/tests/bin/debug/net8.0/stringpooltest.dll" id="74e431f9-324f-fd7e-875e-094defc8e594">
      <Execution id="d7b8adbd-9768-44cc-a0d5-9a6d113b4150" />
      <TestMethod codeBase="/home/runner/work/UnmanagedStringPool/UnmanagedStringPool/Tests/bin/Debug/net8.0/StringPoolTest.dll" adapterTypeName="executor://xunit/VsTestRunner2/netcoreapp" className="LookBusy.Test.PooledStringTests" name="ToString_WithSpecialCharacters_WorksCorrectly" />
    </UnitTest>
    <UnitTest name="LookBusy.Test.UnmanagedStringPoolEdgeCaseTests.EmptyStringPool_FreeString_AnyId_NoEffect" storage="/home/runner/work/unmanagedstringpool/unmanagedstringpool/tests/bin/debug/net8.0/stringpooltest.dll" id="208dff4b-f7f1-945e-c304-bbc0edd8b77c">
      <Execution id="4470740c-bf43-45fa-b401-431c648402d6" />
      <TestMethod codeBase="/home/runner/work/UnmanagedStringPool/UnmanagedStringPool/Tests/bin/Debug/net8.0/StringPoolTest.dll" adapterTypeName="executor://xunit/VsTestRunner2/netcoreapp" className="LookBusy.Test.UnmanagedStringPoolEdgeCaseTests" name="EmptyStringPool_FreeString_AnyId_NoEffect" />
    </UnitTest>
    <UnitTest name="LookBusy.Test.PooledStringTests.Equals_SameContent_ReturnsTrue" storage="/home/runner/work/unmanagedstringpool/unmanagedstringpool/tests/bin/debug/net8.0/stringpooltest.dll" id="ac382e3b-4eca-a4e1-d396-02cfa3da9c88">
      <Execution id="6e5e2b4c-cc70-499a-99bf-90db8f0217ac" />
      <TestMethod codeBase="/home/runner/work/UnmanagedStringPool/UnmanagedStringPool/Tests/bin/Debug/net8.0/StringPoolTest.dll" adapterTypeName="executor://xunit/VsTestRunner2/netcoreapp" className="LookBusy.Test.PooledStringTests" name="Equals_SameContent_ReturnsTrue" />
    </UnitTest>
    <UnitTest name="LookBusy.Test.PooledStringTests.StartsWith_Correct_ReturnsTrue" storage="/home/runner/work/unmanagedstringpool/unmanagedstringpool/tests/bin/debug/net8.0/stringpooltest.dll" id="59995f67-ec52-63de-7cef-a80f989fcf20">
      <Execution id="432f6656-8e85-402a-b766-931fa02625f6" />
      <TestMethod codeBase="/home/runner/work/UnmanagedStringPool/UnmanagedStringPool/Tests/bin/Debug/net8.0/StringPoolTest.dll" adapterTypeName="executor://xunit/VsTestRunner2/netcoreapp" className="LookBusy.Test.PooledStringTests" name="StartsWith_Correct_ReturnsTrue" />
    </UnitTest>
    <UnitTest name="LookBusy.Test.UnmanagedStringPoolEdgeCaseTests.FragmentationCalculation_FullPool_ReturnsZero" storage="/home/runner/work/unmanagedstringpool/unmanagedstringpool/tests/bin/debug/net8.0/stringpooltest.dll" id="4beb106e-5888-205c-d505-5f03664b55ae">
      <Execution id="4cab2ce1-1954-4eb4-957b-c17f1819449d" />
      <TestMethod codeBase="/home/runner/work/UnmanagedStringPool/UnmanagedStringPool/Tests/bin/Debug/net8.0/StringPoolTest.dll" adapterTypeName="executor://xunit/VsTestRunner2/netcoreapp" className="LookBusy.Test.UnmanagedStringPoolEdgeCaseTests" name="FragmentationCalculation_FullPool_ReturnsZero" />
    </UnitTest>
    <UnitTest name="LookBusy.Test.PooledStringTests.Replace_EntireString_WorksCorrectly" storage="/home/runner/work/unmanagedstringpool/unmanagedstringpool/tests/bin/debug/net8.0/stringpooltest.dll" id="e008f226-0e70-6d0e-8ad9-fc4108be4eaf">
      <Execution id="28202556-4057-4c70-9815-c228016f8dc7" />
      <TestMethod codeBase="/home/runner/work/UnmanagedStringPool/UnmanagedStringPool/Tests/bin/Debug/net8.0/StringPoolTest.dll" adapterTypeName="executor://xunit/VsTestRunner2/netcoreapp" className="LookBusy.Test.PooledStringTests" name="Replace_EntireString_WorksCorrectly" />
    </UnitTest>
    <UnitTest name="LookBusy.Test.DisposalAndLifecycleTests.DefragmentAndGrowPool_AfterDisposal_ThrowsObjectDisposedException" storage="/home/runner/work/unmanagedstringpool/unmanagedstringpool/tests/bin/debug/net8.0/stringpooltest.dll" id="4b55338a-69da-fd9c-cf40-c58b5df3792a">
      <Execution id="969f21ae-cb7c-4a74-9f99-d3ac7e584170" />
      <TestMethod codeBase="/home/runner/work/UnmanagedStringPool/UnmanagedStringPool/Tests/bin/Debug/net8.0/StringPoolTest.dll" adapterTypeName="executor://xunit/VsTestRunner2/netcoreapp" className="LookBusy.Test.DisposalAndLifecycleTests" name="DefragmentAndGrowPool_AfterDisposal_ThrowsObjectDisposedException" />
    </UnitTest>
    <UnitTest name="LookBusy.Test.DisposalAndLifecycleTests.PooledString_Free_AfterPoolDisposal_DoesNotThrow" storage="/home/runner/work/unmanagedstringpool/unmanagedstringpool/tests/bin/debug/net8.0/stringpooltest.dll" id="4a2a690a-9ec1-1656-5221-5419a962d390">
      <Execution id="11168862-a204-4d02-a6d0-8937e2570f90" />
      <TestMethod codeBase="/home/runner/work/UnmanagedStringPool/UnmanagedStringPool/Tests/bin/Debug/net8.0/StringPoolTest.dll" adapterTypeName="executor://xunit/VsTestRunner2/netcoreapp" className="LookBusy.Test.DisposalAndLifecycleTests" name="PooledString_Free_AfterPoolDisposal_DoesNotThrow" />
    </UnitTest>
    <UnitTest name="LookBusy.Test.IntegerOverflowTests.MemoryCopy_SizeCalculations_DoNotOverflow" storage="/home/runner/work/unmanagedstringpool/unmanagedstringpool/tests/bin/debug/net8.0/stringpooltest.dll" id="ea6dbe23-2bc1-fcd7-b754-10c0ae9c6757">
      <Execution id="81a5dcb7-7bf2-40e4-9269-cc5050d4df99" />
      <TestMethod codeBase="/home/runner/work/UnmanagedStringPool/UnmanagedStringPool/Tests/bin/Debug/net8.0/StringPoolTest.dll" adapterTypeName="executor://xunit/VsTestRunner2/netcoreapp" className="LookBusy.Test.IntegerOverflowTests" name="MemoryCopy_SizeCalculations_DoNotOverflow" />
    </UnitTest>
    <UnitTest name="LookBusy.Test.PooledStringTests.StringOperations_WithEmptyString_WorkCorrectly" storage="/home/runner/work/unmanagedstringpool/unmanagedstringpool/tests/bin/debug/net8.0/stringpooltest.dll" id="cb61bb58-f658-ce61-ee92-6ef949191098">
      <Execution id="d9bda8f8-a828-49f2-b61f-00ef59e20c7f" />
      <TestMethod codeBase="/home/runner/work/UnmanagedStringPool/UnmanagedStringPool/Tests/bin/Debug/net8.0/StringPoolTest.dll" adapterTypeName="executor://xunit/VsTestRunner2/netcoreapp" className="LookBusy.Test.PooledStringTests" name="StringOperations_WithEmptyString_WorkCorrectly" />
    </UnitTest>
    <UnitTest name="LookBusy.Test.PooledStringTests.Replace_MultipleOccurrences_ReplacesAll" storage="/home/runner/work/unmanagedstringpool/unmanagedstringpool/tests/bin/debug/net8.0/stringpooltest.dll" id="5537a133-c8de-a584-8749-5b0403dea1e3">
      <Execution id="886f2eea-857e-4e05-ba10-53f8cc409db4" />
      <TestMethod codeBase="/home/runner/work/UnmanagedStringPool/UnmanagedStringPool/Tests/bin/Debug/net8.0/StringPoolTest.dll" adapterTypeName="executor://xunit/VsTestRunner2/netcoreapp" className="LookBusy.Test.PooledStringTests" name="Replace_MultipleOccurrences_ReplacesAll" />
    </UnitTest>
    <UnitTest name="LookBusy.Test.DisposalAndLifecycleTests.EmptyString_Dispose_DoesNotThrow" storage="/home/runner/work/unmanagedstringpool/unmanagedstringpool/tests/bin/debug/net8.0/stringpooltest.dll" id="0ac8ede2-6349-2ed6-d62d-ab24c6409adf">
      <Execution id="165ec611-197e-4e19-bd5b-69b070c1ef7a" />
      <TestMethod codeBase="/home/runner/work/UnmanagedStringPool/UnmanagedStringPool/Tests/bin/Debug/net8.0/StringPoolTest.dll" adapterTypeName="executor://xunit/VsTestRunner2/netcoreapp" className="LookBusy.Test.DisposalAndLifecycleTests" name="EmptyString_Dispose_DoesNotThrow" />
    </UnitTest>
    <UnitTest name="LookBusy.Test.UnmanagedStringPoolEdgeCaseTests.PooledString_WithInvalidId_HandlesGracefully" storage="/home/runner/work/unmanagedstringpool/unmanagedstringpool/tests/bin/debug/net8.0/stringpooltest.dll" id="d53ad1cb-da4c-4c66-5c25-9afea14bf3d4">
      <Execution id="6c4a91b3-eb98-47b6-95e5-fb8da5dc8325" />
      <TestMethod codeBase="/home/runner/work/UnmanagedStringPool/UnmanagedStringPool/Tests/bin/Debug/net8.0/StringPoolTest.dll" adapterTypeName="executor://xunit/VsTestRunner2/netcoreapp" className="LookBusy.Test.UnmanagedStringPoolEdgeCaseTests" name="PooledString_WithInvalidId_HandlesGracefully" />
    </UnitTest>
    <UnitTest name="LookBusy.Test.PooledStringTests.Insert_IntoEmptyStringInvalidPosition_ThrowsArgumentOutOfRangeException" storage="/home/runner/work/unmanagedstringpool/unmanagedstringpool/tests/bin/debug/net8.0/stringpooltest.dll" id="a3c4e85e-2615-ce8e-7ece-f5c2527d7572">
      <Execution id="c3650a7c-83aa-484e-9681-3b04b5171eaf" />
      <TestMethod codeBase="/home/runner/work/UnmanagedStringPool/UnmanagedStringPool/Tests/bin/Debug/net8.0/StringPoolTest.dll" adapterTypeName="executor://xunit/VsTestRunner2/netcoreapp" className="LookBusy.Test.PooledStringTests" name="Insert_IntoEmptyStringInvalidPosition_ThrowsArgumentOutOfRangeException" />
    </UnitTest>
    <UnitTest name="LookBusy.Test.UnmanagedStringPoolTests.Dispose_UsingStatement_AutomaticallyFreesString" storage="/home/runner/work/unmanagedstringpool/unmanagedstringpool/tests/bin/debug/net8.0/stringpooltest.dll" id="781d826e-1485-a31e-c638-f90e422e339b">
      <Execution id="9c37c811-3fee-4e28-8d09-afdc1ef62881" />
      <TestMethod codeBase="/home/runner/work/UnmanagedStringPool/UnmanagedStringPool/Tests/bin/Debug/net8.0/StringPoolTest.dll" adapterTypeName="executor://xunit/VsTestRunner2/netcoreapp" className="LookBusy.Test.UnmanagedStringPoolTests" name="Dispose_UsingStatement_AutomaticallyFreesString" />
    </UnitTest>
    <UnitTest name="LookBusy.Test.DisposalAndLifecycleTests.ComplexDisposal_PartialStringsFree_ThenPoolDispose_HandlesCorrectly" storage="/home/runner/work/unmanagedstringpool/unmanagedstringpool/tests/bin/debug/net8.0/stringpooltest.dll" id="ef9a9593-3691-76d2-0b50-57d59278091e">
      <Execution id="90f61fab-69a9-4652-9d75-48bbefa9b38a" />
      <TestMethod codeBase="/home/runner/work/UnmanagedStringPool/UnmanagedStringPool/Tests/bin/Debug/net8.0/StringPoolTest.dll" adapterTypeName="executor://xunit/VsTestRunner2/netcoreapp" className="LookBusy.Test.DisposalAndLifecycleTests" name="ComplexDisposal_PartialStringsFree_ThenPoolDispose_HandlesCorrectly" />
    </UnitTest>
    <UnitTest name="LookBusy.Test.DisposalAndLifecycleTests.EmptyString_AlwaysValid_EvenAfterMultipleDisposals" storage="/home/runner/work/unmanagedstringpool/unmanagedstringpool/tests/bin/debug/net8.0/stringpooltest.dll" id="def68129-9833-b04d-a672-e058742bfd97">
      <Execution id="862c77ed-9c1f-40b4-9d38-93f10fd55601" />
      <TestMethod codeBase="/home/runner/work/UnmanagedStringPool/UnmanagedStringPool/Tests/bin/Debug/net8.0/StringPoolTest.dll" adapterTypeName="executor://xunit/VsTestRunner2/netcoreapp" className="LookBusy.Test.DisposalAndLifecycleTests" name="EmptyString_AlwaysValid_EvenAfterMultipleDisposals" />
    </UnitTest>
    <UnitTest name="LookBusy.Test.ClearMethodTests.Clear_PreservesIdCounter_NewAllocationsGetHigherIds" storage="/home/runner/work/unmanagedstringpool/unmanagedstringpool/tests/bin/debug/net8.0/stringpooltest.dll" id="f85b8953-845c-c2f1-8de4-be4db620b581">
      <Execution id="d712de37-3290-4234-b8b1-909188c58a40" />
      <TestMethod codeBase="/home/runner/work/UnmanagedStringPool/UnmanagedStringPool/Tests/bin/Debug/net8.0/StringPoolTest.dll" adapterTypeName="executor://xunit/VsTestRunner2/netcoreapp" className="LookBusy.Test.ClearMethodTests" name="Clear_PreservesIdCounter_NewAllocationsGetHigherIds" />
    </UnitTest>
    <UnitTest name="LookBusy.Test.PooledStringTests.ToString_ValidString_ReturnsCorrectString" storage="/home/runner/work/unmanagedstringpool/unmanagedstringpool/tests/bin/debug/net8.0/stringpooltest.dll" id="f8c28684-08ed-e968-4474-836e16a6c60f">
      <Execution id="5ccac3b1-1959-45d2-88ef-cab9c20a857e" />
      <TestMethod codeBase="/home/runner/work/UnmanagedStringPool/UnmanagedStringPool/Tests/bin/Debug/net8.0/StringPoolTest.dll" adapterTypeName="executor://xunit/VsTestRunner2/netcoreapp" className="LookBusy.Test.PooledStringTests" name="ToString_ValidString_ReturnsCorrectString" />
    </UnitTest>
    <UnitTest name="LookBusy.Test.UnmanagedStringPoolEdgeCaseTests.Replace_CausingOverflow_ThrowsArgumentException" storage="/home/runner/work/unmanagedstringpool/unmanagedstringpool/tests/bin/debug/net8.0/stringpooltest.dll" id="56727fea-e9a4-752e-dc48-fd5c2d251ae5">
      <Execution id="7f22774e-c512-449c-8c80-34b7a0158fe2" />
      <TestMethod codeBase="/home/runner/work/UnmanagedStringPool/UnmanagedStringPool/Tests/bin/Debug/net8.0/StringPoolTest.dll" adapterTypeName="executor://xunit/VsTestRunner2/netcoreapp" className="LookBusy.Test.UnmanagedStringPoolEdgeCaseTests" name="Replace_CausingOverflow_ThrowsArgumentException" />
    </UnitTest>
    <UnitTest name="LookBusy.Test.PooledStringTests.Insert_InMiddle_WorksCorrectly" storage="/home/runner/work/unmanagedstringpool/unmanagedstringpool/tests/bin/debug/net8.0/stringpooltest.dll" id="bf0309c7-1cda-3ed4-1af1-adb3b18b3580">
      <Execution id="ee37bbd7-84a7-493a-b2cf-ac098eedc2f2" />
      <TestMethod codeBase="/home/runner/work/UnmanagedStringPool/UnmanagedStringPool/Tests/bin/Debug/net8.0/StringPoolTest.dll" adapterTypeName="executor://xunit/VsTestRunner2/netcoreapp" className="LookBusy.Test.PooledStringTests" name="Insert_InMiddle_WorksCorrectly" />
    </UnitTest>
    <UnitTest name="LookBusy.Test.UnmanagedStringPoolTests.Allocate_MultipleStrings_TracksCorrectly" storage="/home/runner/work/unmanagedstringpool/unmanagedstringpool/tests/bin/debug/net8.0/stringpooltest.dll" id="daf76ab0-2ab1-4d8a-da5f-16ee7042805f">
      <Execution id="900860db-1007-4ccf-996a-56652b4b820b" />
      <TestMethod codeBase="/home/runner/work/UnmanagedStringPool/UnmanagedStringPool/Tests/bin/Debug/net8.0/StringPoolTest.dll" adapterTypeName="executor://xunit/VsTestRunner2/netcoreapp" className="LookBusy.Test.UnmanagedStringPoolTests" name="Allocate_MultipleStrings_TracksCorrectly" />
    </UnitTest>
    <UnitTest name="LookBusy.Test.PooledStringTests.GetHashCode_EmptyString_ReturnsZero" storage="/home/runner/work/unmanagedstringpool/unmanagedstringpool/tests/bin/debug/net8.0/stringpooltest.dll" id="09c579b3-1171-321f-0f85-f93a4bcc506f">
      <Execution id="b2bc4d20-32d1-4080-9e16-8d2334b3a720" />
      <TestMethod codeBase="/home/runner/work/UnmanagedStringPool/UnmanagedStringPool/Tests/bin/Debug/net8.0/StringPoolTest.dll" adapterTypeName="executor://xunit/VsTestRunner2/netcoreapp" className="LookBusy.Test.PooledStringTests" name="GetHashCode_EmptyString_ReturnsZero" />
    </UnitTest>
    <UnitTest name="LookBusy.Test.DisposalAndLifecycleTests.Dispose_MultipleCalls_SafeToCall" storage="/home/runner/work/unmanagedstringpool/unmanagedstringpool/tests/bin/debug/net8.0/stringpooltest.dll" id="55c2b955-d2a6-2a52-7e22-70542600e520">
      <Execution id="a4642eff-1655-41f8-ad02-7ee1c6de6165" />
      <TestMethod codeBase="/home/runner/work/UnmanagedStringPool/UnmanagedStringPool/Tests/bin/Debug/net8.0/StringPoolTest.dll" adapterTypeName="executor://xunit/VsTestRunner2/netcoreapp" className="LookBusy.Test.DisposalAndLifecycleTests" name="Dispose_MultipleCalls_SafeToCall" />
    </UnitTest>
    <UnitTest name="LookBusy.Test.IntegerOverflowTests.FragmentationPercentage_WithMaxValues_DoesNotOverflow" storage="/home/runner/work/unmanagedstringpool/unmanagedstringpool/tests/bin/debug/net8.0/stringpooltest.dll" id="a9508986-c099-e46d-450a-52a343d65873">
      <Execution id="dfee81c8-9e8e-46b1-8feb-0a4539f51c4e" />
      <TestMethod codeBase="/home/runner/work/UnmanagedStringPool/UnmanagedStringPool/Tests/bin/Debug/net8.0/StringPoolTest.dll" adapterTypeName="executor://xunit/VsTestRunner2/netcoreapp" className="LookBusy.Test.IntegerOverflowTests" name="FragmentationPercentage_WithMaxValues_DoesNotOverflow" />
    </UnitTest>
    <UnitTest name="LookBusy.Test.FinalizerBehaviorTests.Finalizer_ThreadSafety_WithConcurrentFinalizationAsync" storage="/home/runner/work/unmanagedstringpool/unmanagedstringpool/tests/bin/debug/net8.0/stringpooltest.dll" id="4b071af9-7a12-4396-c57f-787d2678e9b6">
      <Execution id="d3840c69-9072-4899-b9c8-7b6676835da7" />
      <TestMethod codeBase="/home/runner/work/UnmanagedStringPool/UnmanagedStringPool/Tests/bin/Debug/net8.0/StringPoolTest.dll" adapterTypeName="executor://xunit/VsTestRunner2/netcoreapp" className="LookBusy.Test.FinalizerBehaviorTests" name="Finalizer_ThreadSafety_WithConcurrentFinalizationAsync" />
    </UnitTest>
    <UnitTest name="LookBusy.Test.UnmanagedStringPoolEdgeCaseTests.Equals_NullPool_HandlesCorrectly" storage="/home/runner/work/unmanagedstringpool/unmanagedstringpool/tests/bin/debug/net8.0/stringpooltest.dll" id="0f7afc60-a4f5-5e6d-c860-a623e7b4ffdf">
      <Execution id="ea6071e6-af25-4704-b9b7-8247b67fc174" />
      <TestMethod codeBase="/home/runner/work/UnmanagedStringPool/UnmanagedStringPool/Tests/bin/Debug/net8.0/StringPoolTest.dll" adapterTypeName="executor://xunit/VsTestRunner2/netcoreapp" className="LookBusy.Test.UnmanagedStringPoolEdgeCaseTests" name="Equals_NullPool_HandlesCorrectly" />
    </UnitTest>
    <UnitTest name="LookBusy.Test.UnmanagedStringPoolEdgeCaseTests.Constructor_MinimumCapacity_WorksCorrectly" storage="/home/runner/work/unmanagedstringpool/unmanagedstringpool/tests/bin/debug/net8.0/stringpooltest.dll" id="37f3ebd1-49e0-f186-63a0-722efed455cc">
      <Execution id="b9452728-b6ce-49df-b60f-d68e3e12a6cf" />
      <TestMethod codeBase="/home/runner/work/UnmanagedStringPool/UnmanagedStringPool/Tests/bin/Debug/net8.0/StringPoolTest.dll" adapterTypeName="executor://xunit/VsTestRunner2/netcoreapp" className="LookBusy.Test.UnmanagedStringPoolEdgeCaseTests" name="Constructor_MinimumCapacity_WorksCorrectly" />
    </UnitTest>
    <UnitTest name="LookBusy.Test.PooledStringTests.SubstringSpan_InvalidRange_ThrowsArgumentOutOfRangeException(start: -1, length: 5)" storage="/home/runner/work/unmanagedstringpool/unmanagedstringpool/tests/bin/debug/net8.0/stringpooltest.dll" id="f13a71c4-377d-417d-7086-c9aeb49a76cb">
      <Execution id="3021ded5-4a34-488b-8f28-1e5f56b2cecc" />
      <TestMethod codeBase="/home/runner/work/UnmanagedStringPool/UnmanagedStringPool/Tests/bin/Debug/net8.0/StringPoolTest.dll" adapterTypeName="executor://xunit/VsTestRunner2/netcoreapp" className="LookBusy.Test.PooledStringTests" name="SubstringSpan_InvalidRange_ThrowsArgumentOutOfRangeException" />
    </UnitTest>
    <UnitTest name="LookBusy.Test.PooledStringTests.Replace_OverlappingPattern_HandlesCorrectly" storage="/home/runner/work/unmanagedstringpool/unmanagedstringpool/tests/bin/debug/net8.0/stringpooltest.dll" id="19e4cb1b-b980-c1b9-0c54-8e09abd9348b">
      <Execution id="33816efb-560d-42c0-b471-d25c5541536e" />
      <TestMethod codeBase="/home/runner/work/UnmanagedStringPool/UnmanagedStringPool/Tests/bin/Debug/net8.0/StringPoolTest.dll" adapterTypeName="executor://xunit/VsTestRunner2/netcoreapp" className="LookBusy.Test.PooledStringTests" name="Replace_OverlappingPattern_HandlesCorrectly" />
    </UnitTest>
    <UnitTest name="LookBusy.Test.IntegerOverflowTests.DefragmentAndGrowPool_ExactOverflowBoundary_ThrowsArgumentOutOfRangeException(additionalBytes: 2147483646)" storage="/home/runner/work/unmanagedstringpool/unmanagedstringpool/tests/bin/debug/net8.0/stringpooltest.dll" id="43d146a9-e2ce-fa77-88f3-de5bb5705314">
      <Execution id="8145a3f4-0d4d-46ad-9885-21aa7e8a4cbc" />
      <TestMethod codeBase="/home/runner/work/UnmanagedStringPool/UnmanagedStringPool/Tests/bin/Debug/net8.0/StringPoolTest.dll" adapterTypeName="executor://xunit/VsTestRunner2/netcoreapp" className="LookBusy.Test.IntegerOverflowTests" name="DefragmentAndGrowPool_ExactOverflowBoundary_ThrowsArgumentOutOfRangeException" />
    </UnitTest>
    <UnitTest name="LookBusy.Test.UnmanagedStringPoolTests.Allocate_ReadOnlySpan_WorksCorrectly" storage="/home/runner/work/unmanagedstringpool/unmanagedstringpool/tests/bin/debug/net8.0/stringpooltest.dll" id="da669406-b4b7-f78f-43f2-9bf074ed4272">
      <Execution id="02eea807-f95e-4572-9d3e-3f6be389dd84" />
      <TestMethod codeBase="/home/runner/work/UnmanagedStringPool/UnmanagedStringPool/Tests/bin/Debug/net8.0/StringPoolTest.dll" adapterTypeName="executor://xunit/VsTestRunner2/netcoreapp" className="LookBusy.Test.UnmanagedStringPoolTests" name="Allocate_ReadOnlySpan_WorksCorrectly" />
    </UnitTest>
    <UnitTest name="LookBusy.Test.FinalizerBehaviorTests.Finalizer_HandlesLargeAllocations_WithoutLeaking" storage="/home/runner/work/unmanagedstringpool/unmanagedstringpool/tests/bin/debug/net8.0/stringpooltest.dll" id="4ce418ec-ad36-bf61-36b1-4806b5f22cb5">
      <Execution id="607783c9-3d90-4d4e-aeb1-c76d5dda9ff1" />
      <TestMethod codeBase="/home/runner/work/UnmanagedStringPool/UnmanagedStringPool/Tests/bin/Debug/net8.0/StringPoolTest.dll" adapterTypeName="executor://xunit/VsTestRunner2/netcoreapp" className="LookBusy.Test.FinalizerBehaviorTests" name="Finalizer_HandlesLargeAllocations_WithoutLeaking" />
    </UnitTest>
    <UnitTest name="LookBusy.Test.DisposalAndLifecycleTests.PooledString_ValidityChecks_ThroughoutLifecycle" storage="/home/runner/work/unmanagedstringpool/unmanagedstringpool/tests/bin/debug/net8.0/stringpooltest.dll" id="711f492f-29a0-66c5-ccfb-22e1f1e2e557">
      <Execution id="e5bbe902-df9c-4921-8271-e279fdc3cdcc" />
      <TestMethod codeBase="/home/runner/work/UnmanagedStringPool/UnmanagedStringPool/Tests/bin/Debug/net8.0/StringPoolTest.dll" adapterTypeName="executor://xunit/VsTestRunner2/netcoreapp" className="LookBusy.Test.DisposalAndLifecycleTests" name="PooledString_ValidityChecks_ThroughoutLifecycle" />
    </UnitTest>
    <UnitTest name="LookBusy.Test.IntegerOverflowTests.AlignSize_NearMaxValues_BehavesConsistently" storage="/home/runner/work/unmanagedstringpool/unmanagedstringpool/tests/bin/debug/net8.0/stringpooltest.dll" id="1573749d-6c97-5864-96ba-c96b710f2901">
      <Execution id="ecc0a466-60bd-476f-b9e6-5f4765276e86" />
      <TestMethod codeBase="/home/runner/work/UnmanagedStringPool/UnmanagedStringPool/Tests/bin/Debug/net8.0/StringPoolTest.dll" adapterTypeName="executor://xunit/VsTestRunner2/netcoreapp" className="LookBusy.Test.IntegerOverflowTests" name="AlignSize_NearMaxValues_BehavesConsistently" />
    </UnitTest>
    <UnitTest name="LookBusy.Test.ClearMethodTests.Clear_MultipleTimes_DoesNotThrow" storage="/home/runner/work/unmanagedstringpool/unmanagedstringpool/tests/bin/debug/net8.0/stringpooltest.dll" id="b84c8e2c-7025-ff75-2a9c-28d6ab892ce4">
      <Execution id="18896bca-c34a-4bd9-83b1-742dfe696b14" />
      <TestMethod codeBase="/home/runner/work/UnmanagedStringPool/UnmanagedStringPool/Tests/bin/Debug/net8.0/StringPoolTest.dll" adapterTypeName="executor://xunit/VsTestRunner2/netcoreapp" className="LookBusy.Test.ClearMethodTests" name="Clear_MultipleTimes_DoesNotThrow" />
    </UnitTest>
    <UnitTest name="LookBusy.Test.UnmanagedStringPoolTests.Allocate_ManySmallStrings_HandlesCorrectly" storage="/home/runner/work/unmanagedstringpool/unmanagedstringpool/tests/bin/debug/net8.0/stringpooltest.dll" id="610c5252-864c-fb2f-0e84-dda72dcf53ab">
      <Execution id="bceaebf5-ebf4-4078-b844-7de495af6282" />
      <TestMethod codeBase="/home/runner/work/UnmanagedStringPool/UnmanagedStringPool/Tests/bin/Debug/net8.0/StringPoolTest.dll" adapterTypeName="executor://xunit/VsTestRunner2/netcoreapp" className="LookBusy.Test.UnmanagedStringPoolTests" name="Allocate_ManySmallStrings_HandlesCorrectly" />
    </UnitTest>
    <UnitTest name="LookBusy.Test.UnmanagedStringPoolEdgeCaseTests.DefragmentAndGrowPool_NearMaxIntValue_ThrowsArgumentOutOfRangeException" storage="/home/runner/work/unmanagedstringpool/unmanagedstringpool/tests/bin/debug/net8.0/stringpooltest.dll" id="f5a6435a-d1e1-e42d-42e0-481ede2260a9">
      <Execution id="ad1bef40-318a-4f78-88a6-6bdca762bf89" />
      <TestMethod codeBase="/home/runner/work/UnmanagedStringPool/UnmanagedStringPool/Tests/bin/Debug/net8.0/StringPoolTest.dll" adapterTypeName="executor://xunit/VsTestRunner2/netcoreapp" className="LookBusy.Test.UnmanagedStringPoolEdgeCaseTests" name="DefragmentAndGrowPool_NearMaxIntValue_ThrowsArgumentOutOfRangeException" />
    </UnitTest>
    <UnitTest name="LookBusy.Test.IntegerOverflowTests.PooledString_SubstringSpan_InvalidIndices_ThrowsArgumentOutOfRangeException(startIndex: 2147483647)" storage="/home/runner/work/unmanagedstringpool/unmanagedstringpool/tests/bin/debug/net8.0/stringpooltest.dll" id="629e6504-db2c-729e-0997-c277685b0688">
      <Execution id="25575423-987c-4609-bae3-53970d7f8cab" />
      <TestMethod codeBase="/home/runner/work/UnmanagedStringPool/UnmanagedStringPool/Tests/bin/Debug/net8.0/StringPoolTest.dll" adapterTypeName="executor://xunit/VsTestRunner2/netcoreapp" className="LookBusy.Test.IntegerOverflowTests" name="PooledString_SubstringSpan_InvalidIndices_ThrowsArgumentOutOfRangeException" />
    </UnitTest>
    <UnitTest name="LookBusy.Test.FragmentationAndMemoryTests.ComplexScenario_InterleavedAllocateAndFree_MaintainsConsistency" storage="/home/runner/work/unmanagedstringpool/unmanagedstringpool/tests/bin/debug/net8.0/stringpooltest.dll" id="c63d8089-916a-706f-8f28-f44ea536c078">
      <Execution id="8bf7e154-81d9-4b0e-b928-5409967a6f85" />
      <TestMethod codeBase="/home/runner/work/UnmanagedStringPool/UnmanagedStringPool/Tests/bin/Debug/net8.0/StringPoolTest.dll" adapterTypeName="executor://xunit/VsTestRunner2/netcoreapp" className="LookBusy.Test.FragmentationAndMemoryTests" name="ComplexScenario_InterleavedAllocateAndFree_MaintainsConsistency" />
    </UnitTest>
    <UnitTest name="LookBusy.Test.UnmanagedStringPoolEdgeCaseTests.EmptyStringPool_GetAllocationInfo_InvalidId_ThrowsArgumentException" storage="/home/runner/work/unmanagedstringpool/unmanagedstringpool/tests/bin/debug/net8.0/stringpooltest.dll" id="09323c74-2edf-7e53-9064-e3ffaf8be5b6">
      <Execution id="5fe0f6c7-71c3-4f52-a8bb-38952367b003" />
      <TestMethod codeBase="/home/runner/work/UnmanagedStringPool/UnmanagedStringPool/Tests/bin/Debug/net8.0/StringPoolTest.dll" adapterTypeName="executor://xunit/VsTestRunner2/netcoreapp" className="LookBusy.Test.UnmanagedStringPoolEdgeCaseTests" name="EmptyStringPool_GetAllocationInfo_InvalidId_ThrowsArgumentException" />
    </UnitTest>
    <UnitTest name="LookBusy.Test.ClearMethodTests.Clear_BufferDumpShowsEmpty" storage="/home/runner/work/unmanagedstringpool/unmanagedstringpool/tests/bin/debug/net8.0/stringpooltest.dll" id="d206d073-f151-5668-74e8-a5e4cc7ea073">
      <Execution id="61463707-bdf4-4340-a892-bd95ceab21f7" />
      <TestMethod codeBase="/home/runner/work/UnmanagedStringPool/UnmanagedStringPool/Tests/bin/Debug/net8.0/StringPoolTest.dll" adapterTypeName="executor://xunit/VsTestRunner2/netcoreapp" className="LookBusy.Test.ClearMethodTests" name="Clear_BufferDumpShowsEmpty" />
    </UnitTest>
    <UnitTest name="LookBusy.Test.UnmanagedStringPoolEdgeCaseTests.Replace_WithVeryLargeReplacement_HandlesCorrectly" storage="/home/runner/work/unmanagedstringpool/unmanagedstringpool/tests/bin/debug/net8.0/stringpooltest.dll" id="e33060e6-2748-a8eb-e222-406a15eb19b2">
      <Execution id="4e8a52a1-b236-455d-b41e-7c75b6786f87" />
      <TestMethod codeBase="/home/runner/work/UnmanagedStringPool/UnmanagedStringPool/Tests/bin/Debug/net8.0/StringPoolTest.dll" adapterTypeName="executor://xunit/VsTestRunner2/netcoreapp" className="LookBusy.Test.UnmanagedStringPoolEdgeCaseTests" name="Replace_WithVeryLargeReplacement_HandlesCorrectly" />
    </UnitTest>
    <UnitTest name="LookBusy.Test.PooledStringTests.GetHashCode_RepeatedCallsSameInstance_ConsistentHash" storage="/home/runner/work/unmanagedstringpool/unmanagedstringpool/tests/bin/debug/net8.0/stringpooltest.dll" id="e11b9cfa-071b-8686-afa7-ca6c3534479e">
      <Execution id="617671ce-ea8b-4427-a5a1-c8d37bf92d57" />
      <TestMethod codeBase="/home/runner/work/UnmanagedStringPool/UnmanagedStringPool/Tests/bin/Debug/net8.0/StringPoolTest.dll" adapterTypeName="executor://xunit/VsTestRunner2/netcoreapp" className="LookBusy.Test.PooledStringTests" name="GetHashCode_RepeatedCallsSameInstance_ConsistentHash" />
    </UnitTest>
    <UnitTest name="LookBusy.Test.PooledStringTests.SubstringSpan_FromBeginning_WorksCorrectly" storage="/home/runner/work/unmanagedstringpool/unmanagedstringpool/tests/bin/debug/net8.0/stringpooltest.dll" id="3aef7109-8bd6-3c2e-f5e0-bcc08e300319">
      <Execution id="91f0b971-46ce-462f-865d-7ceb4862a9ee" />
      <TestMethod codeBase="/home/runner/work/UnmanagedStringPool/UnmanagedStringPool/Tests/bin/Debug/net8.0/StringPoolTest.dll" adapterTypeName="executor://xunit/VsTestRunner2/netcoreapp" className="LookBusy.Test.PooledStringTests" name="SubstringSpan_FromBeginning_WorksCorrectly" />
    </UnitTest>
    <UnitTest name="LookBusy.Test.UnmanagedStringPoolEdgeCaseTests.Insert_VeryLargeString_WorksCorrectly" storage="/home/runner/work/unmanagedstringpool/unmanagedstringpool/tests/bin/debug/net8.0/stringpooltest.dll" id="5f8c4c78-79b5-c83d-9745-5e717c75e43e">
      <Execution id="b8c2567b-5ef0-4f35-88a8-4e9374c53f06" />
      <TestMethod codeBase="/home/runner/work/UnmanagedStringPool/UnmanagedStringPool/Tests/bin/Debug/net8.0/StringPoolTest.dll" adapterTypeName="executor://xunit/VsTestRunner2/netcoreapp" className="LookBusy.Test.UnmanagedStringPoolEdgeCaseTests" name="Insert_VeryLargeString_WorksCorrectly" />
    </UnitTest>
    <UnitTest name="LookBusy.Test.UnmanagedStringPoolTests.AllowGrowth_WhenTrue_AutomaticallyGrowsPool" storage="/home/runner/work/unmanagedstringpool/unmanagedstringpool/tests/bin/debug/net8.0/stringpooltest.dll" id="178e5f79-4bb6-1bdb-b3b0-6c0f73ca33b3">
      <Execution id="dbf23e96-64cb-42f9-b523-308d43f92b63" />
      <TestMethod codeBase="/home/runner/work/UnmanagedStringPool/UnmanagedStringPool/Tests/bin/Debug/net8.0/StringPoolTest.dll" adapterTypeName="executor://xunit/VsTestRunner2/netcoreapp" className="LookBusy.Test.UnmanagedStringPoolTests" name="AllowGrowth_WhenTrue_AutomaticallyGrowsPool" />
    </UnitTest>
    <UnitTest name="LookBusy.Test.IntegerOverflowTests.DefragmentAndGrowPool_AdditionCausesOverflow_ThrowsArgumentOutOfRangeException" storage="/home/runner/work/unmanagedstringpool/unmanagedstringpool/tests/bin/debug/net8.0/stringpooltest.dll" id="0d76bf08-9098-5c44-c473-28604f0245f4">
      <Execution id="f6e224e4-333f-4cf1-9592-6f2da44304b2" />
      <TestMethod codeBase="/home/runner/work/UnmanagedStringPool/UnmanagedStringPool/Tests/bin/Debug/net8.0/StringPoolTest.dll" adapterTypeName="executor://xunit/VsTestRunner2/netcoreapp" className="LookBusy.Test.IntegerOverflowTests" name="DefragmentAndGrowPool_AdditionCausesOverflow_ThrowsArgumentOutOfRangeException" />
    </UnitTest>
    <UnitTest name="LookBusy.Test.UnmanagedStringPoolTests.Constructor_InvalidCapacity_ThrowsArgumentOutOfRangeException(capacity: 0)" storage="/home/runner/work/unmanagedstringpool/unmanagedstringpool/tests/bin/debug/net8.0/stringpooltest.dll" id="aa04db44-c84e-9163-c68f-541f194287d7">
      <Execution id="c3632b83-ef7e-4a86-8807-5777c493e23b" />
      <TestMethod codeBase="/home/runner/work/UnmanagedStringPool/UnmanagedStringPool/Tests/bin/Debug/net8.0/StringPoolTest.dll" adapterTypeName="executor://xunit/VsTestRunner2/netcoreapp" className="LookBusy.Test.UnmanagedStringPoolTests" name="Constructor_InvalidCapacity_ThrowsArgumentOutOfRangeException" />
    </UnitTest>
    <UnitTest name="LookBusy.Test.IntegerOverflowTests.FreeBlockCoalescing_WithMaxSizes_DoesNotOverflow" storage="/home/runner/work/unmanagedstringpool/unmanagedstringpool/tests/bin/debug/net8.0/stringpooltest.dll" id="b2d492a7-1257-582c-9632-d9e39566bbb5">
      <Execution id="dfb32b0c-ea15-48a0-8c4f-f889a6bba125" />
      <TestMethod codeBase="/home/runner/work/UnmanagedStringPool/UnmanagedStringPool/Tests/bin/Debug/net8.0/StringPoolTest.dll" adapterTypeName="executor://xunit/VsTestRunner2/netcoreapp" className="LookBusy.Test.IntegerOverflowTests" name="FreeBlockCoalescing_WithMaxSizes_DoesNotOverflow" />
    </UnitTest>
    <UnitTest name="LookBusy.Test.ClearMethodTests.Clear_EmptyPool_DoesNotThrow" storage="/home/runner/work/unmanagedstringpool/unmanagedstringpool/tests/bin/debug/net8.0/stringpooltest.dll" id="c9c06c2b-38eb-923b-5ef3-9ef500c857db">
      <Execution id="e040339c-1408-40a3-8d33-7c8efd971684" />
      <TestMethod codeBase="/home/runner/work/UnmanagedStringPool/UnmanagedStringPool/Tests/bin/Debug/net8.0/StringPoolTest.dll" adapterTypeName="executor://xunit/VsTestRunner2/netcoreapp" className="LookBusy.Test.ClearMethodTests" name="Clear_EmptyPool_DoesNotThrow" />
    </UnitTest>
    <UnitTest name="LookBusy.Test.IntegerOverflowTests.SetAtPosition_LargeInsert_HandlesCorrectly" storage="/home/runner/work/unmanagedstringpool/unmanagedstringpool/tests/bin/debug/net8.0/stringpooltest.dll" id="e7a2eb67-c791-96d2-34ad-9cad5f2657b5">
      <Execution id="39bbc90f-56a9-4189-820b-80bae051b6e0" />
      <TestMethod codeBase="/home/runner/work/UnmanagedStringPool/UnmanagedStringPool/Tests/bin/Debug/net8.0/StringPoolTest.dll" adapterTypeName="executor://xunit/VsTestRunner2/netcoreapp" className="LookBusy.Test.IntegerOverflowTests" name="SetAtPosition_LargeInsert_HandlesCorrectly" />
    </UnitTest>
    <UnitTest name="LookBusy.Test.DisposalAndLifecycleTests.PooledString_GetHashCode_AfterPoolDisposal_ReturnsMinusOne" storage="/home/runner/work/unmanagedstringpool/unmanagedstringpool/tests/bin/debug/net8.0/stringpooltest.dll" id="d1f473ac-a432-356a-6f4d-50c2ced9eece">
      <Execution id="5e68bb88-0564-4cd2-a51e-c271fbfb3f97" />
      <TestMethod codeBase="/home/runner/work/UnmanagedStringPool/UnmanagedStringPool/Tests/bin/Debug/net8.0/StringPoolTest.dll" adapterTypeName="executor://xunit/VsTestRunner2/netcoreapp" className="LookBusy.Test.DisposalAndLifecycleTests" name="PooledString_GetHashCode_AfterPoolDisposal_ReturnsMinusOne" />
    </UnitTest>
    <UnitTest name="LookBusy.Test.UnmanagedStringPoolEdgeCaseTests.Allocate_EmptySpan_ReturnsEmpty" storage="/home/runner/work/unmanagedstringpool/unmanagedstringpool/tests/bin/debug/net8.0/stringpooltest.dll" id="3f460e32-d5ae-92bc-5169-1f6fcb5c59ec">
      <Execution id="f2c681b2-c76e-443d-b137-6ff5a69fe264" />
      <TestMethod codeBase="/home/runner/work/UnmanagedStringPool/UnmanagedStringPool/Tests/bin/Debug/net8.0/StringPoolTest.dll" adapterTypeName="executor://xunit/VsTestRunner2/netcoreapp" className="LookBusy.Test.UnmanagedStringPoolEdgeCaseTests" name="Allocate_EmptySpan_ReturnsEmpty" />
    </UnitTest>
    <UnitTest name="LookBusy.Test.PooledStringTests.LastIndexOf_Found_ReturnsCorrectIndex" storage="/home/runner/work/unmanagedstringpool/unmanagedstringpool/tests/bin/debug/net8.0/stringpooltest.dll" id="ff4dfcab-eebb-16b0-2c25-c228cb8d565f">
      <Execution id="c76f32f1-35b5-4db2-ae4e-efc1a0cf55a6" />
      <TestMethod codeBase="/home/runner/work/UnmanagedStringPool/UnmanagedStringPool/Tests/bin/Debug/net8.0/StringPoolTest.dll" adapterTypeName="executor://xunit/VsTestRunner2/netcoreapp" className="LookBusy.Test.PooledStringTests" name="LastIndexOf_Found_ReturnsCorrectIndex" />
    </UnitTest>
    <UnitTest name="LookBusy.Test.UnmanagedStringPoolTests.AllocateAndFree_RandomPattern_MaintainsConsistency" storage="/home/runner/work/unmanagedstringpool/unmanagedstringpool/tests/bin/debug/net8.0/stringpooltest.dll" id="301d9ecb-3d20-d054-faa7-6344fe1f7965">
      <Execution id="e89a330d-8947-4a6f-9486-b338b8e615ee" />
      <TestMethod codeBase="/home/runner/work/UnmanagedStringPool/UnmanagedStringPool/Tests/bin/Debug/net8.0/StringPoolTest.dll" adapterTypeName="executor://xunit/VsTestRunner2/netcoreapp" className="LookBusy.Test.UnmanagedStringPoolTests" name="AllocateAndFree_RandomPattern_MaintainsConsistency" />
    </UnitTest>
    <UnitTest name="LookBusy.Test.UnmanagedStringPoolEdgeCaseTests.GetAllocationInfo_InvalidId_ThrowsArgumentException" storage="/home/runner/work/unmanagedstringpool/unmanagedstringpool/tests/bin/debug/net8.0/stringpooltest.dll" id="25240124-8618-f9e6-42fe-8b79aa831184">
      <Execution id="b4fe6f13-1f53-4636-9a5f-259f6d1a742c" />
      <TestMethod codeBase="/home/runner/work/UnmanagedStringPool/UnmanagedStringPool/Tests/bin/Debug/net8.0/StringPoolTest.dll" adapterTypeName="executor://xunit/VsTestRunner2/netcoreapp" className="LookBusy.Test.UnmanagedStringPoolEdgeCaseTests" name="GetAllocationInfo_InvalidId_ThrowsArgumentException" />
    </UnitTest>
    <UnitTest name="LookBusy.Test.IntegerOverflowTests.PooledString_SubstringSpan_LengthOverflow_ThrowsArgumentOutOfRangeException" storage="/home/runner/work/unmanagedstringpool/unmanagedstringpool/tests/bin/debug/net8.0/stringpooltest.dll" id="2ca84ccc-bcf3-5318-57d8-d414816b85a1">
      <Execution id="583829f7-d075-44a2-aae7-e4305569d9b2" />
      <TestMethod codeBase="/home/runner/work/UnmanagedStringPool/UnmanagedStringPool/Tests/bin/Debug/net8.0/StringPoolTest.dll" adapterTypeName="executor://xunit/VsTestRunner2/netcoreapp" className="LookBusy.Test.IntegerOverflowTests" name="PooledString_SubstringSpan_LengthOverflow_ThrowsArgumentOutOfRangeException" />
    </UnitTest>
    <UnitTest name="LookBusy.Test.PooledStringTests.EndsWith_Incorrect_ReturnsFalse" storage="/home/runner/work/unmanagedstringpool/unmanagedstringpool/tests/bin/debug/net8.0/stringpooltest.dll" id="482ec179-f7c6-6bb4-e645-f4e5698dc4c3">
      <Execution id="34a6ea82-4f15-4898-b552-28e7195cc3e2" />
      <TestMethod codeBase="/home/runner/work/UnmanagedStringPool/UnmanagedStringPool/Tests/bin/Debug/net8.0/StringPoolTest.dll" adapterTypeName="executor://xunit/VsTestRunner2/netcoreapp" className="LookBusy.Test.PooledStringTests" name="EndsWith_Incorrect_ReturnsFalse" />
    </UnitTest>
    <UnitTest name="LookBusy.Test.UnmanagedStringPoolTests.DefragmentAndGrowPool_NegativeBytes_ThrowsException" storage="/home/runner/work/unmanagedstringpool/unmanagedstringpool/tests/bin/debug/net8.0/stringpooltest.dll" id="c8927d51-dff3-bff2-be05-0658c0f301d3">
      <Execution id="e15a535e-7d78-4aef-9c69-40b2a84a4a28" />
      <TestMethod codeBase="/home/runner/work/UnmanagedStringPool/UnmanagedStringPool/Tests/bin/Debug/net8.0/StringPoolTest.dll" adapterTypeName="executor://xunit/VsTestRunner2/netcoreapp" className="LookBusy.Test.UnmanagedStringPoolTests" name="DefragmentAndGrowPool_NegativeBytes_ThrowsException" />
    </UnitTest>
    <UnitTest name="LookBusy.Test.PooledStringTests.Replace_EmptyOldValue_ReturnsOriginal" storage="/home/runner/work/unmanagedstringpool/unmanagedstringpool/tests/bin/debug/net8.0/stringpooltest.dll" id="570b36ca-30a5-78cc-4839-a870629d6fe8">
      <Execution id="10f814e6-0515-4a4c-8175-fa9ed1fe68c1" />
      <TestMethod codeBase="/home/runner/work/UnmanagedStringPool/UnmanagedStringPool/Tests/bin/Debug/net8.0/StringPoolTest.dll" adapterTypeName="executor://xunit/VsTestRunner2/netcoreapp" className="LookBusy.Test.PooledStringTests" name="Replace_EmptyOldValue_ReturnsOriginal" />
    </UnitTest>
    <UnitTest name="LookBusy.Test.DisposalAndLifecycleTests.StressTest_ManyAllocationsAndDisposals_RemainsStable" storage="/home/runner/work/unmanagedstringpool/unmanagedstringpool/tests/bin/debug/net8.0/stringpooltest.dll" id="1ba13939-8267-c55c-83d0-46719f83201a">
      <Execution id="70447e5b-b92e-4288-8904-878d30400e51" />
      <TestMethod codeBase="/home/runner/work/UnmanagedStringPool/UnmanagedStringPool/Tests/bin/Debug/net8.0/StringPoolTest.dll" adapterTypeName="executor://xunit/VsTestRunner2/netcoreapp" className="LookBusy.Test.DisposalAndLifecycleTests" name="StressTest_ManyAllocationsAndDisposals_RemainsStable" />
    </UnitTest>
    <UnitTest name="LookBusy.Test.UnmanagedStringPoolTests.DumpBufferAsString_WithAllocations_ContainsData" storage="/home/runner/work/unmanagedstringpool/unmanagedstringpool/tests/bin/debug/net8.0/stringpooltest.dll" id="2a6a0a47-2896-79c8-ceb9-258206a8f13f">
      <Execution id="d49bb34e-2f01-4959-9dd2-b07f818b721a" />
      <TestMethod codeBase="/home/runner/work/UnmanagedStringPool/UnmanagedStringPool/Tests/bin/Debug/net8.0/StringPoolTest.dll" adapterTypeName="executor://xunit/VsTestRunner2/netcoreapp" className="LookBusy.Test.UnmanagedStringPoolTests" name="DumpBufferAsString_WithAllocations_ContainsData" />
    </UnitTest>
    <UnitTest name="LookBusy.Test.PooledStringTests.StartsWith_Incorrect_ReturnsFalse" storage="/home/runner/work/unmanagedstringpool/unmanagedstringpool/tests/bin/debug/net8.0/stringpooltest.dll" id="d26384af-fc82-5892-8af4-9fdee3b478c3">
      <Execution id="202e6b38-7b0c-4bc7-8cdf-3402cc8a7557" />
      <TestMethod codeBase="/home/runner/work/UnmanagedStringPool/UnmanagedStringPool/Tests/bin/Debug/net8.0/StringPoolTest.dll" adapterTypeName="executor://xunit/VsTestRunner2/netcoreapp" className="LookBusy.Test.PooledStringTests" name="StartsWith_Incorrect_ReturnsFalse" />
    </UnitTest>
    <UnitTest name="LookBusy.Test.FragmentationAndMemoryTests.FreeBlockReuse_SmallerSize_ReusesAndSplitsBlock" storage="/home/runner/work/unmanagedstringpool/unmanagedstringpool/tests/bin/debug/net8.0/stringpooltest.dll" id="eef6f722-ad8b-c75e-7043-9271ad686059">
      <Execution id="28a8f29d-508e-4445-925d-6c93300d4d04" />
      <TestMethod codeBase="/home/runner/work/UnmanagedStringPool/UnmanagedStringPool/Tests/bin/Debug/net8.0/StringPoolTest.dll" adapterTypeName="executor://xunit/VsTestRunner2/netcoreapp" className="LookBusy.Test.FragmentationAndMemoryTests" name="FreeBlockReuse_SmallerSize_ReusesAndSplitsBlock" />
    </UnitTest>
    <UnitTest name="LookBusy.Test.FinalizerBehaviorTests.Finalizer_WithFragmentedMemory_CleansUpCorrectly" storage="/home/runner/work/unmanagedstringpool/unmanagedstringpool/tests/bin/debug/net8.0/stringpooltest.dll" id="cd4e03e3-9fe9-925e-d714-eb8aeddc44bd">
      <Execution id="f15e7d81-6fd7-4c91-ab4b-b77d83d7bc15" />
      <TestMethod codeBase="/home/runner/work/UnmanagedStringPool/UnmanagedStringPool/Tests/bin/Debug/net8.0/StringPoolTest.dll" adapterTypeName="executor://xunit/VsTestRunner2/netcoreapp" className="LookBusy.Test.FinalizerBehaviorTests" name="Finalizer_WithFragmentedMemory_CleansUpCorrectly" />
    </UnitTest>
    <UnitTest name="LookBusy.Test.PooledStringTests.Replace_WithEmptyString_RemovesOccurrences" storage="/home/runner/work/unmanagedstringpool/unmanagedstringpool/tests/bin/debug/net8.0/stringpooltest.dll" id="793d5312-5dfb-c8d6-db34-3d04a57b5c55">
      <Execution id="d2f6f2d7-9d5d-474d-a5f6-99c5c6c5aac5" />
      <TestMethod codeBase="/home/runner/work/UnmanagedStringPool/UnmanagedStringPool/Tests/bin/Debug/net8.0/StringPoolTest.dll" adapterTypeName="executor://xunit/VsTestRunner2/netcoreapp" className="LookBusy.Test.PooledStringTests" name="Replace_WithEmptyString_RemovesOccurrences" />
    </UnitTest>
    <UnitTest name="LookBusy.Test.FinalizerBehaviorTests.Finalizer_ExecutesWithoutDispose_FreesUnmanagedMemory" storage="/home/runner/work/unmanagedstringpool/unmanagedstringpool/tests/bin/debug/net8.0/stringpooltest.dll" id="908820b9-f1f3-3acd-cd37-324bb6b1b9f3">
      <Execution id="6542dea6-7568-462f-a363-268adad37782" />
      <TestMethod codeBase="/home/runner/work/UnmanagedStringPool/UnmanagedStringPool/Tests/bin/Debug/net8.0/StringPoolTest.dll" adapterTypeName="executor://xunit/VsTestRunner2/netcoreapp" className="LookBusy.Test.FinalizerBehaviorTests" name="Finalizer_ExecutesWithoutDispose_FreesUnmanagedMemory" />
    </UnitTest>
    <UnitTest name="LookBusy.Test.UnmanagedStringPoolEdgeCaseTests.Allocate_IntegerOverflowSizes_ThrowsArgumentOutOfRangeException(length: 2147483647)" storage="/home/runner/work/unmanagedstringpool/unmanagedstringpool/tests/bin/debug/net8.0/stringpooltest.dll" id="c9b09d73-e46b-17b7-1289-00a7fae4e671">
      <Execution id="28c41bb5-3e4d-491c-b85c-4077985c4183" />
      <TestMethod codeBase="/home/runner/work/UnmanagedStringPool/UnmanagedStringPool/Tests/bin/Debug/net8.0/StringPoolTest.dll" adapterTypeName="executor://xunit/VsTestRunner2/netcoreapp" className="LookBusy.Test.UnmanagedStringPoolEdgeCaseTests" name="Allocate_IntegerOverflowSizes_ThrowsArgumentOutOfRangeException" />
    </UnitTest>
    <UnitTest name="LookBusy.Test.ConcurrentAccessTests.ConcurrentReads_Performance_RemainsReasonableAsync" storage="/home/runner/work/unmanagedstringpool/unmanagedstringpool/tests/bin/debug/net8.0/stringpooltest.dll" id="063c9bc6-a70f-a019-389f-d3ffc16b91e8">
      <Execution id="e9238079-2a53-4dc3-be5b-6d324b00d74e" />
      <TestMethod codeBase="/home/runner/work/UnmanagedStringPool/UnmanagedStringPool/Tests/bin/Debug/net8.0/StringPoolTest.dll" adapterTypeName="executor://xunit/VsTestRunner2/netcoreapp" className="LookBusy.Test.ConcurrentAccessTests" name="ConcurrentReads_Performance_RemainsReasonableAsync" />
    </UnitTest>
    <UnitTest name="LookBusy.Test.PooledStringTests.GetHashCode_SameContent_ReturnsSameHashCode" storage="/home/runner/work/unmanagedstringpool/unmanagedstringpool/tests/bin/debug/net8.0/stringpooltest.dll" id="fec65a93-919e-4265-663a-977b6bff0768">
      <Execution id="7fb20469-6658-4970-ba90-b76c63aa4d06" />
      <TestMethod codeBase="/home/runner/work/UnmanagedStringPool/UnmanagedStringPool/Tests/bin/Debug/net8.0/StringPoolTest.dll" adapterTypeName="executor://xunit/VsTestRunner2/netcoreapp" className="LookBusy.Test.PooledStringTests" name="GetHashCode_SameContent_ReturnsSameHashCode" />
    </UnitTest>
    <UnitTest name="LookBusy.Test.UnmanagedStringPoolEdgeCaseTests.Allocate_MaxLengthString_NearIntMaxValue_HandlesCorrectly" storage="/home/runner/work/unmanagedstringpool/unmanagedstringpool/tests/bin/debug/net8.0/stringpooltest.dll" id="bbbebe50-4e97-b6cc-9a06-62e38c71151d">
      <Execution id="5b303c31-9a27-45a5-bdd7-e12af04ba206" />
      <TestMethod codeBase="/home/runner/work/UnmanagedStringPool/UnmanagedStringPool/Tests/bin/Debug/net8.0/StringPoolTest.dll" adapterTypeName="executor://xunit/VsTestRunner2/netcoreapp" className="LookBusy.Test.UnmanagedStringPoolEdgeCaseTests" name="Allocate_MaxLengthString_NearIntMaxValue_HandlesCorrectly" />
    </UnitTest>
    <UnitTest name="LookBusy.Test.PooledStringTests.AsSpan_AfterFree_ThrowsException" storage="/home/runner/work/unmanagedstringpool/unmanagedstringpool/tests/bin/debug/net8.0/stringpooltest.dll" id="f8a32f24-c202-24bf-7c99-1828ef2f9a37">
      <Execution id="233c1838-1460-47a9-8e5b-e63aade089ed" />
      <TestMethod codeBase="/home/runner/work/UnmanagedStringPool/UnmanagedStringPool/Tests/bin/Debug/net8.0/StringPoolTest.dll" adapterTypeName="executor://xunit/VsTestRunner2/netcoreapp" className="LookBusy.Test.PooledStringTests" name="AsSpan_AfterFree_ThrowsException" />
    </UnitTest>
    <UnitTest name="LookBusy.Test.UnmanagedStringPoolTests.FreeString_SingleString_UpdatesPoolState" storage="/home/runner/work/unmanagedstringpool/unmanagedstringpool/tests/bin/debug/net8.0/stringpooltest.dll" id="161a608b-cfaf-913e-018f-a835c4559de7">
      <Execution id="ae524597-b784-49f8-a0dd-ced006ab8720" />
      <TestMethod codeBase="/home/runner/work/UnmanagedStringPool/UnmanagedStringPool/Tests/bin/Debug/net8.0/StringPoolTest.dll" adapterTypeName="executor://xunit/VsTestRunner2/netcoreapp" className="LookBusy.Test.UnmanagedStringPoolTests" name="FreeString_SingleString_UpdatesPoolState" />
    </UnitTest>
    <UnitTest name="LookBusy.Test.UnmanagedStringPoolTests.FragmentationPercentage_CalculatesCorrectly" storage="/home/runner/work/unmanagedstringpool/unmanagedstringpool/tests/bin/debug/net8.0/stringpooltest.dll" id="87ee85f0-420b-4ce6-57ac-d23fe15d64af">
      <Execution id="dad0eb6b-98d0-4e8a-80a9-8f79f9b1b3b2" />
      <TestMethod codeBase="/home/runner/work/UnmanagedStringPool/UnmanagedStringPool/Tests/bin/Debug/net8.0/StringPoolTest.dll" adapterTypeName="executor://xunit/VsTestRunner2/netcoreapp" className="LookBusy.Test.UnmanagedStringPoolTests" name="FragmentationPercentage_CalculatesCorrectly" />
    </UnitTest>
    <UnitTest name="LookBusy.Test.IntegerOverflowTests.BinarySearch_IndexCalculation_DoesNotOverflow" storage="/home/runner/work/unmanagedstringpool/unmanagedstringpool/tests/bin/debug/net8.0/stringpooltest.dll" id="e8aef1ca-1fbe-611b-8380-3ccbe318ef82">
      <Execution id="4fef3682-e33d-4225-b335-9c0095fa4dfe" />
      <TestMethod codeBase="/home/runner/work/UnmanagedStringPool/UnmanagedStringPool/Tests/bin/Debug/net8.0/StringPoolTest.dll" adapterTypeName="executor://xunit/VsTestRunner2/netcoreapp" className="LookBusy.Test.IntegerOverflowTests" name="BinarySearch_IndexCalculation_DoesNotOverflow" />
    </UnitTest>
    <UnitTest name="LookBusy.Test.ClearMethodTests.Clear_DisposingOldString_DoesNotThrow" storage="/home/runner/work/unmanagedstringpool/unmanagedstringpool/tests/bin/debug/net8.0/stringpooltest.dll" id="483a3604-b14d-225e-17ec-0c2e493f9782">
      <Execution id="91f8646e-8b10-4557-99b2-49278da57b95" />
      <TestMethod codeBase="/home/runner/work/UnmanagedStringPool/UnmanagedStringPool/Tests/bin/Debug/net8.0/StringPoolTest.dll" adapterTypeName="executor://xunit/VsTestRunner2/netcoreapp" className="LookBusy.Test.ClearMethodTests" name="Clear_DisposingOldString_DoesNotThrow" />
    </UnitTest>
    <UnitTest name="LookBusy.Test.UnmanagedStringPoolTests.FreeString_ReuseSpace_WorksCorrectly" storage="/home/runner/work/unmanagedstringpool/unmanagedstringpool/tests/bin/debug/net8.0/stringpooltest.dll" id="f8f88ca1-2831-9e51-fdf2-bfd3f7628229">
      <Execution id="8a7dfc9c-8ec7-4986-964b-fd20c970384c" />
      <TestMethod codeBase="/home/runner/work/UnmanagedStringPool/UnmanagedStringPool/Tests/bin/Debug/net8.0/StringPoolTest.dll" adapterTypeName="executor://xunit/VsTestRunner2/netcoreapp" className="LookBusy.Test.UnmanagedStringPoolTests" name="FreeString_ReuseSpace_WorksCorrectly" />
    </UnitTest>
    <UnitTest name="LookBusy.Test.UnmanagedStringPoolTests.Allocate_EmptyString_ReturnsEmptyPooledString" storage="/home/runner/work/unmanagedstringpool/unmanagedstringpool/tests/bin/debug/net8.0/stringpooltest.dll" id="7e6f0ed8-e5a6-0010-ac5b-7b7f46876afa">
      <Execution id="c39cea33-1842-4df6-90a9-9df585add942" />
      <TestMethod codeBase="/home/runner/work/UnmanagedStringPool/UnmanagedStringPool/Tests/bin/Debug/net8.0/StringPoolTest.dll" adapterTypeName="executor://xunit/VsTestRunner2/netcoreapp" className="LookBusy.Test.UnmanagedStringPoolTests" name="Allocate_EmptyString_ReturnsEmptyPooledString" />
    </UnitTest>
    <UnitTest name="LookBusy.Test.ConcurrentAccessTests.ConcurrentReads_MultipleThreads_ShouldBeThreadSafeAsync" storage="/home/runner/work/unmanagedstringpool/unmanagedstringpool/tests/bin/debug/net8.0/stringpooltest.dll" id="d95e8b6d-18d1-5d6b-4a87-c31f157f4e19">
      <Execution id="7b8050ff-a781-4d03-90e2-63fe397c7823" />
      <TestMethod codeBase="/home/runner/work/UnmanagedStringPool/UnmanagedStringPool/Tests/bin/Debug/net8.0/StringPoolTest.dll" adapterTypeName="executor://xunit/VsTestRunner2/netcoreapp" className="LookBusy.Test.ConcurrentAccessTests" name="ConcurrentReads_MultipleThreads_ShouldBeThreadSafeAsync" />
    </UnitTest>
    <UnitTest name="LookBusy.Test.PooledStringTests.SubstringSpan_ToEnd_WorksCorrectly" storage="/home/runner/work/unmanagedstringpool/unmanagedstringpool/tests/bin/debug/net8.0/stringpooltest.dll" id="a2708feb-235d-8d36-f9de-38f1850b2275">
      <Execution id="986a4ac0-e7a9-4332-ade6-a5118408020f" />
      <TestMethod codeBase="/home/runner/work/UnmanagedStringPool/UnmanagedStringPool/Tests/bin/Debug/net8.0/StringPoolTest.dll" adapterTypeName="executor://xunit/VsTestRunner2/netcoreapp" className="LookBusy.Test.PooledStringTests" name="SubstringSpan_ToEnd_WorksCorrectly" />
    </UnitTest>
    <UnitTest name="LookBusy.Test.FragmentationAndMemoryTests.MaxFragmentation_FreeAllButFirst_ShowsHighFragmentation" storage="/home/runner/work/unmanagedstringpool/unmanagedstringpool/tests/bin/debug/net8.0/stringpooltest.dll" id="c9aeed04-8f27-b28e-81d4-c3d16d67e641">
      <Execution id="6b89abc2-0359-49ce-95fc-0e2955f82f73" />
      <TestMethod codeBase="/home/runner/work/UnmanagedStringPool/UnmanagedStringPool/Tests/bin/Debug/net8.0/StringPoolTest.dll" adapterTypeName="executor://xunit/VsTestRunner2/netcoreapp" className="LookBusy.Test.FragmentationAndMemoryTests" name="MaxFragmentation_FreeAllButFirst_ShowsHighFragmentation" />
    </UnitTest>
    <UnitTest name="LookBusy.Test.FragmentationAndMemoryTests.PoolGrowth_PreservesStringOrder_AfterDefragmentation" storage="/home/runner/work/unmanagedstringpool/unmanagedstringpool/tests/bin/debug/net8.0/stringpooltest.dll" id="520ad296-18bd-665c-aef3-07706b05002e">
      <Execution id="2c287d62-fec7-48a4-984b-9d4b0137d7de" />
      <TestMethod codeBase="/home/runner/work/UnmanagedStringPool/UnmanagedStringPool/Tests/bin/Debug/net8.0/StringPoolTest.dll" adapterTypeName="executor://xunit/VsTestRunner2/netcoreapp" className="LookBusy.Test.FragmentationAndMemoryTests" name="PoolGrowth_PreservesStringOrder_AfterDefragmentation" />
    </UnitTest>
    <UnitTest name="LookBusy.Test.PooledStringTests.Insert_AtEnd_WorksCorrectly" storage="/home/runner/work/unmanagedstringpool/unmanagedstringpool/tests/bin/debug/net8.0/stringpooltest.dll" id="35f2d73e-1a44-7f78-4448-8dcc861d4ede">
      <Execution id="56bd8fbe-bf23-4e11-844f-22a506177422" />
      <TestMethod codeBase="/home/runner/work/UnmanagedStringPool/UnmanagedStringPool/Tests/bin/Debug/net8.0/StringPoolTest.dll" adapterTypeName="executor://xunit/VsTestRunner2/netcoreapp" className="LookBusy.Test.PooledStringTests" name="Insert_AtEnd_WorksCorrectly" />
    </UnitTest>
    <UnitTest name="LookBusy.Test.UnmanagedStringPoolTests.FreeString_MultipleStrings_HandlesCorrectly" storage="/home/runner/work/unmanagedstringpool/unmanagedstringpool/tests/bin/debug/net8.0/stringpooltest.dll" id="5b500fb6-b6dc-1913-7a4c-147204dc1ff3">
      <Execution id="9f1101a2-d72d-45ca-b855-cbfa0494351a" />
      <TestMethod codeBase="/home/runner/work/UnmanagedStringPool/UnmanagedStringPool/Tests/bin/Debug/net8.0/StringPoolTest.dll" adapterTypeName="executor://xunit/VsTestRunner2/netcoreapp" className="LookBusy.Test.UnmanagedStringPoolTests" name="FreeString_MultipleStrings_HandlesCorrectly" />
    </UnitTest>
    <UnitTest name="LookBusy.Test.IntegerOverflowTests.PooledString_Insert_InvalidPosition_ThrowsArgumentOutOfRangeException(position: -2147483648)" storage="/home/runner/work/unmanagedstringpool/unmanagedstringpool/tests/bin/debug/net8.0/stringpooltest.dll" id="a3dc50af-fe4e-a51e-57c0-350c929bccef">
      <Execution id="69c695b4-737d-488e-b73b-cc90eb1a90cc" />
      <TestMethod codeBase="/home/runner/work/UnmanagedStringPool/UnmanagedStringPool/Tests/bin/Debug/net8.0/StringPoolTest.dll" adapterTypeName="executor://xunit/VsTestRunner2/netcoreapp" className="LookBusy.Test.IntegerOverflowTests" name="PooledString_Insert_InvalidPosition_ThrowsArgumentOutOfRangeException" />
    </UnitTest>
    <UnitTest name="LookBusy.Test.UnmanagedStringPoolTests.DumpBufferAsString_AfterDisposal_ThrowsObjectDisposedException" storage="/home/runner/work/unmanagedstringpool/unmanagedstringpool/tests/bin/debug/net8.0/stringpooltest.dll" id="b832ca1f-16ec-e00b-c297-1a1c262f17c9">
      <Execution id="5b794d9a-d263-4e03-9931-41099d60d5cd" />
      <TestMethod codeBase="/home/runner/work/UnmanagedStringPool/UnmanagedStringPool/Tests/bin/Debug/net8.0/StringPoolTest.dll" adapterTypeName="executor://xunit/VsTestRunner2/netcoreapp" className="LookBusy.Test.UnmanagedStringPoolTests" name="DumpBufferAsString_AfterDisposal_ThrowsObjectDisposedException" />
    </UnitTest>
    <UnitTest name="LookBusy.Test.IntegerOverflowTests.Constructor_MaxIntCapacity_ThrowsOrHandlesGracefully" storage="/home/runner/work/unmanagedstringpool/unmanagedstringpool/tests/bin/debug/net8.0/stringpooltest.dll" id="29011097-3a0c-9076-fac6-7c3a2e7f68a9">
      <Execution id="fb79e8f7-31b3-4163-b57d-c15eb6c6c111" />
      <TestMethod codeBase="/home/runner/work/UnmanagedStringPool/UnmanagedStringPool/Tests/bin/Debug/net8.0/StringPoolTest.dll" adapterTypeName="executor://xunit/VsTestRunner2/netcoreapp" className="LookBusy.Test.IntegerOverflowTests" name="Constructor_MaxIntCapacity_ThrowsOrHandlesGracefully" />
    </UnitTest>
    <UnitTest name="LookBusy.Test.IntegerOverflowTests.Allocate_OversizedString_ThrowsArgumentOutOfRangeException(lengthChars: 2147483647)" storage="/home/runner/work/unmanagedstringpool/unmanagedstringpool/tests/bin/debug/net8.0/stringpooltest.dll" id="93b485ff-1ee6-5e81-22c9-c0f83c9b5180">
      <Execution id="562aaee5-ef15-4e86-b4b0-e3c5bdbfc8c8" />
      <TestMethod codeBase="/home/runner/work/UnmanagedStringPool/UnmanagedStringPool/Tests/bin/Debug/net8.0/StringPoolTest.dll" adapterTypeName="executor://xunit/VsTestRunner2/netcoreapp" className="LookBusy.Test.IntegerOverflowTests" name="Allocate_OversizedString_ThrowsArgumentOutOfRangeException" />
    </UnitTest>
    <UnitTest name="LookBusy.Test.UnmanagedStringPoolTests.Constructor_InvalidCapacity_ThrowsArgumentOutOfRangeException(capacity: -100)" storage="/home/runner/work/unmanagedstringpool/unmanagedstringpool/tests/bin/debug/net8.0/stringpooltest.dll" id="4a8af3d2-9be6-53f1-e6ce-8ab9b0ffa25a">
      <Execution id="67339229-3379-4758-96d4-bba938235d15" />
      <TestMethod codeBase="/home/runner/work/UnmanagedStringPool/UnmanagedStringPool/Tests/bin/Debug/net8.0/StringPoolTest.dll" adapterTypeName="executor://xunit/VsTestRunner2/netcoreapp" className="LookBusy.Test.UnmanagedStringPoolTests" name="Constructor_InvalidCapacity_ThrowsArgumentOutOfRangeException" />
    </UnitTest>
    <UnitTest name="LookBusy.Test.ClearMethodTests.Clear_OldIdsNeverReused" storage="/home/runner/work/unmanagedstringpool/unmanagedstringpool/tests/bin/debug/net8.0/stringpooltest.dll" id="5e49cabc-c82d-eabb-4d02-9494560679a1">
      <Execution id="4f07f85a-065d-47f1-bee6-740ea1f1bfbd" />
      <TestMethod codeBase="/home/runner/work/UnmanagedStringPool/UnmanagedStringPool/Tests/bin/Debug/net8.0/StringPoolTest.dll" adapterTypeName="executor://xunit/VsTestRunner2/netcoreapp" className="LookBusy.Test.ClearMethodTests" name="Clear_OldIdsNeverReused" />
    </UnitTest>
    <UnitTest name="LookBusy.Test.ConcurrentAccessTests.ConcurrentPoolOperations_WithSynchronization_WorksCorrectlyAsync" storage="/home/runner/work/unmanagedstringpool/unmanagedstringpool/tests/bin/debug/net8.0/stringpooltest.dll" id="cf77a6b1-2ad4-5aba-7959-15983cbe7e46">
      <Execution id="66bee662-1cf2-4372-b92e-1092c7cdfd88" />
      <TestMethod codeBase="/home/runner/work/UnmanagedStringPool/UnmanagedStringPool/Tests/bin/Debug/net8.0/StringPoolTest.dll" adapterTypeName="executor://xunit/VsTestRunner2/netcoreapp" className="LookBusy.Test.ConcurrentAccessTests" name="ConcurrentPoolOperations_WithSynchronization_WorksCorrectlyAsync" />
    </UnitTest>
    <UnitTest name="LookBusy.Test.PooledStringTests.Replace_LongerReplacement_WorksCorrectly" storage="/home/runner/work/unmanagedstringpool/unmanagedstringpool/tests/bin/debug/net8.0/stringpooltest.dll" id="9db3446c-082c-03f9-206b-03b8faa5e246">
      <Execution id="866dc124-0679-484e-9072-fcab31b814b3" />
      <TestMethod codeBase="/home/runner/work/UnmanagedStringPool/UnmanagedStringPool/Tests/bin/Debug/net8.0/StringPoolTest.dll" adapterTypeName="executor://xunit/VsTestRunner2/netcoreapp" className="LookBusy.Test.PooledStringTests" name="Replace_LongerReplacement_WorksCorrectly" />
    </UnitTest>
    <UnitTest name="LookBusy.Test.DisposalAndLifecycleTests.PooledString_Dispose_FreesStringFromPool" storage="/home/runner/work/unmanagedstringpool/unmanagedstringpool/tests/bin/debug/net8.0/stringpooltest.dll" id="994be082-a93b-98e0-b98d-2500d2995187">
      <Execution id="35df5028-8256-4dcb-adcd-1529596c27a8" />
      <TestMethod codeBase="/home/runner/work/UnmanagedStringPool/UnmanagedStringPool/Tests/bin/Debug/net8.0/StringPoolTest.dll" adapterTypeName="executor://xunit/VsTestRunner2/netcoreapp" className="LookBusy.Test.DisposalAndLifecycleTests" name="PooledString_Dispose_FreesStringFromPool" />
    </UnitTest>
    <UnitTest name="LookBusy.Test.ClearMethodTests.Clear_WithAllocatedStrings_ResetsPool" storage="/home/runner/work/unmanagedstringpool/unmanagedstringpool/tests/bin/debug/net8.0/stringpooltest.dll" id="1d1599ee-62c9-2aa3-a358-94b4e138334c">
      <Execution id="2d5e8f17-ca6c-40a1-8d07-5182b8dcbf9c" />
      <TestMethod codeBase="/home/runner/work/UnmanagedStringPool/UnmanagedStringPool/Tests/bin/Debug/net8.0/StringPoolTest.dll" adapterTypeName="executor://xunit/VsTestRunner2/netcoreapp" className="LookBusy.Test.ClearMethodTests" name="Clear_WithAllocatedStrings_ResetsPool" />
    </UnitTest>
    <UnitTest name="LookBusy.Test.PooledStringTests.Replace_SimpleReplacement_WorksCorrectly" storage="/home/runner/work/unmanagedstringpool/unmanagedstringpool/tests/bin/debug/net8.0/stringpooltest.dll" id="0f8e71c0-de02-d9a3-ea5d-e70af09378a8">
      <Execution id="f6411b08-635c-45dc-a212-b0ab5fa075c1" />
      <TestMethod codeBase="/home/runner/work/UnmanagedStringPool/UnmanagedStringPool/Tests/bin/Debug/net8.0/StringPoolTest.dll" adapterTypeName="executor://xunit/VsTestRunner2/netcoreapp" className="LookBusy.Test.PooledStringTests" name="Replace_SimpleReplacement_WorksCorrectly" />
    </UnitTest>
    <UnitTest name="LookBusy.Test.PooledStringTests.GetHashCode_SameStringDifferentPools_SameHash" storage="/home/runner/work/unmanagedstringpool/unmanagedstringpool/tests/bin/debug/net8.0/stringpooltest.dll" id="698a6070-df38-f4b0-c4c6-c4f7aaeee725">
      <Execution id="289f24e4-9389-421e-b8d0-7e7a39dd9d72" />
      <TestMethod codeBase="/home/runner/work/UnmanagedStringPool/UnmanagedStringPool/Tests/bin/Debug/net8.0/StringPoolTest.dll" adapterTypeName="executor://xunit/VsTestRunner2/netcoreapp" className="LookBusy.Test.PooledStringTests" name="GetHashCode_SameStringDifferentPools_SameHash" />
    </UnitTest>
    <UnitTest name="LookBusy.Test.FinalizerBehaviorTests.Finalizer_MultiplePoolsSimultaneously_HandlesCorrectly" storage="/home/runner/work/unmanagedstringpool/unmanagedstringpool/tests/bin/debug/net8.0/stringpooltest.dll" id="f40edda0-cd57-2660-37fe-ab7800313e92">
      <Execution id="93700dc4-117f-43a3-b5a6-151657703c6c" />
      <TestMethod codeBase="/home/runner/work/UnmanagedStringPool/UnmanagedStringPool/Tests/bin/Debug/net8.0/StringPoolTest.dll" adapterTypeName="executor://xunit/VsTestRunner2/netcoreapp" className="LookBusy.Test.FinalizerBehaviorTests" name="Finalizer_MultiplePoolsSimultaneously_HandlesCorrectly" />
    </UnitTest>
    <UnitTest name="LookBusy.Test.ClearMethodTests.Clear_OnDisposedPool_ThrowsObjectDisposedException" storage="/home/runner/work/unmanagedstringpool/unmanagedstringpool/tests/bin/debug/net8.0/stringpooltest.dll" id="df387044-fe33-d8a3-ec83-94b13ff51e1e">
      <Execution id="b8e0c745-cdd1-4854-8a82-381e3bc9ee11" />
      <TestMethod codeBase="/home/runner/work/UnmanagedStringPool/UnmanagedStringPool/Tests/bin/Debug/net8.0/StringPoolTest.dll" adapterTypeName="executor://xunit/VsTestRunner2/netcoreapp" className="LookBusy.Test.ClearMethodTests" name="Clear_OnDisposedPool_ThrowsObjectDisposedException" />
    </UnitTest>
    <UnitTest name="LookBusy.Test.UnmanagedStringPoolEdgeCaseTests.Constructor_InvalidCapacities_ThrowArgumentOutOfRangeException(capacity: -1000000)" storage="/home/runner/work/unmanagedstringpool/unmanagedstringpool/tests/bin/debug/net8.0/stringpooltest.dll" id="d348f112-48d6-dc3a-8b59-a374e9a8d30f">
      <Execution id="91c7a895-f400-4874-95ff-4f28c925e5dc" />
      <TestMethod codeBase="/home/runner/work/UnmanagedStringPool/UnmanagedStringPool/Tests/bin/Debug/net8.0/StringPoolTest.dll" adapterTypeName="executor://xunit/VsTestRunner2/netcoreapp" className="LookBusy.Test.UnmanagedStringPoolEdgeCaseTests" name="Constructor_InvalidCapacities_ThrowArgumentOutOfRangeException" />
    </UnitTest>
    <UnitTest name="LookBusy.Test.FragmentationAndMemoryTests.FreeBlockReuse_LargerSize_UsesEndOfPool" storage="/home/runner/work/unmanagedstringpool/unmanagedstringpool/tests/bin/debug/net8.0/stringpooltest.dll" id="7b39475f-2a9b-5b0a-6e56-97115f1c3db9">
      <Execution id="fc5a3ab9-70f3-4d5b-b55f-c55e9e1d0118" />
      <TestMethod codeBase="/home/runner/work/UnmanagedStringPool/UnmanagedStringPool/Tests/bin/Debug/net8.0/StringPoolTest.dll" adapterTypeName="executor://xunit/VsTestRunner2/netcoreapp" className="LookBusy.Test.FragmentationAndMemoryTests" name="FreeBlockReuse_LargerSize_UsesEndOfPool" />
    </UnitTest>
    <UnitTest name="LookBusy.Test.DisposalAndLifecycleTests.PooledString_AllOperations_AfterPoolDisposal_ThrowObjectDisposedException" storage="/home/runner/work/unmanagedstringpool/unmanagedstringpool/tests/bin/debug/net8.0/stringpooltest.dll" id="9edc8194-1f22-c389-1140-1afaa0181608">
      <Execution id="155ec712-2b68-4608-ba5c-8e39bc4c8580" />
      <TestMethod codeBase="/home/runner/work/UnmanagedStringPool/UnmanagedStringPool/Tests/bin/Debug/net8.0/StringPoolTest.dll" adapterTypeName="executor://xunit/VsTestRunner2/netcoreapp" className="LookBusy.Test.DisposalAndLifecycleTests" name="PooledString_AllOperations_AfterPoolDisposal_ThrowObjectDisposedException" />
    </UnitTest>
    <UnitTest name="LookBusy.Test.PooledStringTests.AsSpan_ValidString_ReturnsCorrectSpan" storage="/home/runner/work/unmanagedstringpool/unmanagedstringpool/tests/bin/debug/net8.0/stringpooltest.dll" id="9ee25c8e-b0fa-8898-dd2d-b8353491901d">
      <Execution id="9cf30a7d-1c87-454d-a10a-3ea59aff7366" />
      <TestMethod codeBase="/home/runner/work/UnmanagedStringPool/UnmanagedStringPool/Tests/bin/Debug/net8.0/StringPoolTest.dll" adapterTypeName="executor://xunit/VsTestRunner2/netcoreapp" className="LookBusy.Test.PooledStringTests" name="AsSpan_ValidString_ReturnsCorrectSpan" />
    </UnitTest>
    <UnitTest name="LookBusy.Test.DisposalAndLifecycleTests.Dispose_EmptyPool_DoesNotThrow" storage="/home/runner/work/unmanagedstringpool/unmanagedstringpool/tests/bin/debug/net8.0/stringpooltest.dll" id="547a6b67-f010-c0b9-ede8-e0eae9cea09d">
      <Execution id="e9de5141-f34d-4a80-b5a4-62929596e555" />
      <TestMethod codeBase="/home/runner/work/UnmanagedStringPool/UnmanagedStringPool/Tests/bin/Debug/net8.0/StringPoolTest.dll" adapterTypeName="executor://xunit/VsTestRunner2/netcoreapp" className="LookBusy.Test.DisposalAndLifecycleTests" name="Dispose_EmptyPool_DoesNotThrow" />
    </UnitTest>
    <UnitTest name="LookBusy.Test.UnmanagedStringPoolTests.FreeString_EmptyString_NoEffect" storage="/home/runner/work/unmanagedstringpool/unmanagedstringpool/tests/bin/debug/net8.0/stringpooltest.dll" id="2d95aec6-a9c4-a0c9-b14b-9610f63a7732">
      <Execution id="9d461b77-5e70-4ab4-8c94-d0aa032ccb01" />
      <TestMethod codeBase="/home/runner/work/UnmanagedStringPool/UnmanagedStringPool/Tests/bin/Debug/net8.0/StringPoolTest.dll" adapterTypeName="executor://xunit/VsTestRunner2/netcoreapp" className="LookBusy.Test.UnmanagedStringPoolTests" name="FreeString_EmptyString_NoEffect" />
    </UnitTest>
    <UnitTest name="LookBusy.Test.PooledStringTests.Insert_IntoEmptyString_WorksCorrectly" storage="/home/runner/work/unmanagedstringpool/unmanagedstringpool/tests/bin/debug/net8.0/stringpooltest.dll" id="3efa3ba0-5010-7536-ab68-0ff3e001c33e">
      <Execution id="7237e52e-41d4-45ff-9a9d-3e8e0b1cff9f" />
      <TestMethod codeBase="/home/runner/work/UnmanagedStringPool/UnmanagedStringPool/Tests/bin/Debug/net8.0/StringPoolTest.dll" adapterTypeName="executor://xunit/VsTestRunner2/netcoreapp" className="LookBusy.Test.PooledStringTests" name="Insert_IntoEmptyString_WorksCorrectly" />
    </UnitTest>
    <UnitTest name="LookBusy.Test.FragmentationAndMemoryTests.BlockCoalescing_AdjacentBlocks_GetsCombined" storage="/home/runner/work/unmanagedstringpool/unmanagedstringpool/tests/bin/debug/net8.0/stringpooltest.dll" id="895c3dfa-b604-0c1a-06ca-4a322d389081">
      <Execution id="f05c426b-bb14-46ee-a7f7-6562a80e314f" />
      <TestMethod codeBase="/home/runner/work/UnmanagedStringPool/UnmanagedStringPool/Tests/bin/Debug/net8.0/StringPoolTest.dll" adapterTypeName="executor://xunit/VsTestRunner2/netcoreapp" className="LookBusy.Test.FragmentationAndMemoryTests" name="BlockCoalescing_AdjacentBlocks_GetsCombined" />
    </UnitTest>
    <UnitTest name="LookBusy.Test.DisposalAndLifecycleTests.Dispose_PoolWithAllocations_InvalidatesStrings" storage="/home/runner/work/unmanagedstringpool/unmanagedstringpool/tests/bin/debug/net8.0/stringpooltest.dll" id="b2544044-25cd-c6b3-0718-972383380b98">
      <Execution id="56a16ba4-6827-4a29-8885-25bddda33b66" />
      <TestMethod codeBase="/home/runner/work/UnmanagedStringPool/UnmanagedStringPool/Tests/bin/Debug/net8.0/StringPoolTest.dll" adapterTypeName="executor://xunit/VsTestRunner2/netcoreapp" className="LookBusy.Test.DisposalAndLifecycleTests" name="Dispose_PoolWithAllocations_InvalidatesStrings" />
    </UnitTest>
    <UnitTest name="LookBusy.Test.UnmanagedStringPoolEdgeCaseTests.Allocate_ManyEmptyStrings_HandlesCorrectly" storage="/home/runner/work/unmanagedstringpool/unmanagedstringpool/tests/bin/debug/net8.0/stringpooltest.dll" id="a9ec341d-9f28-0a0e-0d30-a67cd17170cf">
      <Execution id="603f6129-7d34-4c73-af09-7895bc5500c2" />
      <TestMethod codeBase="/home/runner/work/UnmanagedStringPool/UnmanagedStringPool/Tests/bin/Debug/net8.0/StringPoolTest.dll" adapterTypeName="executor://xunit/VsTestRunner2/netcoreapp" className="LookBusy.Test.UnmanagedStringPoolEdgeCaseTests" name="Allocate_ManyEmptyStrings_HandlesCorrectly" />
    </UnitTest>
    <UnitTest name="LookBusy.Test.PooledStringTests.Equals_DifferentContent_ReturnsFalse" storage="/home/runner/work/unmanagedstringpool/unmanagedstringpool/tests/bin/debug/net8.0/stringpooltest.dll" id="37cee380-3558-0b28-1471-cee41829f82f">
      <Execution id="a5e0d2a7-1fcd-4b75-8964-28ba9f6d0a5d" />
      <TestMethod codeBase="/home/runner/work/UnmanagedStringPool/UnmanagedStringPool/Tests/bin/Debug/net8.0/StringPoolTest.dll" adapterTypeName="executor://xunit/VsTestRunner2/netcoreapp" className="LookBusy.Test.PooledStringTests" name="Equals_DifferentContent_ReturnsFalse" />
    </UnitTest>
    <UnitTest name="LookBusy.Test.IntegerOverflowTests.PooledString_Replace_LargeButValidReplacement_Works" storage="/home/runner/work/unmanagedstringpool/unmanagedstringpool/tests/bin/debug/net8.0/stringpooltest.dll" id="fa5237cd-aecb-963a-987f-917d575f629d">
      <Execution id="7273ead9-93c8-4863-bfdc-45fe325830a6" />
      <TestMethod codeBase="/home/runner/work/UnmanagedStringPool/UnmanagedStringPool/Tests/bin/Debug/net8.0/StringPoolTest.dll" adapterTypeName="executor://xunit/VsTestRunner2/netcoreapp" className="LookBusy.Test.IntegerOverflowTests" name="PooledString_Replace_LargeButValidReplacement_Works" />
    </UnitTest>
    <UnitTest name="LookBusy.Test.FragmentationAndMemoryTests.MemoryAlignment_VariousSizes_MaintainsAlignment" storage="/home/runner/work/unmanagedstringpool/unmanagedstringpool/tests/bin/debug/net8.0/stringpooltest.dll" id="ff07443f-a11c-2d43-c415-2dd62e1dfdbc">
      <Execution id="475f7ab2-f0b4-40d1-a941-6938bdb90f19" />
      <TestMethod codeBase="/home/runner/work/UnmanagedStringPool/UnmanagedStringPool/Tests/bin/Debug/net8.0/StringPoolTest.dll" adapterTypeName="executor://xunit/VsTestRunner2/netcoreapp" className="LookBusy.Test.FragmentationAndMemoryTests" name="MemoryAlignment_VariousSizes_MaintainsAlignment" />
    </UnitTest>
    <UnitTest name="LookBusy.Test.PooledStringTests.IndexOf_EmptyString_ReturnsZero" storage="/home/runner/work/unmanagedstringpool/unmanagedstringpool/tests/bin/debug/net8.0/stringpooltest.dll" id="75124d72-b1de-8c4d-4b50-2961d90aa4bf">
      <Execution id="5d08b6e2-2153-4d44-b103-ee7e992affde" />
      <TestMethod codeBase="/home/runner/work/UnmanagedStringPool/UnmanagedStringPool/Tests/bin/Debug/net8.0/StringPoolTest.dll" adapterTypeName="executor://xunit/VsTestRunner2/netcoreapp" className="LookBusy.Test.PooledStringTests" name="IndexOf_EmptyString_ReturnsZero" />
    </UnitTest>
    <UnitTest name="LookBusy.Test.DisposalAndLifecycleTests.PooledString_UseAfterFree_ThrowsException" storage="/home/runner/work/unmanagedstringpool/unmanagedstringpool/tests/bin/debug/net8.0/stringpooltest.dll" id="6e539aad-43d0-ac6e-e0d5-c34f4b026679">
      <Execution id="625efc58-e8f7-4a9d-bec1-3a4d671f6dc3" />
      <TestMethod codeBase="/home/runner/work/UnmanagedStringPool/UnmanagedStringPool/Tests/bin/Debug/net8.0/StringPoolTest.dll" adapterTypeName="executor://xunit/VsTestRunner2/netcoreapp" className="LookBusy.Test.DisposalAndLifecycleTests" name="PooledString_UseAfterFree_ThrowsException" />
    </UnitTest>
    <UnitTest name="LookBusy.Test.PooledStringTests.Equals_EmptyStrings_ReturnsTrue" storage="/home/runner/work/unmanagedstringpool/unmanagedstringpool/tests/bin/debug/net8.0/stringpooltest.dll" id="548ab5fb-c599-686f-e0d5-d6ef12680e66">
      <Execution id="2fc85bf6-78c7-4fd7-bd87-419997d8ec3d" />
      <TestMethod codeBase="/home/runner/work/UnmanagedStringPool/UnmanagedStringPool/Tests/bin/Debug/net8.0/StringPoolTest.dll" adapterTypeName="executor://xunit/VsTestRunner2/netcoreapp" className="LookBusy.Test.PooledStringTests" name="Equals_EmptyStrings_ReturnsTrue" />
    </UnitTest>
    <UnitTest name="LookBusy.Test.UnmanagedStringPoolEdgeCaseTests.PooledString_FreeAfterPoolDispose_NoException" storage="/home/runner/work/unmanagedstringpool/unmanagedstringpool/tests/bin/debug/net8.0/stringpooltest.dll" id="d9e5068b-9817-a105-891e-7029996d77e4">
      <Execution id="13476286-f3b7-42fb-b4f2-03a1d53802dc" />
      <TestMethod codeBase="/home/runner/work/UnmanagedStringPool/UnmanagedStringPool/Tests/bin/Debug/net8.0/StringPoolTest.dll" adapterTypeName="executor://xunit/VsTestRunner2/netcoreapp" className="LookBusy.Test.UnmanagedStringPoolEdgeCaseTests" name="PooledString_FreeAfterPoolDispose_NoException" />
    </UnitTest>
    <UnitTest name="LookBusy.Test.FragmentationCalculationTest.FragmentationPercentage_ShouldDistinguishBetweenScatteredAndContiguousFreeSpace" storage="/home/runner/work/unmanagedstringpool/unmanagedstringpool/tests/bin/debug/net8.0/stringpooltest.dll" id="868ba374-79b6-75e5-52c8-a071d8d30c9c">
      <Execution id="3603528a-c391-40d2-834f-771e29dbfd86" />
      <TestMethod codeBase="/home/runner/work/UnmanagedStringPool/UnmanagedStringPool/Tests/bin/Debug/net8.0/StringPoolTest.dll" adapterTypeName="executor://xunit/VsTestRunner2/netcoreapp" className="LookBusy.Test.FragmentationCalculationTest" name="FragmentationPercentage_ShouldDistinguishBetweenScatteredAndContiguousFreeSpace" />
    </UnitTest>
    <UnitTest name="LookBusy.Test.DisposalAndLifecycleTests.PooledString_MultipleFree_SafeToCall" storage="/home/runner/work/unmanagedstringpool/unmanagedstringpool/tests/bin/debug/net8.0/stringpooltest.dll" id="4f4b80e0-e8c8-6367-4ba2-2015f52cb70c">
      <Execution id="4e9bcc1a-4921-445b-ab59-77c7497ce994" />
      <TestMethod codeBase="/home/runner/work/UnmanagedStringPool/UnmanagedStringPool/Tests/bin/Debug/net8.0/StringPoolTest.dll" adapterTypeName="executor://xunit/VsTestRunner2/netcoreapp" className="LookBusy.Test.DisposalAndLifecycleTests" name="PooledString_MultipleFree_SafeToCall" />
    </UnitTest>
    <UnitTest name="LookBusy.Test.UnmanagedStringPoolEdgeCaseTests.Constructor_InvalidCapacities_ThrowArgumentOutOfRangeException(capacity: -2147483648)" storage="/home/runner/work/unmanagedstringpool/unmanagedstringpool/tests/bin/debug/net8.0/stringpooltest.dll" id="2c604de3-304a-5ac1-89b1-32ee42d48771">
      <Execution id="6ebef7e2-8272-4005-ab87-de617be45597" />
      <TestMethod codeBase="/home/runner/work/UnmanagedStringPool/UnmanagedStringPool/Tests/bin/Debug/net8.0/StringPoolTest.dll" adapterTypeName="executor://xunit/VsTestRunner2/netcoreapp" className="LookBusy.Test.UnmanagedStringPoolEdgeCaseTests" name="Constructor_InvalidCapacities_ThrowArgumentOutOfRangeException" />
    </UnitTest>
    <UnitTest name="LookBusy.Test.UnmanagedStringPoolTests.FreeString_AlreadyFreedString_NoEffect" storage="/home/runner/work/unmanagedstringpool/unmanagedstringpool/tests/bin/debug/net8.0/stringpooltest.dll" id="dd4cf928-08a6-ff0b-b5fa-5585870e672c">
      <Execution id="1a64f3ab-1580-4a72-b52b-2dfee68bade0" />
      <TestMethod codeBase="/home/runner/work/UnmanagedStringPool/UnmanagedStringPool/Tests/bin/Debug/net8.0/StringPoolTest.dll" adapterTypeName="executor://xunit/VsTestRunner2/netcoreapp" className="LookBusy.Test.UnmanagedStringPoolTests" name="FreeString_AlreadyFreedString_NoEffect" />
    </UnitTest>
    <UnitTest name="LookBusy.Test.UnmanagedStringPoolEdgeCaseTests.DefragmentAndGrowPool_WithZeroBytes_WorksCorrectly" storage="/home/runner/work/unmanagedstringpool/unmanagedstringpool/tests/bin/debug/net8.0/stringpooltest.dll" id="c4fb25d8-430c-ecac-d5d0-d13b8bd7d676">
      <Execution id="d2cee552-0185-480a-8fe5-0575141e7489" />
      <TestMethod codeBase="/home/runner/work/UnmanagedStringPool/UnmanagedStringPool/Tests/bin/Debug/net8.0/StringPoolTest.dll" adapterTypeName="executor://xunit/VsTestRunner2/netcoreapp" className="LookBusy.Test.UnmanagedStringPoolEdgeCaseTests" name="DefragmentAndGrowPool_WithZeroBytes_WorksCorrectly" />
    </UnitTest>
    <UnitTest name="LookBusy.Test.DisposalAndLifecycleTests.DumpBufferAsString_AfterDisposal_ThrowsObjectDisposedException" storage="/home/runner/work/unmanagedstringpool/unmanagedstringpool/tests/bin/debug/net8.0/stringpooltest.dll" id="cee0a1af-6370-bdf6-d495-732677bca95d">
      <Execution id="c7344ee4-3c5f-4f96-8e04-f505882c46b2" />
      <TestMethod codeBase="/home/runner/work/UnmanagedStringPool/UnmanagedStringPool/Tests/bin/Debug/net8.0/StringPoolTest.dll" adapterTypeName="executor://xunit/VsTestRunner2/netcoreapp" className="LookBusy.Test.DisposalAndLifecycleTests" name="DumpBufferAsString_AfterDisposal_ThrowsObjectDisposedException" />
    </UnitTest>
    <UnitTest name="LookBusy.Test.UnmanagedStringPoolEdgeCaseTests.Allocate_SpecialCharacters_WorksCorrectly" storage="/home/runner/work/unmanagedstringpool/unmanagedstringpool/tests/bin/debug/net8.0/stringpooltest.dll" id="8332a280-65d4-2fd7-e9ae-b15c70a63206">
      <Execution id="a5051ca1-1db5-4e8f-8b3a-41317099d962" />
      <TestMethod codeBase="/home/runner/work/UnmanagedStringPool/UnmanagedStringPool/Tests/bin/Debug/net8.0/StringPoolTest.dll" adapterTypeName="executor://xunit/VsTestRunner2/netcoreapp" className="LookBusy.Test.UnmanagedStringPoolEdgeCaseTests" name="Allocate_SpecialCharacters_WorksCorrectly" />
    </UnitTest>
    <UnitTest name="LookBusy.Test.UnmanagedStringPoolTests.AsSpan_AfterPoolDisposal_ThrowsObjectDisposedException" storage="/home/runner/work/unmanagedstringpool/unmanagedstringpool/tests/bin/debug/net8.0/stringpooltest.dll" id="18ecbda6-3c58-1100-2593-3ab9ecd24cde">
      <Execution id="23cad425-1703-4893-9878-10be7844f29b" />
      <TestMethod codeBase="/home/runner/work/UnmanagedStringPool/UnmanagedStringPool/Tests/bin/Debug/net8.0/StringPoolTest.dll" adapterTypeName="executor://xunit/VsTestRunner2/netcoreapp" className="LookBusy.Test.UnmanagedStringPoolTests" name="AsSpan_AfterPoolDisposal_ThrowsObjectDisposedException" />
    </UnitTest>
    <UnitTest name="LookBusy.Test.UnmanagedStringPoolEdgeCaseTests.Constructor_LargeCapacity_WorksCorrectly" storage="/home/runner/work/unmanagedstringpool/unmanagedstringpool/tests/bin/debug/net8.0/stringpooltest.dll" id="1ed8b7d9-8a91-248e-1fe4-a61f152e9ce8">
      <Execution id="1a14210a-d1ad-4aea-b0ee-819299e9306c" />
      <TestMethod codeBase="/home/runner/work/UnmanagedStringPool/UnmanagedStringPool/Tests/bin/Debug/net8.0/StringPoolTest.dll" adapterTypeName="executor://xunit/VsTestRunner2/netcoreapp" className="LookBusy.Test.UnmanagedStringPoolEdgeCaseTests" name="Constructor_LargeCapacity_WorksCorrectly" />
    </UnitTest>
    <UnitTest name="LookBusy.Test.PooledStringTests.IndexOf_WithComparison_WorksCorrectly(comparison: Ordinal)" storage="/home/runner/work/unmanagedstringpool/unmanagedstringpool/tests/bin/debug/net8.0/stringpooltest.dll" id="9d7db108-ce20-7050-c471-6e187b5d508c">
      <Execution id="2e1a375b-4d46-4675-8839-c9f464963cb3" />
      <TestMethod codeBase="/home/runner/work/UnmanagedStringPool/UnmanagedStringPool/Tests/bin/Debug/net8.0/StringPoolTest.dll" adapterTypeName="executor://xunit/VsTestRunner2/netcoreapp" className="LookBusy.Test.PooledStringTests" name="IndexOf_WithComparison_WorksCorrectly" />
    </UnitTest>
    <UnitTest name="LookBusy.Test.PooledStringTests.Replace_NotFound_ReturnsOriginal" storage="/home/runner/work/unmanagedstringpool/unmanagedstringpool/tests/bin/debug/net8.0/stringpooltest.dll" id="e285cdbd-331d-97a7-6fb0-a2475cea27a9">
      <Execution id="98067fd7-fd98-428b-9ba2-54b2b4ed6aff" />
      <TestMethod codeBase="/home/runner/work/UnmanagedStringPool/UnmanagedStringPool/Tests/bin/Debug/net8.0/StringPoolTest.dll" adapterTypeName="executor://xunit/VsTestRunner2/netcoreapp" className="LookBusy.Test.PooledStringTests" name="Replace_NotFound_ReturnsOriginal" />
    </UnitTest>
    <UnitTest name="LookBusy.Test.FragmentationAndMemoryTests.MemoryEfficiency_SmallAllocations_MinimizeWaste" storage="/home/runner/work/unmanagedstringpool/unmanagedstringpool/tests/bin/debug/net8.0/stringpooltest.dll" id="9066b3a8-aab5-81e7-5344-81902b98aa68">
      <Execution id="f75785e3-4c80-4f05-9c4f-1fbb4560298d" />
      <TestMethod codeBase="/home/runner/work/UnmanagedStringPool/UnmanagedStringPool/Tests/bin/Debug/net8.0/StringPoolTest.dll" adapterTypeName="executor://xunit/VsTestRunner2/netcoreapp" className="LookBusy.Test.FragmentationAndMemoryTests" name="MemoryEfficiency_SmallAllocations_MinimizeWaste" />
    </UnitTest>
    <UnitTest name="LookBusy.Test.PooledStringTests.SubstringSpan_InvalidRange_ThrowsArgumentOutOfRangeException(start: 12, length: 1)" storage="/home/runner/work/unmanagedstringpool/unmanagedstringpool/tests/bin/debug/net8.0/stringpooltest.dll" id="faa8fa77-43cb-b0fa-0db3-1ba9245f6243">
      <Execution id="9ea61edf-3c0e-42ea-8949-531574465338" />
      <TestMethod codeBase="/home/runner/work/UnmanagedStringPool/UnmanagedStringPool/Tests/bin/Debug/net8.0/StringPoolTest.dll" adapterTypeName="executor://xunit/VsTestRunner2/netcoreapp" className="LookBusy.Test.PooledStringTests" name="SubstringSpan_InvalidRange_ThrowsArgumentOutOfRangeException" />
    </UnitTest>
    <UnitTest name="LookBusy.Test.ConcurrentAccessTests.ConcurrentStringCreation_FromSamePool_ProducesValidStringsAsync" storage="/home/runner/work/unmanagedstringpool/unmanagedstringpool/tests/bin/debug/net8.0/stringpooltest.dll" id="48d8fca2-7539-7a4f-1efa-7278d26bf59a">
      <Execution id="194ffb4f-da96-4e90-9e5a-99860630e578" />
      <TestMethod codeBase="/home/runner/work/UnmanagedStringPool/UnmanagedStringPool/Tests/bin/Debug/net8.0/StringPoolTest.dll" adapterTypeName="executor://xunit/VsTestRunner2/netcoreapp" className="LookBusy.Test.ConcurrentAccessTests" name="ConcurrentStringCreation_FromSamePool_ProducesValidStringsAsync" />
    </UnitTest>
    <UnitTest name="LookBusy.Test.PooledStringTests.Insert_InvalidPosition_ThrowsArgumentOutOfRangeException(position: -1)" storage="/home/runner/work/unmanagedstringpool/unmanagedstringpool/tests/bin/debug/net8.0/stringpooltest.dll" id="c0268ef1-d804-cfa0-eba6-bf61bb188ffa">
      <Execution id="b1c9d42b-d373-45cf-8728-5800d7a0afec" />
      <TestMethod codeBase="/home/runner/work/UnmanagedStringPool/UnmanagedStringPool/Tests/bin/Debug/net8.0/StringPoolTest.dll" adapterTypeName="executor://xunit/VsTestRunner2/netcoreapp" className="LookBusy.Test.PooledStringTests" name="Insert_InvalidPosition_ThrowsArgumentOutOfRangeException" />
    </UnitTest>
    <UnitTest name="LookBusy.Test.UnmanagedStringPoolEdgeCaseTests.DumpBufferAsString_AfterMixedOperations_ShowsCorrectData" storage="/home/runner/work/unmanagedstringpool/unmanagedstringpool/tests/bin/debug/net8.0/stringpooltest.dll" id="c41f6d66-caf1-bce1-5cc3-90c746a800b7">
      <Execution id="d2f1c827-aef2-467c-8bac-e12669852fe2" />
      <TestMethod codeBase="/home/runner/work/UnmanagedStringPool/UnmanagedStringPool/Tests/bin/Debug/net8.0/StringPoolTest.dll" adapterTypeName="executor://xunit/VsTestRunner2/netcoreapp" className="LookBusy.Test.UnmanagedStringPoolEdgeCaseTests" name="DumpBufferAsString_AfterMixedOperations_ShowsCorrectData" />
    </UnitTest>
    <UnitTest name="LookBusy.Test.UnmanagedStringPoolTests.Constructor_WithGrowthDisabled_SetsAllowGrowthCorrectly" storage="/home/runner/work/unmanagedstringpool/unmanagedstringpool/tests/bin/debug/net8.0/stringpooltest.dll" id="578e7426-4fb3-5d1f-4036-782edd5e5088">
      <Execution id="830eab65-7bd9-4262-9079-edefa4d2eefc" />
      <TestMethod codeBase="/home/runner/work/UnmanagedStringPool/UnmanagedStringPool/Tests/bin/Debug/net8.0/StringPoolTest.dll" adapterTypeName="executor://xunit/VsTestRunner2/netcoreapp" className="LookBusy.Test.UnmanagedStringPoolTests" name="Constructor_WithGrowthDisabled_SetsAllowGrowthCorrectly" />
    </UnitTest>
    <UnitTest name="LookBusy.Test.ClearMethodTests.Clear_OldStringComparisons_Throw" storage="/home/runner/work/unmanagedstringpool/unmanagedstringpool/tests/bin/debug/net8.0/stringpooltest.dll" id="47c3c128-e9d4-4400-85ac-221ddf58d730">
      <Execution id="f09b4ec3-5ed5-437f-8fcf-dc9048b29432" />
      <TestMethod codeBase="/home/runner/work/UnmanagedStringPool/UnmanagedStringPool/Tests/bin/Debug/net8.0/StringPoolTest.dll" adapterTypeName="executor://xunit/VsTestRunner2/netcoreapp" className="LookBusy.Test.ClearMethodTests" name="Clear_OldStringComparisons_Throw" />
    </UnitTest>
    <UnitTest name="LookBusy.Test.DisposalAndLifecycleTests.PooledString_Equals_AfterPoolDisposal_ReturnsFalse" storage="/home/runner/work/unmanagedstringpool/unmanagedstringpool/tests/bin/debug/net8.0/stringpooltest.dll" id="ce8969f3-42ff-d110-f32f-ebfbc2966110">
      <Execution id="e0dbe310-0f6f-406e-b9f7-c19ac18f206d" />
      <TestMethod codeBase="/home/runner/work/UnmanagedStringPool/UnmanagedStringPool/Tests/bin/Debug/net8.0/StringPoolTest.dll" adapterTypeName="executor://xunit/VsTestRunner2/netcoreapp" className="LookBusy.Test.DisposalAndLifecycleTests" name="PooledString_Equals_AfterPoolDisposal_ReturnsFalse" />
    </UnitTest>
    <UnitTest name="LookBusy.Test.UnmanagedStringPoolEdgeCaseTests.Replace_IntegerOverflowInCalculation_ThrowsArgumentException" storage="/home/runner/work/unmanagedstringpool/unmanagedstringpool/tests/bin/debug/net8.0/stringpooltest.dll" id="c5d13f2e-60c7-5e06-9ee0-e09c55f6d079">
      <Execution id="de7f94ad-3f46-4978-80cf-f3b2e689ede9" />
      <TestMethod codeBase="/home/runner/work/UnmanagedStringPool/UnmanagedStringPool/Tests/bin/Debug/net8.0/StringPoolTest.dll" adapterTypeName="executor://xunit/VsTestRunner2/netcoreapp" className="LookBusy.Test.UnmanagedStringPoolEdgeCaseTests" name="Replace_IntegerOverflowInCalculation_ThrowsArgumentException" />
    </UnitTest>
    <UnitTest name="LookBusy.Test.UnmanagedStringPoolTests.AllowGrowth_WhenFalse_ThrowsOnPoolExhaustion" storage="/home/runner/work/unmanagedstringpool/unmanagedstringpool/tests/bin/debug/net8.0/stringpooltest.dll" id="216eed65-0cb2-c70f-77d1-1d7ddf6d2c00">
      <Execution id="095d3036-5f02-4e2d-b6a2-1af876e7c12e" />
      <TestMethod codeBase="/home/runner/work/UnmanagedStringPool/UnmanagedStringPool/Tests/bin/Debug/net8.0/StringPoolTest.dll" adapterTypeName="executor://xunit/VsTestRunner2/netcoreapp" className="LookBusy.Test.UnmanagedStringPoolTests" name="AllowGrowth_WhenFalse_ThrowsOnPoolExhaustion" />
    </UnitTest>
    <UnitTest name="LookBusy.Test.IntegerOverflowTests.PooledString_Insert_InvalidPosition_ThrowsArgumentOutOfRangeException(position: 1073741823)" storage="/home/runner/work/unmanagedstringpool/unmanagedstringpool/tests/bin/debug/net8.0/stringpooltest.dll" id="9c718dd3-5760-7c0c-9fc8-f310bcb17ad3">
      <Execution id="a425d705-9687-4347-9c67-7fe200ef5693" />
      <TestMethod codeBase="/home/runner/work/UnmanagedStringPool/UnmanagedStringPool/Tests/bin/Debug/net8.0/StringPoolTest.dll" adapterTypeName="executor://xunit/VsTestRunner2/netcoreapp" className="LookBusy.Test.IntegerOverflowTests" name="PooledString_Insert_InvalidPosition_ThrowsArgumentOutOfRangeException" />
    </UnitTest>
    <UnitTest name="LookBusy.Test.FragmentationAndMemoryTests.AutomaticCoalescing_TriggeredByThreshold_ReducesFragmentation" storage="/home/runner/work/unmanagedstringpool/unmanagedstringpool/tests/bin/debug/net8.0/stringpooltest.dll" id="aede3ec3-0e2b-25f5-d209-37b8997bcc2d">
      <Execution id="dbb2dbbc-aa23-4167-bf10-8314e89043ca" />
      <TestMethod codeBase="/home/runner/work/UnmanagedStringPool/UnmanagedStringPool/Tests/bin/Debug/net8.0/StringPoolTest.dll" adapterTypeName="executor://xunit/VsTestRunner2/netcoreapp" className="LookBusy.Test.FragmentationAndMemoryTests" name="AutomaticCoalescing_TriggeredByThreshold_ReducesFragmentation" />
    </UnitTest>
    <UnitTest name="LookBusy.Test.IntegerOverflowTests.FreeSpaceChars_DoesNotOverflowWithLargeValues" storage="/home/runner/work/unmanagedstringpool/unmanagedstringpool/tests/bin/debug/net8.0/stringpooltest.dll" id="889d229a-283f-0c41-8f25-2db0d5541248">
      <Execution id="10c060c4-dce7-4310-b7a2-5d1fa2313ef7" />
      <TestMethod codeBase="/home/runner/work/UnmanagedStringPool/UnmanagedStringPool/Tests/bin/Debug/net8.0/StringPoolTest.dll" adapterTypeName="executor://xunit/VsTestRunner2/netcoreapp" className="LookBusy.Test.IntegerOverflowTests" name="FreeSpaceChars_DoesNotOverflowWithLargeValues" />
    </UnitTest>
    <UnitTest name="LookBusy.Test.UnmanagedStringPoolEdgeCaseTests.Allocate_UnicodeCharacters_WorksCorrectly" storage="/home/runner/work/unmanagedstringpool/unmanagedstringpool/tests/bin/debug/net8.0/stringpooltest.dll" id="8f65b0f7-1b4f-8c12-c91b-ef8a8c6b63ce">
      <Execution id="cd3102df-6b14-4c0a-8cd0-2a2d196f0bf8" />
      <TestMethod codeBase="/home/runner/work/UnmanagedStringPool/UnmanagedStringPool/Tests/bin/Debug/net8.0/StringPoolTest.dll" adapterTypeName="executor://xunit/VsTestRunner2/netcoreapp" className="LookBusy.Test.UnmanagedStringPoolEdgeCaseTests" name="Allocate_UnicodeCharacters_WorksCorrectly" />
    </UnitTest>
    <UnitTest name="LookBusy.Test.UnmanagedStringPoolEdgeCaseTests.Allocate_OddSizeStrings_MaintainsAlignment" storage="/home/runner/work/unmanagedstringpool/unmanagedstringpool/tests/bin/debug/net8.0/stringpooltest.dll" id="0deeb444-135e-86a3-6fc3-b9135af5a5ba">
      <Execution id="6190e87b-787a-48f6-877c-d72f43ed59a2" />
      <TestMethod codeBase="/home/runner/work/UnmanagedStringPool/UnmanagedStringPool/Tests/bin/Debug/net8.0/StringPoolTest.dll" adapterTypeName="executor://xunit/VsTestRunner2/netcoreapp" className="LookBusy.Test.UnmanagedStringPoolEdgeCaseTests" name="Allocate_OddSizeStrings_MaintainsAlignment" />
    </UnitTest>
    <UnitTest name="LookBusy.Test.PooledStringTests.GetHashCode_DifferentContent_ReturnsDifferentHashCode" storage="/home/runner/work/unmanagedstringpool/unmanagedstringpool/tests/bin/debug/net8.0/stringpooltest.dll" id="b5249f47-6d6b-93f1-f15d-eded5507a5ab">
      <Execution id="1fc91a00-b078-4f58-897a-fc6358a37db8" />
      <TestMethod codeBase="/home/runner/work/UnmanagedStringPool/UnmanagedStringPool/Tests/bin/Debug/net8.0/StringPoolTest.dll" adapterTypeName="executor://xunit/VsTestRunner2/netcoreapp" className="LookBusy.Test.PooledStringTests" name="GetHashCode_DifferentContent_ReturnsDifferentHashCode" />
    </UnitTest>
    <UnitTest name="LookBusy.Test.FinalizerBehaviorTests.Finalizer_AfterExplicitDispose_DoesNotExecuteTwice" storage="/home/runner/work/unmanagedstringpool/unmanagedstringpool/tests/bin/debug/net8.0/stringpooltest.dll" id="e5a5fa36-689f-b520-7ca7-8a0da9a24302">
      <Execution id="52551869-7fc7-4cce-b836-c66d24b891e7" />
      <TestMethod codeBase="/home/runner/work/UnmanagedStringPool/UnmanagedStringPool/Tests/bin/Debug/net8.0/StringPoolTest.dll" adapterTypeName="executor://xunit/VsTestRunner2/netcoreapp" className="LookBusy.Test.FinalizerBehaviorTests" name="Finalizer_AfterExplicitDispose_DoesNotExecuteTwice" />
    </UnitTest>
    <UnitTest name="LookBusy.Test.PooledStringTests.Length_EmptyString_ReturnsZero" storage="/home/runner/work/unmanagedstringpool/unmanagedstringpool/tests/bin/debug/net8.0/stringpooltest.dll" id="dc579212-25a4-268b-242e-1f3f7646dad2">
      <Execution id="5fd0973e-d09d-4aff-b5be-7e4c20029a35" />
      <TestMethod codeBase="/home/runner/work/UnmanagedStringPool/UnmanagedStringPool/Tests/bin/Debug/net8.0/StringPoolTest.dll" adapterTypeName="executor://xunit/VsTestRunner2/netcoreapp" className="LookBusy.Test.PooledStringTests" name="Length_EmptyString_ReturnsZero" />
    </UnitTest>
    <UnitTest name="LookBusy.Test.DisposalAndLifecycleTests.PooledString_UsingStatement_AutomaticallyFrees" storage="/home/runner/work/unmanagedstringpool/unmanagedstringpool/tests/bin/debug/net8.0/stringpooltest.dll" id="25c53798-cd88-8338-4b53-ad92160f044a">
      <Execution id="83555fd2-afdd-4fae-bc81-02a25da92b08" />
      <TestMethod codeBase="/home/runner/work/UnmanagedStringPool/UnmanagedStringPool/Tests/bin/Debug/net8.0/StringPoolTest.dll" adapterTypeName="executor://xunit/VsTestRunner2/netcoreapp" className="LookBusy.Test.DisposalAndLifecycleTests" name="PooledString_UsingStatement_AutomaticallyFrees" />
    </UnitTest>
    <UnitTest name="LookBusy.Test.FragmentationAndMemoryTests.MaximumFragmentation_AllButOneStringFree_HandlesCorrectly" storage="/home/runner/work/unmanagedstringpool/unmanagedstringpool/tests/bin/debug/net8.0/stringpooltest.dll" id="02ca0e30-23c3-a261-9cab-6ef41513b4d1">
      <Execution id="587e340c-4a92-4540-be53-5bdaf5c25087" />
      <TestMethod codeBase="/home/runner/work/UnmanagedStringPool/UnmanagedStringPool/Tests/bin/Debug/net8.0/StringPoolTest.dll" adapterTypeName="executor://xunit/VsTestRunner2/netcoreapp" className="LookBusy.Test.FragmentationAndMemoryTests" name="MaximumFragmentation_AllButOneStringFree_HandlesCorrectly" />
    </UnitTest>
    <UnitTest name="LookBusy.Test.IntegerOverflowTests.BufferMemoryCopy_LengthCalculations_HandleBoundaries" storage="/home/runner/work/unmanagedstringpool/unmanagedstringpool/tests/bin/debug/net8.0/stringpooltest.dll" id="5c217f30-5a40-d778-7a39-1bd96f25a02c">
      <Execution id="33e6681a-fe6b-4794-a205-2e3c25136580" />
      <TestMethod codeBase="/home/runner/work/UnmanagedStringPool/UnmanagedStringPool/Tests/bin/Debug/net8.0/StringPoolTest.dll" adapterTypeName="executor://xunit/VsTestRunner2/netcoreapp" className="LookBusy.Test.IntegerOverflowTests" name="BufferMemoryCopy_LengthCalculations_HandleBoundaries" />
    </UnitTest>
    <UnitTest name="LookBusy.Test.IntegerOverflowTests.PooledString_SubstringSpan_InvalidIndices_ThrowsArgumentOutOfRangeException(startIndex: -2147483648)" storage="/home/runner/work/unmanagedstringpool/unmanagedstringpool/tests/bin/debug/net8.0/stringpooltest.dll" id="90abd06c-9319-51cd-e549-58617a8092db">
      <Execution id="544fc90d-a010-4766-9dd9-09bf144af2b3" />
      <TestMethod codeBase="/home/runner/work/UnmanagedStringPool/UnmanagedStringPool/Tests/bin/Debug/net8.0/StringPoolTest.dll" adapterTypeName="executor://xunit/VsTestRunner2/netcoreapp" className="LookBusy.Test.IntegerOverflowTests" name="PooledString_SubstringSpan_InvalidIndices_ThrowsArgumentOutOfRangeException" />
    </UnitTest>
    <UnitTest name="LookBusy.Test.UnmanagedStringPoolEdgeCaseTests.Equals_DisposedPool_ReturnsFalse" storage="/home/runner/work/unmanagedstringpool/unmanagedstringpool/tests/bin/debug/net8.0/stringpooltest.dll" id="395e4852-0e1c-3dca-de26-eaea9dda943f">
      <Execution id="942f2686-7520-48cf-9137-f9501c47f83a" />
      <TestMethod codeBase="/home/runner/work/UnmanagedStringPool/UnmanagedStringPool/Tests/bin/Debug/net8.0/StringPoolTest.dll" adapterTypeName="executor://xunit/VsTestRunner2/netcoreapp" className="LookBusy.Test.UnmanagedStringPoolEdgeCaseTests" name="Equals_DisposedPool_ReturnsFalse" />
    </UnitTest>
    <UnitTest name="LookBusy.Test.PooledStringTests.ToString_EmptyString_ReturnsEmptyString" storage="/home/runner/work/unmanagedstringpool/unmanagedstringpool/tests/bin/debug/net8.0/stringpooltest.dll" id="7ba2dc7b-c432-5cd2-c382-69f0e4bcc322">
      <Execution id="34e20572-9c89-4036-bf49-b65e9d2c230c" />
      <TestMethod codeBase="/home/runner/work/UnmanagedStringPool/UnmanagedStringPool/Tests/bin/Debug/net8.0/StringPoolTest.dll" adapterTypeName="executor://xunit/VsTestRunner2/netcoreapp" className="LookBusy.Test.PooledStringTests" name="ToString_EmptyString_ReturnsEmptyString" />
    </UnitTest>
    <UnitTest name="LookBusy.Test.PooledStringTests.IsEmpty_NonEmptyString_ReturnsFalse" storage="/home/runner/work/unmanagedstringpool/unmanagedstringpool/tests/bin/debug/net8.0/stringpooltest.dll" id="06d6c73e-42b0-1ad8-938c-25df3a904684">
      <Execution id="4954ba45-2e00-46ee-9adc-1784bfe2947b" />
      <TestMethod codeBase="/home/runner/work/UnmanagedStringPool/UnmanagedStringPool/Tests/bin/Debug/net8.0/StringPoolTest.dll" adapterTypeName="executor://xunit/VsTestRunner2/netcoreapp" className="LookBusy.Test.PooledStringTests" name="IsEmpty_NonEmptyString_ReturnsFalse" />
    </UnitTest>
  </TestDefinitions>
  <TestEntries>
    <TestEntry testId="cafab4c4-7b59-f24f-ef93-c7074100a858" executionId="c35e9040-c467-4bc1-86ab-dd5d29916052" testListId="8c84fa94-04c1-424b-9868-57a2d4851a1d" />
    <TestEntry testId="7f0ceea1-1906-66c8-9a55-2c294a9246fc" executionId="553c770b-9c83-43bd-8e2e-cf40055154fd" testListId="8c84fa94-04c1-424b-9868-57a2d4851a1d" />
    <TestEntry testId="1e3735b8-1cdd-49e5-f7fe-85b38313b49e" executionId="05ba2d35-a5b0-4960-b986-06e7bac666c3" testListId="8c84fa94-04c1-424b-9868-57a2d4851a1d" />
    <TestEntry testId="25240124-8618-f9e6-42fe-8b79aa831184" executionId="b4fe6f13-1f53-4636-9a5f-259f6d1a742c" testListId="8c84fa94-04c1-424b-9868-57a2d4851a1d" />
    <TestEntry testId="2c604de3-304a-5ac1-89b1-32ee42d48771" executionId="6ebef7e2-8272-4005-ab87-de617be45597" testListId="8c84fa94-04c1-424b-9868-57a2d4851a1d" />
    <TestEntry testId="4a2a690a-9ec1-1656-5221-5419a962d390" executionId="11168862-a204-4d02-a6d0-8937e2570f90" testListId="8c84fa94-04c1-424b-9868-57a2d4851a1d" />
    <TestEntry testId="68dced68-d48e-b43f-e9af-77002ce2dcfe" executionId="f4f68203-e4e4-4ede-a1bf-58aa703c88ef" testListId="8c84fa94-04c1-424b-9868-57a2d4851a1d" />
    <TestEntry testId="0f7afc60-a4f5-5e6d-c860-a623e7b4ffdf" executionId="ea6071e6-af25-4704-b9b7-8247b67fc174" testListId="8c84fa94-04c1-424b-9868-57a2d4851a1d" />
    <TestEntry testId="216eed65-0cb2-c70f-77d1-1d7ddf6d2c00" executionId="095d3036-5f02-4e2d-b6a2-1af876e7c12e" testListId="8c84fa94-04c1-424b-9868-57a2d4851a1d" />
    <TestEntry testId="b5249f47-6d6b-93f1-f15d-eded5507a5ab" executionId="1fc91a00-b078-4f58-897a-fc6358a37db8" testListId="8c84fa94-04c1-424b-9868-57a2d4851a1d" />
    <TestEntry testId="e3b83164-ea48-2292-5d7d-f10048c78f5b" executionId="06d4c07a-e885-4bea-8eed-dbdf67b49beb" testListId="8c84fa94-04c1-424b-9868-57a2d4851a1d" />
    <TestEntry testId="e42f0bbe-c35f-be38-83dc-82d6abd7c316" executionId="4a9a37b8-576c-4c3b-996d-bb0143596c09" testListId="8c84fa94-04c1-424b-9868-57a2d4851a1d" />
    <TestEntry testId="dc579212-25a4-268b-242e-1f3f7646dad2" executionId="5fd0973e-d09d-4aff-b5be-7e4c20029a35" testListId="8c84fa94-04c1-424b-9868-57a2d4851a1d" />
    <TestEntry testId="beb39fa0-8e5b-1fd0-b791-8532179f97b0" executionId="4f0990b2-68e5-4e3e-9aad-5d5db7f63f5d" testListId="8c84fa94-04c1-424b-9868-57a2d4851a1d" />
    <TestEntry testId="8ceb6a33-7c08-dcb7-7138-5e52f605349b" executionId="73e20fd6-1545-4300-bbb1-aa09f5d60502" testListId="8c84fa94-04c1-424b-9868-57a2d4851a1d" />
    <TestEntry testId="ab228e79-7dea-5b78-533d-fe80640a31c0" executionId="f4ce2de6-016e-4eb3-9590-1c235b6eacf0" testListId="8c84fa94-04c1-424b-9868-57a2d4851a1d" />
    <TestEntry testId="21c15b39-edbe-8fe8-7475-245ccac06777" executionId="d43e648a-edcf-456f-8719-93d8d636678c" testListId="8c84fa94-04c1-424b-9868-57a2d4851a1d" />
    <TestEntry testId="dd4cf928-08a6-ff0b-b5fa-5585870e672c" executionId="1a64f3ab-1580-4a72-b52b-2dfee68bade0" testListId="8c84fa94-04c1-424b-9868-57a2d4851a1d" />
    <TestEntry testId="6dfbde64-a021-0669-289d-72e453da2c03" executionId="0863e689-da80-4af3-9eff-718339239a0e" testListId="8c84fa94-04c1-424b-9868-57a2d4851a1d" />
    <TestEntry testId="520ad296-18bd-665c-aef3-07706b05002e" executionId="2c287d62-fec7-48a4-984b-9d4b0137d7de" testListId="8c84fa94-04c1-424b-9868-57a2d4851a1d" />
    <TestEntry testId="aede3ec3-0e2b-25f5-d209-37b8997bcc2d" executionId="dbb2dbbc-aa23-4167-bf10-8314e89043ca" testListId="8c84fa94-04c1-424b-9868-57a2d4851a1d" />
    <TestEntry testId="cb77837d-337a-9e82-5bfb-6325b95bce85" executionId="eebc55fb-a20b-481e-afb9-9a5751949092" testListId="8c84fa94-04c1-424b-9868-57a2d4851a1d" />
    <TestEntry testId="47c3c128-e9d4-4400-85ac-221ddf58d730" executionId="f09b4ec3-5ed5-437f-8fcf-dc9048b29432" testListId="8c84fa94-04c1-424b-9868-57a2d4851a1d" />
    <TestEntry testId="4486e472-dc2e-50d5-815d-b5b63202df17" executionId="555477c0-e4f4-42fc-bd7a-a7f18be8e11e" testListId="8c84fa94-04c1-424b-9868-57a2d4851a1d" />
    <TestEntry testId="38b7e53f-503e-4700-8607-1dcb72dc3926" executionId="6f6ecd53-e135-4d69-b118-fa3c776ff588" testListId="8c84fa94-04c1-424b-9868-57a2d4851a1d" />
    <TestEntry testId="cb61bb58-f658-ce61-ee92-6ef949191098" executionId="d9bda8f8-a828-49f2-b61f-00ef59e20c7f" testListId="8c84fa94-04c1-424b-9868-57a2d4851a1d" />
    <TestEntry testId="578e7426-4fb3-5d1f-4036-782edd5e5088" executionId="830eab65-7bd9-4262-9079-edefa4d2eefc" testListId="8c84fa94-04c1-424b-9868-57a2d4851a1d" />
    <TestEntry testId="f4bca4ff-d076-3678-5e0e-0a1287248d27" executionId="0b984645-534b-4608-b047-b54e3c1cedde" testListId="8c84fa94-04c1-424b-9868-57a2d4851a1d" />
    <TestEntry testId="771326b8-6ef3-9adb-796b-d3f0fb997923" executionId="0126c67f-50e8-4b09-b55c-943563112ce8" testListId="8c84fa94-04c1-424b-9868-57a2d4851a1d" />
    <TestEntry testId="0afe04d5-54b7-74bf-25bd-347341b354c9" executionId="078594d1-2524-4111-be4e-7df273d74eea" testListId="8c84fa94-04c1-424b-9868-57a2d4851a1d" />
    <TestEntry testId="868ba374-79b6-75e5-52c8-a071d8d30c9c" executionId="3603528a-c391-40d2-834f-771e29dbfd86" testListId="8c84fa94-04c1-424b-9868-57a2d4851a1d" />
    <TestEntry testId="37cee380-3558-0b28-1471-cee41829f82f" executionId="a5e0d2a7-1fcd-4b75-8964-28ba9f6d0a5d" testListId="8c84fa94-04c1-424b-9868-57a2d4851a1d" />
    <TestEntry testId="2b493090-1a3c-1486-1545-d1a3f39fa3ab" executionId="01373406-7484-4159-8964-70fa7bd00421" testListId="8c84fa94-04c1-424b-9868-57a2d4851a1d" />
    <TestEntry testId="905c35cf-fef7-5b14-4073-47a645904a2d" executionId="bf77d8ef-df37-489c-9c24-d6d10b054251" testListId="8c84fa94-04c1-424b-9868-57a2d4851a1d" />
    <TestEntry testId="da8502b2-2adf-dc27-dc55-ec4ca956bfe6" executionId="ecefc4ab-289e-4a63-a089-2476d223eae6" testListId="8c84fa94-04c1-424b-9868-57a2d4851a1d" />
    <TestEntry testId="c41f6d66-caf1-bce1-5cc3-90c746a800b7" executionId="d2f1c827-aef2-467c-8bac-e12669852fe2" testListId="8c84fa94-04c1-424b-9868-57a2d4851a1d" />
    <TestEntry testId="7525df1f-58a3-c115-289e-a511e9895de5" executionId="561087d6-8c6e-4d8b-a36b-11cd29b65231" testListId="8c84fa94-04c1-424b-9868-57a2d4851a1d" />
    <TestEntry testId="2d95aec6-a9c4-a0c9-b14b-9610f63a7732" executionId="9d461b77-5e70-4ab4-8c94-d0aa032ccb01" testListId="8c84fa94-04c1-424b-9868-57a2d4851a1d" />
    <TestEntry testId="8f65b0f7-1b4f-8c12-c91b-ef8a8c6b63ce" executionId="cd3102df-6b14-4c0a-8cd0-2a2d196f0bf8" testListId="8c84fa94-04c1-424b-9868-57a2d4851a1d" />
    <TestEntry testId="f50978f1-8649-8438-9086-39f900fba8f0" executionId="cb9acb67-2fd1-4488-ab8d-eae2a866adc0" testListId="8c84fa94-04c1-424b-9868-57a2d4851a1d" />
    <TestEntry testId="f13a71c4-377d-417d-7086-c9aeb49a76cb" executionId="3021ded5-4a34-488b-8f28-1e5f56b2cecc" testListId="8c84fa94-04c1-424b-9868-57a2d4851a1d" />
    <TestEntry testId="a25fe20f-46cf-d33e-e035-21d26848f660" executionId="98d3cb56-f374-4638-a8ca-6ba2842caaf1" testListId="8c84fa94-04c1-424b-9868-57a2d4851a1d" />
    <TestEntry testId="9db3446c-082c-03f9-206b-03b8faa5e246" executionId="866dc124-0679-484e-9072-fcab31b814b3" testListId="8c84fa94-04c1-424b-9868-57a2d4851a1d" />
    <TestEntry testId="4eb74b35-bb1e-adaf-c7cb-f0dc1d7d9f78" executionId="e6e99870-a4e1-40e7-84c3-12f324fda6a8" testListId="8c84fa94-04c1-424b-9868-57a2d4851a1d" />
    <TestEntry testId="df387044-fe33-d8a3-ec83-94b13ff51e1e" executionId="b8e0c745-cdd1-4854-8a82-381e3bc9ee11" testListId="8c84fa94-04c1-424b-9868-57a2d4851a1d" />
    <TestEntry testId="547a6b67-f010-c0b9-ede8-e0eae9cea09d" executionId="e9de5141-f34d-4a80-b5a4-62929596e555" testListId="8c84fa94-04c1-424b-9868-57a2d4851a1d" />
    <TestEntry testId="18ecbda6-3c58-1100-2593-3ab9ecd24cde" executionId="23cad425-1703-4893-9878-10be7844f29b" testListId="8c84fa94-04c1-424b-9868-57a2d4851a1d" />
    <TestEntry testId="570b36ca-30a5-78cc-4839-a870629d6fe8" executionId="10f814e6-0515-4a4c-8175-fa9ed1fe68c1" testListId="8c84fa94-04c1-424b-9868-57a2d4851a1d" />
    <TestEntry testId="2ee7512d-c88c-3494-27cb-df069946ea80" executionId="9c1ce6d4-6592-4030-98e4-debdf552f648" testListId="8c84fa94-04c1-424b-9868-57a2d4851a1d" />
    <TestEntry testId="fa5237cd-aecb-963a-987f-917d575f629d" executionId="7273ead9-93c8-4863-bfdc-45fe325830a6" testListId="8c84fa94-04c1-424b-9868-57a2d4851a1d" />
    <TestEntry testId="0d76bf08-9098-5c44-c473-28604f0245f4" executionId="f6e224e4-333f-4cf1-9592-6f2da44304b2" testListId="8c84fa94-04c1-424b-9868-57a2d4851a1d" />
    <TestEntry testId="c63d8089-916a-706f-8f28-f44ea536c078" executionId="8bf7e154-81d9-4b0e-b928-5409967a6f85" testListId="8c84fa94-04c1-424b-9868-57a2d4851a1d" />
    <TestEntry testId="2729134c-0380-e212-4ec4-3f791c7fdee1" executionId="324f7a22-8882-4262-b626-ba2fc85e5250" testListId="8c84fa94-04c1-424b-9868-57a2d4851a1d" />
    <TestEntry testId="ba0ed36d-b4fe-ac83-b437-55305c9bf69d" executionId="feccaaf7-2997-41da-bade-92c5d157f35c" testListId="8c84fa94-04c1-424b-9868-57a2d4851a1d" />
    <TestEntry testId="994be082-a93b-98e0-b98d-2500d2995187" executionId="35df5028-8256-4dcb-adcd-1529596c27a8" testListId="8c84fa94-04c1-424b-9868-57a2d4851a1d" />
    <TestEntry testId="e11b9cfa-071b-8686-afa7-ca6c3534479e" executionId="617671ce-ea8b-4427-a5a1-c8d37bf92d57" testListId="8c84fa94-04c1-424b-9868-57a2d4851a1d" />
    <TestEntry testId="f8c28684-08ed-e968-4474-836e16a6c60f" executionId="5ccac3b1-1959-45d2-88ef-cab9c20a857e" testListId="8c84fa94-04c1-424b-9868-57a2d4851a1d" />
    <TestEntry testId="d95e8b6d-18d1-5d6b-4a87-c31f157f4e19" executionId="7b8050ff-a781-4d03-90e2-63fe397c7823" testListId="8c84fa94-04c1-424b-9868-57a2d4851a1d" />
    <TestEntry testId="75124d72-b1de-8c4d-4b50-2961d90aa4bf" executionId="5d08b6e2-2153-4d44-b103-ee7e992affde" testListId="8c84fa94-04c1-424b-9868-57a2d4851a1d" />
    <TestEntry testId="74e431f9-324f-fd7e-875e-094defc8e594" executionId="d7b8adbd-9768-44cc-a0d5-9a6d113b4150" testListId="8c84fa94-04c1-424b-9868-57a2d4851a1d" />
    <TestEntry testId="e8c7c55d-25fe-7867-13ca-d78618893a39" executionId="707eddd3-d384-44ed-a3b1-6d63291a15e0" testListId="8c84fa94-04c1-424b-9868-57a2d4851a1d" />
    <TestEntry testId="d4771011-842b-40dd-4729-870a30ccbe01" executionId="f5852e78-5545-42a0-bf29-6b8abf110756" testListId="8c84fa94-04c1-424b-9868-57a2d4851a1d" />
    <TestEntry testId="bf82bc77-77f4-abae-45f7-a8661446e458" executionId="cf14cede-2506-43ce-a4f8-3ec743abb74a" testListId="8c84fa94-04c1-424b-9868-57a2d4851a1d" />
    <TestEntry testId="cbf7f91c-0fff-bc76-1096-e38f3a10f42a" executionId="09253542-0c17-4225-bb1e-b037327821e6" testListId="8c84fa94-04c1-424b-9868-57a2d4851a1d" />
    <TestEntry testId="f22ea399-d018-2da5-6156-ba99273c1de0" executionId="ffdf43d8-eaff-41be-a757-491a3c896080" testListId="8c84fa94-04c1-424b-9868-57a2d4851a1d" />
    <TestEntry testId="cf77a6b1-2ad4-5aba-7959-15983cbe7e46" executionId="66bee662-1cf2-4372-b92e-1092c7cdfd88" testListId="8c84fa94-04c1-424b-9868-57a2d4851a1d" />
    <TestEntry testId="e8aef1ca-1fbe-611b-8380-3ccbe318ef82" executionId="4fef3682-e33d-4225-b335-9c0095fa4dfe" testListId="8c84fa94-04c1-424b-9868-57a2d4851a1d" />
    <TestEntry testId="1d1599ee-62c9-2aa3-a358-94b4e138334c" executionId="2d5e8f17-ca6c-40a1-8d07-5182b8dcbf9c" testListId="8c84fa94-04c1-424b-9868-57a2d4851a1d" />
    <TestEntry testId="483a3604-b14d-225e-17ec-0c2e493f9782" executionId="91f8646e-8b10-4557-99b2-49278da57b95" testListId="8c84fa94-04c1-424b-9868-57a2d4851a1d" />
    <TestEntry testId="f85b8953-845c-c2f1-8de4-be4db620b581" executionId="d712de37-3290-4234-b8b1-909188c58a40" testListId="8c84fa94-04c1-424b-9868-57a2d4851a1d" />
    <TestEntry testId="a9ec341d-9f28-0a0e-0d30-a67cd17170cf" executionId="603f6129-7d34-4c73-af09-7895bc5500c2" testListId="8c84fa94-04c1-424b-9868-57a2d4851a1d" />
    <TestEntry testId="161a608b-cfaf-913e-018f-a835c4559de7" executionId="ae524597-b784-49f8-a0dd-ced006ab8720" testListId="8c84fa94-04c1-424b-9868-57a2d4851a1d" />
    <TestEntry testId="070434b9-bd7f-b169-0c15-297a89b8ec05" executionId="464a20eb-a26b-451b-8fb3-75f9bb4472e0" testListId="8c84fa94-04c1-424b-9868-57a2d4851a1d" />
    <TestEntry testId="4a8af3d2-9be6-53f1-e6ce-8ab9b0ffa25a" executionId="67339229-3379-4758-96d4-bba938235d15" testListId="8c84fa94-04c1-424b-9868-57a2d4851a1d" />
    <TestEntry testId="bbbebe50-4e97-b6cc-9a06-62e38c71151d" executionId="5b303c31-9a27-45a5-bdd7-e12af04ba206" testListId="8c84fa94-04c1-424b-9868-57a2d4851a1d" />
    <TestEntry testId="35f2d73e-1a44-7f78-4448-8dcc861d4ede" executionId="56bd8fbe-bf23-4e11-844f-22a506177422" testListId="8c84fa94-04c1-424b-9868-57a2d4851a1d" />
    <TestEntry testId="29011097-3a0c-9076-fac6-7c3a2e7f68a9" executionId="fb79e8f7-31b3-4163-b57d-c15eb6c6c111" testListId="8c84fa94-04c1-424b-9868-57a2d4851a1d" />
    <TestEntry testId="c9c06c2b-38eb-923b-5ef3-9ef500c857db" executionId="e040339c-1408-40a3-8d33-7c8efd971684" testListId="8c84fa94-04c1-424b-9868-57a2d4851a1d" />
    <TestEntry testId="2673d967-0435-2a11-125e-fc91488708ac" executionId="9f977683-86fa-48fe-a2d2-aff03ef70ceb" testListId="8c84fa94-04c1-424b-9868-57a2d4851a1d" />
    <TestEntry testId="3f460e32-d5ae-92bc-5169-1f6fcb5c59ec" executionId="f2c681b2-c76e-443d-b137-6ff5a69fe264" testListId="8c84fa94-04c1-424b-9868-57a2d4851a1d" />
    <TestEntry testId="ea6dbe23-2bc1-fcd7-b754-10c0ae9c6757" executionId="81a5dcb7-7bf2-40e4-9269-cc5050d4df99" testListId="8c84fa94-04c1-424b-9868-57a2d4851a1d" />
    <TestEntry testId="96dff266-2e9a-1794-3c0e-7f3cf758d589" executionId="271ef443-0931-4ffa-b9db-d13b4be258cc" testListId="8c84fa94-04c1-424b-9868-57a2d4851a1d" />
    <TestEntry testId="00a56d22-8d77-a5a8-48dd-588e277b68b5" executionId="95a706d3-35e9-4f99-947f-04a09b77c65a" testListId="8c84fa94-04c1-424b-9868-57a2d4851a1d" />
    <TestEntry testId="e7a2eb67-c791-96d2-34ad-9cad5f2657b5" executionId="39bbc90f-56a9-4189-820b-80bae051b6e0" testListId="8c84fa94-04c1-424b-9868-57a2d4851a1d" />
    <TestEntry testId="0ac8ede2-6349-2ed6-d62d-ab24c6409adf" executionId="165ec611-197e-4e19-bd5b-69b070c1ef7a" testListId="8c84fa94-04c1-424b-9868-57a2d4851a1d" />
    <TestEntry testId="ff07443f-a11c-2d43-c415-2dd62e1dfdbc" executionId="475f7ab2-f0b4-40d1-a941-6938bdb90f19" testListId="8c84fa94-04c1-424b-9868-57a2d4851a1d" />
    <TestEntry testId="130836e5-9014-0363-bbbb-635ada3f84c1" executionId="7a9a58df-5b8a-4f22-a35c-640b475a9273" testListId="8c84fa94-04c1-424b-9868-57a2d4851a1d" />
    <TestEntry testId="711f492f-29a0-66c5-ccfb-22e1f1e2e557" executionId="e5bbe902-df9c-4921-8271-e279fdc3cdcc" testListId="8c84fa94-04c1-424b-9868-57a2d4851a1d" />
    <TestEntry testId="d9efb63c-9826-fa1a-ed49-a5e0c06b1163" executionId="d0f2b84d-f6da-45ef-b99f-b6b7277c9207" testListId="8c84fa94-04c1-424b-9868-57a2d4851a1d" />
    <TestEntry testId="bf0309c7-1cda-3ed4-1af1-adb3b18b3580" executionId="ee37bbd7-84a7-493a-b2cf-ac098eedc2f2" testListId="8c84fa94-04c1-424b-9868-57a2d4851a1d" />
    <TestEntry testId="4b55338a-69da-fd9c-cf40-c58b5df3792a" executionId="969f21ae-cb7c-4a74-9f99-d3ac7e584170" testListId="8c84fa94-04c1-424b-9868-57a2d4851a1d" />
    <TestEntry testId="3d31f172-fa23-d563-4ae6-21e23056533c" executionId="a7156050-f8ef-4222-9930-2a3323efbd4c" testListId="8c84fa94-04c1-424b-9868-57a2d4851a1d" />
    <TestEntry testId="e33060e6-2748-a8eb-e222-406a15eb19b2" executionId="4e8a52a1-b236-455d-b41e-7c75b6786f87" testListId="8c84fa94-04c1-424b-9868-57a2d4851a1d" />
    <TestEntry testId="1053be2f-0abc-5ce5-06f2-58679169eebd" executionId="054ec87c-96bb-4482-90f5-71c74b6fe9d9" testListId="8c84fa94-04c1-424b-9868-57a2d4851a1d" />
    <TestEntry testId="fec65a93-919e-4265-663a-977b6bff0768" executionId="7fb20469-6658-4970-ba90-b76c63aa4d06" testListId="8c84fa94-04c1-424b-9868-57a2d4851a1d" />
    <TestEntry testId="de4d0cf4-fc78-681b-c571-53d332f14131" executionId="7b573e2a-d000-497c-aacd-a6b367f6ed72" testListId="8c84fa94-04c1-424b-9868-57a2d4851a1d" />
    <TestEntry testId="a2708feb-235d-8d36-f9de-38f1850b2275" executionId="986a4ac0-e7a9-4332-ade6-a5118408020f" testListId="8c84fa94-04c1-424b-9868-57a2d4851a1d" />
    <TestEntry testId="3efa3ba0-5010-7536-ab68-0ff3e001c33e" executionId="7237e52e-41d4-45ff-9a9d-3e8e0b1cff9f" testListId="8c84fa94-04c1-424b-9868-57a2d4851a1d" />
    <TestEntry testId="09c579b3-1171-321f-0f85-f93a4bcc506f" executionId="b2bc4d20-32d1-4080-9e16-8d2334b3a720" testListId="8c84fa94-04c1-424b-9868-57a2d4851a1d" />
    <TestEntry testId="d26384af-fc82-5892-8af4-9fdee3b478c3" executionId="202e6b38-7b0c-4bc7-8cdf-3402cc8a7557" testListId="8c84fa94-04c1-424b-9868-57a2d4851a1d" />
    <TestEntry testId="a1be7f2b-2c4f-bc66-758e-593556b1e180" executionId="213a7a28-854d-4f7d-9370-5faf5b39e8fc" testListId="8c84fa94-04c1-424b-9868-57a2d4851a1d" />
    <TestEntry testId="32fa400c-09b5-ebe5-1815-b695a9b47919" executionId="d5b0ba9d-fd9a-436f-80cb-e302e8f89fc3" testListId="8c84fa94-04c1-424b-9868-57a2d4851a1d" />
    <TestEntry testId="90abd06c-9319-51cd-e549-58617a8092db" executionId="544fc90d-a010-4766-9dd9-09bf144af2b3" testListId="8c84fa94-04c1-424b-9868-57a2d4851a1d" />
    <TestEntry testId="69131465-4cf6-bf73-2b58-56e178c3ff99" executionId="d4039287-1986-41d7-b181-a487a9b8af9c" testListId="8c84fa94-04c1-424b-9868-57a2d4851a1d" />
    <TestEntry testId="9ee25c8e-b0fa-8898-dd2d-b8353491901d" executionId="9cf30a7d-1c87-454d-a10a-3ea59aff7366" testListId="8c84fa94-04c1-424b-9868-57a2d4851a1d" />
    <TestEntry testId="482ec179-f7c6-6bb4-e645-f4e5698dc4c3" executionId="34a6ea82-4f15-4898-b552-28e7195cc3e2" testListId="8c84fa94-04c1-424b-9868-57a2d4851a1d" />
    <TestEntry testId="4b071af9-7a12-4396-c57f-787d2678e9b6" executionId="d3840c69-9072-4899-b9c8-7b6676835da7" testListId="8c84fa94-04c1-424b-9868-57a2d4851a1d" />
    <TestEntry testId="65b46372-a903-1820-e33b-8eff1db6b1e7" executionId="00b4dc3c-30f8-418c-801e-ac04b5798251" testListId="8c84fa94-04c1-424b-9868-57a2d4851a1d" />
    <TestEntry testId="d10b6c1d-a6e9-5cbf-a7bf-7c6e04cde463" executionId="f86c7728-54b4-4dfc-b698-263268ad4d86" testListId="8c84fa94-04c1-424b-9868-57a2d4851a1d" />
    <TestEntry testId="3aef7109-8bd6-3c2e-f5e0-bcc08e300319" executionId="91f0b971-46ce-462f-865d-7ceb4862a9ee" testListId="8c84fa94-04c1-424b-9868-57a2d4851a1d" />
    <TestEntry testId="7e6f0ed8-e5a6-0010-ac5b-7b7f46876afa" executionId="c39cea33-1842-4df6-90a9-9df585add942" testListId="8c84fa94-04c1-424b-9868-57a2d4851a1d" />
    <TestEntry testId="4c0ecabc-5406-3299-c1aa-1d3beac1ba17" executionId="87600397-c59c-4e2e-a96b-7202741f06a9" testListId="8c84fa94-04c1-424b-9868-57a2d4851a1d" />
    <TestEntry testId="a9508986-c099-e46d-450a-52a343d65873" executionId="dfee81c8-9e8e-46b1-8feb-0a4539f51c4e" testListId="8c84fa94-04c1-424b-9868-57a2d4851a1d" />
    <TestEntry testId="ef9a9593-3691-76d2-0b50-57d59278091e" executionId="90f61fab-69a9-4652-9d75-48bbefa9b38a" testListId="8c84fa94-04c1-424b-9868-57a2d4851a1d" />
    <TestEntry testId="4ce418ec-ad36-bf61-36b1-4806b5f22cb5" executionId="607783c9-3d90-4d4e-aeb1-c76d5dda9ff1" testListId="8c84fa94-04c1-424b-9868-57a2d4851a1d" />
    <TestEntry testId="629e6504-db2c-729e-0997-c277685b0688" executionId="25575423-987c-4609-bae3-53970d7f8cab" testListId="8c84fa94-04c1-424b-9868-57a2d4851a1d" />
    <TestEntry testId="f8f88ca1-2831-9e51-fdf2-bfd3f7628229" executionId="8a7dfc9c-8ec7-4986-964b-fd20c970384c" testListId="8c84fa94-04c1-424b-9868-57a2d4851a1d" />
    <TestEntry testId="4f4b80e0-e8c8-6367-4ba2-2015f52cb70c" executionId="4e9bcc1a-4921-445b-ab59-77c7497ce994" testListId="8c84fa94-04c1-424b-9868-57a2d4851a1d" />
    <TestEntry testId="fbc70db6-2aad-60a2-9a2b-8eaf8cb8293e" executionId="1cbf3295-2526-4021-8903-6e32a478f6b4" testListId="8c84fa94-04c1-424b-9868-57a2d4851a1d" />
    <TestEntry testId="e285cdbd-331d-97a7-6fb0-a2475cea27a9" executionId="98067fd7-fd98-428b-9ba2-54b2b4ed6aff" testListId="8c84fa94-04c1-424b-9868-57a2d4851a1d" />
    <TestEntry testId="698a6070-df38-f4b0-c4c6-c4f7aaeee725" executionId="289f24e4-9389-421e-b8d0-7e7a39dd9d72" testListId="8c84fa94-04c1-424b-9868-57a2d4851a1d" />
    <TestEntry testId="f40edda0-cd57-2660-37fe-ab7800313e92" executionId="93700dc4-117f-43a3-b5a6-151657703c6c" testListId="8c84fa94-04c1-424b-9868-57a2d4851a1d" />
    <TestEntry testId="2a6a0a47-2896-79c8-ceb9-258206a8f13f" executionId="d49bb34e-2f01-4959-9dd2-b07f818b721a" testListId="8c84fa94-04c1-424b-9868-57a2d4851a1d" />
    <TestEntry testId="694d8234-9855-bc2e-232e-4684eb55ce86" executionId="43618fa6-1cf8-4871-b7e9-98a91eac3131" testListId="8c84fa94-04c1-424b-9868-57a2d4851a1d" />
    <TestEntry testId="7ba2dc7b-c432-5cd2-c382-69f0e4bcc322" executionId="34e20572-9c89-4036-bf49-b65e9d2c230c" testListId="8c84fa94-04c1-424b-9868-57a2d4851a1d" />
    <TestEntry testId="c0268ef1-d804-cfa0-eba6-bf61bb188ffa" executionId="b1c9d42b-d373-45cf-8728-5800d7a0afec" testListId="8c84fa94-04c1-424b-9868-57a2d4851a1d" />
    <TestEntry testId="f2f47cf5-f090-3343-03cf-9c0d6449518b" executionId="ef907ff8-0698-491a-a8e8-d47a6eb4c8b5" testListId="8c84fa94-04c1-424b-9868-57a2d4851a1d" />
    <TestEntry testId="748ca2a3-a18b-cf7a-3f6c-408b58cdc0c3" executionId="b4cff026-34d6-471f-ad96-6c284d70e780" testListId="8c84fa94-04c1-424b-9868-57a2d4851a1d" />
    <TestEntry testId="c236e05e-3e11-8a6b-b9cd-c07c333af185" executionId="fad88524-63e8-41fb-97b5-ca526ab1d9d8" testListId="8c84fa94-04c1-424b-9868-57a2d4851a1d" />
    <TestEntry testId="b832ca1f-16ec-e00b-c297-1a1c262f17c9" executionId="5b794d9a-d263-4e03-9931-41099d60d5cd" testListId="8c84fa94-04c1-424b-9868-57a2d4851a1d" />
    <TestEntry testId="a81500a3-f028-3cd8-ec07-f26f8f314c83" executionId="069665d4-3436-4711-a9c2-186a6a52ca3f" testListId="8c84fa94-04c1-424b-9868-57a2d4851a1d" />
    <TestEntry testId="4beb106e-5888-205c-d505-5f03664b55ae" executionId="4cab2ce1-1954-4eb4-957b-c17f1819449d" testListId="8c84fa94-04c1-424b-9868-57a2d4851a1d" />
    <TestEntry testId="c5d13f2e-60c7-5e06-9ee0-e09c55f6d079" executionId="de7f94ad-3f46-4978-80cf-f3b2e689ede9" testListId="8c84fa94-04c1-424b-9868-57a2d4851a1d" />
    <TestEntry testId="93a9b2ad-bd54-c358-5083-815d59bfa385" executionId="d9cdce63-983f-4b2f-a79c-585d08fbdd62" testListId="8c84fa94-04c1-424b-9868-57a2d4851a1d" />
    <TestEntry testId="a3dc50af-fe4e-a51e-57c0-350c929bccef" executionId="69c695b4-737d-488e-b73b-cc90eb1a90cc" testListId="8c84fa94-04c1-424b-9868-57a2d4851a1d" />
    <TestEntry testId="b84c8e2c-7025-ff75-2a9c-28d6ab892ce4" executionId="18896bca-c34a-4bd9-83b1-742dfe696b14" testListId="8c84fa94-04c1-424b-9868-57a2d4851a1d" />
    <TestEntry testId="bc78633c-e1bd-7406-c764-143617c6bb28" executionId="656b1190-0b72-41c9-ad03-084bf7e38c69" testListId="8c84fa94-04c1-424b-9868-57a2d4851a1d" />
    <TestEntry testId="eef6f722-ad8b-c75e-7043-9271ad686059" executionId="28a8f29d-508e-4445-925d-6c93300d4d04" testListId="8c84fa94-04c1-424b-9868-57a2d4851a1d" />
    <TestEntry testId="faa8fa77-43cb-b0fa-0db3-1ba9245f6243" executionId="9ea61edf-3c0e-42ea-8949-531574465338" testListId="8c84fa94-04c1-424b-9868-57a2d4851a1d" />
    <TestEntry testId="5e49cabc-c82d-eabb-4d02-9494560679a1" executionId="4f07f85a-065d-47f1-bee6-740ea1f1bfbd" testListId="8c84fa94-04c1-424b-9868-57a2d4851a1d" />
    <TestEntry testId="25c53798-cd88-8338-4b53-ad92160f044a" executionId="83555fd2-afdd-4fae-bc81-02a25da92b08" testListId="8c84fa94-04c1-424b-9868-57a2d4851a1d" />
    <TestEntry testId="d206d073-f151-5668-74e8-a5e4cc7ea073" executionId="61463707-bdf4-4340-a892-bd95ceab21f7" testListId="8c84fa94-04c1-424b-9868-57a2d4851a1d" />
    <TestEntry testId="f8a32f24-c202-24bf-7c99-1828ef2f9a37" executionId="233c1838-1460-47a9-8e5b-e63aade089ed" testListId="8c84fa94-04c1-424b-9868-57a2d4851a1d" />
    <TestEntry testId="c9b09d73-e46b-17b7-1289-00a7fae4e671" executionId="28c41bb5-3e4d-491c-b85c-4077985c4183" testListId="8c84fa94-04c1-424b-9868-57a2d4851a1d" />
    <TestEntry testId="2ca84ccc-bcf3-5318-57d8-d414816b85a1" executionId="583829f7-d075-44a2-aae7-e4305569d9b2" testListId="8c84fa94-04c1-424b-9868-57a2d4851a1d" />
    <TestEntry testId="43d146a9-e2ce-fa77-88f3-de5bb5705314" executionId="8145a3f4-0d4d-46ad-9885-21aa7e8a4cbc" testListId="8c84fa94-04c1-424b-9868-57a2d4851a1d" />
    <TestEntry testId="da669406-b4b7-f78f-43f2-9bf074ed4272" executionId="02eea807-f95e-4572-9d3e-3f6be389dd84" testListId="8c84fa94-04c1-424b-9868-57a2d4851a1d" />
    <TestEntry testId="19e4cb1b-b980-c1b9-0c54-8e09abd9348b" executionId="33816efb-560d-42c0-b471-d25c5541536e" testListId="8c84fa94-04c1-424b-9868-57a2d4851a1d" />
    <TestEntry testId="b2544044-25cd-c6b3-0718-972383380b98" executionId="56a16ba4-6827-4a29-8885-25bddda33b66" testListId="8c84fa94-04c1-424b-9868-57a2d4851a1d" />
    <TestEntry testId="37f3ebd1-49e0-f186-63a0-722efed455cc" executionId="b9452728-b6ce-49df-b60f-d68e3e12a6cf" testListId="8c84fa94-04c1-424b-9868-57a2d4851a1d" />
    <TestEntry testId="06d6c73e-42b0-1ad8-938c-25df3a904684" executionId="4954ba45-2e00-46ee-9adc-1784bfe2947b" testListId="8c84fa94-04c1-424b-9868-57a2d4851a1d" />
    <TestEntry testId="895c3dfa-b604-0c1a-06ca-4a322d389081" executionId="f05c426b-bb14-46ee-a7f7-6562a80e314f" testListId="8c84fa94-04c1-424b-9868-57a2d4851a1d" />
    <TestEntry testId="ec7961f5-7911-e7f0-1459-d112f02f63a4" executionId="f86c84fb-f324-4278-b056-3ee485a5cbf3" testListId="8c84fa94-04c1-424b-9868-57a2d4851a1d" />
    <TestEntry testId="2b3db2a1-dcab-bc58-32a9-bc6cad9c385a" executionId="9b5279ad-eb79-4c7c-bea7-cd6bb8842e6e" testListId="8c84fa94-04c1-424b-9868-57a2d4851a1d" />
    <TestEntry testId="e5a5fa36-689f-b520-7ca7-8a0da9a24302" executionId="52551869-7fc7-4cce-b836-c66d24b891e7" testListId="8c84fa94-04c1-424b-9868-57a2d4851a1d" />
    <TestEntry testId="d53ad1cb-da4c-4c66-5c25-9afea14bf3d4" executionId="6c4a91b3-eb98-47b6-95e5-fb8da5dc8325" testListId="8c84fa94-04c1-424b-9868-57a2d4851a1d" />
    <TestEntry testId="5b500fb6-b6dc-1913-7a4c-147204dc1ff3" executionId="9f1101a2-d72d-45ca-b855-cbfa0494351a" testListId="8c84fa94-04c1-424b-9868-57a2d4851a1d" />
    <TestEntry testId="9d7db108-ce20-7050-c471-6e187b5d508c" executionId="2e1a375b-4d46-4675-8839-c9f464963cb3" testListId="8c84fa94-04c1-424b-9868-57a2d4851a1d" />
    <TestEntry testId="548ab5fb-c599-686f-e0d5-d6ef12680e66" executionId="2fc85bf6-78c7-4fd7-bd87-419997d8ec3d" testListId="8c84fa94-04c1-424b-9868-57a2d4851a1d" />
    <TestEntry testId="0f8e71c0-de02-d9a3-ea5d-e70af09378a8" executionId="f6411b08-635c-45dc-a212-b0ab5fa075c1" testListId="8c84fa94-04c1-424b-9868-57a2d4851a1d" />
    <TestEntry testId="b57fe53f-2083-7601-3f89-eaaac4309c5d" executionId="4a600742-e17e-41a4-a7dc-6b3c965712e2" testListId="8c84fa94-04c1-424b-9868-57a2d4851a1d" />
    <TestEntry testId="aa04db44-c84e-9163-c68f-541f194287d7" executionId="c3632b83-ef7e-4a86-8807-5777c493e23b" testListId="8c84fa94-04c1-424b-9868-57a2d4851a1d" />
    <TestEntry testId="c390ca7b-7acc-0854-aab7-8ac02bbc455c" executionId="01393bf2-7d5a-4461-ad28-dccd7632c197" testListId="8c84fa94-04c1-424b-9868-57a2d4851a1d" />
    <TestEntry testId="c9aeed04-8f27-b28e-81d4-c3d16d67e641" executionId="6b89abc2-0359-49ce-95fc-0e2955f82f73" testListId="8c84fa94-04c1-424b-9868-57a2d4851a1d" />
    <TestEntry testId="2adc0fcf-3923-f9af-0e08-da1e4778f030" executionId="24950729-4f15-4501-ac00-e1c74209c057" testListId="8c84fa94-04c1-424b-9868-57a2d4851a1d" />
    <TestEntry testId="178e5f79-4bb6-1bdb-b3b0-6c0f73ca33b3" executionId="dbf23e96-64cb-42f9-b523-308d43f92b63" testListId="8c84fa94-04c1-424b-9868-57a2d4851a1d" />
    <TestEntry testId="d1f473ac-a432-356a-6f4d-50c2ced9eece" executionId="5e68bb88-0564-4cd2-a51e-c271fbfb3f97" testListId="8c84fa94-04c1-424b-9868-57a2d4851a1d" />
    <TestEntry testId="bdb64cbc-8519-ba6a-5cc2-9911a87749ec" executionId="5a660b0b-46cc-4c3e-b25c-2bda71b75596" testListId="8c84fa94-04c1-424b-9868-57a2d4851a1d" />
    <TestEntry testId="bcdbcd82-7bc1-80f1-8b97-5043d6f81ff9" executionId="3ae07c77-3c88-4325-b11d-534c2c03688b" testListId="8c84fa94-04c1-424b-9868-57a2d4851a1d" />
    <TestEntry testId="c4fb25d8-430c-ecac-d5d0-d13b8bd7d676" executionId="d2cee552-0185-480a-8fe5-0575141e7489" testListId="8c84fa94-04c1-424b-9868-57a2d4851a1d" />
    <TestEntry testId="ac382e3b-4eca-a4e1-d396-02cfa3da9c88" executionId="6e5e2b4c-cc70-499a-99bf-90db8f0217ac" testListId="8c84fa94-04c1-424b-9868-57a2d4851a1d" />
    <TestEntry testId="abfb9779-76aa-fb1b-962e-43cc4329c036" executionId="fdbfdafc-8ea1-4f19-9286-3b9fb35f160e" testListId="8c84fa94-04c1-424b-9868-57a2d4851a1d" />
    <TestEntry testId="889d229a-283f-0c41-8f25-2db0d5541248" executionId="10c060c4-dce7-4310-b7a2-5d1fa2313ef7" testListId="8c84fa94-04c1-424b-9868-57a2d4851a1d" />
    <TestEntry testId="02ca0e30-23c3-a261-9cab-6ef41513b4d1" executionId="587e340c-4a92-4540-be53-5bdaf5c25087" testListId="8c84fa94-04c1-424b-9868-57a2d4851a1d" />
    <TestEntry testId="8332a280-65d4-2fd7-e9ae-b15c70a63206" executionId="a5051ca1-1db5-4e8f-8b3a-41317099d962" testListId="8c84fa94-04c1-424b-9868-57a2d4851a1d" />
    <TestEntry testId="5f8c4c78-79b5-c83d-9745-5e717c75e43e" executionId="b8c2567b-5ef0-4f35-88a8-4e9374c53f06" testListId="8c84fa94-04c1-424b-9868-57a2d4851a1d" />
    <TestEntry testId="f17ad6e3-8bb1-51e3-2b35-ae90c15fdf13" executionId="2123828f-908c-4827-a40e-9fff66d280c2" testListId="8c84fa94-04c1-424b-9868-57a2d4851a1d" />
    <TestEntry testId="def68129-9833-b04d-a672-e058742bfd97" executionId="862c77ed-9c1f-40b4-9d38-93f10fd55601" testListId="8c84fa94-04c1-424b-9868-57a2d4851a1d" />
    <TestEntry testId="e6cfa355-8628-91e9-59f7-b9f9bf3bdf5e" executionId="770a50a8-a17d-4a44-b919-477515639c5e" testListId="8c84fa94-04c1-424b-9868-57a2d4851a1d" />
    <TestEntry testId="6c780430-356a-97fc-8272-acd47c08a97d" executionId="8effbc83-5882-40d7-8a4f-fd039e1be074" testListId="8c84fa94-04c1-424b-9868-57a2d4851a1d" />
    <TestEntry testId="b5524ca6-d775-1a52-f2f2-7ad36ec65b9f" executionId="fca58e11-f412-4671-bd97-596a625ad0a7" testListId="8c84fa94-04c1-424b-9868-57a2d4851a1d" />
    <TestEntry testId="908820b9-f1f3-3acd-cd37-324bb6b1b9f3" executionId="6542dea6-7568-462f-a363-268adad37782" testListId="8c84fa94-04c1-424b-9868-57a2d4851a1d" />
    <TestEntry testId="b2d492a7-1257-582c-9632-d9e39566bbb5" executionId="dfb32b0c-ea15-48a0-8c4f-f889a6bba125" testListId="8c84fa94-04c1-424b-9868-57a2d4851a1d" />
    <TestEntry testId="56727fea-e9a4-752e-dc48-fd5c2d251ae5" executionId="7f22774e-c512-449c-8c80-34b7a0158fe2" testListId="8c84fa94-04c1-424b-9868-57a2d4851a1d" />
    <TestEntry testId="93b485ff-1ee6-5e81-22c9-c0f83c9b5180" executionId="562aaee5-ef15-4e86-b4b0-e3c5bdbfc8c8" testListId="8c84fa94-04c1-424b-9868-57a2d4851a1d" />
    <TestEntry testId="a24a9491-7163-98d0-a719-1f1fcce6a2ef" executionId="96ccbb7a-6179-4e0c-a779-9e9cb735270a" testListId="8c84fa94-04c1-424b-9868-57a2d4851a1d" />
    <TestEntry testId="793d5312-5dfb-c8d6-db34-3d04a57b5c55" executionId="d2f6f2d7-9d5d-474d-a5f6-99c5c6c5aac5" testListId="8c84fa94-04c1-424b-9868-57a2d4851a1d" />
    <TestEntry testId="3c27bd4d-24c5-53c8-e8d3-0921f3aca953" executionId="f773799c-d1b5-4b1b-a424-1113754ec7d0" testListId="8c84fa94-04c1-424b-9868-57a2d4851a1d" />
    <TestEntry testId="e24ee9aa-1c21-93d5-b1ec-fa355ee724b8" executionId="03518102-05aa-47b5-bdfa-5300a2c727fe" testListId="8c84fa94-04c1-424b-9868-57a2d4851a1d" />
    <TestEntry testId="be04f6a2-e8e4-13c8-ddfe-f0a0c2f5dd0d" executionId="e9708cf5-c711-4200-a867-1bde8a72fe5d" testListId="8c84fa94-04c1-424b-9868-57a2d4851a1d" />
    <TestEntry testId="063c9bc6-a70f-a019-389f-d3ffc16b91e8" executionId="e9238079-2a53-4dc3-be5b-6d324b00d74e" testListId="8c84fa94-04c1-424b-9868-57a2d4851a1d" />
    <TestEntry testId="5433cd94-0e2a-ff21-50f1-25b20a31891b" executionId="537b745a-37bf-459a-8c91-92cddd5796c1" testListId="8c84fa94-04c1-424b-9868-57a2d4851a1d" />
    <TestEntry testId="5d465c14-866f-9e91-96b1-a2f5c5f689f7" executionId="1ed455f7-14de-4033-ae91-10fef579ee63" testListId="8c84fa94-04c1-424b-9868-57a2d4851a1d" />
    <TestEntry testId="ce8969f3-42ff-d110-f32f-ebfbc2966110" executionId="e0dbe310-0f6f-406e-b9f7-c19ac18f206d" testListId="8c84fa94-04c1-424b-9868-57a2d4851a1d" />
    <TestEntry testId="606fdfd2-97ab-6c62-1398-9c3747a6bcea" executionId="f5b35c50-5e83-4c07-9f43-4d97ec67a951" testListId="8c84fa94-04c1-424b-9868-57a2d4851a1d" />
    <TestEntry testId="09323c74-2edf-7e53-9064-e3ffaf8be5b6" executionId="5fe0f6c7-71c3-4f52-a8bb-38952367b003" testListId="8c84fa94-04c1-424b-9868-57a2d4851a1d" />
    <TestEntry testId="208dff4b-f7f1-945e-c304-bbc0edd8b77c" executionId="4470740c-bf43-45fa-b401-431c648402d6" testListId="8c84fa94-04c1-424b-9868-57a2d4851a1d" />
    <TestEntry testId="5c217f30-5a40-d778-7a39-1bd96f25a02c" executionId="33e6681a-fe6b-4794-a205-2e3c25136580" testListId="8c84fa94-04c1-424b-9868-57a2d4851a1d" />
    <TestEntry testId="1c9c9bbf-bf57-9816-ff99-036d1ebb9dcb" executionId="372eabb6-524b-4aac-a650-b244f207c85a" testListId="8c84fa94-04c1-424b-9868-57a2d4851a1d" />
    <TestEntry testId="25e80430-b0f3-ff71-6db2-39eb1ebd64ad" executionId="993385b9-2fb6-42ae-9762-74dde747f8ad" testListId="8c84fa94-04c1-424b-9868-57a2d4851a1d" />
    <TestEntry testId="ef2e43a1-5c05-97f0-367f-4ca560ce7b36" executionId="5ef5f7da-407d-4a78-8fc6-e247a0695a9a" testListId="8c84fa94-04c1-424b-9868-57a2d4851a1d" />
    <TestEntry testId="0deeb444-135e-86a3-6fc3-b9135af5a5ba" executionId="6190e87b-787a-48f6-877c-d72f43ed59a2" testListId="8c84fa94-04c1-424b-9868-57a2d4851a1d" />
    <TestEntry testId="c440c795-3171-779f-a804-2159545c4b09" executionId="b4dcdbe8-febd-4f8d-a09d-1dccfc557a00" testListId="8c84fa94-04c1-424b-9868-57a2d4851a1d" />
    <TestEntry testId="1573749d-6c97-5864-96ba-c96b710f2901" executionId="ecc0a466-60bd-476f-b9e6-5f4765276e86" testListId="8c84fa94-04c1-424b-9868-57a2d4851a1d" />
    <TestEntry testId="5e0128ec-d597-6f47-9d17-358ad8c6aa9f" executionId="a5ade3ca-853b-41b2-baf9-4f4972f17e66" testListId="8c84fa94-04c1-424b-9868-57a2d4851a1d" />
    <TestEntry testId="610c5252-864c-fb2f-0e84-dda72dcf53ab" executionId="bceaebf5-ebf4-4078-b844-7de495af6282" testListId="8c84fa94-04c1-424b-9868-57a2d4851a1d" />
    <TestEntry testId="1ed8b7d9-8a91-248e-1fe4-a61f152e9ce8" executionId="1a14210a-d1ad-4aea-b0ee-819299e9306c" testListId="8c84fa94-04c1-424b-9868-57a2d4851a1d" />
    <TestEntry testId="e199fe4f-983c-bb77-1d60-5f9723678e2c" executionId="2805d70a-26f7-4289-9f98-ecddb910e750" testListId="8c84fa94-04c1-424b-9868-57a2d4851a1d" />
    <TestEntry testId="daf76ab0-2ab1-4d8a-da5f-16ee7042805f" executionId="900860db-1007-4ccf-996a-56652b4b820b" testListId="8c84fa94-04c1-424b-9868-57a2d4851a1d" />
    <TestEntry testId="9066b3a8-aab5-81e7-5344-81902b98aa68" executionId="f75785e3-4c80-4f05-9c4f-1fbb4560298d" testListId="8c84fa94-04c1-424b-9868-57a2d4851a1d" />
    <TestEntry testId="6e539aad-43d0-ac6e-e0d5-c34f4b026679" executionId="625efc58-e8f7-4a9d-bec1-3a4d671f6dc3" testListId="8c84fa94-04c1-424b-9868-57a2d4851a1d" />
    <TestEntry testId="32c1ee52-491a-a511-12f4-0422d8795d01" executionId="b2419798-3afa-469d-a8d4-536ddc133a0d" testListId="8c84fa94-04c1-424b-9868-57a2d4851a1d" />
    <TestEntry testId="9edc8194-1f22-c389-1140-1afaa0181608" executionId="155ec712-2b68-4608-ba5c-8e39bc4c8580" testListId="8c84fa94-04c1-424b-9868-57a2d4851a1d" />
    <TestEntry testId="1ba13939-8267-c55c-83d0-46719f83201a" executionId="70447e5b-b92e-4288-8904-878d30400e51" testListId="8c84fa94-04c1-424b-9868-57a2d4851a1d" />
    <TestEntry testId="395e4852-0e1c-3dca-de26-eaea9dda943f" executionId="942f2686-7520-48cf-9137-f9501c47f83a" testListId="8c84fa94-04c1-424b-9868-57a2d4851a1d" />
    <TestEntry testId="f5a6435a-d1e1-e42d-42e0-481ede2260a9" executionId="ad1bef40-318a-4f78-88a6-6bdca762bf89" testListId="8c84fa94-04c1-424b-9868-57a2d4851a1d" />
    <TestEntry testId="c42b303f-f407-952b-6e98-8cfb072b3c42" executionId="0a2cb750-9d7c-4054-a104-a6394e38002d" testListId="8c84fa94-04c1-424b-9868-57a2d4851a1d" />
    <TestEntry testId="7f0c7100-e4cd-3f53-f7f5-bbe80eeade44" executionId="1eb084e0-ffe8-41d0-a45d-ffe96fba4f92" testListId="8c84fa94-04c1-424b-9868-57a2d4851a1d" />
    <TestEntry testId="1fc67838-564f-8950-2faf-5f635eb8c9af" executionId="1869233f-48bc-44c8-8f87-0d0819fb6db1" testListId="8c84fa94-04c1-424b-9868-57a2d4851a1d" />
    <TestEntry testId="c8927d51-dff3-bff2-be05-0658c0f301d3" executionId="e15a535e-7d78-4aef-9c69-40b2a84a4a28" testListId="8c84fa94-04c1-424b-9868-57a2d4851a1d" />
    <TestEntry testId="53a663cb-5f78-7f66-a433-f377d8f3327a" executionId="31660177-5191-4b81-b3df-7756a031e788" testListId="8c84fa94-04c1-424b-9868-57a2d4851a1d" />
    <TestEntry testId="91cfb8a2-a893-e6d0-3c3a-7e0d0af3ad33" executionId="51680c05-18b6-4427-9ca0-fceaf524f5a5" testListId="8c84fa94-04c1-424b-9868-57a2d4851a1d" />
    <TestEntry testId="48d8fca2-7539-7a4f-1efa-7278d26bf59a" executionId="194ffb4f-da96-4e90-9e5a-99860630e578" testListId="8c84fa94-04c1-424b-9868-57a2d4851a1d" />
    <TestEntry testId="cd4e03e3-9fe9-925e-d714-eb8aeddc44bd" executionId="f15e7d81-6fd7-4c91-ab4b-b77d83d7bc15" testListId="8c84fa94-04c1-424b-9868-57a2d4851a1d" />
    <TestEntry testId="909133c7-b350-e6e9-a3ba-04e7f0a02997" executionId="9ed26a2b-ad2e-450c-8836-11b99916224b" testListId="8c84fa94-04c1-424b-9868-57a2d4851a1d" />
    <TestEntry testId="9c718dd3-5760-7c0c-9fc8-f310bcb17ad3" executionId="a425d705-9687-4347-9c67-7fe200ef5693" testListId="8c84fa94-04c1-424b-9868-57a2d4851a1d" />
    <TestEntry testId="7d655f49-e6ae-4596-e822-e1cef8ab3073" executionId="8e89023b-28b8-41d0-8804-60ce886e23ac" testListId="8c84fa94-04c1-424b-9868-57a2d4851a1d" />
    <TestEntry testId="cee0a1af-6370-bdf6-d495-732677bca95d" executionId="c7344ee4-3c5f-4f96-8e04-f505882c46b2" testListId="8c84fa94-04c1-424b-9868-57a2d4851a1d" />
    <TestEntry testId="55c2b955-d2a6-2a52-7e22-70542600e520" executionId="a4642eff-1655-41f8-ad02-7ee1c6de6165" testListId="8c84fa94-04c1-424b-9868-57a2d4851a1d" />
    <TestEntry testId="a3c4e85e-2615-ce8e-7ece-f5c2527d7572" executionId="c3650a7c-83aa-484e-9681-3b04b5171eaf" testListId="8c84fa94-04c1-424b-9868-57a2d4851a1d" />
    <TestEntry testId="c0e0b341-af46-81cc-9373-550a751976e3" executionId="3e5e5108-1064-4431-84c6-bb321d217ce6" testListId="8c84fa94-04c1-424b-9868-57a2d4851a1d" />
    <TestEntry testId="59995f67-ec52-63de-7cef-a80f989fcf20" executionId="432f6656-8e85-402a-b766-931fa02625f6" testListId="8c84fa94-04c1-424b-9868-57a2d4851a1d" />
    <TestEntry testId="87ee85f0-420b-4ce6-57ac-d23fe15d64af" executionId="dad0eb6b-98d0-4e8a-80a9-8f79f9b1b3b2" testListId="8c84fa94-04c1-424b-9868-57a2d4851a1d" />
    <TestEntry testId="11254311-11e2-0ca0-c3d1-fef2f1122081" executionId="ee5923bb-252e-4c53-9d1d-2c692d1b568e" testListId="8c84fa94-04c1-424b-9868-57a2d4851a1d" />
    <TestEntry testId="d348f112-48d6-dc3a-8b59-a374e9a8d30f" executionId="91c7a895-f400-4874-95ff-4f28c925e5dc" testListId="8c84fa94-04c1-424b-9868-57a2d4851a1d" />
    <TestEntry testId="b629dca0-edde-d750-befe-dca86ec87f20" executionId="b692d944-bca1-41ac-aac4-25586f9b00e1" testListId="8c84fa94-04c1-424b-9868-57a2d4851a1d" />
    <TestEntry testId="780779ac-4371-0e7a-dfd1-db807706dfe7" executionId="30975b54-fc22-4f38-a622-4048c0c05621" testListId="8c84fa94-04c1-424b-9868-57a2d4851a1d" />
    <TestEntry testId="66b05648-f6bc-9f16-4007-5810e3c672b3" executionId="f172e7f5-0307-4ebe-9e94-55eef11faa9a" testListId="8c84fa94-04c1-424b-9868-57a2d4851a1d" />
    <TestEntry testId="301d9ecb-3d20-d054-faa7-6344fe1f7965" executionId="e89a330d-8947-4a6f-9486-b338b8e615ee" testListId="8c84fa94-04c1-424b-9868-57a2d4851a1d" />
    <TestEntry testId="719aa62f-0fe7-2c56-286f-842c2309e9de" executionId="26f7b979-9f90-47c2-a194-c5b8fbda802c" testListId="8c84fa94-04c1-424b-9868-57a2d4851a1d" />
    <TestEntry testId="b39ccd85-473b-bc91-8d48-febf2dd6747c" executionId="e8a8b5f9-de3e-4e35-9daa-7a7701128569" testListId="8c84fa94-04c1-424b-9868-57a2d4851a1d" />
    <TestEntry testId="5537a133-c8de-a584-8749-5b0403dea1e3" executionId="886f2eea-857e-4e05-ba10-53f8cc409db4" testListId="8c84fa94-04c1-424b-9868-57a2d4851a1d" />
    <TestEntry testId="781d826e-1485-a31e-c638-f90e422e339b" executionId="9c37c811-3fee-4e28-8d09-afdc1ef62881" testListId="8c84fa94-04c1-424b-9868-57a2d4851a1d" />
    <TestEntry testId="e008f226-0e70-6d0e-8ad9-fc4108be4eaf" executionId="28202556-4057-4c70-9815-c228016f8dc7" testListId="8c84fa94-04c1-424b-9868-57a2d4851a1d" />
    <TestEntry testId="cc64e288-7dad-f96c-36e8-dd57c151a8f1" executionId="91e71b27-1a83-4bce-b90d-df25218db359" testListId="8c84fa94-04c1-424b-9868-57a2d4851a1d" />
    <TestEntry testId="31f67e0e-de1a-a6b4-bbcc-455a0c26216c" executionId="d78fe560-10ca-417f-b597-331330a0a562" testListId="8c84fa94-04c1-424b-9868-57a2d4851a1d" />
    <TestEntry testId="df6a7cf9-4be8-71e3-188f-21079d95fa90" executionId="38cc2222-bd46-44d3-a422-682e60d2b88e" testListId="8c84fa94-04c1-424b-9868-57a2d4851a1d" />
    <TestEntry testId="ff4dfcab-eebb-16b0-2c25-c228cb8d565f" executionId="c76f32f1-35b5-4db2-ae4e-efc1a0cf55a6" testListId="8c84fa94-04c1-424b-9868-57a2d4851a1d" />
    <TestEntry testId="7b39475f-2a9b-5b0a-6e56-97115f1c3db9" executionId="fc5a3ab9-70f3-4d5b-b55f-c55e9e1d0118" testListId="8c84fa94-04c1-424b-9868-57a2d4851a1d" />
    <TestEntry testId="eaddaffd-ae8f-1a69-717e-1569e4f9afdd" executionId="41efc827-c439-40f5-8341-a546dae429e6" testListId="8c84fa94-04c1-424b-9868-57a2d4851a1d" />
    <TestEntry testId="d9e5068b-9817-a105-891e-7029996d77e4" executionId="13476286-f3b7-42fb-b4f2-03a1d53802dc" testListId="8c84fa94-04c1-424b-9868-57a2d4851a1d" />
  </TestEntries>
  <TestLists>
    <TestList name="Results Not in a List" id="8c84fa94-04c1-424b-9868-57a2d4851a1d" />
    <TestList name="All Loaded Results" id="19431567-8539-422a-85d7-44ee4e166bda" />
  </TestLists>
  <ResultSummary outcome="Failed">
    <Counters total="251" executed="251" passed="250" failed="1" error="0" timeout="0" aborted="0" inconclusive="0" passedButRunAborted="0" notRunnable="0" notExecuted="0" disconnected="0" warning="0" completed="0" inProgress="0" pending="0" />
    <Output>
      <StdOut>[xUnit.net 00:00:00.00] xUnit.net VSTest Adapter v2.8.2+699d445a1a (64-bit .NET 8.0.19)
[xUnit.net 00:00:00.12]   Discovering: StringPoolTest
[xUnit.net 00:00:00.19]   Discovered:  StringPoolTest
[xUnit.net 00:00:00.19]   Starting:    StringPoolTest
[xUnit.net 00:00:00.38]       Assert.True() Failure
[xUnit.net 00:00:00.38]       Expected: True
[xUnit.net 00:00:00.38]       Actual:   False
[xUnit.net 00:00:00.38]       Stack Trace:
[xUnit.net 00:00:00.38]         /home/runner/work/UnmanagedStringPool/UnmanagedStringPool/Tests/FragmentationAndMemoryTests.cs(63,0): at LookBusy.Test.FragmentationAndMemoryTests.MaxFragmentation_FreeAllButFirst_ShowsHighFragmentation()
[xUnit.net 00:00:00.38]            at System.RuntimeMethodHandle.InvokeMethod(Object target, Void** arguments, Signature sig, Boolean isConstructor)
[xUnit.net 00:00:00.38]            at System.Reflection.MethodBaseInvoker.InvokeWithNoArgs(Object obj, BindingFlags invokeAttr)
[xUnit.net 00:00:00.92]   Finished:    StringPoolTest
</StdOut>
    </Output>
    <RunInfos>
      <RunInfo computerName="runnervmf4ws1" outcome="Error" timestamp="2025-09-14T20:05:51.3243800+00:00">
        <Text>[xUnit.net 00:00:00.38]     LookBusy.Test.FragmentationAndMemoryTests.MaxFragmentation_FreeAllButFirst_ShowsHighFragmentation [FAIL]</Text>
      </RunInfo>
    </RunInfos>
  </ResultSummary>
</TestRun>